[2022-11-02 16:41:34,986] {taskinstance.py:1179} INFO - Dependencies all met for <TaskInstance: Lead_scoring_training_pipeline.encoding_categorical_variables scheduled__2022-10-01T00:00:00+00:00 [queued]>
[2022-11-02 16:41:34,993] {taskinstance.py:1179} INFO - Dependencies all met for <TaskInstance: Lead_scoring_training_pipeline.encoding_categorical_variables scheduled__2022-10-01T00:00:00+00:00 [queued]>
[2022-11-02 16:41:34,993] {taskinstance.py:1376} INFO - 
--------------------------------------------------------------------------------
[2022-11-02 16:41:34,993] {taskinstance.py:1377} INFO - Starting attempt 1 of 2
[2022-11-02 16:41:34,994] {taskinstance.py:1378} INFO - 
--------------------------------------------------------------------------------
[2022-11-02 16:41:35,006] {taskinstance.py:1397} INFO - Executing <Task(PythonOperator): encoding_categorical_variables> on 2022-10-01 00:00:00+00:00
[2022-11-02 16:41:35,019] {standard_task_runner.py:52} INFO - Started process 8958 to run task
[2022-11-02 16:41:35,025] {standard_task_runner.py:79} INFO - Running: ['airflow', 'tasks', 'run', 'Lead_scoring_training_pipeline', 'encoding_categorical_variables', 'scheduled__2022-10-01T00:00:00+00:00', '--job-id', '23', '--raw', '--subdir', 'DAGS_FOLDER/Lead_scoring_training_pipeline/.ipynb_checkpoints/lead_scoring_training_pipeline-checkpoint.py', '--cfg-path', '/tmp/tmpo7ag4aq5', '--error-file', '/tmp/tmp9wvju4bn']
[2022-11-02 16:41:35,025] {standard_task_runner.py:80} INFO - Job 23: Subtask encoding_categorical_variables
[2022-11-02 16:41:35,072] {task_command.py:371} INFO - Running <TaskInstance: Lead_scoring_training_pipeline.encoding_categorical_variables scheduled__2022-10-01T00:00:00+00:00 [running]> on host a3d1d2a51488
[2022-11-02 16:41:35,127] {taskinstance.py:1589} INFO - Exporting the following env vars:
AIRFLOW_CTX_DAG_OWNER=airflow
AIRFLOW_CTX_DAG_ID=Lead_scoring_training_pipeline
AIRFLOW_CTX_TASK_ID=encoding_categorical_variables
AIRFLOW_CTX_EXECUTION_DATE=2022-10-01T00:00:00+00:00
AIRFLOW_CTX_TRY_NUMBER=1
AIRFLOW_CTX_DAG_RUN_ID=scheduled__2022-10-01T00:00:00+00:00
[2022-11-02 16:41:35,132] {logging_mixin.py:115} INFO - Loading model_input table
[2022-11-02 16:41:35,735] {logging_mixin.py:115} INFO - One hot encoding features
[2022-11-02 16:41:37,782] {logging_mixin.py:115} INFO - Storing target features to 'target' table
[2022-11-02 16:41:38,028] {logging_mixin.py:115} INFO - Storing rest of features to 'feature' table
[2022-11-02 16:41:39,498] {python.py:173} INFO - Done. Returned value was: None
[2022-11-02 16:41:39,505] {taskinstance.py:1415} INFO - Marking task as SUCCESS. dag_id=Lead_scoring_training_pipeline, task_id=encoding_categorical_variables, execution_date=20221001T000000, start_date=20221102T164134, end_date=20221102T164139
[2022-11-02 16:41:39,532] {local_task_job.py:156} INFO - Task exited with return code 0
[2022-11-02 16:41:39,566] {local_task_job.py:273} INFO - 1 downstream tasks scheduled from follow-on schedule check
