[2022-11-02 16:30:33,887] {taskinstance.py:1179} INFO - Dependencies all met for <TaskInstance: Lead_Scoring_Data_Engineering_Pipeline.building_db scheduled__2022-11-01T00:00:00+00:00 [queued]>
[2022-11-02 16:30:33,894] {taskinstance.py:1179} INFO - Dependencies all met for <TaskInstance: Lead_Scoring_Data_Engineering_Pipeline.building_db scheduled__2022-11-01T00:00:00+00:00 [queued]>
[2022-11-02 16:30:33,894] {taskinstance.py:1376} INFO - 
--------------------------------------------------------------------------------
[2022-11-02 16:30:33,894] {taskinstance.py:1377} INFO - Starting attempt 1 of 2
[2022-11-02 16:30:33,894] {taskinstance.py:1378} INFO - 
--------------------------------------------------------------------------------
[2022-11-02 16:30:33,906] {taskinstance.py:1397} INFO - Executing <Task(PythonOperator): building_db> on 2022-11-01 00:00:00+00:00
[2022-11-02 16:30:33,914] {standard_task_runner.py:52} INFO - Started process 6735 to run task
[2022-11-02 16:30:33,920] {standard_task_runner.py:79} INFO - Running: ['airflow', 'tasks', 'run', 'Lead_Scoring_Data_Engineering_Pipeline', 'building_db', 'scheduled__2022-11-01T00:00:00+00:00', '--job-id', '2', '--raw', '--subdir', 'DAGS_FOLDER/Lead_scoring_data_pipeline/.ipynb_checkpoints/lead_scoring_data_pipeline-checkpoint.py', '--cfg-path', '/tmp/tmprulfxn67', '--error-file', '/tmp/tmpebopj0fa']
[2022-11-02 16:30:33,921] {standard_task_runner.py:80} INFO - Job 2: Subtask building_db
[2022-11-02 16:30:33,963] {task_command.py:371} INFO - Running <TaskInstance: Lead_Scoring_Data_Engineering_Pipeline.building_db scheduled__2022-11-01T00:00:00+00:00 [running]> on host a3d1d2a51488
[2022-11-02 16:30:34,017] {taskinstance.py:1589} INFO - Exporting the following env vars:
AIRFLOW_CTX_DAG_OWNER=airflow
AIRFLOW_CTX_DAG_ID=Lead_Scoring_Data_Engineering_Pipeline
AIRFLOW_CTX_TASK_ID=building_db
AIRFLOW_CTX_EXECUTION_DATE=2022-11-01T00:00:00+00:00
AIRFLOW_CTX_TRY_NUMBER=1
AIRFLOW_CTX_DAG_RUN_ID=scheduled__2022-11-01T00:00:00+00:00
[2022-11-02 16:30:34,018] {logging_mixin.py:115} INFO - Creating Database
[2022-11-02 16:30:34,018] {logging_mixin.py:115} INFO - New DB Created
[2022-11-02 16:30:34,018] {python.py:173} INFO - Done. Returned value was: DB created
[2022-11-02 16:30:34,038] {taskinstance.py:1415} INFO - Marking task as SUCCESS. dag_id=Lead_Scoring_Data_Engineering_Pipeline, task_id=building_db, execution_date=20221101T000000, start_date=20221102T163033, end_date=20221102T163034
[2022-11-02 16:30:34,089] {local_task_job.py:156} INFO - Task exited with return code 0
[2022-11-02 16:30:34,127] {local_task_job.py:273} INFO - 1 downstream tasks scheduled from follow-on schedule check
