[2022-11-02 16:31:54,584] {taskinstance.py:1179} INFO - Dependencies all met for <TaskInstance: Lead_Scoring_Data_Engineering_Pipeline.checking_model_inputs_schema manual__2022-11-02T16:30:30.770326+00:00 [queued]>
[2022-11-02 16:31:54,589] {taskinstance.py:1179} INFO - Dependencies all met for <TaskInstance: Lead_Scoring_Data_Engineering_Pipeline.checking_model_inputs_schema manual__2022-11-02T16:30:30.770326+00:00 [queued]>
[2022-11-02 16:31:54,589] {taskinstance.py:1376} INFO - 
--------------------------------------------------------------------------------
[2022-11-02 16:31:54,589] {taskinstance.py:1377} INFO - Starting attempt 1 of 2
[2022-11-02 16:31:54,589] {taskinstance.py:1378} INFO - 
--------------------------------------------------------------------------------
[2022-11-02 16:31:54,598] {taskinstance.py:1397} INFO - Executing <Task(PythonOperator): checking_model_inputs_schema> on 2022-11-02 16:30:30.770326+00:00
[2022-11-02 16:31:54,602] {standard_task_runner.py:52} INFO - Started process 6962 to run task
[2022-11-02 16:31:54,607] {standard_task_runner.py:79} INFO - Running: ['airflow', 'tasks', 'run', 'Lead_Scoring_Data_Engineering_Pipeline', 'checking_model_inputs_schema', 'manual__2022-11-02T16:30:30.770326+00:00', '--job-id', '15', '--raw', '--subdir', 'DAGS_FOLDER/Lead_scoring_data_pipeline/.ipynb_checkpoints/lead_scoring_data_pipeline-checkpoint.py', '--cfg-path', '/tmp/tmpofqf9nyl', '--error-file', '/tmp/tmpyfy39jvq']
[2022-11-02 16:31:54,609] {standard_task_runner.py:80} INFO - Job 15: Subtask checking_model_inputs_schema
[2022-11-02 16:31:54,647] {task_command.py:371} INFO - Running <TaskInstance: Lead_Scoring_Data_Engineering_Pipeline.checking_model_inputs_schema manual__2022-11-02T16:30:30.770326+00:00 [running]> on host a3d1d2a51488
[2022-11-02 16:31:54,700] {taskinstance.py:1589} INFO - Exporting the following env vars:
AIRFLOW_CTX_DAG_OWNER=airflow
AIRFLOW_CTX_DAG_ID=Lead_Scoring_Data_Engineering_Pipeline
AIRFLOW_CTX_TASK_ID=checking_model_inputs_schema
AIRFLOW_CTX_EXECUTION_DATE=2022-11-02T16:30:30.770326+00:00
AIRFLOW_CTX_TRY_NUMBER=1
AIRFLOW_CTX_DAG_RUN_ID=manual__2022-11-02T16:30:30.770326+00:00
[2022-11-02 16:31:55,284] {logging_mixin.py:115} INFO - Models input schema is in line with the schema present in schema.py
[2022-11-02 16:31:55,305] {python.py:173} INFO - Done. Returned value was: None
[2022-11-02 16:31:55,311] {taskinstance.py:1415} INFO - Marking task as SUCCESS. dag_id=Lead_Scoring_Data_Engineering_Pipeline, task_id=checking_model_inputs_schema, execution_date=20221102T163030, start_date=20221102T163154, end_date=20221102T163155
[2022-11-02 16:31:55,339] {local_task_job.py:156} INFO - Task exited with return code 0
[2022-11-02 16:31:55,363] {local_task_job.py:273} INFO - 0 downstream tasks scheduled from follow-on schedule check
