[2022-11-02 16:31:18,384] {taskinstance.py:1179} INFO - Dependencies all met for <TaskInstance: Lead_Scoring_Data_Engineering_Pipeline.mapping_interactions scheduled__2022-11-01T00:00:00+00:00 [queued]>
[2022-11-02 16:31:18,389] {taskinstance.py:1179} INFO - Dependencies all met for <TaskInstance: Lead_Scoring_Data_Engineering_Pipeline.mapping_interactions scheduled__2022-11-01T00:00:00+00:00 [queued]>
[2022-11-02 16:31:18,389] {taskinstance.py:1376} INFO - 
--------------------------------------------------------------------------------
[2022-11-02 16:31:18,389] {taskinstance.py:1377} INFO - Starting attempt 1 of 2
[2022-11-02 16:31:18,389] {taskinstance.py:1378} INFO - 
--------------------------------------------------------------------------------
[2022-11-02 16:31:18,399] {taskinstance.py:1397} INFO - Executing <Task(PythonOperator): mapping_interactions> on 2022-11-01 00:00:00+00:00
[2022-11-02 16:31:18,406] {standard_task_runner.py:52} INFO - Started process 6910 to run task
[2022-11-02 16:31:18,412] {standard_task_runner.py:79} INFO - Running: ['airflow', 'tasks', 'run', 'Lead_Scoring_Data_Engineering_Pipeline', 'mapping_interactions', 'scheduled__2022-11-01T00:00:00+00:00', '--job-id', '12', '--raw', '--subdir', 'DAGS_FOLDER/Lead_scoring_data_pipeline/.ipynb_checkpoints/lead_scoring_data_pipeline-checkpoint.py', '--cfg-path', '/tmp/tmpqbgghpjo', '--error-file', '/tmp/tmp6lox1nnr']
[2022-11-02 16:31:18,413] {standard_task_runner.py:80} INFO - Job 12: Subtask mapping_interactions
[2022-11-02 16:31:18,455] {task_command.py:371} INFO - Running <TaskInstance: Lead_Scoring_Data_Engineering_Pipeline.mapping_interactions scheduled__2022-11-01T00:00:00+00:00 [running]> on host a3d1d2a51488
[2022-11-02 16:31:18,489] {taskinstance.py:1589} INFO - Exporting the following env vars:
AIRFLOW_CTX_DAG_OWNER=airflow
AIRFLOW_CTX_DAG_ID=Lead_Scoring_Data_Engineering_Pipeline
AIRFLOW_CTX_TASK_ID=mapping_interactions
AIRFLOW_CTX_EXECUTION_DATE=2022-11-01T00:00:00+00:00
AIRFLOW_CTX_TRY_NUMBER=1
AIRFLOW_CTX_DAG_RUN_ID=scheduled__2022-11-01T00:00:00+00:00
[2022-11-02 16:31:22,457] {logging_mixin.py:115} INFO - categorical_variables_mapped table loaded
[2022-11-02 16:31:46,683] {logging_mixin.py:115} INFO - Storing trimmed df to table model_input
[2022-11-02 16:31:47,978] {python.py:173} INFO - Done. Returned value was: None
[2022-11-02 16:31:47,984] {taskinstance.py:1415} INFO - Marking task as SUCCESS. dag_id=Lead_Scoring_Data_Engineering_Pipeline, task_id=mapping_interactions, execution_date=20221101T000000, start_date=20221102T163118, end_date=20221102T163147
[2022-11-02 16:31:48,034] {local_task_job.py:156} INFO - Task exited with return code 0
[2022-11-02 16:31:48,057] {local_task_job.py:273} INFO - 1 downstream tasks scheduled from follow-on schedule check
