[2022-11-02 16:31:04,626] {taskinstance.py:1179} INFO - Dependencies all met for <TaskInstance: Lead_Scoring_Data_Engineering_Pipeline.mapping_categorical_vars scheduled__2022-11-01T00:00:00+00:00 [queued]>
[2022-11-02 16:31:04,633] {taskinstance.py:1179} INFO - Dependencies all met for <TaskInstance: Lead_Scoring_Data_Engineering_Pipeline.mapping_categorical_vars scheduled__2022-11-01T00:00:00+00:00 [queued]>
[2022-11-02 16:31:04,633] {taskinstance.py:1376} INFO - 
--------------------------------------------------------------------------------
[2022-11-02 16:31:04,633] {taskinstance.py:1377} INFO - Starting attempt 1 of 2
[2022-11-02 16:31:04,634] {taskinstance.py:1378} INFO - 
--------------------------------------------------------------------------------
[2022-11-02 16:31:04,645] {taskinstance.py:1397} INFO - Executing <Task(PythonOperator): mapping_categorical_vars> on 2022-11-01 00:00:00+00:00
[2022-11-02 16:31:04,653] {standard_task_runner.py:52} INFO - Started process 6875 to run task
[2022-11-02 16:31:04,660] {standard_task_runner.py:79} INFO - Running: ['airflow', 'tasks', 'run', 'Lead_Scoring_Data_Engineering_Pipeline', 'mapping_categorical_vars', 'scheduled__2022-11-01T00:00:00+00:00', '--job-id', '10', '--raw', '--subdir', 'DAGS_FOLDER/Lead_scoring_data_pipeline/.ipynb_checkpoints/lead_scoring_data_pipeline-checkpoint.py', '--cfg-path', '/tmp/tmprjiq6tcn', '--error-file', '/tmp/tmp_hixp_8a']
[2022-11-02 16:31:04,661] {standard_task_runner.py:80} INFO - Job 10: Subtask mapping_categorical_vars
[2022-11-02 16:31:04,709] {task_command.py:371} INFO - Running <TaskInstance: Lead_Scoring_Data_Engineering_Pipeline.mapping_categorical_vars scheduled__2022-11-01T00:00:00+00:00 [running]> on host a3d1d2a51488
[2022-11-02 16:31:04,753] {taskinstance.py:1589} INFO - Exporting the following env vars:
AIRFLOW_CTX_DAG_OWNER=airflow
AIRFLOW_CTX_DAG_ID=Lead_Scoring_Data_Engineering_Pipeline
AIRFLOW_CTX_TASK_ID=mapping_categorical_vars
AIRFLOW_CTX_EXECUTION_DATE=2022-11-01T00:00:00+00:00
AIRFLOW_CTX_TRY_NUMBER=1
AIRFLOW_CTX_DAG_RUN_ID=scheduled__2022-11-01T00:00:00+00:00
[2022-11-02 16:31:08,552] {logging_mixin.py:115} INFO - Reading of city_tier_mapped data completed
[2022-11-02 16:31:08,595] {logging_mixin.py:115} WARNING - /home/dags/Lead_scoring_data_pipeline/utils.py:239 SettingWithCopyWarning: 
A value is trying to be set on a copy of a slice from a DataFrame.
Try using .loc[row_indexer,col_indexer] = value instead

See the caveats in the documentation: https://pandas.pydata.org/pandas-docs/stable/user_guide/indexing.html#returning-a-view-versus-a-copy
[2022-11-02 16:31:08,941] {logging_mixin.py:115} WARNING - /home/dags/Lead_scoring_data_pipeline/utils.py:245 SettingWithCopyWarning: 
A value is trying to be set on a copy of a slice from a DataFrame.
Try using .loc[row_indexer,col_indexer] = value instead

See the caveats in the documentation: https://pandas.pydata.org/pandas-docs/stable/user_guide/indexing.html#returning-a-view-versus-a-copy
[2022-11-02 16:31:09,268] {logging_mixin.py:115} WARNING - /home/dags/Lead_scoring_data_pipeline/utils.py:251 SettingWithCopyWarning: 
A value is trying to be set on a copy of a slice from a DataFrame.
Try using .loc[row_indexer,col_indexer] = value instead

See the caveats in the documentation: https://pandas.pydata.org/pandas-docs/stable/user_guide/indexing.html#returning-a-view-versus-a-copy
[2022-11-02 16:31:09,961] {logging_mixin.py:115} INFO - Storing mapped df to table categorical_variables_mapped
[2022-11-02 16:31:14,374] {python.py:173} INFO - Done. Returned value was: None
[2022-11-02 16:31:14,382] {taskinstance.py:1415} INFO - Marking task as SUCCESS. dag_id=Lead_Scoring_Data_Engineering_Pipeline, task_id=mapping_categorical_vars, execution_date=20221101T000000, start_date=20221102T163104, end_date=20221102T163114
[2022-11-02 16:31:14,425] {local_task_job.py:156} INFO - Task exited with return code 0
[2022-11-02 16:31:14,454] {local_task_job.py:273} INFO - 1 downstream tasks scheduled from follow-on schedule check
