[2022-11-02 16:31:02,576] {taskinstance.py:1179} INFO - Dependencies all met for <TaskInstance: Lead_Scoring_Data_Engineering_Pipeline.mapping_city_tier manual__2022-11-02T16:30:30.770326+00:00 [queued]>
[2022-11-02 16:31:02,583] {taskinstance.py:1179} INFO - Dependencies all met for <TaskInstance: Lead_Scoring_Data_Engineering_Pipeline.mapping_city_tier manual__2022-11-02T16:30:30.770326+00:00 [queued]>
[2022-11-02 16:31:02,583] {taskinstance.py:1376} INFO - 
--------------------------------------------------------------------------------
[2022-11-02 16:31:02,583] {taskinstance.py:1377} INFO - Starting attempt 1 of 2
[2022-11-02 16:31:02,583] {taskinstance.py:1378} INFO - 
--------------------------------------------------------------------------------
[2022-11-02 16:31:02,595] {taskinstance.py:1397} INFO - Executing <Task(PythonOperator): mapping_city_tier> on 2022-11-02 16:30:30.770326+00:00
[2022-11-02 16:31:02,603] {standard_task_runner.py:52} INFO - Started process 6857 to run task
[2022-11-02 16:31:02,609] {standard_task_runner.py:79} INFO - Running: ['airflow', 'tasks', 'run', 'Lead_Scoring_Data_Engineering_Pipeline', 'mapping_city_tier', 'manual__2022-11-02T16:30:30.770326+00:00', '--job-id', '9', '--raw', '--subdir', 'DAGS_FOLDER/Lead_scoring_data_pipeline/.ipynb_checkpoints/lead_scoring_data_pipeline-checkpoint.py', '--cfg-path', '/tmp/tmp51t4kz4h', '--error-file', '/tmp/tmpyu6f3hdm']
[2022-11-02 16:31:02,609] {standard_task_runner.py:80} INFO - Job 9: Subtask mapping_city_tier
[2022-11-02 16:31:02,649] {task_command.py:371} INFO - Running <TaskInstance: Lead_Scoring_Data_Engineering_Pipeline.mapping_city_tier manual__2022-11-02T16:30:30.770326+00:00 [running]> on host a3d1d2a51488
[2022-11-02 16:31:02,704] {taskinstance.py:1589} INFO - Exporting the following env vars:
AIRFLOW_CTX_DAG_OWNER=airflow
AIRFLOW_CTX_DAG_ID=Lead_Scoring_Data_Engineering_Pipeline
AIRFLOW_CTX_TASK_ID=mapping_city_tier
AIRFLOW_CTX_EXECUTION_DATE=2022-11-02T16:30:30.770326+00:00
AIRFLOW_CTX_TRY_NUMBER=1
AIRFLOW_CTX_DAG_RUN_ID=manual__2022-11-02T16:30:30.770326+00:00
[2022-11-02 16:31:02,709] {logging_mixin.py:115} INFO - city_tier_mapped already populated
[2022-11-02 16:31:02,709] {python.py:173} INFO - Done. Returned value was: None
[2022-11-02 16:31:02,716] {taskinstance.py:1415} INFO - Marking task as SUCCESS. dag_id=Lead_Scoring_Data_Engineering_Pipeline, task_id=mapping_city_tier, execution_date=20221102T163030, start_date=20221102T163102, end_date=20221102T163102
[2022-11-02 16:31:02,739] {local_task_job.py:156} INFO - Task exited with return code 0
[2022-11-02 16:31:02,763] {local_task_job.py:273} INFO - 1 downstream tasks scheduled from follow-on schedule check
