[2022-11-02 16:04:56,492] {processor.py:153} INFO - Started process (PID=1387) to work on /opt/conda/lib/python3.8/site-packages/airflow/example_dags/example_trigger_target_dag.py
[2022-11-02 16:04:56,492] {processor.py:641} INFO - Processing file /opt/conda/lib/python3.8/site-packages/airflow/example_dags/example_trigger_target_dag.py for tasks to queue
[2022-11-02 16:04:56,492] {logging_mixin.py:115} INFO - [2022-11-02 16:04:56,492] {dagbag.py:508} INFO - Filling up the DagBag from /opt/conda/lib/python3.8/site-packages/airflow/example_dags/example_trigger_target_dag.py
[2022-11-02 16:04:56,605] {processor.py:651} INFO - DAG(s) dict_keys(['example_trigger_target_dag']) retrieved from /opt/conda/lib/python3.8/site-packages/airflow/example_dags/example_trigger_target_dag.py
[2022-11-02 16:04:56,652] {logging_mixin.py:115} INFO - [2022-11-02 16:04:56,652] {manager.py:508} INFO - Created Permission View: can delete on DAG:example_trigger_target_dag
[2022-11-02 16:04:56,667] {logging_mixin.py:115} INFO - [2022-11-02 16:04:56,667] {manager.py:508} INFO - Created Permission View: can edit on DAG:example_trigger_target_dag
[2022-11-02 16:04:56,673] {logging_mixin.py:115} INFO - [2022-11-02 16:04:56,673] {manager.py:508} INFO - Created Permission View: can read on DAG:example_trigger_target_dag
[2022-11-02 16:04:56,673] {logging_mixin.py:115} INFO - [2022-11-02 16:04:56,673] {dag.py:2420} INFO - Sync 1 DAGs
[2022-11-02 16:04:56,681] {logging_mixin.py:115} INFO - [2022-11-02 16:04:56,681] {dag.py:2439} INFO - Creating ORM DAG for example_trigger_target_dag
[2022-11-02 16:04:56,691] {logging_mixin.py:115} INFO - [2022-11-02 16:04:56,691] {dag.py:2968} INFO - Setting next_dagrun for example_trigger_target_dag to None, run_after=None
[2022-11-02 16:04:56,709] {processor.py:161} INFO - Processing /opt/conda/lib/python3.8/site-packages/airflow/example_dags/example_trigger_target_dag.py took 0.223 seconds
[2022-11-02 16:05:54,376] {processor.py:153} INFO - Started process (PID=1508) to work on /opt/conda/lib/python3.8/site-packages/airflow/example_dags/example_trigger_target_dag.py
[2022-11-02 16:05:54,377] {processor.py:641} INFO - Processing file /opt/conda/lib/python3.8/site-packages/airflow/example_dags/example_trigger_target_dag.py for tasks to queue
[2022-11-02 16:05:54,378] {logging_mixin.py:115} INFO - [2022-11-02 16:05:54,378] {dagbag.py:508} INFO - Filling up the DagBag from /opt/conda/lib/python3.8/site-packages/airflow/example_dags/example_trigger_target_dag.py
[2022-11-02 16:05:54,525] {processor.py:651} INFO - DAG(s) dict_keys(['example_trigger_target_dag']) retrieved from /opt/conda/lib/python3.8/site-packages/airflow/example_dags/example_trigger_target_dag.py
[2022-11-02 16:05:54,537] {logging_mixin.py:115} INFO - [2022-11-02 16:05:54,537] {dag.py:2420} INFO - Sync 1 DAGs
[2022-11-02 16:05:54,548] {logging_mixin.py:115} INFO - [2022-11-02 16:05:54,548] {dag.py:2968} INFO - Setting next_dagrun for example_trigger_target_dag to None, run_after=None
[2022-11-02 16:05:54,563] {processor.py:161} INFO - Processing /opt/conda/lib/python3.8/site-packages/airflow/example_dags/example_trigger_target_dag.py took 0.192 seconds
[2022-11-02 16:06:50,488] {processor.py:153} INFO - Started process (PID=1630) to work on /opt/conda/lib/python3.8/site-packages/airflow/example_dags/example_trigger_target_dag.py
[2022-11-02 16:06:50,488] {processor.py:641} INFO - Processing file /opt/conda/lib/python3.8/site-packages/airflow/example_dags/example_trigger_target_dag.py for tasks to queue
[2022-11-02 16:06:50,489] {logging_mixin.py:115} INFO - [2022-11-02 16:06:50,489] {dagbag.py:508} INFO - Filling up the DagBag from /opt/conda/lib/python3.8/site-packages/airflow/example_dags/example_trigger_target_dag.py
[2022-11-02 16:06:50,631] {processor.py:651} INFO - DAG(s) dict_keys(['example_trigger_target_dag']) retrieved from /opt/conda/lib/python3.8/site-packages/airflow/example_dags/example_trigger_target_dag.py
[2022-11-02 16:06:50,642] {logging_mixin.py:115} INFO - [2022-11-02 16:06:50,642] {dag.py:2420} INFO - Sync 1 DAGs
[2022-11-02 16:06:50,654] {logging_mixin.py:115} INFO - [2022-11-02 16:06:50,654] {dag.py:2968} INFO - Setting next_dagrun for example_trigger_target_dag to None, run_after=None
[2022-11-02 16:06:50,669] {processor.py:161} INFO - Processing /opt/conda/lib/python3.8/site-packages/airflow/example_dags/example_trigger_target_dag.py took 0.188 seconds
[2022-11-02 16:08:08,270] {processor.py:153} INFO - Started process (PID=1977) to work on /opt/conda/lib/python3.8/site-packages/airflow/example_dags/example_trigger_target_dag.py
[2022-11-02 16:08:08,271] {processor.py:641} INFO - Processing file /opt/conda/lib/python3.8/site-packages/airflow/example_dags/example_trigger_target_dag.py for tasks to queue
[2022-11-02 16:08:08,272] {logging_mixin.py:115} INFO - [2022-11-02 16:08:08,271] {dagbag.py:508} INFO - Filling up the DagBag from /opt/conda/lib/python3.8/site-packages/airflow/example_dags/example_trigger_target_dag.py
[2022-11-02 16:08:08,406] {processor.py:651} INFO - DAG(s) dict_keys(['example_trigger_target_dag']) retrieved from /opt/conda/lib/python3.8/site-packages/airflow/example_dags/example_trigger_target_dag.py
[2022-11-02 16:08:08,416] {logging_mixin.py:115} INFO - [2022-11-02 16:08:08,416] {dag.py:2420} INFO - Sync 1 DAGs
[2022-11-02 16:08:08,428] {logging_mixin.py:115} INFO - [2022-11-02 16:08:08,427] {dag.py:2968} INFO - Setting next_dagrun for example_trigger_target_dag to None, run_after=None
[2022-11-02 16:08:08,435] {processor.py:161} INFO - Processing /opt/conda/lib/python3.8/site-packages/airflow/example_dags/example_trigger_target_dag.py took 0.171 seconds
[2022-11-02 16:09:03,666] {processor.py:153} INFO - Started process (PID=2161) to work on /opt/conda/lib/python3.8/site-packages/airflow/example_dags/example_trigger_target_dag.py
[2022-11-02 16:09:03,667] {processor.py:641} INFO - Processing file /opt/conda/lib/python3.8/site-packages/airflow/example_dags/example_trigger_target_dag.py for tasks to queue
[2022-11-02 16:09:03,667] {logging_mixin.py:115} INFO - [2022-11-02 16:09:03,667] {dagbag.py:508} INFO - Filling up the DagBag from /opt/conda/lib/python3.8/site-packages/airflow/example_dags/example_trigger_target_dag.py
[2022-11-02 16:09:03,813] {processor.py:651} INFO - DAG(s) dict_keys(['example_trigger_target_dag']) retrieved from /opt/conda/lib/python3.8/site-packages/airflow/example_dags/example_trigger_target_dag.py
[2022-11-02 16:09:03,827] {logging_mixin.py:115} INFO - [2022-11-02 16:09:03,827] {dag.py:2420} INFO - Sync 1 DAGs
[2022-11-02 16:09:03,839] {logging_mixin.py:115} INFO - [2022-11-02 16:09:03,839] {dag.py:2968} INFO - Setting next_dagrun for example_trigger_target_dag to None, run_after=None
[2022-11-02 16:09:03,855] {processor.py:161} INFO - Processing /opt/conda/lib/python3.8/site-packages/airflow/example_dags/example_trigger_target_dag.py took 0.193 seconds
[2022-11-02 16:10:09,000] {processor.py:153} INFO - Started process (PID=2297) to work on /opt/conda/lib/python3.8/site-packages/airflow/example_dags/example_trigger_target_dag.py
[2022-11-02 16:10:09,001] {processor.py:641} INFO - Processing file /opt/conda/lib/python3.8/site-packages/airflow/example_dags/example_trigger_target_dag.py for tasks to queue
[2022-11-02 16:10:09,001] {logging_mixin.py:115} INFO - [2022-11-02 16:10:09,001] {dagbag.py:508} INFO - Filling up the DagBag from /opt/conda/lib/python3.8/site-packages/airflow/example_dags/example_trigger_target_dag.py
[2022-11-02 16:10:09,019] {processor.py:651} INFO - DAG(s) dict_keys(['example_trigger_target_dag']) retrieved from /opt/conda/lib/python3.8/site-packages/airflow/example_dags/example_trigger_target_dag.py
[2022-11-02 16:10:09,036] {logging_mixin.py:115} INFO - [2022-11-02 16:10:09,036] {dag.py:2420} INFO - Sync 1 DAGs
[2022-11-02 16:10:09,054] {logging_mixin.py:115} INFO - [2022-11-02 16:10:09,054] {dag.py:2968} INFO - Setting next_dagrun for example_trigger_target_dag to None, run_after=None
[2022-11-02 16:10:09,065] {processor.py:161} INFO - Processing /opt/conda/lib/python3.8/site-packages/airflow/example_dags/example_trigger_target_dag.py took 0.071 seconds
[2022-11-02 16:11:07,754] {processor.py:153} INFO - Started process (PID=2463) to work on /opt/conda/lib/python3.8/site-packages/airflow/example_dags/example_trigger_target_dag.py
[2022-11-02 16:11:07,755] {processor.py:641} INFO - Processing file /opt/conda/lib/python3.8/site-packages/airflow/example_dags/example_trigger_target_dag.py for tasks to queue
[2022-11-02 16:11:07,756] {logging_mixin.py:115} INFO - [2022-11-02 16:11:07,756] {dagbag.py:508} INFO - Filling up the DagBag from /opt/conda/lib/python3.8/site-packages/airflow/example_dags/example_trigger_target_dag.py
[2022-11-02 16:11:07,773] {processor.py:651} INFO - DAG(s) dict_keys(['example_trigger_target_dag']) retrieved from /opt/conda/lib/python3.8/site-packages/airflow/example_dags/example_trigger_target_dag.py
[2022-11-02 16:11:07,791] {logging_mixin.py:115} INFO - [2022-11-02 16:11:07,791] {dag.py:2420} INFO - Sync 1 DAGs
[2022-11-02 16:11:07,809] {logging_mixin.py:115} INFO - [2022-11-02 16:11:07,809] {dag.py:2968} INFO - Setting next_dagrun for example_trigger_target_dag to None, run_after=None
[2022-11-02 16:11:07,827] {processor.py:161} INFO - Processing /opt/conda/lib/python3.8/site-packages/airflow/example_dags/example_trigger_target_dag.py took 0.079 seconds
[2022-11-02 16:12:10,814] {processor.py:153} INFO - Started process (PID=2784) to work on /opt/conda/lib/python3.8/site-packages/airflow/example_dags/example_trigger_target_dag.py
[2022-11-02 16:12:10,820] {processor.py:641} INFO - Processing file /opt/conda/lib/python3.8/site-packages/airflow/example_dags/example_trigger_target_dag.py for tasks to queue
[2022-11-02 16:12:10,820] {logging_mixin.py:115} INFO - [2022-11-02 16:12:10,820] {dagbag.py:508} INFO - Filling up the DagBag from /opt/conda/lib/python3.8/site-packages/airflow/example_dags/example_trigger_target_dag.py
[2022-11-02 16:12:10,834] {processor.py:651} INFO - DAG(s) dict_keys(['example_trigger_target_dag']) retrieved from /opt/conda/lib/python3.8/site-packages/airflow/example_dags/example_trigger_target_dag.py
[2022-11-02 16:12:10,850] {logging_mixin.py:115} INFO - [2022-11-02 16:12:10,850] {dag.py:2420} INFO - Sync 1 DAGs
[2022-11-02 16:12:10,864] {logging_mixin.py:115} INFO - [2022-11-02 16:12:10,864] {dag.py:2968} INFO - Setting next_dagrun for example_trigger_target_dag to None, run_after=None
[2022-11-02 16:12:10,880] {processor.py:161} INFO - Processing /opt/conda/lib/python3.8/site-packages/airflow/example_dags/example_trigger_target_dag.py took 0.068 seconds
[2022-11-02 16:13:20,184] {processor.py:153} INFO - Started process (PID=2994) to work on /opt/conda/lib/python3.8/site-packages/airflow/example_dags/example_trigger_target_dag.py
[2022-11-02 16:13:20,184] {processor.py:641} INFO - Processing file /opt/conda/lib/python3.8/site-packages/airflow/example_dags/example_trigger_target_dag.py for tasks to queue
[2022-11-02 16:13:20,185] {logging_mixin.py:115} INFO - [2022-11-02 16:13:20,185] {dagbag.py:508} INFO - Filling up the DagBag from /opt/conda/lib/python3.8/site-packages/airflow/example_dags/example_trigger_target_dag.py
[2022-11-02 16:13:20,203] {processor.py:651} INFO - DAG(s) dict_keys(['example_trigger_target_dag']) retrieved from /opt/conda/lib/python3.8/site-packages/airflow/example_dags/example_trigger_target_dag.py
[2022-11-02 16:13:20,220] {logging_mixin.py:115} INFO - [2022-11-02 16:13:20,220] {dag.py:2420} INFO - Sync 1 DAGs
[2022-11-02 16:13:20,238] {logging_mixin.py:115} INFO - [2022-11-02 16:13:20,238] {dag.py:2968} INFO - Setting next_dagrun for example_trigger_target_dag to None, run_after=None
[2022-11-02 16:13:20,249] {processor.py:161} INFO - Processing /opt/conda/lib/python3.8/site-packages/airflow/example_dags/example_trigger_target_dag.py took 0.072 seconds
[2022-11-02 16:14:22,578] {processor.py:153} INFO - Started process (PID=3142) to work on /opt/conda/lib/python3.8/site-packages/airflow/example_dags/example_trigger_target_dag.py
[2022-11-02 16:14:22,579] {processor.py:641} INFO - Processing file /opt/conda/lib/python3.8/site-packages/airflow/example_dags/example_trigger_target_dag.py for tasks to queue
[2022-11-02 16:14:22,579] {logging_mixin.py:115} INFO - [2022-11-02 16:14:22,579] {dagbag.py:508} INFO - Filling up the DagBag from /opt/conda/lib/python3.8/site-packages/airflow/example_dags/example_trigger_target_dag.py
[2022-11-02 16:14:22,597] {processor.py:651} INFO - DAG(s) dict_keys(['example_trigger_target_dag']) retrieved from /opt/conda/lib/python3.8/site-packages/airflow/example_dags/example_trigger_target_dag.py
[2022-11-02 16:14:22,614] {logging_mixin.py:115} INFO - [2022-11-02 16:14:22,614] {dag.py:2420} INFO - Sync 1 DAGs
[2022-11-02 16:14:22,632] {logging_mixin.py:115} INFO - [2022-11-02 16:14:22,632] {dag.py:2968} INFO - Setting next_dagrun for example_trigger_target_dag to None, run_after=None
[2022-11-02 16:14:22,643] {processor.py:161} INFO - Processing /opt/conda/lib/python3.8/site-packages/airflow/example_dags/example_trigger_target_dag.py took 0.072 seconds
[2022-11-02 16:15:32,277] {processor.py:153} INFO - Started process (PID=3418) to work on /opt/conda/lib/python3.8/site-packages/airflow/example_dags/example_trigger_target_dag.py
[2022-11-02 16:15:32,283] {processor.py:641} INFO - Processing file /opt/conda/lib/python3.8/site-packages/airflow/example_dags/example_trigger_target_dag.py for tasks to queue
[2022-11-02 16:15:32,283] {logging_mixin.py:115} INFO - [2022-11-02 16:15:32,283] {dagbag.py:508} INFO - Filling up the DagBag from /opt/conda/lib/python3.8/site-packages/airflow/example_dags/example_trigger_target_dag.py
[2022-11-02 16:15:32,306] {processor.py:651} INFO - DAG(s) dict_keys(['example_trigger_target_dag']) retrieved from /opt/conda/lib/python3.8/site-packages/airflow/example_dags/example_trigger_target_dag.py
[2022-11-02 16:15:32,321] {logging_mixin.py:115} INFO - [2022-11-02 16:15:32,320] {dag.py:2420} INFO - Sync 1 DAGs
[2022-11-02 16:15:32,335] {logging_mixin.py:115} INFO - [2022-11-02 16:15:32,334] {dag.py:2968} INFO - Setting next_dagrun for example_trigger_target_dag to None, run_after=None
[2022-11-02 16:15:32,343] {processor.py:161} INFO - Processing /opt/conda/lib/python3.8/site-packages/airflow/example_dags/example_trigger_target_dag.py took 0.069 seconds
[2022-11-02 16:16:34,672] {processor.py:153} INFO - Started process (PID=3650) to work on /opt/conda/lib/python3.8/site-packages/airflow/example_dags/example_trigger_target_dag.py
[2022-11-02 16:16:34,672] {processor.py:641} INFO - Processing file /opt/conda/lib/python3.8/site-packages/airflow/example_dags/example_trigger_target_dag.py for tasks to queue
[2022-11-02 16:16:34,673] {logging_mixin.py:115} INFO - [2022-11-02 16:16:34,673] {dagbag.py:508} INFO - Filling up the DagBag from /opt/conda/lib/python3.8/site-packages/airflow/example_dags/example_trigger_target_dag.py
[2022-11-02 16:16:34,686] {processor.py:651} INFO - DAG(s) dict_keys(['example_trigger_target_dag']) retrieved from /opt/conda/lib/python3.8/site-packages/airflow/example_dags/example_trigger_target_dag.py
[2022-11-02 16:16:34,699] {logging_mixin.py:115} INFO - [2022-11-02 16:16:34,699] {dag.py:2420} INFO - Sync 1 DAGs
[2022-11-02 16:16:34,713] {logging_mixin.py:115} INFO - [2022-11-02 16:16:34,713] {dag.py:2968} INFO - Setting next_dagrun for example_trigger_target_dag to None, run_after=None
[2022-11-02 16:16:34,720] {processor.py:161} INFO - Processing /opt/conda/lib/python3.8/site-packages/airflow/example_dags/example_trigger_target_dag.py took 0.054 seconds
[2022-11-02 16:17:34,783] {processor.py:153} INFO - Started process (PID=3836) to work on /opt/conda/lib/python3.8/site-packages/airflow/example_dags/example_trigger_target_dag.py
[2022-11-02 16:17:34,784] {processor.py:641} INFO - Processing file /opt/conda/lib/python3.8/site-packages/airflow/example_dags/example_trigger_target_dag.py for tasks to queue
[2022-11-02 16:17:34,785] {logging_mixin.py:115} INFO - [2022-11-02 16:17:34,784] {dagbag.py:508} INFO - Filling up the DagBag from /opt/conda/lib/python3.8/site-packages/airflow/example_dags/example_trigger_target_dag.py
[2022-11-02 16:17:34,803] {processor.py:651} INFO - DAG(s) dict_keys(['example_trigger_target_dag']) retrieved from /opt/conda/lib/python3.8/site-packages/airflow/example_dags/example_trigger_target_dag.py
[2022-11-02 16:17:34,821] {logging_mixin.py:115} INFO - [2022-11-02 16:17:34,821] {dag.py:2420} INFO - Sync 1 DAGs
[2022-11-02 16:17:34,839] {logging_mixin.py:115} INFO - [2022-11-02 16:17:34,839] {dag.py:2968} INFO - Setting next_dagrun for example_trigger_target_dag to None, run_after=None
[2022-11-02 16:17:34,850] {processor.py:161} INFO - Processing /opt/conda/lib/python3.8/site-packages/airflow/example_dags/example_trigger_target_dag.py took 0.071 seconds
[2022-11-02 16:18:38,720] {processor.py:153} INFO - Started process (PID=4056) to work on /opt/conda/lib/python3.8/site-packages/airflow/example_dags/example_trigger_target_dag.py
[2022-11-02 16:18:38,721] {processor.py:641} INFO - Processing file /opt/conda/lib/python3.8/site-packages/airflow/example_dags/example_trigger_target_dag.py for tasks to queue
[2022-11-02 16:18:38,722] {logging_mixin.py:115} INFO - [2022-11-02 16:18:38,722] {dagbag.py:508} INFO - Filling up the DagBag from /opt/conda/lib/python3.8/site-packages/airflow/example_dags/example_trigger_target_dag.py
[2022-11-02 16:18:38,737] {processor.py:651} INFO - DAG(s) dict_keys(['example_trigger_target_dag']) retrieved from /opt/conda/lib/python3.8/site-packages/airflow/example_dags/example_trigger_target_dag.py
[2022-11-02 16:18:38,751] {logging_mixin.py:115} INFO - [2022-11-02 16:18:38,751] {dag.py:2420} INFO - Sync 1 DAGs
[2022-11-02 16:18:38,766] {logging_mixin.py:115} INFO - [2022-11-02 16:18:38,765] {dag.py:2968} INFO - Setting next_dagrun for example_trigger_target_dag to None, run_after=None
[2022-11-02 16:18:38,782] {processor.py:161} INFO - Processing /opt/conda/lib/python3.8/site-packages/airflow/example_dags/example_trigger_target_dag.py took 0.067 seconds
[2022-11-02 16:19:46,047] {processor.py:153} INFO - Started process (PID=4311) to work on /opt/conda/lib/python3.8/site-packages/airflow/example_dags/example_trigger_target_dag.py
[2022-11-02 16:19:46,053] {processor.py:641} INFO - Processing file /opt/conda/lib/python3.8/site-packages/airflow/example_dags/example_trigger_target_dag.py for tasks to queue
[2022-11-02 16:19:46,054] {logging_mixin.py:115} INFO - [2022-11-02 16:19:46,054] {dagbag.py:508} INFO - Filling up the DagBag from /opt/conda/lib/python3.8/site-packages/airflow/example_dags/example_trigger_target_dag.py
[2022-11-02 16:19:46,078] {processor.py:651} INFO - DAG(s) dict_keys(['example_trigger_target_dag']) retrieved from /opt/conda/lib/python3.8/site-packages/airflow/example_dags/example_trigger_target_dag.py
[2022-11-02 16:19:46,102] {logging_mixin.py:115} INFO - [2022-11-02 16:19:46,102] {dag.py:2420} INFO - Sync 1 DAGs
[2022-11-02 16:19:46,136] {logging_mixin.py:115} INFO - [2022-11-02 16:19:46,136] {dag.py:2968} INFO - Setting next_dagrun for example_trigger_target_dag to None, run_after=None
[2022-11-02 16:19:46,151] {processor.py:161} INFO - Processing /opt/conda/lib/python3.8/site-packages/airflow/example_dags/example_trigger_target_dag.py took 0.106 seconds
[2022-11-02 16:20:46,990] {processor.py:153} INFO - Started process (PID=4546) to work on /opt/conda/lib/python3.8/site-packages/airflow/example_dags/example_trigger_target_dag.py
[2022-11-02 16:20:46,994] {processor.py:641} INFO - Processing file /opt/conda/lib/python3.8/site-packages/airflow/example_dags/example_trigger_target_dag.py for tasks to queue
[2022-11-02 16:20:46,995] {logging_mixin.py:115} INFO - [2022-11-02 16:20:46,995] {dagbag.py:508} INFO - Filling up the DagBag from /opt/conda/lib/python3.8/site-packages/airflow/example_dags/example_trigger_target_dag.py
[2022-11-02 16:20:47,018] {processor.py:651} INFO - DAG(s) dict_keys(['example_trigger_target_dag']) retrieved from /opt/conda/lib/python3.8/site-packages/airflow/example_dags/example_trigger_target_dag.py
[2022-11-02 16:20:47,042] {logging_mixin.py:115} INFO - [2022-11-02 16:20:47,042] {dag.py:2420} INFO - Sync 1 DAGs
[2022-11-02 16:20:47,076] {logging_mixin.py:115} INFO - [2022-11-02 16:20:47,076] {dag.py:2968} INFO - Setting next_dagrun for example_trigger_target_dag to None, run_after=None
[2022-11-02 16:20:47,094] {processor.py:161} INFO - Processing /opt/conda/lib/python3.8/site-packages/airflow/example_dags/example_trigger_target_dag.py took 0.106 seconds
[2022-11-02 16:21:48,641] {processor.py:153} INFO - Started process (PID=4819) to work on /opt/conda/lib/python3.8/site-packages/airflow/example_dags/example_trigger_target_dag.py
[2022-11-02 16:21:48,642] {processor.py:641} INFO - Processing file /opt/conda/lib/python3.8/site-packages/airflow/example_dags/example_trigger_target_dag.py for tasks to queue
[2022-11-02 16:21:48,643] {logging_mixin.py:115} INFO - [2022-11-02 16:21:48,643] {dagbag.py:508} INFO - Filling up the DagBag from /opt/conda/lib/python3.8/site-packages/airflow/example_dags/example_trigger_target_dag.py
[2022-11-02 16:21:48,656] {processor.py:651} INFO - DAG(s) dict_keys(['example_trigger_target_dag']) retrieved from /opt/conda/lib/python3.8/site-packages/airflow/example_dags/example_trigger_target_dag.py
[2022-11-02 16:21:48,669] {logging_mixin.py:115} INFO - [2022-11-02 16:21:48,669] {dag.py:2420} INFO - Sync 1 DAGs
[2022-11-02 16:21:48,682] {logging_mixin.py:115} INFO - [2022-11-02 16:21:48,682] {dag.py:2968} INFO - Setting next_dagrun for example_trigger_target_dag to None, run_after=None
[2022-11-02 16:21:48,695] {processor.py:161} INFO - Processing /opt/conda/lib/python3.8/site-packages/airflow/example_dags/example_trigger_target_dag.py took 0.060 seconds
[2022-11-02 16:22:49,821] {processor.py:153} INFO - Started process (PID=5062) to work on /opt/conda/lib/python3.8/site-packages/airflow/example_dags/example_trigger_target_dag.py
[2022-11-02 16:22:49,827] {processor.py:641} INFO - Processing file /opt/conda/lib/python3.8/site-packages/airflow/example_dags/example_trigger_target_dag.py for tasks to queue
[2022-11-02 16:22:49,828] {logging_mixin.py:115} INFO - [2022-11-02 16:22:49,828] {dagbag.py:508} INFO - Filling up the DagBag from /opt/conda/lib/python3.8/site-packages/airflow/example_dags/example_trigger_target_dag.py
[2022-11-02 16:22:49,850] {processor.py:651} INFO - DAG(s) dict_keys(['example_trigger_target_dag']) retrieved from /opt/conda/lib/python3.8/site-packages/airflow/example_dags/example_trigger_target_dag.py
[2022-11-02 16:22:49,876] {logging_mixin.py:115} INFO - [2022-11-02 16:22:49,876] {dag.py:2420} INFO - Sync 1 DAGs
[2022-11-02 16:22:49,890] {logging_mixin.py:115} INFO - [2022-11-02 16:22:49,890] {dag.py:2968} INFO - Setting next_dagrun for example_trigger_target_dag to None, run_after=None
[2022-11-02 16:22:49,898] {processor.py:161} INFO - Processing /opt/conda/lib/python3.8/site-packages/airflow/example_dags/example_trigger_target_dag.py took 0.080 seconds
[2022-11-02 16:23:53,725] {processor.py:153} INFO - Started process (PID=5306) to work on /opt/conda/lib/python3.8/site-packages/airflow/example_dags/example_trigger_target_dag.py
[2022-11-02 16:23:53,726] {processor.py:641} INFO - Processing file /opt/conda/lib/python3.8/site-packages/airflow/example_dags/example_trigger_target_dag.py for tasks to queue
[2022-11-02 16:23:53,726] {logging_mixin.py:115} INFO - [2022-11-02 16:23:53,726] {dagbag.py:508} INFO - Filling up the DagBag from /opt/conda/lib/python3.8/site-packages/airflow/example_dags/example_trigger_target_dag.py
[2022-11-02 16:23:53,740] {processor.py:651} INFO - DAG(s) dict_keys(['example_trigger_target_dag']) retrieved from /opt/conda/lib/python3.8/site-packages/airflow/example_dags/example_trigger_target_dag.py
[2022-11-02 16:23:53,755] {logging_mixin.py:115} INFO - [2022-11-02 16:23:53,755] {dag.py:2420} INFO - Sync 1 DAGs
[2022-11-02 16:23:53,769] {logging_mixin.py:115} INFO - [2022-11-02 16:23:53,769] {dag.py:2968} INFO - Setting next_dagrun for example_trigger_target_dag to None, run_after=None
[2022-11-02 16:23:53,782] {processor.py:161} INFO - Processing /opt/conda/lib/python3.8/site-packages/airflow/example_dags/example_trigger_target_dag.py took 0.062 seconds
[2022-11-02 16:24:51,157] {processor.py:153} INFO - Started process (PID=5546) to work on /opt/conda/lib/python3.8/site-packages/airflow/example_dags/example_trigger_target_dag.py
[2022-11-02 16:24:51,158] {processor.py:641} INFO - Processing file /opt/conda/lib/python3.8/site-packages/airflow/example_dags/example_trigger_target_dag.py for tasks to queue
[2022-11-02 16:24:51,159] {logging_mixin.py:115} INFO - [2022-11-02 16:24:51,158] {dagbag.py:508} INFO - Filling up the DagBag from /opt/conda/lib/python3.8/site-packages/airflow/example_dags/example_trigger_target_dag.py
[2022-11-02 16:24:51,174] {processor.py:651} INFO - DAG(s) dict_keys(['example_trigger_target_dag']) retrieved from /opt/conda/lib/python3.8/site-packages/airflow/example_dags/example_trigger_target_dag.py
[2022-11-02 16:24:51,189] {logging_mixin.py:115} INFO - [2022-11-02 16:24:51,189] {dag.py:2420} INFO - Sync 1 DAGs
[2022-11-02 16:24:51,203] {logging_mixin.py:115} INFO - [2022-11-02 16:24:51,202] {dag.py:2968} INFO - Setting next_dagrun for example_trigger_target_dag to None, run_after=None
[2022-11-02 16:24:51,212] {processor.py:161} INFO - Processing /opt/conda/lib/python3.8/site-packages/airflow/example_dags/example_trigger_target_dag.py took 0.060 seconds
[2022-11-02 16:25:57,561] {processor.py:153} INFO - Started process (PID=5786) to work on /opt/conda/lib/python3.8/site-packages/airflow/example_dags/example_trigger_target_dag.py
[2022-11-02 16:25:57,562] {processor.py:641} INFO - Processing file /opt/conda/lib/python3.8/site-packages/airflow/example_dags/example_trigger_target_dag.py for tasks to queue
[2022-11-02 16:25:57,562] {logging_mixin.py:115} INFO - [2022-11-02 16:25:57,562] {dagbag.py:508} INFO - Filling up the DagBag from /opt/conda/lib/python3.8/site-packages/airflow/example_dags/example_trigger_target_dag.py
[2022-11-02 16:25:57,576] {processor.py:651} INFO - DAG(s) dict_keys(['example_trigger_target_dag']) retrieved from /opt/conda/lib/python3.8/site-packages/airflow/example_dags/example_trigger_target_dag.py
[2022-11-02 16:25:57,590] {logging_mixin.py:115} INFO - [2022-11-02 16:25:57,590] {dag.py:2420} INFO - Sync 1 DAGs
[2022-11-02 16:25:57,604] {logging_mixin.py:115} INFO - [2022-11-02 16:25:57,604] {dag.py:2968} INFO - Setting next_dagrun for example_trigger_target_dag to None, run_after=None
[2022-11-02 16:25:57,613] {processor.py:161} INFO - Processing /opt/conda/lib/python3.8/site-packages/airflow/example_dags/example_trigger_target_dag.py took 0.058 seconds
[2022-11-02 16:27:02,580] {processor.py:153} INFO - Started process (PID=6025) to work on /opt/conda/lib/python3.8/site-packages/airflow/example_dags/example_trigger_target_dag.py
[2022-11-02 16:27:02,580] {processor.py:641} INFO - Processing file /opt/conda/lib/python3.8/site-packages/airflow/example_dags/example_trigger_target_dag.py for tasks to queue
[2022-11-02 16:27:02,581] {logging_mixin.py:115} INFO - [2022-11-02 16:27:02,581] {dagbag.py:508} INFO - Filling up the DagBag from /opt/conda/lib/python3.8/site-packages/airflow/example_dags/example_trigger_target_dag.py
[2022-11-02 16:27:02,595] {processor.py:651} INFO - DAG(s) dict_keys(['example_trigger_target_dag']) retrieved from /opt/conda/lib/python3.8/site-packages/airflow/example_dags/example_trigger_target_dag.py
[2022-11-02 16:27:02,609] {logging_mixin.py:115} INFO - [2022-11-02 16:27:02,609] {dag.py:2420} INFO - Sync 1 DAGs
[2022-11-02 16:27:02,624] {logging_mixin.py:115} INFO - [2022-11-02 16:27:02,624] {dag.py:2968} INFO - Setting next_dagrun for example_trigger_target_dag to None, run_after=None
[2022-11-02 16:27:02,634] {processor.py:161} INFO - Processing /opt/conda/lib/python3.8/site-packages/airflow/example_dags/example_trigger_target_dag.py took 0.057 seconds
[2022-11-02 16:28:11,637] {processor.py:153} INFO - Started process (PID=6278) to work on /opt/conda/lib/python3.8/site-packages/airflow/example_dags/example_trigger_target_dag.py
[2022-11-02 16:28:11,643] {processor.py:641} INFO - Processing file /opt/conda/lib/python3.8/site-packages/airflow/example_dags/example_trigger_target_dag.py for tasks to queue
[2022-11-02 16:28:11,644] {logging_mixin.py:115} INFO - [2022-11-02 16:28:11,644] {dagbag.py:508} INFO - Filling up the DagBag from /opt/conda/lib/python3.8/site-packages/airflow/example_dags/example_trigger_target_dag.py
[2022-11-02 16:28:11,666] {processor.py:651} INFO - DAG(s) dict_keys(['example_trigger_target_dag']) retrieved from /opt/conda/lib/python3.8/site-packages/airflow/example_dags/example_trigger_target_dag.py
[2022-11-02 16:28:11,697] {logging_mixin.py:115} INFO - [2022-11-02 16:28:11,697] {dag.py:2420} INFO - Sync 1 DAGs
[2022-11-02 16:28:11,712] {logging_mixin.py:115} INFO - [2022-11-02 16:28:11,712] {dag.py:2968} INFO - Setting next_dagrun for example_trigger_target_dag to None, run_after=None
[2022-11-02 16:28:11,721] {processor.py:161} INFO - Processing /opt/conda/lib/python3.8/site-packages/airflow/example_dags/example_trigger_target_dag.py took 0.087 seconds
[2022-11-02 16:29:15,752] {processor.py:153} INFO - Started process (PID=6508) to work on /opt/conda/lib/python3.8/site-packages/airflow/example_dags/example_trigger_target_dag.py
[2022-11-02 16:29:15,753] {processor.py:641} INFO - Processing file /opt/conda/lib/python3.8/site-packages/airflow/example_dags/example_trigger_target_dag.py for tasks to queue
[2022-11-02 16:29:15,753] {logging_mixin.py:115} INFO - [2022-11-02 16:29:15,753] {dagbag.py:508} INFO - Filling up the DagBag from /opt/conda/lib/python3.8/site-packages/airflow/example_dags/example_trigger_target_dag.py
[2022-11-02 16:29:15,771] {processor.py:651} INFO - DAG(s) dict_keys(['example_trigger_target_dag']) retrieved from /opt/conda/lib/python3.8/site-packages/airflow/example_dags/example_trigger_target_dag.py
[2022-11-02 16:29:15,788] {logging_mixin.py:115} INFO - [2022-11-02 16:29:15,788] {dag.py:2420} INFO - Sync 1 DAGs
[2022-11-02 16:29:15,807] {logging_mixin.py:115} INFO - [2022-11-02 16:29:15,807] {dag.py:2968} INFO - Setting next_dagrun for example_trigger_target_dag to None, run_after=None
[2022-11-02 16:29:15,822] {processor.py:161} INFO - Processing /opt/conda/lib/python3.8/site-packages/airflow/example_dags/example_trigger_target_dag.py took 0.076 seconds
[2022-11-02 16:30:21,320] {processor.py:153} INFO - Started process (PID=6679) to work on /opt/conda/lib/python3.8/site-packages/airflow/example_dags/example_trigger_target_dag.py
[2022-11-02 16:30:21,320] {processor.py:641} INFO - Processing file /opt/conda/lib/python3.8/site-packages/airflow/example_dags/example_trigger_target_dag.py for tasks to queue
[2022-11-02 16:30:21,321] {logging_mixin.py:115} INFO - [2022-11-02 16:30:21,321] {dagbag.py:508} INFO - Filling up the DagBag from /opt/conda/lib/python3.8/site-packages/airflow/example_dags/example_trigger_target_dag.py
[2022-11-02 16:30:21,338] {processor.py:651} INFO - DAG(s) dict_keys(['example_trigger_target_dag']) retrieved from /opt/conda/lib/python3.8/site-packages/airflow/example_dags/example_trigger_target_dag.py
[2022-11-02 16:30:21,356] {logging_mixin.py:115} INFO - [2022-11-02 16:30:21,356] {dag.py:2420} INFO - Sync 1 DAGs
[2022-11-02 16:30:21,375] {logging_mixin.py:115} INFO - [2022-11-02 16:30:21,375] {dag.py:2968} INFO - Setting next_dagrun for example_trigger_target_dag to None, run_after=None
[2022-11-02 16:30:21,386] {processor.py:161} INFO - Processing /opt/conda/lib/python3.8/site-packages/airflow/example_dags/example_trigger_target_dag.py took 0.073 seconds
[2022-11-02 16:32:38,755] {processor.py:153} INFO - Started process (PID=7073) to work on /opt/conda/lib/python3.8/site-packages/airflow/example_dags/example_trigger_target_dag.py
[2022-11-02 16:32:38,756] {processor.py:641} INFO - Processing file /opt/conda/lib/python3.8/site-packages/airflow/example_dags/example_trigger_target_dag.py for tasks to queue
[2022-11-02 16:32:38,757] {logging_mixin.py:115} INFO - [2022-11-02 16:32:38,756] {dagbag.py:508} INFO - Filling up the DagBag from /opt/conda/lib/python3.8/site-packages/airflow/example_dags/example_trigger_target_dag.py
[2022-11-02 16:32:38,774] {processor.py:651} INFO - DAG(s) dict_keys(['example_trigger_target_dag']) retrieved from /opt/conda/lib/python3.8/site-packages/airflow/example_dags/example_trigger_target_dag.py
[2022-11-02 16:32:38,792] {logging_mixin.py:115} INFO - [2022-11-02 16:32:38,792] {dag.py:2420} INFO - Sync 1 DAGs
[2022-11-02 16:32:38,812] {logging_mixin.py:115} INFO - [2022-11-02 16:32:38,812] {dag.py:2968} INFO - Setting next_dagrun for example_trigger_target_dag to None, run_after=None
[2022-11-02 16:32:38,830] {processor.py:161} INFO - Processing /opt/conda/lib/python3.8/site-packages/airflow/example_dags/example_trigger_target_dag.py took 0.081 seconds
[2022-11-02 16:33:30,958] {processor.py:153} INFO - Started process (PID=7191) to work on /opt/conda/lib/python3.8/site-packages/airflow/example_dags/example_trigger_target_dag.py
[2022-11-02 16:33:30,958] {processor.py:641} INFO - Processing file /opt/conda/lib/python3.8/site-packages/airflow/example_dags/example_trigger_target_dag.py for tasks to queue
[2022-11-02 16:33:30,959] {logging_mixin.py:115} INFO - [2022-11-02 16:33:30,959] {dagbag.py:508} INFO - Filling up the DagBag from /opt/conda/lib/python3.8/site-packages/airflow/example_dags/example_trigger_target_dag.py
[2022-11-02 16:33:30,977] {processor.py:651} INFO - DAG(s) dict_keys(['example_trigger_target_dag']) retrieved from /opt/conda/lib/python3.8/site-packages/airflow/example_dags/example_trigger_target_dag.py
[2022-11-02 16:33:30,995] {logging_mixin.py:115} INFO - [2022-11-02 16:33:30,995] {dag.py:2420} INFO - Sync 1 DAGs
[2022-11-02 16:33:31,014] {logging_mixin.py:115} INFO - [2022-11-02 16:33:31,014] {dag.py:2968} INFO - Setting next_dagrun for example_trigger_target_dag to None, run_after=None
[2022-11-02 16:33:31,031] {processor.py:161} INFO - Processing /opt/conda/lib/python3.8/site-packages/airflow/example_dags/example_trigger_target_dag.py took 0.080 seconds
[2022-11-02 16:34:37,683] {processor.py:153} INFO - Started process (PID=7376) to work on /opt/conda/lib/python3.8/site-packages/airflow/example_dags/example_trigger_target_dag.py
[2022-11-02 16:34:37,684] {processor.py:641} INFO - Processing file /opt/conda/lib/python3.8/site-packages/airflow/example_dags/example_trigger_target_dag.py for tasks to queue
[2022-11-02 16:34:37,685] {logging_mixin.py:115} INFO - [2022-11-02 16:34:37,685] {dagbag.py:508} INFO - Filling up the DagBag from /opt/conda/lib/python3.8/site-packages/airflow/example_dags/example_trigger_target_dag.py
[2022-11-02 16:34:37,702] {processor.py:651} INFO - DAG(s) dict_keys(['example_trigger_target_dag']) retrieved from /opt/conda/lib/python3.8/site-packages/airflow/example_dags/example_trigger_target_dag.py
[2022-11-02 16:34:37,720] {logging_mixin.py:115} INFO - [2022-11-02 16:34:37,720] {dag.py:2420} INFO - Sync 1 DAGs
[2022-11-02 16:34:37,739] {logging_mixin.py:115} INFO - [2022-11-02 16:34:37,739] {dag.py:2968} INFO - Setting next_dagrun for example_trigger_target_dag to None, run_after=None
[2022-11-02 16:34:37,756] {processor.py:161} INFO - Processing /opt/conda/lib/python3.8/site-packages/airflow/example_dags/example_trigger_target_dag.py took 0.079 seconds
[2022-11-02 16:35:42,018] {processor.py:153} INFO - Started process (PID=7522) to work on /opt/conda/lib/python3.8/site-packages/airflow/example_dags/example_trigger_target_dag.py
[2022-11-02 16:35:42,019] {processor.py:641} INFO - Processing file /opt/conda/lib/python3.8/site-packages/airflow/example_dags/example_trigger_target_dag.py for tasks to queue
[2022-11-02 16:35:42,019] {logging_mixin.py:115} INFO - [2022-11-02 16:35:42,019] {dagbag.py:508} INFO - Filling up the DagBag from /opt/conda/lib/python3.8/site-packages/airflow/example_dags/example_trigger_target_dag.py
[2022-11-02 16:35:42,037] {processor.py:651} INFO - DAG(s) dict_keys(['example_trigger_target_dag']) retrieved from /opt/conda/lib/python3.8/site-packages/airflow/example_dags/example_trigger_target_dag.py
[2022-11-02 16:35:42,055] {logging_mixin.py:115} INFO - [2022-11-02 16:35:42,055] {dag.py:2420} INFO - Sync 1 DAGs
[2022-11-02 16:35:42,074] {logging_mixin.py:115} INFO - [2022-11-02 16:35:42,074] {dag.py:2968} INFO - Setting next_dagrun for example_trigger_target_dag to None, run_after=None
[2022-11-02 16:35:42,085] {processor.py:161} INFO - Processing /opt/conda/lib/python3.8/site-packages/airflow/example_dags/example_trigger_target_dag.py took 0.073 seconds
[2022-11-02 16:36:44,793] {processor.py:153} INFO - Started process (PID=7697) to work on /opt/conda/lib/python3.8/site-packages/airflow/example_dags/example_trigger_target_dag.py
[2022-11-02 16:36:44,795] {processor.py:641} INFO - Processing file /opt/conda/lib/python3.8/site-packages/airflow/example_dags/example_trigger_target_dag.py for tasks to queue
[2022-11-02 16:36:44,795] {logging_mixin.py:115} INFO - [2022-11-02 16:36:44,795] {dagbag.py:508} INFO - Filling up the DagBag from /opt/conda/lib/python3.8/site-packages/airflow/example_dags/example_trigger_target_dag.py
[2022-11-02 16:36:44,809] {processor.py:651} INFO - DAG(s) dict_keys(['example_trigger_target_dag']) retrieved from /opt/conda/lib/python3.8/site-packages/airflow/example_dags/example_trigger_target_dag.py
[2022-11-02 16:36:44,823] {logging_mixin.py:115} INFO - [2022-11-02 16:36:44,823] {dag.py:2420} INFO - Sync 1 DAGs
[2022-11-02 16:36:44,838] {logging_mixin.py:115} INFO - [2022-11-02 16:36:44,838] {dag.py:2968} INFO - Setting next_dagrun for example_trigger_target_dag to None, run_after=None
[2022-11-02 16:36:44,847] {processor.py:161} INFO - Processing /opt/conda/lib/python3.8/site-packages/airflow/example_dags/example_trigger_target_dag.py took 0.059 seconds
[2022-11-02 16:37:45,800] {processor.py:153} INFO - Started process (PID=8179) to work on /opt/conda/lib/python3.8/site-packages/airflow/example_dags/example_trigger_target_dag.py
[2022-11-02 16:37:45,801] {processor.py:641} INFO - Processing file /opt/conda/lib/python3.8/site-packages/airflow/example_dags/example_trigger_target_dag.py for tasks to queue
[2022-11-02 16:37:45,801] {logging_mixin.py:115} INFO - [2022-11-02 16:37:45,801] {dagbag.py:508} INFO - Filling up the DagBag from /opt/conda/lib/python3.8/site-packages/airflow/example_dags/example_trigger_target_dag.py
[2022-11-02 16:37:45,819] {processor.py:651} INFO - DAG(s) dict_keys(['example_trigger_target_dag']) retrieved from /opt/conda/lib/python3.8/site-packages/airflow/example_dags/example_trigger_target_dag.py
[2022-11-02 16:37:45,837] {logging_mixin.py:115} INFO - [2022-11-02 16:37:45,837] {dag.py:2420} INFO - Sync 1 DAGs
[2022-11-02 16:37:45,856] {logging_mixin.py:115} INFO - [2022-11-02 16:37:45,856] {dag.py:2968} INFO - Setting next_dagrun for example_trigger_target_dag to None, run_after=None
[2022-11-02 16:37:45,867] {processor.py:161} INFO - Processing /opt/conda/lib/python3.8/site-packages/airflow/example_dags/example_trigger_target_dag.py took 0.073 seconds
[2022-11-02 16:38:45,318] {processor.py:153} INFO - Started process (PID=8423) to work on /opt/conda/lib/python3.8/site-packages/airflow/example_dags/example_trigger_target_dag.py
[2022-11-02 16:38:45,319] {processor.py:641} INFO - Processing file /opt/conda/lib/python3.8/site-packages/airflow/example_dags/example_trigger_target_dag.py for tasks to queue
[2022-11-02 16:38:45,320] {logging_mixin.py:115} INFO - [2022-11-02 16:38:45,320] {dagbag.py:508} INFO - Filling up the DagBag from /opt/conda/lib/python3.8/site-packages/airflow/example_dags/example_trigger_target_dag.py
[2022-11-02 16:38:45,337] {processor.py:651} INFO - DAG(s) dict_keys(['example_trigger_target_dag']) retrieved from /opt/conda/lib/python3.8/site-packages/airflow/example_dags/example_trigger_target_dag.py
[2022-11-02 16:38:45,355] {logging_mixin.py:115} INFO - [2022-11-02 16:38:45,355] {dag.py:2420} INFO - Sync 1 DAGs
[2022-11-02 16:38:45,374] {logging_mixin.py:115} INFO - [2022-11-02 16:38:45,374] {dag.py:2968} INFO - Setting next_dagrun for example_trigger_target_dag to None, run_after=None
[2022-11-02 16:38:45,385] {processor.py:161} INFO - Processing /opt/conda/lib/python3.8/site-packages/airflow/example_dags/example_trigger_target_dag.py took 0.073 seconds
[2022-11-02 16:39:53,699] {processor.py:153} INFO - Started process (PID=8650) to work on /opt/conda/lib/python3.8/site-packages/airflow/example_dags/example_trigger_target_dag.py
[2022-11-02 16:39:53,701] {processor.py:641} INFO - Processing file /opt/conda/lib/python3.8/site-packages/airflow/example_dags/example_trigger_target_dag.py for tasks to queue
[2022-11-02 16:39:53,701] {logging_mixin.py:115} INFO - [2022-11-02 16:39:53,701] {dagbag.py:508} INFO - Filling up the DagBag from /opt/conda/lib/python3.8/site-packages/airflow/example_dags/example_trigger_target_dag.py
[2022-11-02 16:39:53,719] {processor.py:651} INFO - DAG(s) dict_keys(['example_trigger_target_dag']) retrieved from /opt/conda/lib/python3.8/site-packages/airflow/example_dags/example_trigger_target_dag.py
[2022-11-02 16:39:53,737] {logging_mixin.py:115} INFO - [2022-11-02 16:39:53,737] {dag.py:2420} INFO - Sync 1 DAGs
[2022-11-02 16:39:53,757] {logging_mixin.py:115} INFO - [2022-11-02 16:39:53,757] {dag.py:2968} INFO - Setting next_dagrun for example_trigger_target_dag to None, run_after=None
[2022-11-02 16:39:53,768] {processor.py:161} INFO - Processing /opt/conda/lib/python3.8/site-packages/airflow/example_dags/example_trigger_target_dag.py took 0.072 seconds
[2022-11-02 16:40:49,769] {processor.py:153} INFO - Started process (PID=8827) to work on /opt/conda/lib/python3.8/site-packages/airflow/example_dags/example_trigger_target_dag.py
[2022-11-02 16:40:49,769] {processor.py:641} INFO - Processing file /opt/conda/lib/python3.8/site-packages/airflow/example_dags/example_trigger_target_dag.py for tasks to queue
[2022-11-02 16:40:49,770] {logging_mixin.py:115} INFO - [2022-11-02 16:40:49,770] {dagbag.py:508} INFO - Filling up the DagBag from /opt/conda/lib/python3.8/site-packages/airflow/example_dags/example_trigger_target_dag.py
[2022-11-02 16:40:49,788] {processor.py:651} INFO - DAG(s) dict_keys(['example_trigger_target_dag']) retrieved from /opt/conda/lib/python3.8/site-packages/airflow/example_dags/example_trigger_target_dag.py
[2022-11-02 16:40:49,806] {logging_mixin.py:115} INFO - [2022-11-02 16:40:49,806] {dag.py:2420} INFO - Sync 1 DAGs
[2022-11-02 16:40:49,825] {logging_mixin.py:115} INFO - [2022-11-02 16:40:49,825] {dag.py:2968} INFO - Setting next_dagrun for example_trigger_target_dag to None, run_after=None
[2022-11-02 16:40:49,836] {processor.py:161} INFO - Processing /opt/conda/lib/python3.8/site-packages/airflow/example_dags/example_trigger_target_dag.py took 0.071 seconds
[2022-11-02 16:43:01,110] {processor.py:153} INFO - Started process (PID=9186) to work on /opt/conda/lib/python3.8/site-packages/airflow/example_dags/example_trigger_target_dag.py
[2022-11-02 16:43:01,111] {processor.py:641} INFO - Processing file /opt/conda/lib/python3.8/site-packages/airflow/example_dags/example_trigger_target_dag.py for tasks to queue
[2022-11-02 16:43:01,112] {logging_mixin.py:115} INFO - [2022-11-02 16:43:01,111] {dagbag.py:508} INFO - Filling up the DagBag from /opt/conda/lib/python3.8/site-packages/airflow/example_dags/example_trigger_target_dag.py
[2022-11-02 16:43:01,129] {processor.py:651} INFO - DAG(s) dict_keys(['example_trigger_target_dag']) retrieved from /opt/conda/lib/python3.8/site-packages/airflow/example_dags/example_trigger_target_dag.py
[2022-11-02 16:43:01,147] {logging_mixin.py:115} INFO - [2022-11-02 16:43:01,147] {dag.py:2420} INFO - Sync 1 DAGs
[2022-11-02 16:43:01,167] {logging_mixin.py:115} INFO - [2022-11-02 16:43:01,166] {dag.py:2968} INFO - Setting next_dagrun for example_trigger_target_dag to None, run_after=None
[2022-11-02 16:43:01,177] {processor.py:161} INFO - Processing /opt/conda/lib/python3.8/site-packages/airflow/example_dags/example_trigger_target_dag.py took 0.074 seconds
[2022-11-02 16:44:04,068] {processor.py:153} INFO - Started process (PID=9370) to work on /opt/conda/lib/python3.8/site-packages/airflow/example_dags/example_trigger_target_dag.py
[2022-11-02 16:44:04,069] {processor.py:641} INFO - Processing file /opt/conda/lib/python3.8/site-packages/airflow/example_dags/example_trigger_target_dag.py for tasks to queue
[2022-11-02 16:44:04,069] {logging_mixin.py:115} INFO - [2022-11-02 16:44:04,069] {dagbag.py:508} INFO - Filling up the DagBag from /opt/conda/lib/python3.8/site-packages/airflow/example_dags/example_trigger_target_dag.py
[2022-11-02 16:44:04,087] {processor.py:651} INFO - DAG(s) dict_keys(['example_trigger_target_dag']) retrieved from /opt/conda/lib/python3.8/site-packages/airflow/example_dags/example_trigger_target_dag.py
[2022-11-02 16:44:04,105] {logging_mixin.py:115} INFO - [2022-11-02 16:44:04,105] {dag.py:2420} INFO - Sync 1 DAGs
[2022-11-02 16:44:04,124] {logging_mixin.py:115} INFO - [2022-11-02 16:44:04,124] {dag.py:2968} INFO - Setting next_dagrun for example_trigger_target_dag to None, run_after=None
[2022-11-02 16:44:04,135] {processor.py:161} INFO - Processing /opt/conda/lib/python3.8/site-packages/airflow/example_dags/example_trigger_target_dag.py took 0.074 seconds
[2022-11-02 16:45:07,470] {processor.py:153} INFO - Started process (PID=9514) to work on /opt/conda/lib/python3.8/site-packages/airflow/example_dags/example_trigger_target_dag.py
[2022-11-02 16:45:07,471] {processor.py:641} INFO - Processing file /opt/conda/lib/python3.8/site-packages/airflow/example_dags/example_trigger_target_dag.py for tasks to queue
[2022-11-02 16:45:07,472] {logging_mixin.py:115} INFO - [2022-11-02 16:45:07,472] {dagbag.py:508} INFO - Filling up the DagBag from /opt/conda/lib/python3.8/site-packages/airflow/example_dags/example_trigger_target_dag.py
[2022-11-02 16:45:07,490] {processor.py:651} INFO - DAG(s) dict_keys(['example_trigger_target_dag']) retrieved from /opt/conda/lib/python3.8/site-packages/airflow/example_dags/example_trigger_target_dag.py
[2022-11-02 16:45:07,508] {logging_mixin.py:115} INFO - [2022-11-02 16:45:07,508] {dag.py:2420} INFO - Sync 1 DAGs
[2022-11-02 16:45:07,526] {logging_mixin.py:115} INFO - [2022-11-02 16:45:07,526] {dag.py:2968} INFO - Setting next_dagrun for example_trigger_target_dag to None, run_after=None
[2022-11-02 16:45:07,537] {processor.py:161} INFO - Processing /opt/conda/lib/python3.8/site-packages/airflow/example_dags/example_trigger_target_dag.py took 0.074 seconds
[2022-11-02 16:46:21,694] {processor.py:153} INFO - Started process (PID=9719) to work on /opt/conda/lib/python3.8/site-packages/airflow/example_dags/example_trigger_target_dag.py
[2022-11-02 16:46:21,695] {processor.py:641} INFO - Processing file /opt/conda/lib/python3.8/site-packages/airflow/example_dags/example_trigger_target_dag.py for tasks to queue
[2022-11-02 16:46:21,696] {logging_mixin.py:115} INFO - [2022-11-02 16:46:21,696] {dagbag.py:508} INFO - Filling up the DagBag from /opt/conda/lib/python3.8/site-packages/airflow/example_dags/example_trigger_target_dag.py
[2022-11-02 16:46:21,715] {processor.py:651} INFO - DAG(s) dict_keys(['example_trigger_target_dag']) retrieved from /opt/conda/lib/python3.8/site-packages/airflow/example_dags/example_trigger_target_dag.py
[2022-11-02 16:46:21,733] {logging_mixin.py:115} INFO - [2022-11-02 16:46:21,733] {dag.py:2420} INFO - Sync 1 DAGs
[2022-11-02 16:46:21,752] {logging_mixin.py:115} INFO - [2022-11-02 16:46:21,752] {dag.py:2968} INFO - Setting next_dagrun for example_trigger_target_dag to None, run_after=None
[2022-11-02 16:46:21,769] {processor.py:161} INFO - Processing /opt/conda/lib/python3.8/site-packages/airflow/example_dags/example_trigger_target_dag.py took 0.079 seconds
[2022-11-02 16:47:51,816] {processor.py:153} INFO - Started process (PID=9977) to work on /opt/conda/lib/python3.8/site-packages/airflow/example_dags/example_trigger_target_dag.py
[2022-11-02 16:47:51,816] {processor.py:641} INFO - Processing file /opt/conda/lib/python3.8/site-packages/airflow/example_dags/example_trigger_target_dag.py for tasks to queue
[2022-11-02 16:47:51,817] {logging_mixin.py:115} INFO - [2022-11-02 16:47:51,817] {dagbag.py:508} INFO - Filling up the DagBag from /opt/conda/lib/python3.8/site-packages/airflow/example_dags/example_trigger_target_dag.py
[2022-11-02 16:47:51,835] {processor.py:651} INFO - DAG(s) dict_keys(['example_trigger_target_dag']) retrieved from /opt/conda/lib/python3.8/site-packages/airflow/example_dags/example_trigger_target_dag.py
[2022-11-02 16:47:51,853] {logging_mixin.py:115} INFO - [2022-11-02 16:47:51,853] {dag.py:2420} INFO - Sync 1 DAGs
[2022-11-02 16:47:51,873] {logging_mixin.py:115} INFO - [2022-11-02 16:47:51,873] {dag.py:2968} INFO - Setting next_dagrun for example_trigger_target_dag to None, run_after=None
[2022-11-02 16:47:51,884] {processor.py:161} INFO - Processing /opt/conda/lib/python3.8/site-packages/airflow/example_dags/example_trigger_target_dag.py took 0.075 seconds
[2022-11-02 16:48:43,612] {processor.py:153} INFO - Started process (PID=10100) to work on /opt/conda/lib/python3.8/site-packages/airflow/example_dags/example_trigger_target_dag.py
[2022-11-02 16:48:43,613] {processor.py:641} INFO - Processing file /opt/conda/lib/python3.8/site-packages/airflow/example_dags/example_trigger_target_dag.py for tasks to queue
[2022-11-02 16:48:43,613] {logging_mixin.py:115} INFO - [2022-11-02 16:48:43,613] {dagbag.py:508} INFO - Filling up the DagBag from /opt/conda/lib/python3.8/site-packages/airflow/example_dags/example_trigger_target_dag.py
[2022-11-02 16:48:43,631] {processor.py:651} INFO - DAG(s) dict_keys(['example_trigger_target_dag']) retrieved from /opt/conda/lib/python3.8/site-packages/airflow/example_dags/example_trigger_target_dag.py
[2022-11-02 16:48:43,650] {logging_mixin.py:115} INFO - [2022-11-02 16:48:43,650] {dag.py:2420} INFO - Sync 1 DAGs
[2022-11-02 16:48:43,669] {logging_mixin.py:115} INFO - [2022-11-02 16:48:43,669] {dag.py:2968} INFO - Setting next_dagrun for example_trigger_target_dag to None, run_after=None
[2022-11-02 16:48:43,681] {processor.py:161} INFO - Processing /opt/conda/lib/python3.8/site-packages/airflow/example_dags/example_trigger_target_dag.py took 0.075 seconds
[2022-11-02 16:50:15,752] {processor.py:153} INFO - Started process (PID=10379) to work on /opt/conda/lib/python3.8/site-packages/airflow/example_dags/example_trigger_target_dag.py
[2022-11-02 16:50:15,753] {processor.py:641} INFO - Processing file /opt/conda/lib/python3.8/site-packages/airflow/example_dags/example_trigger_target_dag.py for tasks to queue
[2022-11-02 16:50:15,753] {logging_mixin.py:115} INFO - [2022-11-02 16:50:15,753] {dagbag.py:508} INFO - Filling up the DagBag from /opt/conda/lib/python3.8/site-packages/airflow/example_dags/example_trigger_target_dag.py
[2022-11-02 16:50:15,771] {processor.py:651} INFO - DAG(s) dict_keys(['example_trigger_target_dag']) retrieved from /opt/conda/lib/python3.8/site-packages/airflow/example_dags/example_trigger_target_dag.py
[2022-11-02 16:50:15,789] {logging_mixin.py:115} INFO - [2022-11-02 16:50:15,789] {dag.py:2420} INFO - Sync 1 DAGs
[2022-11-02 16:50:15,807] {logging_mixin.py:115} INFO - [2022-11-02 16:50:15,807] {dag.py:2968} INFO - Setting next_dagrun for example_trigger_target_dag to None, run_after=None
[2022-11-02 16:50:15,817] {processor.py:161} INFO - Processing /opt/conda/lib/python3.8/site-packages/airflow/example_dags/example_trigger_target_dag.py took 0.071 seconds
[2022-11-02 16:51:14,749] {processor.py:153} INFO - Started process (PID=10565) to work on /opt/conda/lib/python3.8/site-packages/airflow/example_dags/example_trigger_target_dag.py
[2022-11-02 16:51:14,750] {processor.py:641} INFO - Processing file /opt/conda/lib/python3.8/site-packages/airflow/example_dags/example_trigger_target_dag.py for tasks to queue
[2022-11-02 16:51:14,750] {logging_mixin.py:115} INFO - [2022-11-02 16:51:14,750] {dagbag.py:508} INFO - Filling up the DagBag from /opt/conda/lib/python3.8/site-packages/airflow/example_dags/example_trigger_target_dag.py
[2022-11-02 16:51:14,768] {processor.py:651} INFO - DAG(s) dict_keys(['example_trigger_target_dag']) retrieved from /opt/conda/lib/python3.8/site-packages/airflow/example_dags/example_trigger_target_dag.py
[2022-11-02 16:51:14,786] {logging_mixin.py:115} INFO - [2022-11-02 16:51:14,786] {dag.py:2420} INFO - Sync 1 DAGs
[2022-11-02 16:51:14,805] {logging_mixin.py:115} INFO - [2022-11-02 16:51:14,804] {dag.py:2968} INFO - Setting next_dagrun for example_trigger_target_dag to None, run_after=None
[2022-11-02 16:51:14,815] {processor.py:161} INFO - Processing /opt/conda/lib/python3.8/site-packages/airflow/example_dags/example_trigger_target_dag.py took 0.071 seconds
[2022-11-02 16:52:12,529] {processor.py:153} INFO - Started process (PID=10718) to work on /opt/conda/lib/python3.8/site-packages/airflow/example_dags/example_trigger_target_dag.py
[2022-11-02 16:52:12,530] {processor.py:641} INFO - Processing file /opt/conda/lib/python3.8/site-packages/airflow/example_dags/example_trigger_target_dag.py for tasks to queue
[2022-11-02 16:52:12,530] {logging_mixin.py:115} INFO - [2022-11-02 16:52:12,530] {dagbag.py:508} INFO - Filling up the DagBag from /opt/conda/lib/python3.8/site-packages/airflow/example_dags/example_trigger_target_dag.py
[2022-11-02 16:52:12,547] {processor.py:651} INFO - DAG(s) dict_keys(['example_trigger_target_dag']) retrieved from /opt/conda/lib/python3.8/site-packages/airflow/example_dags/example_trigger_target_dag.py
[2022-11-02 16:52:12,563] {logging_mixin.py:115} INFO - [2022-11-02 16:52:12,563] {dag.py:2420} INFO - Sync 1 DAGs
[2022-11-02 16:52:12,581] {logging_mixin.py:115} INFO - [2022-11-02 16:52:12,581] {dag.py:2968} INFO - Setting next_dagrun for example_trigger_target_dag to None, run_after=None
[2022-11-02 16:52:12,599] {processor.py:161} INFO - Processing /opt/conda/lib/python3.8/site-packages/airflow/example_dags/example_trigger_target_dag.py took 0.074 seconds
[2022-11-02 16:53:13,117] {processor.py:153} INFO - Started process (PID=10896) to work on /opt/conda/lib/python3.8/site-packages/airflow/example_dags/example_trigger_target_dag.py
[2022-11-02 16:53:13,118] {processor.py:641} INFO - Processing file /opt/conda/lib/python3.8/site-packages/airflow/example_dags/example_trigger_target_dag.py for tasks to queue
[2022-11-02 16:53:13,119] {logging_mixin.py:115} INFO - [2022-11-02 16:53:13,119] {dagbag.py:508} INFO - Filling up the DagBag from /opt/conda/lib/python3.8/site-packages/airflow/example_dags/example_trigger_target_dag.py
[2022-11-02 16:53:13,136] {processor.py:651} INFO - DAG(s) dict_keys(['example_trigger_target_dag']) retrieved from /opt/conda/lib/python3.8/site-packages/airflow/example_dags/example_trigger_target_dag.py
[2022-11-02 16:53:13,153] {logging_mixin.py:115} INFO - [2022-11-02 16:53:13,153] {dag.py:2420} INFO - Sync 1 DAGs
[2022-11-02 16:53:13,171] {logging_mixin.py:115} INFO - [2022-11-02 16:53:13,171] {dag.py:2968} INFO - Setting next_dagrun for example_trigger_target_dag to None, run_after=None
[2022-11-02 16:53:13,188] {processor.py:161} INFO - Processing /opt/conda/lib/python3.8/site-packages/airflow/example_dags/example_trigger_target_dag.py took 0.076 seconds
[2022-11-02 16:54:13,264] {processor.py:153} INFO - Started process (PID=11050) to work on /opt/conda/lib/python3.8/site-packages/airflow/example_dags/example_trigger_target_dag.py
[2022-11-02 16:54:13,265] {processor.py:641} INFO - Processing file /opt/conda/lib/python3.8/site-packages/airflow/example_dags/example_trigger_target_dag.py for tasks to queue
[2022-11-02 16:54:13,266] {logging_mixin.py:115} INFO - [2022-11-02 16:54:13,265] {dagbag.py:508} INFO - Filling up the DagBag from /opt/conda/lib/python3.8/site-packages/airflow/example_dags/example_trigger_target_dag.py
[2022-11-02 16:54:13,283] {processor.py:651} INFO - DAG(s) dict_keys(['example_trigger_target_dag']) retrieved from /opt/conda/lib/python3.8/site-packages/airflow/example_dags/example_trigger_target_dag.py
[2022-11-02 16:54:13,300] {logging_mixin.py:115} INFO - [2022-11-02 16:54:13,300] {dag.py:2420} INFO - Sync 1 DAGs
[2022-11-02 16:54:13,318] {logging_mixin.py:115} INFO - [2022-11-02 16:54:13,318] {dag.py:2968} INFO - Setting next_dagrun for example_trigger_target_dag to None, run_after=None
[2022-11-02 16:54:13,329] {processor.py:161} INFO - Processing /opt/conda/lib/python3.8/site-packages/airflow/example_dags/example_trigger_target_dag.py took 0.069 seconds
[2022-11-02 16:55:17,396] {processor.py:153} INFO - Started process (PID=11216) to work on /opt/conda/lib/python3.8/site-packages/airflow/example_dags/example_trigger_target_dag.py
[2022-11-02 16:55:17,397] {processor.py:641} INFO - Processing file /opt/conda/lib/python3.8/site-packages/airflow/example_dags/example_trigger_target_dag.py for tasks to queue
[2022-11-02 16:55:17,398] {logging_mixin.py:115} INFO - [2022-11-02 16:55:17,398] {dagbag.py:508} INFO - Filling up the DagBag from /opt/conda/lib/python3.8/site-packages/airflow/example_dags/example_trigger_target_dag.py
[2022-11-02 16:55:17,416] {processor.py:651} INFO - DAG(s) dict_keys(['example_trigger_target_dag']) retrieved from /opt/conda/lib/python3.8/site-packages/airflow/example_dags/example_trigger_target_dag.py
[2022-11-02 16:55:17,433] {logging_mixin.py:115} INFO - [2022-11-02 16:55:17,433] {dag.py:2420} INFO - Sync 1 DAGs
[2022-11-02 16:55:17,451] {logging_mixin.py:115} INFO - [2022-11-02 16:55:17,451] {dag.py:2968} INFO - Setting next_dagrun for example_trigger_target_dag to None, run_after=None
[2022-11-02 16:55:17,469] {processor.py:161} INFO - Processing /opt/conda/lib/python3.8/site-packages/airflow/example_dags/example_trigger_target_dag.py took 0.079 seconds
[2022-11-02 16:56:23,479] {processor.py:153} INFO - Started process (PID=11380) to work on /opt/conda/lib/python3.8/site-packages/airflow/example_dags/example_trigger_target_dag.py
[2022-11-02 16:56:23,480] {processor.py:641} INFO - Processing file /opt/conda/lib/python3.8/site-packages/airflow/example_dags/example_trigger_target_dag.py for tasks to queue
[2022-11-02 16:56:23,481] {logging_mixin.py:115} INFO - [2022-11-02 16:56:23,481] {dagbag.py:508} INFO - Filling up the DagBag from /opt/conda/lib/python3.8/site-packages/airflow/example_dags/example_trigger_target_dag.py
[2022-11-02 16:56:23,496] {processor.py:651} INFO - DAG(s) dict_keys(['example_trigger_target_dag']) retrieved from /opt/conda/lib/python3.8/site-packages/airflow/example_dags/example_trigger_target_dag.py
[2022-11-02 16:56:23,509] {logging_mixin.py:115} INFO - [2022-11-02 16:56:23,509] {dag.py:2420} INFO - Sync 1 DAGs
[2022-11-02 16:56:23,523] {logging_mixin.py:115} INFO - [2022-11-02 16:56:23,523] {dag.py:2968} INFO - Setting next_dagrun for example_trigger_target_dag to None, run_after=None
[2022-11-02 16:56:23,531] {processor.py:161} INFO - Processing /opt/conda/lib/python3.8/site-packages/airflow/example_dags/example_trigger_target_dag.py took 0.057 seconds
[2022-11-02 16:57:30,559] {processor.py:153} INFO - Started process (PID=11547) to work on /opt/conda/lib/python3.8/site-packages/airflow/example_dags/example_trigger_target_dag.py
[2022-11-02 16:57:30,560] {processor.py:641} INFO - Processing file /opt/conda/lib/python3.8/site-packages/airflow/example_dags/example_trigger_target_dag.py for tasks to queue
[2022-11-02 16:57:30,560] {logging_mixin.py:115} INFO - [2022-11-02 16:57:30,560] {dagbag.py:508} INFO - Filling up the DagBag from /opt/conda/lib/python3.8/site-packages/airflow/example_dags/example_trigger_target_dag.py
[2022-11-02 16:57:30,579] {processor.py:651} INFO - DAG(s) dict_keys(['example_trigger_target_dag']) retrieved from /opt/conda/lib/python3.8/site-packages/airflow/example_dags/example_trigger_target_dag.py
[2022-11-02 16:57:30,598] {logging_mixin.py:115} INFO - [2022-11-02 16:57:30,598] {dag.py:2420} INFO - Sync 1 DAGs
[2022-11-02 16:57:30,618] {logging_mixin.py:115} INFO - [2022-11-02 16:57:30,618] {dag.py:2968} INFO - Setting next_dagrun for example_trigger_target_dag to None, run_after=None
[2022-11-02 16:57:30,636] {processor.py:161} INFO - Processing /opt/conda/lib/python3.8/site-packages/airflow/example_dags/example_trigger_target_dag.py took 0.084 seconds
[2022-11-02 16:58:33,130] {processor.py:153} INFO - Started process (PID=11710) to work on /opt/conda/lib/python3.8/site-packages/airflow/example_dags/example_trigger_target_dag.py
[2022-11-02 16:58:33,131] {processor.py:641} INFO - Processing file /opt/conda/lib/python3.8/site-packages/airflow/example_dags/example_trigger_target_dag.py for tasks to queue
[2022-11-02 16:58:33,131] {logging_mixin.py:115} INFO - [2022-11-02 16:58:33,131] {dagbag.py:508} INFO - Filling up the DagBag from /opt/conda/lib/python3.8/site-packages/airflow/example_dags/example_trigger_target_dag.py
[2022-11-02 16:58:33,149] {processor.py:651} INFO - DAG(s) dict_keys(['example_trigger_target_dag']) retrieved from /opt/conda/lib/python3.8/site-packages/airflow/example_dags/example_trigger_target_dag.py
[2022-11-02 16:58:33,166] {logging_mixin.py:115} INFO - [2022-11-02 16:58:33,166] {dag.py:2420} INFO - Sync 1 DAGs
[2022-11-02 16:58:33,184] {logging_mixin.py:115} INFO - [2022-11-02 16:58:33,184] {dag.py:2968} INFO - Setting next_dagrun for example_trigger_target_dag to None, run_after=None
[2022-11-02 16:58:33,201] {processor.py:161} INFO - Processing /opt/conda/lib/python3.8/site-packages/airflow/example_dags/example_trigger_target_dag.py took 0.078 seconds
[2022-11-02 16:59:38,099] {processor.py:153} INFO - Started process (PID=11875) to work on /opt/conda/lib/python3.8/site-packages/airflow/example_dags/example_trigger_target_dag.py
[2022-11-02 16:59:38,100] {processor.py:641} INFO - Processing file /opt/conda/lib/python3.8/site-packages/airflow/example_dags/example_trigger_target_dag.py for tasks to queue
[2022-11-02 16:59:38,101] {logging_mixin.py:115} INFO - [2022-11-02 16:59:38,101] {dagbag.py:508} INFO - Filling up the DagBag from /opt/conda/lib/python3.8/site-packages/airflow/example_dags/example_trigger_target_dag.py
[2022-11-02 16:59:38,118] {processor.py:651} INFO - DAG(s) dict_keys(['example_trigger_target_dag']) retrieved from /opt/conda/lib/python3.8/site-packages/airflow/example_dags/example_trigger_target_dag.py
[2022-11-02 16:59:38,135] {logging_mixin.py:115} INFO - [2022-11-02 16:59:38,135] {dag.py:2420} INFO - Sync 1 DAGs
[2022-11-02 16:59:38,153] {logging_mixin.py:115} INFO - [2022-11-02 16:59:38,153] {dag.py:2968} INFO - Setting next_dagrun for example_trigger_target_dag to None, run_after=None
[2022-11-02 16:59:38,164] {processor.py:161} INFO - Processing /opt/conda/lib/python3.8/site-packages/airflow/example_dags/example_trigger_target_dag.py took 0.071 seconds
[2022-11-02 17:00:52,113] {processor.py:153} INFO - Started process (PID=12079) to work on /opt/conda/lib/python3.8/site-packages/airflow/example_dags/example_trigger_target_dag.py
[2022-11-02 17:00:52,114] {processor.py:641} INFO - Processing file /opt/conda/lib/python3.8/site-packages/airflow/example_dags/example_trigger_target_dag.py for tasks to queue
[2022-11-02 17:00:52,115] {logging_mixin.py:115} INFO - [2022-11-02 17:00:52,114] {dagbag.py:508} INFO - Filling up the DagBag from /opt/conda/lib/python3.8/site-packages/airflow/example_dags/example_trigger_target_dag.py
[2022-11-02 17:00:52,132] {processor.py:651} INFO - DAG(s) dict_keys(['example_trigger_target_dag']) retrieved from /opt/conda/lib/python3.8/site-packages/airflow/example_dags/example_trigger_target_dag.py
[2022-11-02 17:00:52,149] {logging_mixin.py:115} INFO - [2022-11-02 17:00:52,149] {dag.py:2420} INFO - Sync 1 DAGs
[2022-11-02 17:00:52,167] {logging_mixin.py:115} INFO - [2022-11-02 17:00:52,167] {dag.py:2968} INFO - Setting next_dagrun for example_trigger_target_dag to None, run_after=None
[2022-11-02 17:00:52,177] {processor.py:161} INFO - Processing /opt/conda/lib/python3.8/site-packages/airflow/example_dags/example_trigger_target_dag.py took 0.071 seconds
[2022-11-02 17:01:55,296] {processor.py:153} INFO - Started process (PID=12243) to work on /opt/conda/lib/python3.8/site-packages/airflow/example_dags/example_trigger_target_dag.py
[2022-11-02 17:01:55,297] {processor.py:641} INFO - Processing file /opt/conda/lib/python3.8/site-packages/airflow/example_dags/example_trigger_target_dag.py for tasks to queue
[2022-11-02 17:01:55,297] {logging_mixin.py:115} INFO - [2022-11-02 17:01:55,297] {dagbag.py:508} INFO - Filling up the DagBag from /opt/conda/lib/python3.8/site-packages/airflow/example_dags/example_trigger_target_dag.py
[2022-11-02 17:01:55,315] {processor.py:651} INFO - DAG(s) dict_keys(['example_trigger_target_dag']) retrieved from /opt/conda/lib/python3.8/site-packages/airflow/example_dags/example_trigger_target_dag.py
[2022-11-02 17:01:55,332] {logging_mixin.py:115} INFO - [2022-11-02 17:01:55,332] {dag.py:2420} INFO - Sync 1 DAGs
[2022-11-02 17:01:55,350] {logging_mixin.py:115} INFO - [2022-11-02 17:01:55,350] {dag.py:2968} INFO - Setting next_dagrun for example_trigger_target_dag to None, run_after=None
[2022-11-02 17:01:55,361] {processor.py:161} INFO - Processing /opt/conda/lib/python3.8/site-packages/airflow/example_dags/example_trigger_target_dag.py took 0.070 seconds
[2022-11-02 17:02:58,870] {processor.py:153} INFO - Started process (PID=12407) to work on /opt/conda/lib/python3.8/site-packages/airflow/example_dags/example_trigger_target_dag.py
[2022-11-02 17:02:58,871] {processor.py:641} INFO - Processing file /opt/conda/lib/python3.8/site-packages/airflow/example_dags/example_trigger_target_dag.py for tasks to queue
[2022-11-02 17:02:58,872] {logging_mixin.py:115} INFO - [2022-11-02 17:02:58,872] {dagbag.py:508} INFO - Filling up the DagBag from /opt/conda/lib/python3.8/site-packages/airflow/example_dags/example_trigger_target_dag.py
[2022-11-02 17:02:58,889] {processor.py:651} INFO - DAG(s) dict_keys(['example_trigger_target_dag']) retrieved from /opt/conda/lib/python3.8/site-packages/airflow/example_dags/example_trigger_target_dag.py
[2022-11-02 17:02:58,907] {logging_mixin.py:115} INFO - [2022-11-02 17:02:58,907] {dag.py:2420} INFO - Sync 1 DAGs
[2022-11-02 17:02:58,925] {logging_mixin.py:115} INFO - [2022-11-02 17:02:58,925] {dag.py:2968} INFO - Setting next_dagrun for example_trigger_target_dag to None, run_after=None
[2022-11-02 17:02:58,935] {processor.py:161} INFO - Processing /opt/conda/lib/python3.8/site-packages/airflow/example_dags/example_trigger_target_dag.py took 0.072 seconds
[2022-11-02 17:03:58,140] {processor.py:153} INFO - Started process (PID=12569) to work on /opt/conda/lib/python3.8/site-packages/airflow/example_dags/example_trigger_target_dag.py
[2022-11-02 17:03:58,141] {processor.py:641} INFO - Processing file /opt/conda/lib/python3.8/site-packages/airflow/example_dags/example_trigger_target_dag.py for tasks to queue
[2022-11-02 17:03:58,142] {logging_mixin.py:115} INFO - [2022-11-02 17:03:58,142] {dagbag.py:508} INFO - Filling up the DagBag from /opt/conda/lib/python3.8/site-packages/airflow/example_dags/example_trigger_target_dag.py
[2022-11-02 17:03:58,159] {processor.py:651} INFO - DAG(s) dict_keys(['example_trigger_target_dag']) retrieved from /opt/conda/lib/python3.8/site-packages/airflow/example_dags/example_trigger_target_dag.py
[2022-11-02 17:03:58,177] {logging_mixin.py:115} INFO - [2022-11-02 17:03:58,177] {dag.py:2420} INFO - Sync 1 DAGs
[2022-11-02 17:03:58,195] {logging_mixin.py:115} INFO - [2022-11-02 17:03:58,195] {dag.py:2968} INFO - Setting next_dagrun for example_trigger_target_dag to None, run_after=None
[2022-11-02 17:03:58,210] {processor.py:161} INFO - Processing /opt/conda/lib/python3.8/site-packages/airflow/example_dags/example_trigger_target_dag.py took 0.077 seconds
[2022-11-02 17:05:03,606] {processor.py:153} INFO - Started process (PID=12734) to work on /opt/conda/lib/python3.8/site-packages/airflow/example_dags/example_trigger_target_dag.py
[2022-11-02 17:05:03,607] {processor.py:641} INFO - Processing file /opt/conda/lib/python3.8/site-packages/airflow/example_dags/example_trigger_target_dag.py for tasks to queue
[2022-11-02 17:05:03,608] {logging_mixin.py:115} INFO - [2022-11-02 17:05:03,608] {dagbag.py:508} INFO - Filling up the DagBag from /opt/conda/lib/python3.8/site-packages/airflow/example_dags/example_trigger_target_dag.py
[2022-11-02 17:05:03,625] {processor.py:651} INFO - DAG(s) dict_keys(['example_trigger_target_dag']) retrieved from /opt/conda/lib/python3.8/site-packages/airflow/example_dags/example_trigger_target_dag.py
[2022-11-02 17:05:03,643] {logging_mixin.py:115} INFO - [2022-11-02 17:05:03,643] {dag.py:2420} INFO - Sync 1 DAGs
[2022-11-02 17:05:03,661] {logging_mixin.py:115} INFO - [2022-11-02 17:05:03,661] {dag.py:2968} INFO - Setting next_dagrun for example_trigger_target_dag to None, run_after=None
[2022-11-02 17:05:03,678] {processor.py:161} INFO - Processing /opt/conda/lib/python3.8/site-packages/airflow/example_dags/example_trigger_target_dag.py took 0.078 seconds
[2022-11-02 17:06:11,530] {processor.py:153} INFO - Started process (PID=12902) to work on /opt/conda/lib/python3.8/site-packages/airflow/example_dags/example_trigger_target_dag.py
[2022-11-02 17:06:11,532] {processor.py:641} INFO - Processing file /opt/conda/lib/python3.8/site-packages/airflow/example_dags/example_trigger_target_dag.py for tasks to queue
[2022-11-02 17:06:11,533] {logging_mixin.py:115} INFO - [2022-11-02 17:06:11,532] {dagbag.py:508} INFO - Filling up the DagBag from /opt/conda/lib/python3.8/site-packages/airflow/example_dags/example_trigger_target_dag.py
[2022-11-02 17:06:11,551] {processor.py:651} INFO - DAG(s) dict_keys(['example_trigger_target_dag']) retrieved from /opt/conda/lib/python3.8/site-packages/airflow/example_dags/example_trigger_target_dag.py
[2022-11-02 17:06:11,569] {logging_mixin.py:115} INFO - [2022-11-02 17:06:11,569] {dag.py:2420} INFO - Sync 1 DAGs
[2022-11-02 17:06:11,587] {logging_mixin.py:115} INFO - [2022-11-02 17:06:11,587] {dag.py:2968} INFO - Setting next_dagrun for example_trigger_target_dag to None, run_after=None
[2022-11-02 17:06:11,598] {processor.py:161} INFO - Processing /opt/conda/lib/python3.8/site-packages/airflow/example_dags/example_trigger_target_dag.py took 0.073 seconds
[2022-11-02 17:07:14,392] {processor.py:153} INFO - Started process (PID=13065) to work on /opt/conda/lib/python3.8/site-packages/airflow/example_dags/example_trigger_target_dag.py
[2022-11-02 17:07:14,393] {processor.py:641} INFO - Processing file /opt/conda/lib/python3.8/site-packages/airflow/example_dags/example_trigger_target_dag.py for tasks to queue
[2022-11-02 17:07:14,393] {logging_mixin.py:115} INFO - [2022-11-02 17:07:14,393] {dagbag.py:508} INFO - Filling up the DagBag from /opt/conda/lib/python3.8/site-packages/airflow/example_dags/example_trigger_target_dag.py
[2022-11-02 17:07:14,412] {processor.py:651} INFO - DAG(s) dict_keys(['example_trigger_target_dag']) retrieved from /opt/conda/lib/python3.8/site-packages/airflow/example_dags/example_trigger_target_dag.py
[2022-11-02 17:07:14,432] {logging_mixin.py:115} INFO - [2022-11-02 17:07:14,432] {dag.py:2420} INFO - Sync 1 DAGs
[2022-11-02 17:07:14,452] {logging_mixin.py:115} INFO - [2022-11-02 17:07:14,451] {dag.py:2968} INFO - Setting next_dagrun for example_trigger_target_dag to None, run_after=None
[2022-11-02 17:07:14,463] {processor.py:161} INFO - Processing /opt/conda/lib/python3.8/site-packages/airflow/example_dags/example_trigger_target_dag.py took 0.078 seconds
[2022-11-02 17:08:19,478] {processor.py:153} INFO - Started process (PID=13231) to work on /opt/conda/lib/python3.8/site-packages/airflow/example_dags/example_trigger_target_dag.py
[2022-11-02 17:08:19,479] {processor.py:641} INFO - Processing file /opt/conda/lib/python3.8/site-packages/airflow/example_dags/example_trigger_target_dag.py for tasks to queue
[2022-11-02 17:08:19,480] {logging_mixin.py:115} INFO - [2022-11-02 17:08:19,480] {dagbag.py:508} INFO - Filling up the DagBag from /opt/conda/lib/python3.8/site-packages/airflow/example_dags/example_trigger_target_dag.py
[2022-11-02 17:08:19,497] {processor.py:651} INFO - DAG(s) dict_keys(['example_trigger_target_dag']) retrieved from /opt/conda/lib/python3.8/site-packages/airflow/example_dags/example_trigger_target_dag.py
[2022-11-02 17:08:19,515] {logging_mixin.py:115} INFO - [2022-11-02 17:08:19,515] {dag.py:2420} INFO - Sync 1 DAGs
[2022-11-02 17:08:19,533] {logging_mixin.py:115} INFO - [2022-11-02 17:08:19,533] {dag.py:2968} INFO - Setting next_dagrun for example_trigger_target_dag to None, run_after=None
[2022-11-02 17:08:19,550] {processor.py:161} INFO - Processing /opt/conda/lib/python3.8/site-packages/airflow/example_dags/example_trigger_target_dag.py took 0.078 seconds
[2022-11-02 17:09:21,208] {processor.py:153} INFO - Started process (PID=13395) to work on /opt/conda/lib/python3.8/site-packages/airflow/example_dags/example_trigger_target_dag.py
[2022-11-02 17:09:21,209] {processor.py:641} INFO - Processing file /opt/conda/lib/python3.8/site-packages/airflow/example_dags/example_trigger_target_dag.py for tasks to queue
[2022-11-02 17:09:21,209] {logging_mixin.py:115} INFO - [2022-11-02 17:09:21,209] {dagbag.py:508} INFO - Filling up the DagBag from /opt/conda/lib/python3.8/site-packages/airflow/example_dags/example_trigger_target_dag.py
[2022-11-02 17:09:21,227] {processor.py:651} INFO - DAG(s) dict_keys(['example_trigger_target_dag']) retrieved from /opt/conda/lib/python3.8/site-packages/airflow/example_dags/example_trigger_target_dag.py
[2022-11-02 17:09:21,244] {logging_mixin.py:115} INFO - [2022-11-02 17:09:21,244] {dag.py:2420} INFO - Sync 1 DAGs
[2022-11-02 17:09:21,262] {logging_mixin.py:115} INFO - [2022-11-02 17:09:21,262] {dag.py:2968} INFO - Setting next_dagrun for example_trigger_target_dag to None, run_after=None
[2022-11-02 17:09:21,279] {processor.py:161} INFO - Processing /opt/conda/lib/python3.8/site-packages/airflow/example_dags/example_trigger_target_dag.py took 0.076 seconds
[2022-11-02 17:10:21,678] {processor.py:153} INFO - Started process (PID=13558) to work on /opt/conda/lib/python3.8/site-packages/airflow/example_dags/example_trigger_target_dag.py
[2022-11-02 17:10:21,679] {processor.py:641} INFO - Processing file /opt/conda/lib/python3.8/site-packages/airflow/example_dags/example_trigger_target_dag.py for tasks to queue
[2022-11-02 17:10:21,680] {logging_mixin.py:115} INFO - [2022-11-02 17:10:21,680] {dagbag.py:508} INFO - Filling up the DagBag from /opt/conda/lib/python3.8/site-packages/airflow/example_dags/example_trigger_target_dag.py
[2022-11-02 17:10:21,699] {processor.py:651} INFO - DAG(s) dict_keys(['example_trigger_target_dag']) retrieved from /opt/conda/lib/python3.8/site-packages/airflow/example_dags/example_trigger_target_dag.py
[2022-11-02 17:10:21,716] {logging_mixin.py:115} INFO - [2022-11-02 17:10:21,716] {dag.py:2420} INFO - Sync 1 DAGs
[2022-11-02 17:10:21,734] {logging_mixin.py:115} INFO - [2022-11-02 17:10:21,734] {dag.py:2968} INFO - Setting next_dagrun for example_trigger_target_dag to None, run_after=None
[2022-11-02 17:10:21,751] {processor.py:161} INFO - Processing /opt/conda/lib/python3.8/site-packages/airflow/example_dags/example_trigger_target_dag.py took 0.077 seconds
[2022-11-02 17:11:27,307] {processor.py:153} INFO - Started process (PID=13722) to work on /opt/conda/lib/python3.8/site-packages/airflow/example_dags/example_trigger_target_dag.py
[2022-11-02 17:11:27,308] {processor.py:641} INFO - Processing file /opt/conda/lib/python3.8/site-packages/airflow/example_dags/example_trigger_target_dag.py for tasks to queue
[2022-11-02 17:11:27,308] {logging_mixin.py:115} INFO - [2022-11-02 17:11:27,308] {dagbag.py:508} INFO - Filling up the DagBag from /opt/conda/lib/python3.8/site-packages/airflow/example_dags/example_trigger_target_dag.py
[2022-11-02 17:11:27,326] {processor.py:651} INFO - DAG(s) dict_keys(['example_trigger_target_dag']) retrieved from /opt/conda/lib/python3.8/site-packages/airflow/example_dags/example_trigger_target_dag.py
[2022-11-02 17:11:27,343] {logging_mixin.py:115} INFO - [2022-11-02 17:11:27,343] {dag.py:2420} INFO - Sync 1 DAGs
[2022-11-02 17:11:27,361] {logging_mixin.py:115} INFO - [2022-11-02 17:11:27,361] {dag.py:2968} INFO - Setting next_dagrun for example_trigger_target_dag to None, run_after=None
[2022-11-02 17:11:27,372] {processor.py:161} INFO - Processing /opt/conda/lib/python3.8/site-packages/airflow/example_dags/example_trigger_target_dag.py took 0.071 seconds
[2022-11-02 17:12:29,219] {processor.py:153} INFO - Started process (PID=13886) to work on /opt/conda/lib/python3.8/site-packages/airflow/example_dags/example_trigger_target_dag.py
[2022-11-02 17:12:29,219] {processor.py:641} INFO - Processing file /opt/conda/lib/python3.8/site-packages/airflow/example_dags/example_trigger_target_dag.py for tasks to queue
[2022-11-02 17:12:29,220] {logging_mixin.py:115} INFO - [2022-11-02 17:12:29,220] {dagbag.py:508} INFO - Filling up the DagBag from /opt/conda/lib/python3.8/site-packages/airflow/example_dags/example_trigger_target_dag.py
[2022-11-02 17:12:29,237] {processor.py:651} INFO - DAG(s) dict_keys(['example_trigger_target_dag']) retrieved from /opt/conda/lib/python3.8/site-packages/airflow/example_dags/example_trigger_target_dag.py
[2022-11-02 17:12:29,255] {logging_mixin.py:115} INFO - [2022-11-02 17:12:29,255] {dag.py:2420} INFO - Sync 1 DAGs
[2022-11-02 17:12:29,274] {logging_mixin.py:115} INFO - [2022-11-02 17:12:29,274] {dag.py:2968} INFO - Setting next_dagrun for example_trigger_target_dag to None, run_after=None
[2022-11-02 17:12:29,292] {processor.py:161} INFO - Processing /opt/conda/lib/python3.8/site-packages/airflow/example_dags/example_trigger_target_dag.py took 0.080 seconds
[2022-11-02 17:13:27,812] {processor.py:153} INFO - Started process (PID=14046) to work on /opt/conda/lib/python3.8/site-packages/airflow/example_dags/example_trigger_target_dag.py
[2022-11-02 17:13:27,812] {processor.py:641} INFO - Processing file /opt/conda/lib/python3.8/site-packages/airflow/example_dags/example_trigger_target_dag.py for tasks to queue
[2022-11-02 17:13:27,813] {logging_mixin.py:115} INFO - [2022-11-02 17:13:27,813] {dagbag.py:508} INFO - Filling up the DagBag from /opt/conda/lib/python3.8/site-packages/airflow/example_dags/example_trigger_target_dag.py
[2022-11-02 17:13:27,830] {processor.py:651} INFO - DAG(s) dict_keys(['example_trigger_target_dag']) retrieved from /opt/conda/lib/python3.8/site-packages/airflow/example_dags/example_trigger_target_dag.py
[2022-11-02 17:13:27,847] {logging_mixin.py:115} INFO - [2022-11-02 17:13:27,847] {dag.py:2420} INFO - Sync 1 DAGs
[2022-11-02 17:13:27,865] {logging_mixin.py:115} INFO - [2022-11-02 17:13:27,865] {dag.py:2968} INFO - Setting next_dagrun for example_trigger_target_dag to None, run_after=None
[2022-11-02 17:13:27,876] {processor.py:161} INFO - Processing /opt/conda/lib/python3.8/site-packages/airflow/example_dags/example_trigger_target_dag.py took 0.070 seconds
[2022-11-02 17:14:28,708] {processor.py:153} INFO - Started process (PID=14210) to work on /opt/conda/lib/python3.8/site-packages/airflow/example_dags/example_trigger_target_dag.py
[2022-11-02 17:14:28,709] {processor.py:641} INFO - Processing file /opt/conda/lib/python3.8/site-packages/airflow/example_dags/example_trigger_target_dag.py for tasks to queue
[2022-11-02 17:14:28,710] {logging_mixin.py:115} INFO - [2022-11-02 17:14:28,709] {dagbag.py:508} INFO - Filling up the DagBag from /opt/conda/lib/python3.8/site-packages/airflow/example_dags/example_trigger_target_dag.py
[2022-11-02 17:14:28,728] {processor.py:651} INFO - DAG(s) dict_keys(['example_trigger_target_dag']) retrieved from /opt/conda/lib/python3.8/site-packages/airflow/example_dags/example_trigger_target_dag.py
[2022-11-02 17:14:28,745] {logging_mixin.py:115} INFO - [2022-11-02 17:14:28,745] {dag.py:2420} INFO - Sync 1 DAGs
[2022-11-02 17:14:28,763] {logging_mixin.py:115} INFO - [2022-11-02 17:14:28,763] {dag.py:2968} INFO - Setting next_dagrun for example_trigger_target_dag to None, run_after=None
[2022-11-02 17:14:28,773] {processor.py:161} INFO - Processing /opt/conda/lib/python3.8/site-packages/airflow/example_dags/example_trigger_target_dag.py took 0.071 seconds
[2022-11-02 17:15:31,894] {processor.py:153} INFO - Started process (PID=14373) to work on /opt/conda/lib/python3.8/site-packages/airflow/example_dags/example_trigger_target_dag.py
[2022-11-02 17:15:31,895] {processor.py:641} INFO - Processing file /opt/conda/lib/python3.8/site-packages/airflow/example_dags/example_trigger_target_dag.py for tasks to queue
[2022-11-02 17:15:31,896] {logging_mixin.py:115} INFO - [2022-11-02 17:15:31,896] {dagbag.py:508} INFO - Filling up the DagBag from /opt/conda/lib/python3.8/site-packages/airflow/example_dags/example_trigger_target_dag.py
[2022-11-02 17:15:31,913] {processor.py:651} INFO - DAG(s) dict_keys(['example_trigger_target_dag']) retrieved from /opt/conda/lib/python3.8/site-packages/airflow/example_dags/example_trigger_target_dag.py
[2022-11-02 17:15:31,930] {logging_mixin.py:115} INFO - [2022-11-02 17:15:31,930] {dag.py:2420} INFO - Sync 1 DAGs
[2022-11-02 17:15:31,948] {logging_mixin.py:115} INFO - [2022-11-02 17:15:31,948] {dag.py:2968} INFO - Setting next_dagrun for example_trigger_target_dag to None, run_after=None
[2022-11-02 17:15:31,959] {processor.py:161} INFO - Processing /opt/conda/lib/python3.8/site-packages/airflow/example_dags/example_trigger_target_dag.py took 0.071 seconds
[2022-11-02 17:16:31,060] {processor.py:153} INFO - Started process (PID=14536) to work on /opt/conda/lib/python3.8/site-packages/airflow/example_dags/example_trigger_target_dag.py
[2022-11-02 17:16:31,061] {processor.py:641} INFO - Processing file /opt/conda/lib/python3.8/site-packages/airflow/example_dags/example_trigger_target_dag.py for tasks to queue
[2022-11-02 17:16:31,061] {logging_mixin.py:115} INFO - [2022-11-02 17:16:31,061] {dagbag.py:508} INFO - Filling up the DagBag from /opt/conda/lib/python3.8/site-packages/airflow/example_dags/example_trigger_target_dag.py
[2022-11-02 17:16:31,079] {processor.py:651} INFO - DAG(s) dict_keys(['example_trigger_target_dag']) retrieved from /opt/conda/lib/python3.8/site-packages/airflow/example_dags/example_trigger_target_dag.py
[2022-11-02 17:16:31,097] {logging_mixin.py:115} INFO - [2022-11-02 17:16:31,097] {dag.py:2420} INFO - Sync 1 DAGs
[2022-11-02 17:16:31,115] {logging_mixin.py:115} INFO - [2022-11-02 17:16:31,115] {dag.py:2968} INFO - Setting next_dagrun for example_trigger_target_dag to None, run_after=None
[2022-11-02 17:16:31,132] {processor.py:161} INFO - Processing /opt/conda/lib/python3.8/site-packages/airflow/example_dags/example_trigger_target_dag.py took 0.077 seconds
[2022-11-02 17:17:20,648] {processor.py:153} INFO - Started process (PID=14672) to work on /opt/conda/lib/python3.8/site-packages/airflow/example_dags/example_trigger_target_dag.py
[2022-11-02 17:17:20,649] {processor.py:641} INFO - Processing file /opt/conda/lib/python3.8/site-packages/airflow/example_dags/example_trigger_target_dag.py for tasks to queue
[2022-11-02 17:17:20,649] {logging_mixin.py:115} INFO - [2022-11-02 17:17:20,649] {dagbag.py:508} INFO - Filling up the DagBag from /opt/conda/lib/python3.8/site-packages/airflow/example_dags/example_trigger_target_dag.py
[2022-11-02 17:17:20,666] {processor.py:651} INFO - DAG(s) dict_keys(['example_trigger_target_dag']) retrieved from /opt/conda/lib/python3.8/site-packages/airflow/example_dags/example_trigger_target_dag.py
[2022-11-02 17:17:20,684] {logging_mixin.py:115} INFO - [2022-11-02 17:17:20,684] {dag.py:2420} INFO - Sync 1 DAGs
[2022-11-02 17:17:20,702] {logging_mixin.py:115} INFO - [2022-11-02 17:17:20,702] {dag.py:2968} INFO - Setting next_dagrun for example_trigger_target_dag to None, run_after=None
[2022-11-02 17:17:20,713] {processor.py:161} INFO - Processing /opt/conda/lib/python3.8/site-packages/airflow/example_dags/example_trigger_target_dag.py took 0.070 seconds
[2022-11-02 17:18:11,140] {processor.py:153} INFO - Started process (PID=14805) to work on /opt/conda/lib/python3.8/site-packages/airflow/example_dags/example_trigger_target_dag.py
[2022-11-02 17:18:11,141] {processor.py:641} INFO - Processing file /opt/conda/lib/python3.8/site-packages/airflow/example_dags/example_trigger_target_dag.py for tasks to queue
[2022-11-02 17:18:11,141] {logging_mixin.py:115} INFO - [2022-11-02 17:18:11,141] {dagbag.py:508} INFO - Filling up the DagBag from /opt/conda/lib/python3.8/site-packages/airflow/example_dags/example_trigger_target_dag.py
[2022-11-02 17:18:11,159] {processor.py:651} INFO - DAG(s) dict_keys(['example_trigger_target_dag']) retrieved from /opt/conda/lib/python3.8/site-packages/airflow/example_dags/example_trigger_target_dag.py
[2022-11-02 17:18:11,177] {logging_mixin.py:115} INFO - [2022-11-02 17:18:11,177] {dag.py:2420} INFO - Sync 1 DAGs
[2022-11-02 17:18:11,195] {logging_mixin.py:115} INFO - [2022-11-02 17:18:11,195] {dag.py:2968} INFO - Setting next_dagrun for example_trigger_target_dag to None, run_after=None
[2022-11-02 17:18:11,213] {processor.py:161} INFO - Processing /opt/conda/lib/python3.8/site-packages/airflow/example_dags/example_trigger_target_dag.py took 0.079 seconds
[2022-11-02 17:19:13,245] {processor.py:153} INFO - Started process (PID=14967) to work on /opt/conda/lib/python3.8/site-packages/airflow/example_dags/example_trigger_target_dag.py
[2022-11-02 17:19:13,246] {processor.py:641} INFO - Processing file /opt/conda/lib/python3.8/site-packages/airflow/example_dags/example_trigger_target_dag.py for tasks to queue
[2022-11-02 17:19:13,247] {logging_mixin.py:115} INFO - [2022-11-02 17:19:13,247] {dagbag.py:508} INFO - Filling up the DagBag from /opt/conda/lib/python3.8/site-packages/airflow/example_dags/example_trigger_target_dag.py
[2022-11-02 17:19:13,264] {processor.py:651} INFO - DAG(s) dict_keys(['example_trigger_target_dag']) retrieved from /opt/conda/lib/python3.8/site-packages/airflow/example_dags/example_trigger_target_dag.py
[2022-11-02 17:19:13,282] {logging_mixin.py:115} INFO - [2022-11-02 17:19:13,282] {dag.py:2420} INFO - Sync 1 DAGs
[2022-11-02 17:19:13,301] {logging_mixin.py:115} INFO - [2022-11-02 17:19:13,301] {dag.py:2968} INFO - Setting next_dagrun for example_trigger_target_dag to None, run_after=None
[2022-11-02 17:19:13,312] {processor.py:161} INFO - Processing /opt/conda/lib/python3.8/site-packages/airflow/example_dags/example_trigger_target_dag.py took 0.073 seconds
[2022-11-02 17:20:12,785] {processor.py:153} INFO - Started process (PID=15129) to work on /opt/conda/lib/python3.8/site-packages/airflow/example_dags/example_trigger_target_dag.py
[2022-11-02 17:20:12,786] {processor.py:641} INFO - Processing file /opt/conda/lib/python3.8/site-packages/airflow/example_dags/example_trigger_target_dag.py for tasks to queue
[2022-11-02 17:20:12,787] {logging_mixin.py:115} INFO - [2022-11-02 17:20:12,787] {dagbag.py:508} INFO - Filling up the DagBag from /opt/conda/lib/python3.8/site-packages/airflow/example_dags/example_trigger_target_dag.py
[2022-11-02 17:20:12,804] {processor.py:651} INFO - DAG(s) dict_keys(['example_trigger_target_dag']) retrieved from /opt/conda/lib/python3.8/site-packages/airflow/example_dags/example_trigger_target_dag.py
[2022-11-02 17:20:12,821] {logging_mixin.py:115} INFO - [2022-11-02 17:20:12,821] {dag.py:2420} INFO - Sync 1 DAGs
[2022-11-02 17:20:12,839] {logging_mixin.py:115} INFO - [2022-11-02 17:20:12,839] {dag.py:2968} INFO - Setting next_dagrun for example_trigger_target_dag to None, run_after=None
[2022-11-02 17:20:12,850] {processor.py:161} INFO - Processing /opt/conda/lib/python3.8/site-packages/airflow/example_dags/example_trigger_target_dag.py took 0.071 seconds
[2022-11-02 17:21:17,238] {processor.py:153} INFO - Started process (PID=15294) to work on /opt/conda/lib/python3.8/site-packages/airflow/example_dags/example_trigger_target_dag.py
[2022-11-02 17:21:17,239] {processor.py:641} INFO - Processing file /opt/conda/lib/python3.8/site-packages/airflow/example_dags/example_trigger_target_dag.py for tasks to queue
[2022-11-02 17:21:17,240] {logging_mixin.py:115} INFO - [2022-11-02 17:21:17,239] {dagbag.py:508} INFO - Filling up the DagBag from /opt/conda/lib/python3.8/site-packages/airflow/example_dags/example_trigger_target_dag.py
[2022-11-02 17:21:17,257] {processor.py:651} INFO - DAG(s) dict_keys(['example_trigger_target_dag']) retrieved from /opt/conda/lib/python3.8/site-packages/airflow/example_dags/example_trigger_target_dag.py
[2022-11-02 17:21:17,275] {logging_mixin.py:115} INFO - [2022-11-02 17:21:17,274] {dag.py:2420} INFO - Sync 1 DAGs
[2022-11-02 17:21:17,292] {logging_mixin.py:115} INFO - [2022-11-02 17:21:17,292] {dag.py:2968} INFO - Setting next_dagrun for example_trigger_target_dag to None, run_after=None
[2022-11-02 17:21:17,303] {processor.py:161} INFO - Processing /opt/conda/lib/python3.8/site-packages/airflow/example_dags/example_trigger_target_dag.py took 0.072 seconds
[2022-11-02 17:22:15,725] {processor.py:153} INFO - Started process (PID=15456) to work on /opt/conda/lib/python3.8/site-packages/airflow/example_dags/example_trigger_target_dag.py
[2022-11-02 17:22:15,726] {processor.py:641} INFO - Processing file /opt/conda/lib/python3.8/site-packages/airflow/example_dags/example_trigger_target_dag.py for tasks to queue
[2022-11-02 17:22:15,727] {logging_mixin.py:115} INFO - [2022-11-02 17:22:15,727] {dagbag.py:508} INFO - Filling up the DagBag from /opt/conda/lib/python3.8/site-packages/airflow/example_dags/example_trigger_target_dag.py
[2022-11-02 17:22:15,744] {processor.py:651} INFO - DAG(s) dict_keys(['example_trigger_target_dag']) retrieved from /opt/conda/lib/python3.8/site-packages/airflow/example_dags/example_trigger_target_dag.py
[2022-11-02 17:22:15,762] {logging_mixin.py:115} INFO - [2022-11-02 17:22:15,762] {dag.py:2420} INFO - Sync 1 DAGs
[2022-11-02 17:22:15,780] {logging_mixin.py:115} INFO - [2022-11-02 17:22:15,780] {dag.py:2968} INFO - Setting next_dagrun for example_trigger_target_dag to None, run_after=None
[2022-11-02 17:22:15,791] {processor.py:161} INFO - Processing /opt/conda/lib/python3.8/site-packages/airflow/example_dags/example_trigger_target_dag.py took 0.072 seconds
[2022-11-02 17:23:17,266] {processor.py:153} INFO - Started process (PID=15618) to work on /opt/conda/lib/python3.8/site-packages/airflow/example_dags/example_trigger_target_dag.py
[2022-11-02 17:23:17,267] {processor.py:641} INFO - Processing file /opt/conda/lib/python3.8/site-packages/airflow/example_dags/example_trigger_target_dag.py for tasks to queue
[2022-11-02 17:23:17,268] {logging_mixin.py:115} INFO - [2022-11-02 17:23:17,267] {dagbag.py:508} INFO - Filling up the DagBag from /opt/conda/lib/python3.8/site-packages/airflow/example_dags/example_trigger_target_dag.py
[2022-11-02 17:23:17,285] {processor.py:651} INFO - DAG(s) dict_keys(['example_trigger_target_dag']) retrieved from /opt/conda/lib/python3.8/site-packages/airflow/example_dags/example_trigger_target_dag.py
[2022-11-02 17:23:17,302] {logging_mixin.py:115} INFO - [2022-11-02 17:23:17,302] {dag.py:2420} INFO - Sync 1 DAGs
[2022-11-02 17:23:17,320] {logging_mixin.py:115} INFO - [2022-11-02 17:23:17,320] {dag.py:2968} INFO - Setting next_dagrun for example_trigger_target_dag to None, run_after=None
[2022-11-02 17:23:17,338] {processor.py:161} INFO - Processing /opt/conda/lib/python3.8/site-packages/airflow/example_dags/example_trigger_target_dag.py took 0.079 seconds
[2022-11-02 17:24:18,100] {processor.py:153} INFO - Started process (PID=15781) to work on /opt/conda/lib/python3.8/site-packages/airflow/example_dags/example_trigger_target_dag.py
[2022-11-02 17:24:18,101] {processor.py:641} INFO - Processing file /opt/conda/lib/python3.8/site-packages/airflow/example_dags/example_trigger_target_dag.py for tasks to queue
[2022-11-02 17:24:18,101] {logging_mixin.py:115} INFO - [2022-11-02 17:24:18,101] {dagbag.py:508} INFO - Filling up the DagBag from /opt/conda/lib/python3.8/site-packages/airflow/example_dags/example_trigger_target_dag.py
[2022-11-02 17:24:18,118] {processor.py:651} INFO - DAG(s) dict_keys(['example_trigger_target_dag']) retrieved from /opt/conda/lib/python3.8/site-packages/airflow/example_dags/example_trigger_target_dag.py
[2022-11-02 17:24:18,136] {logging_mixin.py:115} INFO - [2022-11-02 17:24:18,136] {dag.py:2420} INFO - Sync 1 DAGs
[2022-11-02 17:24:18,153] {logging_mixin.py:115} INFO - [2022-11-02 17:24:18,153] {dag.py:2968} INFO - Setting next_dagrun for example_trigger_target_dag to None, run_after=None
[2022-11-02 17:24:18,171] {processor.py:161} INFO - Processing /opt/conda/lib/python3.8/site-packages/airflow/example_dags/example_trigger_target_dag.py took 0.077 seconds
[2022-11-02 17:25:20,994] {processor.py:153} INFO - Started process (PID=15944) to work on /opt/conda/lib/python3.8/site-packages/airflow/example_dags/example_trigger_target_dag.py
[2022-11-02 17:25:20,996] {processor.py:641} INFO - Processing file /opt/conda/lib/python3.8/site-packages/airflow/example_dags/example_trigger_target_dag.py for tasks to queue
[2022-11-02 17:25:20,996] {logging_mixin.py:115} INFO - [2022-11-02 17:25:20,996] {dagbag.py:508} INFO - Filling up the DagBag from /opt/conda/lib/python3.8/site-packages/airflow/example_dags/example_trigger_target_dag.py
[2022-11-02 17:25:21,013] {processor.py:651} INFO - DAG(s) dict_keys(['example_trigger_target_dag']) retrieved from /opt/conda/lib/python3.8/site-packages/airflow/example_dags/example_trigger_target_dag.py
[2022-11-02 17:25:21,031] {logging_mixin.py:115} INFO - [2022-11-02 17:25:21,031] {dag.py:2420} INFO - Sync 1 DAGs
[2022-11-02 17:25:21,049] {logging_mixin.py:115} INFO - [2022-11-02 17:25:21,049] {dag.py:2968} INFO - Setting next_dagrun for example_trigger_target_dag to None, run_after=None
[2022-11-02 17:25:21,059] {processor.py:161} INFO - Processing /opt/conda/lib/python3.8/site-packages/airflow/example_dags/example_trigger_target_dag.py took 0.071 seconds
[2022-11-02 17:26:26,451] {processor.py:153} INFO - Started process (PID=16110) to work on /opt/conda/lib/python3.8/site-packages/airflow/example_dags/example_trigger_target_dag.py
[2022-11-02 17:26:26,452] {processor.py:641} INFO - Processing file /opt/conda/lib/python3.8/site-packages/airflow/example_dags/example_trigger_target_dag.py for tasks to queue
[2022-11-02 17:26:26,453] {logging_mixin.py:115} INFO - [2022-11-02 17:26:26,452] {dagbag.py:508} INFO - Filling up the DagBag from /opt/conda/lib/python3.8/site-packages/airflow/example_dags/example_trigger_target_dag.py
[2022-11-02 17:26:26,470] {processor.py:651} INFO - DAG(s) dict_keys(['example_trigger_target_dag']) retrieved from /opt/conda/lib/python3.8/site-packages/airflow/example_dags/example_trigger_target_dag.py
[2022-11-02 17:26:26,487] {logging_mixin.py:115} INFO - [2022-11-02 17:26:26,487] {dag.py:2420} INFO - Sync 1 DAGs
[2022-11-02 17:26:26,505] {logging_mixin.py:115} INFO - [2022-11-02 17:26:26,505] {dag.py:2968} INFO - Setting next_dagrun for example_trigger_target_dag to None, run_after=None
[2022-11-02 17:26:26,523] {processor.py:161} INFO - Processing /opt/conda/lib/python3.8/site-packages/airflow/example_dags/example_trigger_target_dag.py took 0.077 seconds
[2022-11-02 17:27:32,840] {processor.py:153} INFO - Started process (PID=16276) to work on /opt/conda/lib/python3.8/site-packages/airflow/example_dags/example_trigger_target_dag.py
[2022-11-02 17:27:32,841] {processor.py:641} INFO - Processing file /opt/conda/lib/python3.8/site-packages/airflow/example_dags/example_trigger_target_dag.py for tasks to queue
[2022-11-02 17:27:32,841] {logging_mixin.py:115} INFO - [2022-11-02 17:27:32,841] {dagbag.py:508} INFO - Filling up the DagBag from /opt/conda/lib/python3.8/site-packages/airflow/example_dags/example_trigger_target_dag.py
[2022-11-02 17:27:32,858] {processor.py:651} INFO - DAG(s) dict_keys(['example_trigger_target_dag']) retrieved from /opt/conda/lib/python3.8/site-packages/airflow/example_dags/example_trigger_target_dag.py
[2022-11-02 17:27:32,876] {logging_mixin.py:115} INFO - [2022-11-02 17:27:32,876] {dag.py:2420} INFO - Sync 1 DAGs
[2022-11-02 17:27:32,894] {logging_mixin.py:115} INFO - [2022-11-02 17:27:32,894] {dag.py:2968} INFO - Setting next_dagrun for example_trigger_target_dag to None, run_after=None
[2022-11-02 17:27:32,904] {processor.py:161} INFO - Processing /opt/conda/lib/python3.8/site-packages/airflow/example_dags/example_trigger_target_dag.py took 0.070 seconds
[2022-11-02 17:28:40,088] {processor.py:153} INFO - Started process (PID=16443) to work on /opt/conda/lib/python3.8/site-packages/airflow/example_dags/example_trigger_target_dag.py
[2022-11-02 17:28:40,088] {processor.py:641} INFO - Processing file /opt/conda/lib/python3.8/site-packages/airflow/example_dags/example_trigger_target_dag.py for tasks to queue
[2022-11-02 17:28:40,089] {logging_mixin.py:115} INFO - [2022-11-02 17:28:40,089] {dagbag.py:508} INFO - Filling up the DagBag from /opt/conda/lib/python3.8/site-packages/airflow/example_dags/example_trigger_target_dag.py
[2022-11-02 17:28:40,106] {processor.py:651} INFO - DAG(s) dict_keys(['example_trigger_target_dag']) retrieved from /opt/conda/lib/python3.8/site-packages/airflow/example_dags/example_trigger_target_dag.py
[2022-11-02 17:28:40,124] {logging_mixin.py:115} INFO - [2022-11-02 17:28:40,124] {dag.py:2420} INFO - Sync 1 DAGs
[2022-11-02 17:28:40,142] {logging_mixin.py:115} INFO - [2022-11-02 17:28:40,142] {dag.py:2968} INFO - Setting next_dagrun for example_trigger_target_dag to None, run_after=None
[2022-11-02 17:28:40,154] {processor.py:161} INFO - Processing /opt/conda/lib/python3.8/site-packages/airflow/example_dags/example_trigger_target_dag.py took 0.072 seconds
