[2022-11-02 16:04:57,840] {processor.py:153} INFO - Started process (PID=1388) to work on /opt/conda/lib/python3.8/site-packages/airflow/example_dags/example_xcom.py
[2022-11-02 16:04:57,840] {processor.py:641} INFO - Processing file /opt/conda/lib/python3.8/site-packages/airflow/example_dags/example_xcom.py for tasks to queue
[2022-11-02 16:04:57,841] {logging_mixin.py:115} INFO - [2022-11-02 16:04:57,841] {dagbag.py:508} INFO - Filling up the DagBag from /opt/conda/lib/python3.8/site-packages/airflow/example_dags/example_xcom.py
[2022-11-02 16:04:57,995] {processor.py:651} INFO - DAG(s) dict_keys(['example_xcom']) retrieved from /opt/conda/lib/python3.8/site-packages/airflow/example_dags/example_xcom.py
[2022-11-02 16:04:58,053] {logging_mixin.py:115} INFO - [2022-11-02 16:04:58,052] {manager.py:508} INFO - Created Permission View: can delete on DAG:example_xcom
[2022-11-02 16:04:58,067] {logging_mixin.py:115} INFO - [2022-11-02 16:04:58,067] {manager.py:508} INFO - Created Permission View: can edit on DAG:example_xcom
[2022-11-02 16:04:58,075] {logging_mixin.py:115} INFO - [2022-11-02 16:04:58,075] {manager.py:508} INFO - Created Permission View: can read on DAG:example_xcom
[2022-11-02 16:04:58,076] {logging_mixin.py:115} INFO - [2022-11-02 16:04:58,076] {dag.py:2420} INFO - Sync 1 DAGs
[2022-11-02 16:04:58,083] {logging_mixin.py:115} INFO - [2022-11-02 16:04:58,083] {dag.py:2439} INFO - Creating ORM DAG for example_xcom
[2022-11-02 16:04:58,092] {logging_mixin.py:115} INFO - [2022-11-02 16:04:58,092] {dag.py:2968} INFO - Setting next_dagrun for example_xcom to 2021-01-01T00:00:00+00:00, run_after=2021-01-01T00:00:00+00:00
[2022-11-02 16:04:58,104] {processor.py:161} INFO - Processing /opt/conda/lib/python3.8/site-packages/airflow/example_dags/example_xcom.py took 0.273 seconds
[2022-11-02 16:05:55,623] {processor.py:153} INFO - Started process (PID=1509) to work on /opt/conda/lib/python3.8/site-packages/airflow/example_dags/example_xcom.py
[2022-11-02 16:05:55,624] {processor.py:641} INFO - Processing file /opt/conda/lib/python3.8/site-packages/airflow/example_dags/example_xcom.py for tasks to queue
[2022-11-02 16:05:55,624] {logging_mixin.py:115} INFO - [2022-11-02 16:05:55,624] {dagbag.py:508} INFO - Filling up the DagBag from /opt/conda/lib/python3.8/site-packages/airflow/example_dags/example_xcom.py
[2022-11-02 16:05:55,771] {processor.py:651} INFO - DAG(s) dict_keys(['example_xcom']) retrieved from /opt/conda/lib/python3.8/site-packages/airflow/example_dags/example_xcom.py
[2022-11-02 16:05:55,804] {logging_mixin.py:115} INFO - [2022-11-02 16:05:55,804] {dag.py:2420} INFO - Sync 1 DAGs
[2022-11-02 16:05:55,816] {logging_mixin.py:115} INFO - [2022-11-02 16:05:55,816] {dag.py:2968} INFO - Setting next_dagrun for example_xcom to 2021-01-01T00:00:00+00:00, run_after=2021-01-01T00:00:00+00:00
[2022-11-02 16:05:55,830] {processor.py:161} INFO - Processing /opt/conda/lib/python3.8/site-packages/airflow/example_dags/example_xcom.py took 0.211 seconds
[2022-11-02 16:06:51,746] {processor.py:153} INFO - Started process (PID=1631) to work on /opt/conda/lib/python3.8/site-packages/airflow/example_dags/example_xcom.py
[2022-11-02 16:06:51,747] {processor.py:641} INFO - Processing file /opt/conda/lib/python3.8/site-packages/airflow/example_dags/example_xcom.py for tasks to queue
[2022-11-02 16:06:51,748] {logging_mixin.py:115} INFO - [2022-11-02 16:06:51,747] {dagbag.py:508} INFO - Filling up the DagBag from /opt/conda/lib/python3.8/site-packages/airflow/example_dags/example_xcom.py
[2022-11-02 16:06:51,886] {processor.py:651} INFO - DAG(s) dict_keys(['example_xcom']) retrieved from /opt/conda/lib/python3.8/site-packages/airflow/example_dags/example_xcom.py
[2022-11-02 16:06:51,897] {logging_mixin.py:115} INFO - [2022-11-02 16:06:51,896] {dag.py:2420} INFO - Sync 1 DAGs
[2022-11-02 16:06:51,909] {logging_mixin.py:115} INFO - [2022-11-02 16:06:51,909] {dag.py:2968} INFO - Setting next_dagrun for example_xcom to 2021-01-01T00:00:00+00:00, run_after=2021-01-01T00:00:00+00:00
[2022-11-02 16:06:51,924] {processor.py:161} INFO - Processing /opt/conda/lib/python3.8/site-packages/airflow/example_dags/example_xcom.py took 0.185 seconds
[2022-11-02 16:08:08,615] {processor.py:153} INFO - Started process (PID=1978) to work on /opt/conda/lib/python3.8/site-packages/airflow/example_dags/example_xcom.py
[2022-11-02 16:08:08,616] {processor.py:641} INFO - Processing file /opt/conda/lib/python3.8/site-packages/airflow/example_dags/example_xcom.py for tasks to queue
[2022-11-02 16:08:08,616] {logging_mixin.py:115} INFO - [2022-11-02 16:08:08,616] {dagbag.py:508} INFO - Filling up the DagBag from /opt/conda/lib/python3.8/site-packages/airflow/example_dags/example_xcom.py
[2022-11-02 16:08:08,768] {processor.py:651} INFO - DAG(s) dict_keys(['example_xcom']) retrieved from /opt/conda/lib/python3.8/site-packages/airflow/example_dags/example_xcom.py
[2022-11-02 16:08:08,782] {logging_mixin.py:115} INFO - [2022-11-02 16:08:08,782] {dag.py:2420} INFO - Sync 1 DAGs
[2022-11-02 16:08:08,798] {logging_mixin.py:115} INFO - [2022-11-02 16:08:08,798] {dag.py:2968} INFO - Setting next_dagrun for example_xcom to 2021-01-01T00:00:00+00:00, run_after=2021-01-01T00:00:00+00:00
[2022-11-02 16:08:08,815] {processor.py:161} INFO - Processing /opt/conda/lib/python3.8/site-packages/airflow/example_dags/example_xcom.py took 0.206 seconds
[2022-11-02 16:09:04,523] {processor.py:153} INFO - Started process (PID=2162) to work on /opt/conda/lib/python3.8/site-packages/airflow/example_dags/example_xcom.py
[2022-11-02 16:09:04,524] {processor.py:641} INFO - Processing file /opt/conda/lib/python3.8/site-packages/airflow/example_dags/example_xcom.py for tasks to queue
[2022-11-02 16:09:04,524] {logging_mixin.py:115} INFO - [2022-11-02 16:09:04,524] {dagbag.py:508} INFO - Filling up the DagBag from /opt/conda/lib/python3.8/site-packages/airflow/example_dags/example_xcom.py
[2022-11-02 16:09:04,662] {processor.py:651} INFO - DAG(s) dict_keys(['example_xcom']) retrieved from /opt/conda/lib/python3.8/site-packages/airflow/example_dags/example_xcom.py
[2022-11-02 16:09:04,692] {logging_mixin.py:115} INFO - [2022-11-02 16:09:04,692] {dag.py:2420} INFO - Sync 1 DAGs
[2022-11-02 16:09:04,703] {logging_mixin.py:115} INFO - [2022-11-02 16:09:04,703] {dag.py:2968} INFO - Setting next_dagrun for example_xcom to 2021-01-01T00:00:00+00:00, run_after=2021-01-01T00:00:00+00:00
[2022-11-02 16:09:04,719] {processor.py:161} INFO - Processing /opt/conda/lib/python3.8/site-packages/airflow/example_dags/example_xcom.py took 0.202 seconds
[2022-11-02 16:10:10,166] {processor.py:153} INFO - Started process (PID=2298) to work on /opt/conda/lib/python3.8/site-packages/airflow/example_dags/example_xcom.py
[2022-11-02 16:10:10,167] {processor.py:641} INFO - Processing file /opt/conda/lib/python3.8/site-packages/airflow/example_dags/example_xcom.py for tasks to queue
[2022-11-02 16:10:10,168] {logging_mixin.py:115} INFO - [2022-11-02 16:10:10,168] {dagbag.py:508} INFO - Filling up the DagBag from /opt/conda/lib/python3.8/site-packages/airflow/example_dags/example_xcom.py
[2022-11-02 16:10:10,188] {processor.py:651} INFO - DAG(s) dict_keys(['example_xcom']) retrieved from /opt/conda/lib/python3.8/site-packages/airflow/example_dags/example_xcom.py
[2022-11-02 16:10:10,238] {logging_mixin.py:115} INFO - [2022-11-02 16:10:10,238] {dag.py:2420} INFO - Sync 1 DAGs
[2022-11-02 16:10:10,256] {logging_mixin.py:115} INFO - [2022-11-02 16:10:10,256] {dag.py:2968} INFO - Setting next_dagrun for example_xcom to 2021-01-01T00:00:00+00:00, run_after=2021-01-01T00:00:00+00:00
[2022-11-02 16:10:10,275] {processor.py:161} INFO - Processing /opt/conda/lib/python3.8/site-packages/airflow/example_dags/example_xcom.py took 0.115 seconds
[2022-11-02 16:11:08,901] {processor.py:153} INFO - Started process (PID=2464) to work on /opt/conda/lib/python3.8/site-packages/airflow/example_dags/example_xcom.py
[2022-11-02 16:11:08,902] {processor.py:641} INFO - Processing file /opt/conda/lib/python3.8/site-packages/airflow/example_dags/example_xcom.py for tasks to queue
[2022-11-02 16:11:08,902] {logging_mixin.py:115} INFO - [2022-11-02 16:11:08,902] {dagbag.py:508} INFO - Filling up the DagBag from /opt/conda/lib/python3.8/site-packages/airflow/example_dags/example_xcom.py
[2022-11-02 16:11:08,922] {processor.py:651} INFO - DAG(s) dict_keys(['example_xcom']) retrieved from /opt/conda/lib/python3.8/site-packages/airflow/example_dags/example_xcom.py
[2022-11-02 16:11:08,972] {logging_mixin.py:115} INFO - [2022-11-02 16:11:08,971] {dag.py:2420} INFO - Sync 1 DAGs
[2022-11-02 16:11:08,989] {logging_mixin.py:115} INFO - [2022-11-02 16:11:08,989] {dag.py:2968} INFO - Setting next_dagrun for example_xcom to 2021-01-01T00:00:00+00:00, run_after=2021-01-01T00:00:00+00:00
[2022-11-02 16:11:09,002] {processor.py:161} INFO - Processing /opt/conda/lib/python3.8/site-packages/airflow/example_dags/example_xcom.py took 0.105 seconds
[2022-11-02 16:12:11,946] {processor.py:153} INFO - Started process (PID=2792) to work on /opt/conda/lib/python3.8/site-packages/airflow/example_dags/example_xcom.py
[2022-11-02 16:12:11,972] {processor.py:641} INFO - Processing file /opt/conda/lib/python3.8/site-packages/airflow/example_dags/example_xcom.py for tasks to queue
[2022-11-02 16:12:11,972] {logging_mixin.py:115} INFO - [2022-11-02 16:12:11,972] {dagbag.py:508} INFO - Filling up the DagBag from /opt/conda/lib/python3.8/site-packages/airflow/example_dags/example_xcom.py
[2022-11-02 16:12:11,994] {processor.py:651} INFO - DAG(s) dict_keys(['example_xcom']) retrieved from /opt/conda/lib/python3.8/site-packages/airflow/example_dags/example_xcom.py
[2022-11-02 16:12:12,009] {logging_mixin.py:115} INFO - [2022-11-02 16:12:12,009] {dag.py:2420} INFO - Sync 1 DAGs
[2022-11-02 16:12:12,023] {logging_mixin.py:115} INFO - [2022-11-02 16:12:12,023] {dag.py:2968} INFO - Setting next_dagrun for example_xcom to 2021-01-01T00:00:00+00:00, run_after=2021-01-01T00:00:00+00:00
[2022-11-02 16:12:12,070] {processor.py:161} INFO - Processing /opt/conda/lib/python3.8/site-packages/airflow/example_dags/example_xcom.py took 0.127 seconds
[2022-11-02 16:13:21,327] {processor.py:153} INFO - Started process (PID=2995) to work on /opt/conda/lib/python3.8/site-packages/airflow/example_dags/example_xcom.py
[2022-11-02 16:13:21,328] {processor.py:641} INFO - Processing file /opt/conda/lib/python3.8/site-packages/airflow/example_dags/example_xcom.py for tasks to queue
[2022-11-02 16:13:21,329] {logging_mixin.py:115} INFO - [2022-11-02 16:13:21,329] {dagbag.py:508} INFO - Filling up the DagBag from /opt/conda/lib/python3.8/site-packages/airflow/example_dags/example_xcom.py
[2022-11-02 16:13:21,349] {processor.py:651} INFO - DAG(s) dict_keys(['example_xcom']) retrieved from /opt/conda/lib/python3.8/site-packages/airflow/example_dags/example_xcom.py
[2022-11-02 16:13:21,367] {logging_mixin.py:115} INFO - [2022-11-02 16:13:21,367] {dag.py:2420} INFO - Sync 1 DAGs
[2022-11-02 16:13:21,385] {logging_mixin.py:115} INFO - [2022-11-02 16:13:21,385] {dag.py:2968} INFO - Setting next_dagrun for example_xcom to 2021-01-01T00:00:00+00:00, run_after=2021-01-01T00:00:00+00:00
[2022-11-02 16:13:21,403] {processor.py:161} INFO - Processing /opt/conda/lib/python3.8/site-packages/airflow/example_dags/example_xcom.py took 0.082 seconds
[2022-11-02 16:14:23,726] {processor.py:153} INFO - Started process (PID=3143) to work on /opt/conda/lib/python3.8/site-packages/airflow/example_dags/example_xcom.py
[2022-11-02 16:14:23,727] {processor.py:641} INFO - Processing file /opt/conda/lib/python3.8/site-packages/airflow/example_dags/example_xcom.py for tasks to queue
[2022-11-02 16:14:23,728] {logging_mixin.py:115} INFO - [2022-11-02 16:14:23,728] {dagbag.py:508} INFO - Filling up the DagBag from /opt/conda/lib/python3.8/site-packages/airflow/example_dags/example_xcom.py
[2022-11-02 16:14:23,748] {processor.py:651} INFO - DAG(s) dict_keys(['example_xcom']) retrieved from /opt/conda/lib/python3.8/site-packages/airflow/example_dags/example_xcom.py
[2022-11-02 16:14:23,797] {logging_mixin.py:115} INFO - [2022-11-02 16:14:23,797] {dag.py:2420} INFO - Sync 1 DAGs
[2022-11-02 16:14:23,815] {logging_mixin.py:115} INFO - [2022-11-02 16:14:23,814] {dag.py:2968} INFO - Setting next_dagrun for example_xcom to 2021-01-01T00:00:00+00:00, run_after=2021-01-01T00:00:00+00:00
[2022-11-02 16:14:23,827] {processor.py:161} INFO - Processing /opt/conda/lib/python3.8/site-packages/airflow/example_dags/example_xcom.py took 0.107 seconds
[2022-11-02 16:15:33,419] {processor.py:153} INFO - Started process (PID=3426) to work on /opt/conda/lib/python3.8/site-packages/airflow/example_dags/example_xcom.py
[2022-11-02 16:15:33,420] {processor.py:641} INFO - Processing file /opt/conda/lib/python3.8/site-packages/airflow/example_dags/example_xcom.py for tasks to queue
[2022-11-02 16:15:33,420] {logging_mixin.py:115} INFO - [2022-11-02 16:15:33,420] {dagbag.py:508} INFO - Filling up the DagBag from /opt/conda/lib/python3.8/site-packages/airflow/example_dags/example_xcom.py
[2022-11-02 16:15:33,438] {processor.py:651} INFO - DAG(s) dict_keys(['example_xcom']) retrieved from /opt/conda/lib/python3.8/site-packages/airflow/example_dags/example_xcom.py
[2022-11-02 16:15:33,475] {logging_mixin.py:115} INFO - [2022-11-02 16:15:33,475] {dag.py:2420} INFO - Sync 1 DAGs
[2022-11-02 16:15:33,488] {logging_mixin.py:115} INFO - [2022-11-02 16:15:33,488] {dag.py:2968} INFO - Setting next_dagrun for example_xcom to 2021-01-01T00:00:00+00:00, run_after=2021-01-01T00:00:00+00:00
[2022-11-02 16:15:33,505] {processor.py:161} INFO - Processing /opt/conda/lib/python3.8/site-packages/airflow/example_dags/example_xcom.py took 0.089 seconds
[2022-11-02 16:16:35,550] {processor.py:153} INFO - Started process (PID=3651) to work on /opt/conda/lib/python3.8/site-packages/airflow/example_dags/example_xcom.py
[2022-11-02 16:16:35,551] {processor.py:641} INFO - Processing file /opt/conda/lib/python3.8/site-packages/airflow/example_dags/example_xcom.py for tasks to queue
[2022-11-02 16:16:35,551] {logging_mixin.py:115} INFO - [2022-11-02 16:16:35,551] {dagbag.py:508} INFO - Filling up the DagBag from /opt/conda/lib/python3.8/site-packages/airflow/example_dags/example_xcom.py
[2022-11-02 16:16:35,566] {processor.py:651} INFO - DAG(s) dict_keys(['example_xcom']) retrieved from /opt/conda/lib/python3.8/site-packages/airflow/example_dags/example_xcom.py
[2022-11-02 16:16:35,580] {logging_mixin.py:115} INFO - [2022-11-02 16:16:35,580] {dag.py:2420} INFO - Sync 1 DAGs
[2022-11-02 16:16:35,593] {logging_mixin.py:115} INFO - [2022-11-02 16:16:35,593] {dag.py:2968} INFO - Setting next_dagrun for example_xcom to 2021-01-01T00:00:00+00:00, run_after=2021-01-01T00:00:00+00:00
[2022-11-02 16:16:35,604] {processor.py:161} INFO - Processing /opt/conda/lib/python3.8/site-packages/airflow/example_dags/example_xcom.py took 0.061 seconds
[2022-11-02 16:17:35,947] {processor.py:153} INFO - Started process (PID=3837) to work on /opt/conda/lib/python3.8/site-packages/airflow/example_dags/example_xcom.py
[2022-11-02 16:17:35,948] {processor.py:641} INFO - Processing file /opt/conda/lib/python3.8/site-packages/airflow/example_dags/example_xcom.py for tasks to queue
[2022-11-02 16:17:35,949] {logging_mixin.py:115} INFO - [2022-11-02 16:17:35,948] {dagbag.py:508} INFO - Filling up the DagBag from /opt/conda/lib/python3.8/site-packages/airflow/example_dags/example_xcom.py
[2022-11-02 16:17:35,969] {processor.py:651} INFO - DAG(s) dict_keys(['example_xcom']) retrieved from /opt/conda/lib/python3.8/site-packages/airflow/example_dags/example_xcom.py
[2022-11-02 16:17:35,987] {logging_mixin.py:115} INFO - [2022-11-02 16:17:35,987] {dag.py:2420} INFO - Sync 1 DAGs
[2022-11-02 16:17:36,005] {logging_mixin.py:115} INFO - [2022-11-02 16:17:36,005] {dag.py:2968} INFO - Setting next_dagrun for example_xcom to 2021-01-01T00:00:00+00:00, run_after=2021-01-01T00:00:00+00:00
[2022-11-02 16:17:36,016] {processor.py:161} INFO - Processing /opt/conda/lib/python3.8/site-packages/airflow/example_dags/example_xcom.py took 0.075 seconds
[2022-11-02 16:18:39,620] {processor.py:153} INFO - Started process (PID=4057) to work on /opt/conda/lib/python3.8/site-packages/airflow/example_dags/example_xcom.py
[2022-11-02 16:18:39,621] {processor.py:641} INFO - Processing file /opt/conda/lib/python3.8/site-packages/airflow/example_dags/example_xcom.py for tasks to queue
[2022-11-02 16:18:39,622] {logging_mixin.py:115} INFO - [2022-11-02 16:18:39,621] {dagbag.py:508} INFO - Filling up the DagBag from /opt/conda/lib/python3.8/site-packages/airflow/example_dags/example_xcom.py
[2022-11-02 16:18:39,642] {processor.py:651} INFO - DAG(s) dict_keys(['example_xcom']) retrieved from /opt/conda/lib/python3.8/site-packages/airflow/example_dags/example_xcom.py
[2022-11-02 16:18:39,661] {logging_mixin.py:115} INFO - [2022-11-02 16:18:39,661] {dag.py:2420} INFO - Sync 1 DAGs
[2022-11-02 16:18:39,680] {logging_mixin.py:115} INFO - [2022-11-02 16:18:39,680] {dag.py:2968} INFO - Setting next_dagrun for example_xcom to 2021-01-01T00:00:00+00:00, run_after=2021-01-01T00:00:00+00:00
[2022-11-02 16:18:39,699] {processor.py:161} INFO - Processing /opt/conda/lib/python3.8/site-packages/airflow/example_dags/example_xcom.py took 0.084 seconds
[2022-11-02 16:19:47,286] {processor.py:153} INFO - Started process (PID=4312) to work on /opt/conda/lib/python3.8/site-packages/airflow/example_dags/example_xcom.py
[2022-11-02 16:19:47,292] {processor.py:641} INFO - Processing file /opt/conda/lib/python3.8/site-packages/airflow/example_dags/example_xcom.py for tasks to queue
[2022-11-02 16:19:47,293] {logging_mixin.py:115} INFO - [2022-11-02 16:19:47,293] {dagbag.py:508} INFO - Filling up the DagBag from /opt/conda/lib/python3.8/site-packages/airflow/example_dags/example_xcom.py
[2022-11-02 16:19:47,322] {processor.py:651} INFO - DAG(s) dict_keys(['example_xcom']) retrieved from /opt/conda/lib/python3.8/site-packages/airflow/example_dags/example_xcom.py
[2022-11-02 16:19:47,402] {logging_mixin.py:115} INFO - [2022-11-02 16:19:47,402] {dag.py:2420} INFO - Sync 1 DAGs
[2022-11-02 16:19:47,424] {logging_mixin.py:115} INFO - [2022-11-02 16:19:47,424] {dag.py:2968} INFO - Setting next_dagrun for example_xcom to 2021-01-01T00:00:00+00:00, run_after=2021-01-01T00:00:00+00:00
[2022-11-02 16:19:47,447] {processor.py:161} INFO - Processing /opt/conda/lib/python3.8/site-packages/airflow/example_dags/example_xcom.py took 0.163 seconds
[2022-11-02 16:20:47,929] {processor.py:153} INFO - Started process (PID=4547) to work on /opt/conda/lib/python3.8/site-packages/airflow/example_dags/example_xcom.py
[2022-11-02 16:20:47,936] {processor.py:641} INFO - Processing file /opt/conda/lib/python3.8/site-packages/airflow/example_dags/example_xcom.py for tasks to queue
[2022-11-02 16:20:47,936] {logging_mixin.py:115} INFO - [2022-11-02 16:20:47,936] {dagbag.py:508} INFO - Filling up the DagBag from /opt/conda/lib/python3.8/site-packages/airflow/example_dags/example_xcom.py
[2022-11-02 16:20:47,963] {processor.py:651} INFO - DAG(s) dict_keys(['example_xcom']) retrieved from /opt/conda/lib/python3.8/site-packages/airflow/example_dags/example_xcom.py
[2022-11-02 16:20:48,044] {logging_mixin.py:115} INFO - [2022-11-02 16:20:48,044] {dag.py:2420} INFO - Sync 1 DAGs
[2022-11-02 16:20:48,065] {logging_mixin.py:115} INFO - [2022-11-02 16:20:48,065] {dag.py:2968} INFO - Setting next_dagrun for example_xcom to 2021-01-01T00:00:00+00:00, run_after=2021-01-01T00:00:00+00:00
[2022-11-02 16:20:48,086] {processor.py:161} INFO - Processing /opt/conda/lib/python3.8/site-packages/airflow/example_dags/example_xcom.py took 0.159 seconds
[2022-11-02 16:21:49,805] {processor.py:153} INFO - Started process (PID=4820) to work on /opt/conda/lib/python3.8/site-packages/airflow/example_dags/example_xcom.py
[2022-11-02 16:21:49,806] {processor.py:641} INFO - Processing file /opt/conda/lib/python3.8/site-packages/airflow/example_dags/example_xcom.py for tasks to queue
[2022-11-02 16:21:49,807] {logging_mixin.py:115} INFO - [2022-11-02 16:21:49,807] {dagbag.py:508} INFO - Filling up the DagBag from /opt/conda/lib/python3.8/site-packages/airflow/example_dags/example_xcom.py
[2022-11-02 16:21:49,822] {processor.py:651} INFO - DAG(s) dict_keys(['example_xcom']) retrieved from /opt/conda/lib/python3.8/site-packages/airflow/example_dags/example_xcom.py
[2022-11-02 16:21:49,835] {logging_mixin.py:115} INFO - [2022-11-02 16:21:49,835] {dag.py:2420} INFO - Sync 1 DAGs
[2022-11-02 16:21:49,848] {logging_mixin.py:115} INFO - [2022-11-02 16:21:49,848] {dag.py:2968} INFO - Setting next_dagrun for example_xcom to 2021-01-01T00:00:00+00:00, run_after=2021-01-01T00:00:00+00:00
[2022-11-02 16:21:49,856] {processor.py:161} INFO - Processing /opt/conda/lib/python3.8/site-packages/airflow/example_dags/example_xcom.py took 0.057 seconds
[2022-11-02 16:22:50,970] {processor.py:153} INFO - Started process (PID=5063) to work on /opt/conda/lib/python3.8/site-packages/airflow/example_dags/example_xcom.py
[2022-11-02 16:22:50,970] {processor.py:641} INFO - Processing file /opt/conda/lib/python3.8/site-packages/airflow/example_dags/example_xcom.py for tasks to queue
[2022-11-02 16:22:50,970] {logging_mixin.py:115} INFO - [2022-11-02 16:22:50,970] {dagbag.py:508} INFO - Filling up the DagBag from /opt/conda/lib/python3.8/site-packages/airflow/example_dags/example_xcom.py
[2022-11-02 16:22:50,986] {processor.py:651} INFO - DAG(s) dict_keys(['example_xcom']) retrieved from /opt/conda/lib/python3.8/site-packages/airflow/example_dags/example_xcom.py
[2022-11-02 16:22:51,000] {logging_mixin.py:115} INFO - [2022-11-02 16:22:51,000] {dag.py:2420} INFO - Sync 1 DAGs
[2022-11-02 16:22:51,014] {logging_mixin.py:115} INFO - [2022-11-02 16:22:51,014] {dag.py:2968} INFO - Setting next_dagrun for example_xcom to 2021-01-01T00:00:00+00:00, run_after=2021-01-01T00:00:00+00:00
[2022-11-02 16:22:51,022] {processor.py:161} INFO - Processing /opt/conda/lib/python3.8/site-packages/airflow/example_dags/example_xcom.py took 0.055 seconds
[2022-11-02 16:23:53,968] {processor.py:153} INFO - Started process (PID=5307) to work on /opt/conda/lib/python3.8/site-packages/airflow/example_dags/example_xcom.py
[2022-11-02 16:23:53,969] {processor.py:641} INFO - Processing file /opt/conda/lib/python3.8/site-packages/airflow/example_dags/example_xcom.py for tasks to queue
[2022-11-02 16:23:53,970] {logging_mixin.py:115} INFO - [2022-11-02 16:23:53,970] {dagbag.py:508} INFO - Filling up the DagBag from /opt/conda/lib/python3.8/site-packages/airflow/example_dags/example_xcom.py
[2022-11-02 16:23:53,986] {processor.py:651} INFO - DAG(s) dict_keys(['example_xcom']) retrieved from /opt/conda/lib/python3.8/site-packages/airflow/example_dags/example_xcom.py
[2022-11-02 16:23:54,001] {logging_mixin.py:115} INFO - [2022-11-02 16:23:54,001] {dag.py:2420} INFO - Sync 1 DAGs
[2022-11-02 16:23:54,015] {logging_mixin.py:115} INFO - [2022-11-02 16:23:54,015] {dag.py:2968} INFO - Setting next_dagrun for example_xcom to 2021-01-01T00:00:00+00:00, run_after=2021-01-01T00:00:00+00:00
[2022-11-02 16:23:54,030] {processor.py:161} INFO - Processing /opt/conda/lib/python3.8/site-packages/airflow/example_dags/example_xcom.py took 0.068 seconds
[2022-11-02 16:24:52,317] {processor.py:153} INFO - Started process (PID=5547) to work on /opt/conda/lib/python3.8/site-packages/airflow/example_dags/example_xcom.py
[2022-11-02 16:24:52,318] {processor.py:641} INFO - Processing file /opt/conda/lib/python3.8/site-packages/airflow/example_dags/example_xcom.py for tasks to queue
[2022-11-02 16:24:52,319] {logging_mixin.py:115} INFO - [2022-11-02 16:24:52,319] {dagbag.py:508} INFO - Filling up the DagBag from /opt/conda/lib/python3.8/site-packages/airflow/example_dags/example_xcom.py
[2022-11-02 16:24:52,339] {processor.py:651} INFO - DAG(s) dict_keys(['example_xcom']) retrieved from /opt/conda/lib/python3.8/site-packages/airflow/example_dags/example_xcom.py
[2022-11-02 16:24:52,390] {logging_mixin.py:115} INFO - [2022-11-02 16:24:52,390] {dag.py:2420} INFO - Sync 1 DAGs
[2022-11-02 16:24:52,407] {logging_mixin.py:115} INFO - [2022-11-02 16:24:52,407] {dag.py:2968} INFO - Setting next_dagrun for example_xcom to 2021-01-01T00:00:00+00:00, run_after=2021-01-01T00:00:00+00:00
[2022-11-02 16:24:52,426] {processor.py:161} INFO - Processing /opt/conda/lib/python3.8/site-packages/airflow/example_dags/example_xcom.py took 0.114 seconds
[2022-11-02 16:25:58,702] {processor.py:153} INFO - Started process (PID=5787) to work on /opt/conda/lib/python3.8/site-packages/airflow/example_dags/example_xcom.py
[2022-11-02 16:25:58,708] {processor.py:641} INFO - Processing file /opt/conda/lib/python3.8/site-packages/airflow/example_dags/example_xcom.py for tasks to queue
[2022-11-02 16:25:58,708] {logging_mixin.py:115} INFO - [2022-11-02 16:25:58,708] {dagbag.py:508} INFO - Filling up the DagBag from /opt/conda/lib/python3.8/site-packages/airflow/example_dags/example_xcom.py
[2022-11-02 16:25:58,736] {processor.py:651} INFO - DAG(s) dict_keys(['example_xcom']) retrieved from /opt/conda/lib/python3.8/site-packages/airflow/example_dags/example_xcom.py
[2022-11-02 16:25:58,817] {logging_mixin.py:115} INFO - [2022-11-02 16:25:58,817] {dag.py:2420} INFO - Sync 1 DAGs
[2022-11-02 16:25:58,838] {logging_mixin.py:115} INFO - [2022-11-02 16:25:58,838] {dag.py:2968} INFO - Setting next_dagrun for example_xcom to 2021-01-01T00:00:00+00:00, run_after=2021-01-01T00:00:00+00:00
[2022-11-02 16:25:58,863] {processor.py:161} INFO - Processing /opt/conda/lib/python3.8/site-packages/airflow/example_dags/example_xcom.py took 0.163 seconds
[2022-11-02 16:27:03,724] {processor.py:153} INFO - Started process (PID=6031) to work on /opt/conda/lib/python3.8/site-packages/airflow/example_dags/example_xcom.py
[2022-11-02 16:27:03,725] {processor.py:641} INFO - Processing file /opt/conda/lib/python3.8/site-packages/airflow/example_dags/example_xcom.py for tasks to queue
[2022-11-02 16:27:03,726] {logging_mixin.py:115} INFO - [2022-11-02 16:27:03,726] {dagbag.py:508} INFO - Filling up the DagBag from /opt/conda/lib/python3.8/site-packages/airflow/example_dags/example_xcom.py
[2022-11-02 16:27:03,743] {processor.py:651} INFO - DAG(s) dict_keys(['example_xcom']) retrieved from /opt/conda/lib/python3.8/site-packages/airflow/example_dags/example_xcom.py
[2022-11-02 16:27:03,782] {logging_mixin.py:115} INFO - [2022-11-02 16:27:03,782] {dag.py:2420} INFO - Sync 1 DAGs
[2022-11-02 16:27:03,795] {logging_mixin.py:115} INFO - [2022-11-02 16:27:03,795] {dag.py:2968} INFO - Setting next_dagrun for example_xcom to 2021-01-01T00:00:00+00:00, run_after=2021-01-01T00:00:00+00:00
[2022-11-02 16:27:03,804] {processor.py:161} INFO - Processing /opt/conda/lib/python3.8/site-packages/airflow/example_dags/example_xcom.py took 0.085 seconds
[2022-11-02 16:28:12,770] {processor.py:153} INFO - Started process (PID=6286) to work on /opt/conda/lib/python3.8/site-packages/airflow/example_dags/example_xcom.py
[2022-11-02 16:28:12,771] {processor.py:641} INFO - Processing file /opt/conda/lib/python3.8/site-packages/airflow/example_dags/example_xcom.py for tasks to queue
[2022-11-02 16:28:12,772] {logging_mixin.py:115} INFO - [2022-11-02 16:28:12,772] {dagbag.py:508} INFO - Filling up the DagBag from /opt/conda/lib/python3.8/site-packages/airflow/example_dags/example_xcom.py
[2022-11-02 16:28:12,789] {processor.py:651} INFO - DAG(s) dict_keys(['example_xcom']) retrieved from /opt/conda/lib/python3.8/site-packages/airflow/example_dags/example_xcom.py
[2022-11-02 16:28:12,804] {logging_mixin.py:115} INFO - [2022-11-02 16:28:12,804] {dag.py:2420} INFO - Sync 1 DAGs
[2022-11-02 16:28:12,818] {logging_mixin.py:115} INFO - [2022-11-02 16:28:12,818] {dag.py:2968} INFO - Setting next_dagrun for example_xcom to 2021-01-01T00:00:00+00:00, run_after=2021-01-01T00:00:00+00:00
[2022-11-02 16:28:12,827] {processor.py:161} INFO - Processing /opt/conda/lib/python3.8/site-packages/airflow/example_dags/example_xcom.py took 0.061 seconds
[2022-11-02 16:29:16,893] {processor.py:153} INFO - Started process (PID=6509) to work on /opt/conda/lib/python3.8/site-packages/airflow/example_dags/example_xcom.py
[2022-11-02 16:29:16,894] {processor.py:641} INFO - Processing file /opt/conda/lib/python3.8/site-packages/airflow/example_dags/example_xcom.py for tasks to queue
[2022-11-02 16:29:16,895] {logging_mixin.py:115} INFO - [2022-11-02 16:29:16,895] {dagbag.py:508} INFO - Filling up the DagBag from /opt/conda/lib/python3.8/site-packages/airflow/example_dags/example_xcom.py
[2022-11-02 16:29:16,916] {processor.py:651} INFO - DAG(s) dict_keys(['example_xcom']) retrieved from /opt/conda/lib/python3.8/site-packages/airflow/example_dags/example_xcom.py
[2022-11-02 16:29:16,966] {logging_mixin.py:115} INFO - [2022-11-02 16:29:16,966] {dag.py:2420} INFO - Sync 1 DAGs
[2022-11-02 16:29:16,982] {logging_mixin.py:115} INFO - [2022-11-02 16:29:16,982] {dag.py:2968} INFO - Setting next_dagrun for example_xcom to 2021-01-01T00:00:00+00:00, run_after=2021-01-01T00:00:00+00:00
[2022-11-02 16:29:17,000] {processor.py:161} INFO - Processing /opt/conda/lib/python3.8/site-packages/airflow/example_dags/example_xcom.py took 0.110 seconds
[2022-11-02 16:30:22,484] {processor.py:153} INFO - Started process (PID=6680) to work on /opt/conda/lib/python3.8/site-packages/airflow/example_dags/example_xcom.py
[2022-11-02 16:30:22,484] {processor.py:641} INFO - Processing file /opt/conda/lib/python3.8/site-packages/airflow/example_dags/example_xcom.py for tasks to queue
[2022-11-02 16:30:22,485] {logging_mixin.py:115} INFO - [2022-11-02 16:30:22,485] {dagbag.py:508} INFO - Filling up the DagBag from /opt/conda/lib/python3.8/site-packages/airflow/example_dags/example_xcom.py
[2022-11-02 16:30:22,505] {processor.py:651} INFO - DAG(s) dict_keys(['example_xcom']) retrieved from /opt/conda/lib/python3.8/site-packages/airflow/example_dags/example_xcom.py
[2022-11-02 16:30:22,555] {logging_mixin.py:115} INFO - [2022-11-02 16:30:22,555] {dag.py:2420} INFO - Sync 1 DAGs
[2022-11-02 16:30:22,571] {logging_mixin.py:115} INFO - [2022-11-02 16:30:22,571] {dag.py:2968} INFO - Setting next_dagrun for example_xcom to 2021-01-01T00:00:00+00:00, run_after=2021-01-01T00:00:00+00:00
[2022-11-02 16:30:22,584] {processor.py:161} INFO - Processing /opt/conda/lib/python3.8/site-packages/airflow/example_dags/example_xcom.py took 0.106 seconds
[2022-11-02 16:32:39,912] {processor.py:153} INFO - Started process (PID=7074) to work on /opt/conda/lib/python3.8/site-packages/airflow/example_dags/example_xcom.py
[2022-11-02 16:32:39,913] {processor.py:641} INFO - Processing file /opt/conda/lib/python3.8/site-packages/airflow/example_dags/example_xcom.py for tasks to queue
[2022-11-02 16:32:39,914] {logging_mixin.py:115} INFO - [2022-11-02 16:32:39,914] {dagbag.py:508} INFO - Filling up the DagBag from /opt/conda/lib/python3.8/site-packages/airflow/example_dags/example_xcom.py
[2022-11-02 16:32:39,934] {processor.py:651} INFO - DAG(s) dict_keys(['example_xcom']) retrieved from /opt/conda/lib/python3.8/site-packages/airflow/example_dags/example_xcom.py
[2022-11-02 16:32:39,953] {logging_mixin.py:115} INFO - [2022-11-02 16:32:39,953] {dag.py:2420} INFO - Sync 1 DAGs
[2022-11-02 16:32:39,973] {logging_mixin.py:115} INFO - [2022-11-02 16:32:39,972] {dag.py:2968} INFO - Setting next_dagrun for example_xcom to 2021-01-01T00:00:00+00:00, run_after=2021-01-01T00:00:00+00:00
[2022-11-02 16:32:39,984] {processor.py:161} INFO - Processing /opt/conda/lib/python3.8/site-packages/airflow/example_dags/example_xcom.py took 0.077 seconds
[2022-11-02 16:33:48,488] {processor.py:153} INFO - Started process (PID=7261) to work on /opt/conda/lib/python3.8/site-packages/airflow/example_dags/example_xcom.py
[2022-11-02 16:33:48,489] {processor.py:641} INFO - Processing file /opt/conda/lib/python3.8/site-packages/airflow/example_dags/example_xcom.py for tasks to queue
[2022-11-02 16:33:48,489] {logging_mixin.py:115} INFO - [2022-11-02 16:33:48,489] {dagbag.py:508} INFO - Filling up the DagBag from /opt/conda/lib/python3.8/site-packages/airflow/example_dags/example_xcom.py
[2022-11-02 16:33:48,510] {processor.py:651} INFO - DAG(s) dict_keys(['example_xcom']) retrieved from /opt/conda/lib/python3.8/site-packages/airflow/example_dags/example_xcom.py
[2022-11-02 16:33:48,528] {logging_mixin.py:115} INFO - [2022-11-02 16:33:48,528] {dag.py:2420} INFO - Sync 1 DAGs
[2022-11-02 16:33:48,548] {logging_mixin.py:115} INFO - [2022-11-02 16:33:48,548] {dag.py:2968} INFO - Setting next_dagrun for example_xcom to 2021-01-01T00:00:00+00:00, run_after=2021-01-01T00:00:00+00:00
[2022-11-02 16:33:48,559] {processor.py:161} INFO - Processing /opt/conda/lib/python3.8/site-packages/airflow/example_dags/example_xcom.py took 0.077 seconds
[2022-11-02 16:34:54,155] {processor.py:153} INFO - Started process (PID=7406) to work on /opt/conda/lib/python3.8/site-packages/airflow/example_dags/example_xcom.py
[2022-11-02 16:34:54,156] {processor.py:641} INFO - Processing file /opt/conda/lib/python3.8/site-packages/airflow/example_dags/example_xcom.py for tasks to queue
[2022-11-02 16:34:54,156] {logging_mixin.py:115} INFO - [2022-11-02 16:34:54,156] {dagbag.py:508} INFO - Filling up the DagBag from /opt/conda/lib/python3.8/site-packages/airflow/example_dags/example_xcom.py
[2022-11-02 16:34:54,177] {processor.py:651} INFO - DAG(s) dict_keys(['example_xcom']) retrieved from /opt/conda/lib/python3.8/site-packages/airflow/example_dags/example_xcom.py
[2022-11-02 16:34:54,228] {logging_mixin.py:115} INFO - [2022-11-02 16:34:54,228] {dag.py:2420} INFO - Sync 1 DAGs
[2022-11-02 16:34:54,243] {logging_mixin.py:115} INFO - [2022-11-02 16:34:54,243] {dag.py:2968} INFO - Setting next_dagrun for example_xcom to 2021-01-01T00:00:00+00:00, run_after=2021-01-01T00:00:00+00:00
[2022-11-02 16:34:54,260] {processor.py:161} INFO - Processing /opt/conda/lib/python3.8/site-packages/airflow/example_dags/example_xcom.py took 0.108 seconds
[2022-11-02 16:35:58,340] {processor.py:153} INFO - Started process (PID=7591) to work on /opt/conda/lib/python3.8/site-packages/airflow/example_dags/example_xcom.py
[2022-11-02 16:35:58,342] {processor.py:641} INFO - Processing file /opt/conda/lib/python3.8/site-packages/airflow/example_dags/example_xcom.py for tasks to queue
[2022-11-02 16:35:58,342] {logging_mixin.py:115} INFO - [2022-11-02 16:35:58,342] {dagbag.py:508} INFO - Filling up the DagBag from /opt/conda/lib/python3.8/site-packages/airflow/example_dags/example_xcom.py
[2022-11-02 16:35:58,363] {processor.py:651} INFO - DAG(s) dict_keys(['example_xcom']) retrieved from /opt/conda/lib/python3.8/site-packages/airflow/example_dags/example_xcom.py
[2022-11-02 16:35:58,414] {logging_mixin.py:115} INFO - [2022-11-02 16:35:58,413] {dag.py:2420} INFO - Sync 1 DAGs
[2022-11-02 16:35:58,430] {logging_mixin.py:115} INFO - [2022-11-02 16:35:58,430] {dag.py:2968} INFO - Setting next_dagrun for example_xcom to 2021-01-01T00:00:00+00:00, run_after=2021-01-01T00:00:00+00:00
[2022-11-02 16:35:58,448] {processor.py:161} INFO - Processing /opt/conda/lib/python3.8/site-packages/airflow/example_dags/example_xcom.py took 0.113 seconds
[2022-11-02 16:37:00,484] {processor.py:153} INFO - Started process (PID=8065) to work on /opt/conda/lib/python3.8/site-packages/airflow/example_dags/example_xcom.py
[2022-11-02 16:37:00,485] {processor.py:641} INFO - Processing file /opt/conda/lib/python3.8/site-packages/airflow/example_dags/example_xcom.py for tasks to queue
[2022-11-02 16:37:00,486] {logging_mixin.py:115} INFO - [2022-11-02 16:37:00,486] {dagbag.py:508} INFO - Filling up the DagBag from /opt/conda/lib/python3.8/site-packages/airflow/example_dags/example_xcom.py
[2022-11-02 16:37:00,506] {processor.py:651} INFO - DAG(s) dict_keys(['example_xcom']) retrieved from /opt/conda/lib/python3.8/site-packages/airflow/example_dags/example_xcom.py
[2022-11-02 16:37:00,526] {logging_mixin.py:115} INFO - [2022-11-02 16:37:00,525] {dag.py:2420} INFO - Sync 1 DAGs
[2022-11-02 16:37:00,545] {logging_mixin.py:115} INFO - [2022-11-02 16:37:00,545] {dag.py:2968} INFO - Setting next_dagrun for example_xcom to 2021-01-01T00:00:00+00:00, run_after=2021-01-01T00:00:00+00:00
[2022-11-02 16:37:00,556] {processor.py:161} INFO - Processing /opt/conda/lib/python3.8/site-packages/airflow/example_dags/example_xcom.py took 0.077 seconds
[2022-11-02 16:38:00,993] {processor.py:153} INFO - Started process (PID=8233) to work on /opt/conda/lib/python3.8/site-packages/airflow/example_dags/example_xcom.py
[2022-11-02 16:38:00,994] {processor.py:641} INFO - Processing file /opt/conda/lib/python3.8/site-packages/airflow/example_dags/example_xcom.py for tasks to queue
[2022-11-02 16:38:00,995] {logging_mixin.py:115} INFO - [2022-11-02 16:38:00,995] {dagbag.py:508} INFO - Filling up the DagBag from /opt/conda/lib/python3.8/site-packages/airflow/example_dags/example_xcom.py
[2022-11-02 16:38:01,015] {processor.py:651} INFO - DAG(s) dict_keys(['example_xcom']) retrieved from /opt/conda/lib/python3.8/site-packages/airflow/example_dags/example_xcom.py
[2022-11-02 16:38:01,034] {logging_mixin.py:115} INFO - [2022-11-02 16:38:01,034] {dag.py:2420} INFO - Sync 1 DAGs
[2022-11-02 16:38:01,053] {logging_mixin.py:115} INFO - [2022-11-02 16:38:01,053] {dag.py:2968} INFO - Setting next_dagrun for example_xcom to 2021-01-01T00:00:00+00:00, run_after=2021-01-01T00:00:00+00:00
[2022-11-02 16:38:01,064] {processor.py:161} INFO - Processing /opt/conda/lib/python3.8/site-packages/airflow/example_dags/example_xcom.py took 0.077 seconds
[2022-11-02 16:39:00,304] {processor.py:153} INFO - Started process (PID=8468) to work on /opt/conda/lib/python3.8/site-packages/airflow/example_dags/example_xcom.py
[2022-11-02 16:39:00,305] {processor.py:641} INFO - Processing file /opt/conda/lib/python3.8/site-packages/airflow/example_dags/example_xcom.py for tasks to queue
[2022-11-02 16:39:00,305] {logging_mixin.py:115} INFO - [2022-11-02 16:39:00,305] {dagbag.py:508} INFO - Filling up the DagBag from /opt/conda/lib/python3.8/site-packages/airflow/example_dags/example_xcom.py
[2022-11-02 16:39:00,326] {processor.py:651} INFO - DAG(s) dict_keys(['example_xcom']) retrieved from /opt/conda/lib/python3.8/site-packages/airflow/example_dags/example_xcom.py
[2022-11-02 16:39:00,344] {logging_mixin.py:115} INFO - [2022-11-02 16:39:00,344] {dag.py:2420} INFO - Sync 1 DAGs
[2022-11-02 16:39:00,363] {logging_mixin.py:115} INFO - [2022-11-02 16:39:00,363] {dag.py:2968} INFO - Setting next_dagrun for example_xcom to 2021-01-01T00:00:00+00:00, run_after=2021-01-01T00:00:00+00:00
[2022-11-02 16:39:00,380] {processor.py:161} INFO - Processing /opt/conda/lib/python3.8/site-packages/airflow/example_dags/example_xcom.py took 0.082 seconds
[2022-11-02 16:40:20,902] {processor.py:153} INFO - Started process (PID=8762) to work on /opt/conda/lib/python3.8/site-packages/airflow/example_dags/example_xcom.py
[2022-11-02 16:40:20,903] {processor.py:641} INFO - Processing file /opt/conda/lib/python3.8/site-packages/airflow/example_dags/example_xcom.py for tasks to queue
[2022-11-02 16:40:20,903] {logging_mixin.py:115} INFO - [2022-11-02 16:40:20,903] {dagbag.py:508} INFO - Filling up the DagBag from /opt/conda/lib/python3.8/site-packages/airflow/example_dags/example_xcom.py
[2022-11-02 16:40:20,923] {processor.py:651} INFO - DAG(s) dict_keys(['example_xcom']) retrieved from /opt/conda/lib/python3.8/site-packages/airflow/example_dags/example_xcom.py
[2022-11-02 16:40:20,974] {logging_mixin.py:115} INFO - [2022-11-02 16:40:20,973] {dag.py:2420} INFO - Sync 1 DAGs
[2022-11-02 16:40:20,990] {logging_mixin.py:115} INFO - [2022-11-02 16:40:20,990] {dag.py:2968} INFO - Setting next_dagrun for example_xcom to 2021-01-01T00:00:00+00:00, run_after=2021-01-01T00:00:00+00:00
[2022-11-02 16:40:21,002] {processor.py:161} INFO - Processing /opt/conda/lib/python3.8/site-packages/airflow/example_dags/example_xcom.py took 0.106 seconds
[2022-11-02 16:41:12,753] {processor.py:153} INFO - Started process (PID=8880) to work on /opt/conda/lib/python3.8/site-packages/airflow/example_dags/example_xcom.py
[2022-11-02 16:41:12,754] {processor.py:641} INFO - Processing file /opt/conda/lib/python3.8/site-packages/airflow/example_dags/example_xcom.py for tasks to queue
[2022-11-02 16:41:12,755] {logging_mixin.py:115} INFO - [2022-11-02 16:41:12,755] {dagbag.py:508} INFO - Filling up the DagBag from /opt/conda/lib/python3.8/site-packages/airflow/example_dags/example_xcom.py
[2022-11-02 16:41:12,775] {processor.py:651} INFO - DAG(s) dict_keys(['example_xcom']) retrieved from /opt/conda/lib/python3.8/site-packages/airflow/example_dags/example_xcom.py
[2022-11-02 16:41:12,826] {logging_mixin.py:115} INFO - [2022-11-02 16:41:12,826] {dag.py:2420} INFO - Sync 1 DAGs
[2022-11-02 16:41:12,843] {logging_mixin.py:115} INFO - [2022-11-02 16:41:12,843] {dag.py:2968} INFO - Setting next_dagrun for example_xcom to 2021-01-01T00:00:00+00:00, run_after=2021-01-01T00:00:00+00:00
[2022-11-02 16:41:12,853] {processor.py:161} INFO - Processing /opt/conda/lib/python3.8/site-packages/airflow/example_dags/example_xcom.py took 0.105 seconds
[2022-11-02 16:43:02,053] {processor.py:153} INFO - Started process (PID=9187) to work on /opt/conda/lib/python3.8/site-packages/airflow/example_dags/example_xcom.py
[2022-11-02 16:43:02,053] {processor.py:641} INFO - Processing file /opt/conda/lib/python3.8/site-packages/airflow/example_dags/example_xcom.py for tasks to queue
[2022-11-02 16:43:02,054] {logging_mixin.py:115} INFO - [2022-11-02 16:43:02,054] {dagbag.py:508} INFO - Filling up the DagBag from /opt/conda/lib/python3.8/site-packages/airflow/example_dags/example_xcom.py
[2022-11-02 16:43:02,074] {processor.py:651} INFO - DAG(s) dict_keys(['example_xcom']) retrieved from /opt/conda/lib/python3.8/site-packages/airflow/example_dags/example_xcom.py
[2022-11-02 16:43:02,091] {logging_mixin.py:115} INFO - [2022-11-02 16:43:02,091] {dag.py:2420} INFO - Sync 1 DAGs
[2022-11-02 16:43:02,110] {logging_mixin.py:115} INFO - [2022-11-02 16:43:02,110] {dag.py:2968} INFO - Setting next_dagrun for example_xcom to 2021-01-01T00:00:00+00:00, run_after=2021-01-01T00:00:00+00:00
[2022-11-02 16:43:02,120] {processor.py:161} INFO - Processing /opt/conda/lib/python3.8/site-packages/airflow/example_dags/example_xcom.py took 0.073 seconds
[2022-11-02 16:44:05,234] {processor.py:153} INFO - Started process (PID=9371) to work on /opt/conda/lib/python3.8/site-packages/airflow/example_dags/example_xcom.py
[2022-11-02 16:44:05,234] {processor.py:641} INFO - Processing file /opt/conda/lib/python3.8/site-packages/airflow/example_dags/example_xcom.py for tasks to queue
[2022-11-02 16:44:05,235] {logging_mixin.py:115} INFO - [2022-11-02 16:44:05,235] {dagbag.py:508} INFO - Filling up the DagBag from /opt/conda/lib/python3.8/site-packages/airflow/example_dags/example_xcom.py
[2022-11-02 16:44:05,255] {processor.py:651} INFO - DAG(s) dict_keys(['example_xcom']) retrieved from /opt/conda/lib/python3.8/site-packages/airflow/example_dags/example_xcom.py
[2022-11-02 16:44:05,274] {logging_mixin.py:115} INFO - [2022-11-02 16:44:05,274] {dag.py:2420} INFO - Sync 1 DAGs
[2022-11-02 16:44:05,293] {logging_mixin.py:115} INFO - [2022-11-02 16:44:05,293] {dag.py:2968} INFO - Setting next_dagrun for example_xcom to 2021-01-01T00:00:00+00:00, run_after=2021-01-01T00:00:00+00:00
[2022-11-02 16:44:05,304] {processor.py:161} INFO - Processing /opt/conda/lib/python3.8/site-packages/airflow/example_dags/example_xcom.py took 0.077 seconds
[2022-11-02 16:45:08,285] {processor.py:153} INFO - Started process (PID=9515) to work on /opt/conda/lib/python3.8/site-packages/airflow/example_dags/example_xcom.py
[2022-11-02 16:45:08,285] {processor.py:641} INFO - Processing file /opt/conda/lib/python3.8/site-packages/airflow/example_dags/example_xcom.py for tasks to queue
[2022-11-02 16:45:08,286] {logging_mixin.py:115} INFO - [2022-11-02 16:45:08,286] {dagbag.py:508} INFO - Filling up the DagBag from /opt/conda/lib/python3.8/site-packages/airflow/example_dags/example_xcom.py
[2022-11-02 16:45:08,306] {processor.py:651} INFO - DAG(s) dict_keys(['example_xcom']) retrieved from /opt/conda/lib/python3.8/site-packages/airflow/example_dags/example_xcom.py
[2022-11-02 16:45:08,358] {logging_mixin.py:115} INFO - [2022-11-02 16:45:08,358] {dag.py:2420} INFO - Sync 1 DAGs
[2022-11-02 16:45:08,375] {logging_mixin.py:115} INFO - [2022-11-02 16:45:08,375] {dag.py:2968} INFO - Setting next_dagrun for example_xcom to 2021-01-01T00:00:00+00:00, run_after=2021-01-01T00:00:00+00:00
[2022-11-02 16:45:08,388] {processor.py:161} INFO - Processing /opt/conda/lib/python3.8/site-packages/airflow/example_dags/example_xcom.py took 0.109 seconds
[2022-11-02 16:46:22,848] {processor.py:153} INFO - Started process (PID=9720) to work on /opt/conda/lib/python3.8/site-packages/airflow/example_dags/example_xcom.py
[2022-11-02 16:46:22,849] {processor.py:641} INFO - Processing file /opt/conda/lib/python3.8/site-packages/airflow/example_dags/example_xcom.py for tasks to queue
[2022-11-02 16:46:22,849] {logging_mixin.py:115} INFO - [2022-11-02 16:46:22,849] {dagbag.py:508} INFO - Filling up the DagBag from /opt/conda/lib/python3.8/site-packages/airflow/example_dags/example_xcom.py
[2022-11-02 16:46:22,869] {processor.py:651} INFO - DAG(s) dict_keys(['example_xcom']) retrieved from /opt/conda/lib/python3.8/site-packages/airflow/example_dags/example_xcom.py
[2022-11-02 16:46:22,920] {logging_mixin.py:115} INFO - [2022-11-02 16:46:22,920] {dag.py:2420} INFO - Sync 1 DAGs
[2022-11-02 16:46:22,937] {logging_mixin.py:115} INFO - [2022-11-02 16:46:22,936] {dag.py:2968} INFO - Setting next_dagrun for example_xcom to 2021-01-01T00:00:00+00:00, run_after=2021-01-01T00:00:00+00:00
[2022-11-02 16:46:22,956] {processor.py:161} INFO - Processing /opt/conda/lib/python3.8/site-packages/airflow/example_dags/example_xcom.py took 0.114 seconds
[2022-11-02 16:47:52,405] {processor.py:153} INFO - Started process (PID=9978) to work on /opt/conda/lib/python3.8/site-packages/airflow/example_dags/example_xcom.py
[2022-11-02 16:47:52,405] {processor.py:641} INFO - Processing file /opt/conda/lib/python3.8/site-packages/airflow/example_dags/example_xcom.py for tasks to queue
[2022-11-02 16:47:52,406] {logging_mixin.py:115} INFO - [2022-11-02 16:47:52,406] {dagbag.py:508} INFO - Filling up the DagBag from /opt/conda/lib/python3.8/site-packages/airflow/example_dags/example_xcom.py
[2022-11-02 16:47:52,427] {processor.py:651} INFO - DAG(s) dict_keys(['example_xcom']) retrieved from /opt/conda/lib/python3.8/site-packages/airflow/example_dags/example_xcom.py
[2022-11-02 16:47:52,447] {logging_mixin.py:115} INFO - [2022-11-02 16:47:52,446] {dag.py:2420} INFO - Sync 1 DAGs
[2022-11-02 16:47:52,466] {logging_mixin.py:115} INFO - [2022-11-02 16:47:52,465] {dag.py:2968} INFO - Setting next_dagrun for example_xcom to 2021-01-01T00:00:00+00:00, run_after=2021-01-01T00:00:00+00:00
[2022-11-02 16:47:52,477] {processor.py:161} INFO - Processing /opt/conda/lib/python3.8/site-packages/airflow/example_dags/example_xcom.py took 0.078 seconds
[2022-11-02 16:48:44,762] {processor.py:153} INFO - Started process (PID=10101) to work on /opt/conda/lib/python3.8/site-packages/airflow/example_dags/example_xcom.py
[2022-11-02 16:48:44,764] {processor.py:641} INFO - Processing file /opt/conda/lib/python3.8/site-packages/airflow/example_dags/example_xcom.py for tasks to queue
[2022-11-02 16:48:44,764] {logging_mixin.py:115} INFO - [2022-11-02 16:48:44,764] {dagbag.py:508} INFO - Filling up the DagBag from /opt/conda/lib/python3.8/site-packages/airflow/example_dags/example_xcom.py
[2022-11-02 16:48:44,785] {processor.py:651} INFO - DAG(s) dict_keys(['example_xcom']) retrieved from /opt/conda/lib/python3.8/site-packages/airflow/example_dags/example_xcom.py
[2022-11-02 16:48:44,805] {logging_mixin.py:115} INFO - [2022-11-02 16:48:44,805] {dag.py:2420} INFO - Sync 1 DAGs
[2022-11-02 16:48:44,824] {logging_mixin.py:115} INFO - [2022-11-02 16:48:44,824] {dag.py:2968} INFO - Setting next_dagrun for example_xcom to 2021-01-01T00:00:00+00:00, run_after=2021-01-01T00:00:00+00:00
[2022-11-02 16:48:44,836] {processor.py:161} INFO - Processing /opt/conda/lib/python3.8/site-packages/airflow/example_dags/example_xcom.py took 0.080 seconds
[2022-11-02 16:50:16,902] {processor.py:153} INFO - Started process (PID=10380) to work on /opt/conda/lib/python3.8/site-packages/airflow/example_dags/example_xcom.py
[2022-11-02 16:50:16,903] {processor.py:641} INFO - Processing file /opt/conda/lib/python3.8/site-packages/airflow/example_dags/example_xcom.py for tasks to queue
[2022-11-02 16:50:16,904] {logging_mixin.py:115} INFO - [2022-11-02 16:50:16,904] {dagbag.py:508} INFO - Filling up the DagBag from /opt/conda/lib/python3.8/site-packages/airflow/example_dags/example_xcom.py
[2022-11-02 16:50:16,924] {processor.py:651} INFO - DAG(s) dict_keys(['example_xcom']) retrieved from /opt/conda/lib/python3.8/site-packages/airflow/example_dags/example_xcom.py
[2022-11-02 16:50:16,974] {logging_mixin.py:115} INFO - [2022-11-02 16:50:16,974] {dag.py:2420} INFO - Sync 1 DAGs
[2022-11-02 16:50:16,990] {logging_mixin.py:115} INFO - [2022-11-02 16:50:16,990] {dag.py:2968} INFO - Setting next_dagrun for example_xcom to 2021-01-01T00:00:00+00:00, run_after=2021-01-01T00:00:00+00:00
[2022-11-02 16:50:17,002] {processor.py:161} INFO - Processing /opt/conda/lib/python3.8/site-packages/airflow/example_dags/example_xcom.py took 0.106 seconds
[2022-11-02 16:51:15,911] {processor.py:153} INFO - Started process (PID=10566) to work on /opt/conda/lib/python3.8/site-packages/airflow/example_dags/example_xcom.py
[2022-11-02 16:51:15,929] {processor.py:641} INFO - Processing file /opt/conda/lib/python3.8/site-packages/airflow/example_dags/example_xcom.py for tasks to queue
[2022-11-02 16:51:15,930] {logging_mixin.py:115} INFO - [2022-11-02 16:51:15,930] {dagbag.py:508} INFO - Filling up the DagBag from /opt/conda/lib/python3.8/site-packages/airflow/example_dags/example_xcom.py
[2022-11-02 16:51:15,953] {processor.py:651} INFO - DAG(s) dict_keys(['example_xcom']) retrieved from /opt/conda/lib/python3.8/site-packages/airflow/example_dags/example_xcom.py
[2022-11-02 16:51:16,003] {logging_mixin.py:115} INFO - [2022-11-02 16:51:16,003] {dag.py:2420} INFO - Sync 1 DAGs
[2022-11-02 16:51:16,019] {logging_mixin.py:115} INFO - [2022-11-02 16:51:16,019] {dag.py:2968} INFO - Setting next_dagrun for example_xcom to 2021-01-01T00:00:00+00:00, run_after=2021-01-01T00:00:00+00:00
[2022-11-02 16:51:16,032] {processor.py:161} INFO - Processing /opt/conda/lib/python3.8/site-packages/airflow/example_dags/example_xcom.py took 0.127 seconds
[2022-11-02 16:52:13,678] {processor.py:153} INFO - Started process (PID=10719) to work on /opt/conda/lib/python3.8/site-packages/airflow/example_dags/example_xcom.py
[2022-11-02 16:52:13,679] {processor.py:641} INFO - Processing file /opt/conda/lib/python3.8/site-packages/airflow/example_dags/example_xcom.py for tasks to queue
[2022-11-02 16:52:13,679] {logging_mixin.py:115} INFO - [2022-11-02 16:52:13,679] {dagbag.py:508} INFO - Filling up the DagBag from /opt/conda/lib/python3.8/site-packages/airflow/example_dags/example_xcom.py
[2022-11-02 16:52:13,699] {processor.py:651} INFO - DAG(s) dict_keys(['example_xcom']) retrieved from /opt/conda/lib/python3.8/site-packages/airflow/example_dags/example_xcom.py
[2022-11-02 16:52:13,717] {logging_mixin.py:115} INFO - [2022-11-02 16:52:13,717] {dag.py:2420} INFO - Sync 1 DAGs
[2022-11-02 16:52:13,735] {logging_mixin.py:115} INFO - [2022-11-02 16:52:13,734] {dag.py:2968} INFO - Setting next_dagrun for example_xcom to 2021-01-01T00:00:00+00:00, run_after=2021-01-01T00:00:00+00:00
[2022-11-02 16:52:13,745] {processor.py:161} INFO - Processing /opt/conda/lib/python3.8/site-packages/airflow/example_dags/example_xcom.py took 0.074 seconds
[2022-11-02 16:53:14,279] {processor.py:153} INFO - Started process (PID=10897) to work on /opt/conda/lib/python3.8/site-packages/airflow/example_dags/example_xcom.py
[2022-11-02 16:53:14,280] {processor.py:641} INFO - Processing file /opt/conda/lib/python3.8/site-packages/airflow/example_dags/example_xcom.py for tasks to queue
[2022-11-02 16:53:14,280] {logging_mixin.py:115} INFO - [2022-11-02 16:53:14,280] {dagbag.py:508} INFO - Filling up the DagBag from /opt/conda/lib/python3.8/site-packages/airflow/example_dags/example_xcom.py
[2022-11-02 16:53:14,300] {processor.py:651} INFO - DAG(s) dict_keys(['example_xcom']) retrieved from /opt/conda/lib/python3.8/site-packages/airflow/example_dags/example_xcom.py
[2022-11-02 16:53:14,319] {logging_mixin.py:115} INFO - [2022-11-02 16:53:14,318] {dag.py:2420} INFO - Sync 1 DAGs
[2022-11-02 16:53:14,336] {logging_mixin.py:115} INFO - [2022-11-02 16:53:14,336] {dag.py:2968} INFO - Setting next_dagrun for example_xcom to 2021-01-01T00:00:00+00:00, run_after=2021-01-01T00:00:00+00:00
[2022-11-02 16:53:14,354] {processor.py:161} INFO - Processing /opt/conda/lib/python3.8/site-packages/airflow/example_dags/example_xcom.py took 0.081 seconds
[2022-11-02 16:54:14,424] {processor.py:153} INFO - Started process (PID=11051) to work on /opt/conda/lib/python3.8/site-packages/airflow/example_dags/example_xcom.py
[2022-11-02 16:54:14,426] {processor.py:641} INFO - Processing file /opt/conda/lib/python3.8/site-packages/airflow/example_dags/example_xcom.py for tasks to queue
[2022-11-02 16:54:14,426] {logging_mixin.py:115} INFO - [2022-11-02 16:54:14,426] {dagbag.py:508} INFO - Filling up the DagBag from /opt/conda/lib/python3.8/site-packages/airflow/example_dags/example_xcom.py
[2022-11-02 16:54:14,446] {processor.py:651} INFO - DAG(s) dict_keys(['example_xcom']) retrieved from /opt/conda/lib/python3.8/site-packages/airflow/example_dags/example_xcom.py
[2022-11-02 16:54:14,464] {logging_mixin.py:115} INFO - [2022-11-02 16:54:14,464] {dag.py:2420} INFO - Sync 1 DAGs
[2022-11-02 16:54:14,482] {logging_mixin.py:115} INFO - [2022-11-02 16:54:14,482] {dag.py:2968} INFO - Setting next_dagrun for example_xcom to 2021-01-01T00:00:00+00:00, run_after=2021-01-01T00:00:00+00:00
[2022-11-02 16:54:14,493] {processor.py:161} INFO - Processing /opt/conda/lib/python3.8/site-packages/airflow/example_dags/example_xcom.py took 0.074 seconds
[2022-11-02 16:55:18,551] {processor.py:153} INFO - Started process (PID=11217) to work on /opt/conda/lib/python3.8/site-packages/airflow/example_dags/example_xcom.py
[2022-11-02 16:55:18,552] {processor.py:641} INFO - Processing file /opt/conda/lib/python3.8/site-packages/airflow/example_dags/example_xcom.py for tasks to queue
[2022-11-02 16:55:18,553] {logging_mixin.py:115} INFO - [2022-11-02 16:55:18,552] {dagbag.py:508} INFO - Filling up the DagBag from /opt/conda/lib/python3.8/site-packages/airflow/example_dags/example_xcom.py
[2022-11-02 16:55:18,573] {processor.py:651} INFO - DAG(s) dict_keys(['example_xcom']) retrieved from /opt/conda/lib/python3.8/site-packages/airflow/example_dags/example_xcom.py
[2022-11-02 16:55:18,622] {logging_mixin.py:115} INFO - [2022-11-02 16:55:18,622] {dag.py:2420} INFO - Sync 1 DAGs
[2022-11-02 16:55:18,638] {logging_mixin.py:115} INFO - [2022-11-02 16:55:18,638] {dag.py:2968} INFO - Setting next_dagrun for example_xcom to 2021-01-01T00:00:00+00:00, run_after=2021-01-01T00:00:00+00:00
[2022-11-02 16:55:18,650] {processor.py:161} INFO - Processing /opt/conda/lib/python3.8/site-packages/airflow/example_dags/example_xcom.py took 0.105 seconds
[2022-11-02 16:56:24,630] {processor.py:153} INFO - Started process (PID=11381) to work on /opt/conda/lib/python3.8/site-packages/airflow/example_dags/example_xcom.py
[2022-11-02 16:56:24,631] {processor.py:641} INFO - Processing file /opt/conda/lib/python3.8/site-packages/airflow/example_dags/example_xcom.py for tasks to queue
[2022-11-02 16:56:24,632] {logging_mixin.py:115} INFO - [2022-11-02 16:56:24,632] {dagbag.py:508} INFO - Filling up the DagBag from /opt/conda/lib/python3.8/site-packages/airflow/example_dags/example_xcom.py
[2022-11-02 16:56:24,647] {processor.py:651} INFO - DAG(s) dict_keys(['example_xcom']) retrieved from /opt/conda/lib/python3.8/site-packages/airflow/example_dags/example_xcom.py
[2022-11-02 16:56:24,684] {logging_mixin.py:115} INFO - [2022-11-02 16:56:24,684] {dag.py:2420} INFO - Sync 1 DAGs
[2022-11-02 16:56:24,696] {logging_mixin.py:115} INFO - [2022-11-02 16:56:24,696] {dag.py:2968} INFO - Setting next_dagrun for example_xcom to 2021-01-01T00:00:00+00:00, run_after=2021-01-01T00:00:00+00:00
[2022-11-02 16:56:24,706] {processor.py:161} INFO - Processing /opt/conda/lib/python3.8/site-packages/airflow/example_dags/example_xcom.py took 0.082 seconds
[2022-11-02 16:57:31,705] {processor.py:153} INFO - Started process (PID=11548) to work on /opt/conda/lib/python3.8/site-packages/airflow/example_dags/example_xcom.py
[2022-11-02 16:57:31,706] {processor.py:641} INFO - Processing file /opt/conda/lib/python3.8/site-packages/airflow/example_dags/example_xcom.py for tasks to queue
[2022-11-02 16:57:31,707] {logging_mixin.py:115} INFO - [2022-11-02 16:57:31,707] {dagbag.py:508} INFO - Filling up the DagBag from /opt/conda/lib/python3.8/site-packages/airflow/example_dags/example_xcom.py
[2022-11-02 16:57:31,727] {processor.py:651} INFO - DAG(s) dict_keys(['example_xcom']) retrieved from /opt/conda/lib/python3.8/site-packages/airflow/example_dags/example_xcom.py
[2022-11-02 16:57:31,746] {logging_mixin.py:115} INFO - [2022-11-02 16:57:31,746] {dag.py:2420} INFO - Sync 1 DAGs
[2022-11-02 16:57:31,764] {logging_mixin.py:115} INFO - [2022-11-02 16:57:31,764] {dag.py:2968} INFO - Setting next_dagrun for example_xcom to 2021-01-01T00:00:00+00:00, run_after=2021-01-01T00:00:00+00:00
[2022-11-02 16:57:31,782] {processor.py:161} INFO - Processing /opt/conda/lib/python3.8/site-packages/airflow/example_dags/example_xcom.py took 0.083 seconds
[2022-11-02 16:58:34,278] {processor.py:153} INFO - Started process (PID=11711) to work on /opt/conda/lib/python3.8/site-packages/airflow/example_dags/example_xcom.py
[2022-11-02 16:58:34,280] {processor.py:641} INFO - Processing file /opt/conda/lib/python3.8/site-packages/airflow/example_dags/example_xcom.py for tasks to queue
[2022-11-02 16:58:34,280] {logging_mixin.py:115} INFO - [2022-11-02 16:58:34,280] {dagbag.py:508} INFO - Filling up the DagBag from /opt/conda/lib/python3.8/site-packages/airflow/example_dags/example_xcom.py
[2022-11-02 16:58:34,300] {processor.py:651} INFO - DAG(s) dict_keys(['example_xcom']) retrieved from /opt/conda/lib/python3.8/site-packages/airflow/example_dags/example_xcom.py
[2022-11-02 16:58:34,318] {logging_mixin.py:115} INFO - [2022-11-02 16:58:34,318] {dag.py:2420} INFO - Sync 1 DAGs
[2022-11-02 16:58:34,336] {logging_mixin.py:115} INFO - [2022-11-02 16:58:34,336] {dag.py:2968} INFO - Setting next_dagrun for example_xcom to 2021-01-01T00:00:00+00:00, run_after=2021-01-01T00:00:00+00:00
[2022-11-02 16:58:34,354] {processor.py:161} INFO - Processing /opt/conda/lib/python3.8/site-packages/airflow/example_dags/example_xcom.py took 0.082 seconds
[2022-11-02 16:59:38,270] {processor.py:153} INFO - Started process (PID=11876) to work on /opt/conda/lib/python3.8/site-packages/airflow/example_dags/example_xcom.py
[2022-11-02 16:59:38,271] {processor.py:641} INFO - Processing file /opt/conda/lib/python3.8/site-packages/airflow/example_dags/example_xcom.py for tasks to queue
[2022-11-02 16:59:38,272] {logging_mixin.py:115} INFO - [2022-11-02 16:59:38,272] {dagbag.py:508} INFO - Filling up the DagBag from /opt/conda/lib/python3.8/site-packages/airflow/example_dags/example_xcom.py
[2022-11-02 16:59:38,292] {processor.py:651} INFO - DAG(s) dict_keys(['example_xcom']) retrieved from /opt/conda/lib/python3.8/site-packages/airflow/example_dags/example_xcom.py
[2022-11-02 16:59:38,341] {logging_mixin.py:115} INFO - [2022-11-02 16:59:38,341] {dag.py:2420} INFO - Sync 1 DAGs
[2022-11-02 16:59:38,358] {logging_mixin.py:115} INFO - [2022-11-02 16:59:38,358] {dag.py:2968} INFO - Setting next_dagrun for example_xcom to 2021-01-01T00:00:00+00:00, run_after=2021-01-01T00:00:00+00:00
[2022-11-02 16:59:38,376] {processor.py:161} INFO - Processing /opt/conda/lib/python3.8/site-packages/airflow/example_dags/example_xcom.py took 0.112 seconds
[2022-11-02 17:00:53,262] {processor.py:153} INFO - Started process (PID=12080) to work on /opt/conda/lib/python3.8/site-packages/airflow/example_dags/example_xcom.py
[2022-11-02 17:00:53,263] {processor.py:641} INFO - Processing file /opt/conda/lib/python3.8/site-packages/airflow/example_dags/example_xcom.py for tasks to queue
[2022-11-02 17:00:53,264] {logging_mixin.py:115} INFO - [2022-11-02 17:00:53,264] {dagbag.py:508} INFO - Filling up the DagBag from /opt/conda/lib/python3.8/site-packages/airflow/example_dags/example_xcom.py
[2022-11-02 17:00:53,284] {processor.py:651} INFO - DAG(s) dict_keys(['example_xcom']) retrieved from /opt/conda/lib/python3.8/site-packages/airflow/example_dags/example_xcom.py
[2022-11-02 17:00:53,333] {logging_mixin.py:115} INFO - [2022-11-02 17:00:53,333] {dag.py:2420} INFO - Sync 1 DAGs
[2022-11-02 17:00:53,349] {logging_mixin.py:115} INFO - [2022-11-02 17:00:53,349] {dag.py:2968} INFO - Setting next_dagrun for example_xcom to 2021-01-01T00:00:00+00:00, run_after=2021-01-01T00:00:00+00:00
[2022-11-02 17:00:53,370] {processor.py:161} INFO - Processing /opt/conda/lib/python3.8/site-packages/airflow/example_dags/example_xcom.py took 0.114 seconds
[2022-11-02 17:01:55,848] {processor.py:153} INFO - Started process (PID=12244) to work on /opt/conda/lib/python3.8/site-packages/airflow/example_dags/example_xcom.py
[2022-11-02 17:01:55,849] {processor.py:641} INFO - Processing file /opt/conda/lib/python3.8/site-packages/airflow/example_dags/example_xcom.py for tasks to queue
[2022-11-02 17:01:55,849] {logging_mixin.py:115} INFO - [2022-11-02 17:01:55,849] {dagbag.py:508} INFO - Filling up the DagBag from /opt/conda/lib/python3.8/site-packages/airflow/example_dags/example_xcom.py
[2022-11-02 17:01:55,869] {processor.py:651} INFO - DAG(s) dict_keys(['example_xcom']) retrieved from /opt/conda/lib/python3.8/site-packages/airflow/example_dags/example_xcom.py
[2022-11-02 17:01:55,887] {logging_mixin.py:115} INFO - [2022-11-02 17:01:55,887] {dag.py:2420} INFO - Sync 1 DAGs
[2022-11-02 17:01:55,905] {logging_mixin.py:115} INFO - [2022-11-02 17:01:55,905] {dag.py:2968} INFO - Setting next_dagrun for example_xcom to 2021-01-01T00:00:00+00:00, run_after=2021-01-01T00:00:00+00:00
[2022-11-02 17:01:55,923] {processor.py:161} INFO - Processing /opt/conda/lib/python3.8/site-packages/airflow/example_dags/example_xcom.py took 0.080 seconds
[2022-11-02 17:03:00,019] {processor.py:153} INFO - Started process (PID=12408) to work on /opt/conda/lib/python3.8/site-packages/airflow/example_dags/example_xcom.py
[2022-11-02 17:03:00,021] {processor.py:641} INFO - Processing file /opt/conda/lib/python3.8/site-packages/airflow/example_dags/example_xcom.py for tasks to queue
[2022-11-02 17:03:00,021] {logging_mixin.py:115} INFO - [2022-11-02 17:03:00,021] {dagbag.py:508} INFO - Filling up the DagBag from /opt/conda/lib/python3.8/site-packages/airflow/example_dags/example_xcom.py
[2022-11-02 17:03:00,041] {processor.py:651} INFO - DAG(s) dict_keys(['example_xcom']) retrieved from /opt/conda/lib/python3.8/site-packages/airflow/example_dags/example_xcom.py
[2022-11-02 17:03:00,060] {logging_mixin.py:115} INFO - [2022-11-02 17:03:00,060] {dag.py:2420} INFO - Sync 1 DAGs
[2022-11-02 17:03:00,078] {logging_mixin.py:115} INFO - [2022-11-02 17:03:00,078] {dag.py:2968} INFO - Setting next_dagrun for example_xcom to 2021-01-01T00:00:00+00:00, run_after=2021-01-01T00:00:00+00:00
[2022-11-02 17:03:00,089] {processor.py:161} INFO - Processing /opt/conda/lib/python3.8/site-packages/airflow/example_dags/example_xcom.py took 0.076 seconds
[2022-11-02 17:03:59,120] {processor.py:153} INFO - Started process (PID=12570) to work on /opt/conda/lib/python3.8/site-packages/airflow/example_dags/example_xcom.py
[2022-11-02 17:03:59,121] {processor.py:641} INFO - Processing file /opt/conda/lib/python3.8/site-packages/airflow/example_dags/example_xcom.py for tasks to queue
[2022-11-02 17:03:59,121] {logging_mixin.py:115} INFO - [2022-11-02 17:03:59,121] {dagbag.py:508} INFO - Filling up the DagBag from /opt/conda/lib/python3.8/site-packages/airflow/example_dags/example_xcom.py
[2022-11-02 17:03:59,141] {processor.py:651} INFO - DAG(s) dict_keys(['example_xcom']) retrieved from /opt/conda/lib/python3.8/site-packages/airflow/example_dags/example_xcom.py
[2022-11-02 17:03:59,160] {logging_mixin.py:115} INFO - [2022-11-02 17:03:59,160] {dag.py:2420} INFO - Sync 1 DAGs
[2022-11-02 17:03:59,178] {logging_mixin.py:115} INFO - [2022-11-02 17:03:59,178] {dag.py:2968} INFO - Setting next_dagrun for example_xcom to 2021-01-01T00:00:00+00:00, run_after=2021-01-01T00:00:00+00:00
[2022-11-02 17:03:59,189] {processor.py:161} INFO - Processing /opt/conda/lib/python3.8/site-packages/airflow/example_dags/example_xcom.py took 0.075 seconds
[2022-11-02 17:05:04,771] {processor.py:153} INFO - Started process (PID=12735) to work on /opt/conda/lib/python3.8/site-packages/airflow/example_dags/example_xcom.py
[2022-11-02 17:05:04,772] {processor.py:641} INFO - Processing file /opt/conda/lib/python3.8/site-packages/airflow/example_dags/example_xcom.py for tasks to queue
[2022-11-02 17:05:04,773] {logging_mixin.py:115} INFO - [2022-11-02 17:05:04,773] {dagbag.py:508} INFO - Filling up the DagBag from /opt/conda/lib/python3.8/site-packages/airflow/example_dags/example_xcom.py
[2022-11-02 17:05:04,793] {processor.py:651} INFO - DAG(s) dict_keys(['example_xcom']) retrieved from /opt/conda/lib/python3.8/site-packages/airflow/example_dags/example_xcom.py
[2022-11-02 17:05:04,843] {logging_mixin.py:115} INFO - [2022-11-02 17:05:04,842] {dag.py:2420} INFO - Sync 1 DAGs
[2022-11-02 17:05:04,861] {logging_mixin.py:115} INFO - [2022-11-02 17:05:04,861] {dag.py:2968} INFO - Setting next_dagrun for example_xcom to 2021-01-01T00:00:00+00:00, run_after=2021-01-01T00:00:00+00:00
[2022-11-02 17:05:04,880] {processor.py:161} INFO - Processing /opt/conda/lib/python3.8/site-packages/airflow/example_dags/example_xcom.py took 0.115 seconds
[2022-11-02 17:06:12,690] {processor.py:153} INFO - Started process (PID=12903) to work on /opt/conda/lib/python3.8/site-packages/airflow/example_dags/example_xcom.py
[2022-11-02 17:06:12,692] {processor.py:641} INFO - Processing file /opt/conda/lib/python3.8/site-packages/airflow/example_dags/example_xcom.py for tasks to queue
[2022-11-02 17:06:12,693] {logging_mixin.py:115} INFO - [2022-11-02 17:06:12,692] {dagbag.py:508} INFO - Filling up the DagBag from /opt/conda/lib/python3.8/site-packages/airflow/example_dags/example_xcom.py
[2022-11-02 17:06:12,713] {processor.py:651} INFO - DAG(s) dict_keys(['example_xcom']) retrieved from /opt/conda/lib/python3.8/site-packages/airflow/example_dags/example_xcom.py
[2022-11-02 17:06:12,763] {logging_mixin.py:115} INFO - [2022-11-02 17:06:12,763] {dag.py:2420} INFO - Sync 1 DAGs
[2022-11-02 17:06:12,782] {logging_mixin.py:115} INFO - [2022-11-02 17:06:12,782] {dag.py:2968} INFO - Setting next_dagrun for example_xcom to 2021-01-01T00:00:00+00:00, run_after=2021-01-01T00:00:00+00:00
[2022-11-02 17:06:12,794] {processor.py:161} INFO - Processing /opt/conda/lib/python3.8/site-packages/airflow/example_dags/example_xcom.py took 0.110 seconds
[2022-11-02 17:07:15,541] {processor.py:153} INFO - Started process (PID=13066) to work on /opt/conda/lib/python3.8/site-packages/airflow/example_dags/example_xcom.py
[2022-11-02 17:07:15,542] {processor.py:641} INFO - Processing file /opt/conda/lib/python3.8/site-packages/airflow/example_dags/example_xcom.py for tasks to queue
[2022-11-02 17:07:15,542] {logging_mixin.py:115} INFO - [2022-11-02 17:07:15,542] {dagbag.py:508} INFO - Filling up the DagBag from /opt/conda/lib/python3.8/site-packages/airflow/example_dags/example_xcom.py
[2022-11-02 17:07:15,563] {processor.py:651} INFO - DAG(s) dict_keys(['example_xcom']) retrieved from /opt/conda/lib/python3.8/site-packages/airflow/example_dags/example_xcom.py
[2022-11-02 17:07:15,584] {logging_mixin.py:115} INFO - [2022-11-02 17:07:15,583] {dag.py:2420} INFO - Sync 1 DAGs
[2022-11-02 17:07:15,603] {logging_mixin.py:115} INFO - [2022-11-02 17:07:15,603] {dag.py:2968} INFO - Setting next_dagrun for example_xcom to 2021-01-01T00:00:00+00:00, run_after=2021-01-01T00:00:00+00:00
[2022-11-02 17:07:15,614] {processor.py:161} INFO - Processing /opt/conda/lib/python3.8/site-packages/airflow/example_dags/example_xcom.py took 0.079 seconds
[2022-11-02 17:08:20,060] {processor.py:153} INFO - Started process (PID=13232) to work on /opt/conda/lib/python3.8/site-packages/airflow/example_dags/example_xcom.py
[2022-11-02 17:08:20,061] {processor.py:641} INFO - Processing file /opt/conda/lib/python3.8/site-packages/airflow/example_dags/example_xcom.py for tasks to queue
[2022-11-02 17:08:20,061] {logging_mixin.py:115} INFO - [2022-11-02 17:08:20,061] {dagbag.py:508} INFO - Filling up the DagBag from /opt/conda/lib/python3.8/site-packages/airflow/example_dags/example_xcom.py
[2022-11-02 17:08:20,081] {processor.py:651} INFO - DAG(s) dict_keys(['example_xcom']) retrieved from /opt/conda/lib/python3.8/site-packages/airflow/example_dags/example_xcom.py
[2022-11-02 17:08:20,099] {logging_mixin.py:115} INFO - [2022-11-02 17:08:20,099] {dag.py:2420} INFO - Sync 1 DAGs
[2022-11-02 17:08:20,117] {logging_mixin.py:115} INFO - [2022-11-02 17:08:20,117] {dag.py:2968} INFO - Setting next_dagrun for example_xcom to 2021-01-01T00:00:00+00:00, run_after=2021-01-01T00:00:00+00:00
[2022-11-02 17:08:20,135] {processor.py:161} INFO - Processing /opt/conda/lib/python3.8/site-packages/airflow/example_dags/example_xcom.py took 0.081 seconds
[2022-11-02 17:09:21,609] {processor.py:153} INFO - Started process (PID=13396) to work on /opt/conda/lib/python3.8/site-packages/airflow/example_dags/example_xcom.py
[2022-11-02 17:09:21,610] {processor.py:641} INFO - Processing file /opt/conda/lib/python3.8/site-packages/airflow/example_dags/example_xcom.py for tasks to queue
[2022-11-02 17:09:21,611] {logging_mixin.py:115} INFO - [2022-11-02 17:09:21,611] {dagbag.py:508} INFO - Filling up the DagBag from /opt/conda/lib/python3.8/site-packages/airflow/example_dags/example_xcom.py
[2022-11-02 17:09:21,630] {processor.py:651} INFO - DAG(s) dict_keys(['example_xcom']) retrieved from /opt/conda/lib/python3.8/site-packages/airflow/example_dags/example_xcom.py
[2022-11-02 17:09:21,679] {logging_mixin.py:115} INFO - [2022-11-02 17:09:21,679] {dag.py:2420} INFO - Sync 1 DAGs
[2022-11-02 17:09:21,697] {logging_mixin.py:115} INFO - [2022-11-02 17:09:21,697] {dag.py:2968} INFO - Setting next_dagrun for example_xcom to 2021-01-01T00:00:00+00:00, run_after=2021-01-01T00:00:00+00:00
[2022-11-02 17:09:21,709] {processor.py:161} INFO - Processing /opt/conda/lib/python3.8/site-packages/airflow/example_dags/example_xcom.py took 0.106 seconds
[2022-11-02 17:10:22,824] {processor.py:153} INFO - Started process (PID=13559) to work on /opt/conda/lib/python3.8/site-packages/airflow/example_dags/example_xcom.py
[2022-11-02 17:10:22,825] {processor.py:641} INFO - Processing file /opt/conda/lib/python3.8/site-packages/airflow/example_dags/example_xcom.py for tasks to queue
[2022-11-02 17:10:22,825] {logging_mixin.py:115} INFO - [2022-11-02 17:10:22,825] {dagbag.py:508} INFO - Filling up the DagBag from /opt/conda/lib/python3.8/site-packages/airflow/example_dags/example_xcom.py
[2022-11-02 17:10:22,845] {processor.py:651} INFO - DAG(s) dict_keys(['example_xcom']) retrieved from /opt/conda/lib/python3.8/site-packages/airflow/example_dags/example_xcom.py
[2022-11-02 17:10:22,894] {logging_mixin.py:115} INFO - [2022-11-02 17:10:22,894] {dag.py:2420} INFO - Sync 1 DAGs
[2022-11-02 17:10:22,912] {logging_mixin.py:115} INFO - [2022-11-02 17:10:22,912] {dag.py:2968} INFO - Setting next_dagrun for example_xcom to 2021-01-01T00:00:00+00:00, run_after=2021-01-01T00:00:00+00:00
[2022-11-02 17:10:22,927] {processor.py:161} INFO - Processing /opt/conda/lib/python3.8/site-packages/airflow/example_dags/example_xcom.py took 0.109 seconds
[2022-11-02 17:11:28,456] {processor.py:153} INFO - Started process (PID=13723) to work on /opt/conda/lib/python3.8/site-packages/airflow/example_dags/example_xcom.py
[2022-11-02 17:11:28,458] {processor.py:641} INFO - Processing file /opt/conda/lib/python3.8/site-packages/airflow/example_dags/example_xcom.py for tasks to queue
[2022-11-02 17:11:28,458] {logging_mixin.py:115} INFO - [2022-11-02 17:11:28,458] {dagbag.py:508} INFO - Filling up the DagBag from /opt/conda/lib/python3.8/site-packages/airflow/example_dags/example_xcom.py
[2022-11-02 17:11:28,478] {processor.py:651} INFO - DAG(s) dict_keys(['example_xcom']) retrieved from /opt/conda/lib/python3.8/site-packages/airflow/example_dags/example_xcom.py
[2022-11-02 17:11:28,496] {logging_mixin.py:115} INFO - [2022-11-02 17:11:28,496] {dag.py:2420} INFO - Sync 1 DAGs
[2022-11-02 17:11:28,514] {logging_mixin.py:115} INFO - [2022-11-02 17:11:28,514] {dag.py:2968} INFO - Setting next_dagrun for example_xcom to 2021-01-01T00:00:00+00:00, run_after=2021-01-01T00:00:00+00:00
[2022-11-02 17:11:28,525] {processor.py:161} INFO - Processing /opt/conda/lib/python3.8/site-packages/airflow/example_dags/example_xcom.py took 0.074 seconds
[2022-11-02 17:12:30,368] {processor.py:153} INFO - Started process (PID=13887) to work on /opt/conda/lib/python3.8/site-packages/airflow/example_dags/example_xcom.py
[2022-11-02 17:12:30,369] {processor.py:641} INFO - Processing file /opt/conda/lib/python3.8/site-packages/airflow/example_dags/example_xcom.py for tasks to queue
[2022-11-02 17:12:30,369] {logging_mixin.py:115} INFO - [2022-11-02 17:12:30,369] {dagbag.py:508} INFO - Filling up the DagBag from /opt/conda/lib/python3.8/site-packages/airflow/example_dags/example_xcom.py
[2022-11-02 17:12:30,390] {processor.py:651} INFO - DAG(s) dict_keys(['example_xcom']) retrieved from /opt/conda/lib/python3.8/site-packages/airflow/example_dags/example_xcom.py
[2022-11-02 17:12:30,408] {logging_mixin.py:115} INFO - [2022-11-02 17:12:30,408] {dag.py:2420} INFO - Sync 1 DAGs
[2022-11-02 17:12:30,426] {logging_mixin.py:115} INFO - [2022-11-02 17:12:30,426] {dag.py:2968} INFO - Setting next_dagrun for example_xcom to 2021-01-01T00:00:00+00:00, run_after=2021-01-01T00:00:00+00:00
[2022-11-02 17:12:30,437] {processor.py:161} INFO - Processing /opt/conda/lib/python3.8/site-packages/airflow/example_dags/example_xcom.py took 0.074 seconds
[2022-11-02 17:13:28,964] {processor.py:153} INFO - Started process (PID=14047) to work on /opt/conda/lib/python3.8/site-packages/airflow/example_dags/example_xcom.py
[2022-11-02 17:13:28,965] {processor.py:641} INFO - Processing file /opt/conda/lib/python3.8/site-packages/airflow/example_dags/example_xcom.py for tasks to queue
[2022-11-02 17:13:28,965] {logging_mixin.py:115} INFO - [2022-11-02 17:13:28,965] {dagbag.py:508} INFO - Filling up the DagBag from /opt/conda/lib/python3.8/site-packages/airflow/example_dags/example_xcom.py
[2022-11-02 17:13:28,985] {processor.py:651} INFO - DAG(s) dict_keys(['example_xcom']) retrieved from /opt/conda/lib/python3.8/site-packages/airflow/example_dags/example_xcom.py
[2022-11-02 17:13:29,003] {logging_mixin.py:115} INFO - [2022-11-02 17:13:29,003] {dag.py:2420} INFO - Sync 1 DAGs
[2022-11-02 17:13:29,022] {logging_mixin.py:115} INFO - [2022-11-02 17:13:29,022] {dag.py:2968} INFO - Setting next_dagrun for example_xcom to 2021-01-01T00:00:00+00:00, run_after=2021-01-01T00:00:00+00:00
[2022-11-02 17:13:29,032] {processor.py:161} INFO - Processing /opt/conda/lib/python3.8/site-packages/airflow/example_dags/example_xcom.py took 0.074 seconds
[2022-11-02 17:14:29,856] {processor.py:153} INFO - Started process (PID=14211) to work on /opt/conda/lib/python3.8/site-packages/airflow/example_dags/example_xcom.py
[2022-11-02 17:14:29,856] {processor.py:641} INFO - Processing file /opt/conda/lib/python3.8/site-packages/airflow/example_dags/example_xcom.py for tasks to queue
[2022-11-02 17:14:29,857] {logging_mixin.py:115} INFO - [2022-11-02 17:14:29,857] {dagbag.py:508} INFO - Filling up the DagBag from /opt/conda/lib/python3.8/site-packages/airflow/example_dags/example_xcom.py
[2022-11-02 17:14:29,877] {processor.py:651} INFO - DAG(s) dict_keys(['example_xcom']) retrieved from /opt/conda/lib/python3.8/site-packages/airflow/example_dags/example_xcom.py
[2022-11-02 17:14:29,926] {logging_mixin.py:115} INFO - [2022-11-02 17:14:29,926] {dag.py:2420} INFO - Sync 1 DAGs
[2022-11-02 17:14:29,943] {logging_mixin.py:115} INFO - [2022-11-02 17:14:29,943] {dag.py:2968} INFO - Setting next_dagrun for example_xcom to 2021-01-01T00:00:00+00:00, run_after=2021-01-01T00:00:00+00:00
[2022-11-02 17:14:29,962] {processor.py:161} INFO - Processing /opt/conda/lib/python3.8/site-packages/airflow/example_dags/example_xcom.py took 0.113 seconds
[2022-11-02 17:15:33,049] {processor.py:153} INFO - Started process (PID=14374) to work on /opt/conda/lib/python3.8/site-packages/airflow/example_dags/example_xcom.py
[2022-11-02 17:15:33,050] {processor.py:641} INFO - Processing file /opt/conda/lib/python3.8/site-packages/airflow/example_dags/example_xcom.py for tasks to queue
[2022-11-02 17:15:33,050] {logging_mixin.py:115} INFO - [2022-11-02 17:15:33,050] {dagbag.py:508} INFO - Filling up the DagBag from /opt/conda/lib/python3.8/site-packages/airflow/example_dags/example_xcom.py
[2022-11-02 17:15:33,070] {processor.py:651} INFO - DAG(s) dict_keys(['example_xcom']) retrieved from /opt/conda/lib/python3.8/site-packages/airflow/example_dags/example_xcom.py
[2022-11-02 17:15:33,118] {logging_mixin.py:115} INFO - [2022-11-02 17:15:33,118] {dag.py:2420} INFO - Sync 1 DAGs
[2022-11-02 17:15:33,136] {logging_mixin.py:115} INFO - [2022-11-02 17:15:33,136] {dag.py:2968} INFO - Setting next_dagrun for example_xcom to 2021-01-01T00:00:00+00:00, run_after=2021-01-01T00:00:00+00:00
[2022-11-02 17:15:33,155] {processor.py:161} INFO - Processing /opt/conda/lib/python3.8/site-packages/airflow/example_dags/example_xcom.py took 0.110 seconds
[2022-11-02 17:16:31,224] {processor.py:153} INFO - Started process (PID=14537) to work on /opt/conda/lib/python3.8/site-packages/airflow/example_dags/example_xcom.py
[2022-11-02 17:16:31,225] {processor.py:641} INFO - Processing file /opt/conda/lib/python3.8/site-packages/airflow/example_dags/example_xcom.py for tasks to queue
[2022-11-02 17:16:31,225] {logging_mixin.py:115} INFO - [2022-11-02 17:16:31,225] {dagbag.py:508} INFO - Filling up the DagBag from /opt/conda/lib/python3.8/site-packages/airflow/example_dags/example_xcom.py
[2022-11-02 17:16:31,245] {processor.py:651} INFO - DAG(s) dict_keys(['example_xcom']) retrieved from /opt/conda/lib/python3.8/site-packages/airflow/example_dags/example_xcom.py
[2022-11-02 17:16:31,264] {logging_mixin.py:115} INFO - [2022-11-02 17:16:31,264] {dag.py:2420} INFO - Sync 1 DAGs
[2022-11-02 17:16:31,282] {logging_mixin.py:115} INFO - [2022-11-02 17:16:31,281] {dag.py:2968} INFO - Setting next_dagrun for example_xcom to 2021-01-01T00:00:00+00:00, run_after=2021-01-01T00:00:00+00:00
[2022-11-02 17:16:31,299] {processor.py:161} INFO - Processing /opt/conda/lib/python3.8/site-packages/airflow/example_dags/example_xcom.py took 0.081 seconds
[2022-11-02 17:17:21,092] {processor.py:153} INFO - Started process (PID=14673) to work on /opt/conda/lib/python3.8/site-packages/airflow/example_dags/example_xcom.py
[2022-11-02 17:17:21,093] {processor.py:641} INFO - Processing file /opt/conda/lib/python3.8/site-packages/airflow/example_dags/example_xcom.py for tasks to queue
[2022-11-02 17:17:21,093] {logging_mixin.py:115} INFO - [2022-11-02 17:17:21,093] {dagbag.py:508} INFO - Filling up the DagBag from /opt/conda/lib/python3.8/site-packages/airflow/example_dags/example_xcom.py
[2022-11-02 17:17:21,114] {processor.py:651} INFO - DAG(s) dict_keys(['example_xcom']) retrieved from /opt/conda/lib/python3.8/site-packages/airflow/example_dags/example_xcom.py
[2022-11-02 17:17:21,132] {logging_mixin.py:115} INFO - [2022-11-02 17:17:21,132] {dag.py:2420} INFO - Sync 1 DAGs
[2022-11-02 17:17:21,150] {logging_mixin.py:115} INFO - [2022-11-02 17:17:21,150] {dag.py:2968} INFO - Setting next_dagrun for example_xcom to 2021-01-01T00:00:00+00:00, run_after=2021-01-01T00:00:00+00:00
[2022-11-02 17:17:21,161] {processor.py:161} INFO - Processing /opt/conda/lib/python3.8/site-packages/airflow/example_dags/example_xcom.py took 0.074 seconds
[2022-11-02 17:18:12,284] {processor.py:153} INFO - Started process (PID=14806) to work on /opt/conda/lib/python3.8/site-packages/airflow/example_dags/example_xcom.py
[2022-11-02 17:18:12,285] {processor.py:641} INFO - Processing file /opt/conda/lib/python3.8/site-packages/airflow/example_dags/example_xcom.py for tasks to queue
[2022-11-02 17:18:12,286] {logging_mixin.py:115} INFO - [2022-11-02 17:18:12,285] {dagbag.py:508} INFO - Filling up the DagBag from /opt/conda/lib/python3.8/site-packages/airflow/example_dags/example_xcom.py
[2022-11-02 17:18:12,307] {processor.py:651} INFO - DAG(s) dict_keys(['example_xcom']) retrieved from /opt/conda/lib/python3.8/site-packages/airflow/example_dags/example_xcom.py
[2022-11-02 17:18:12,325] {logging_mixin.py:115} INFO - [2022-11-02 17:18:12,325] {dag.py:2420} INFO - Sync 1 DAGs
[2022-11-02 17:18:12,343] {logging_mixin.py:115} INFO - [2022-11-02 17:18:12,343] {dag.py:2968} INFO - Setting next_dagrun for example_xcom to 2021-01-01T00:00:00+00:00, run_after=2021-01-01T00:00:00+00:00
[2022-11-02 17:18:12,354] {processor.py:161} INFO - Processing /opt/conda/lib/python3.8/site-packages/airflow/example_dags/example_xcom.py took 0.075 seconds
[2022-11-02 17:19:14,394] {processor.py:153} INFO - Started process (PID=14968) to work on /opt/conda/lib/python3.8/site-packages/airflow/example_dags/example_xcom.py
[2022-11-02 17:19:14,395] {processor.py:641} INFO - Processing file /opt/conda/lib/python3.8/site-packages/airflow/example_dags/example_xcom.py for tasks to queue
[2022-11-02 17:19:14,395] {logging_mixin.py:115} INFO - [2022-11-02 17:19:14,395] {dagbag.py:508} INFO - Filling up the DagBag from /opt/conda/lib/python3.8/site-packages/airflow/example_dags/example_xcom.py
[2022-11-02 17:19:14,415] {processor.py:651} INFO - DAG(s) dict_keys(['example_xcom']) retrieved from /opt/conda/lib/python3.8/site-packages/airflow/example_dags/example_xcom.py
[2022-11-02 17:19:14,433] {logging_mixin.py:115} INFO - [2022-11-02 17:19:14,433] {dag.py:2420} INFO - Sync 1 DAGs
[2022-11-02 17:19:14,451] {logging_mixin.py:115} INFO - [2022-11-02 17:19:14,451] {dag.py:2968} INFO - Setting next_dagrun for example_xcom to 2021-01-01T00:00:00+00:00, run_after=2021-01-01T00:00:00+00:00
[2022-11-02 17:19:14,462] {processor.py:161} INFO - Processing /opt/conda/lib/python3.8/site-packages/airflow/example_dags/example_xcom.py took 0.074 seconds
[2022-11-02 17:20:13,942] {processor.py:153} INFO - Started process (PID=15130) to work on /opt/conda/lib/python3.8/site-packages/airflow/example_dags/example_xcom.py
[2022-11-02 17:20:13,943] {processor.py:641} INFO - Processing file /opt/conda/lib/python3.8/site-packages/airflow/example_dags/example_xcom.py for tasks to queue
[2022-11-02 17:20:13,943] {logging_mixin.py:115} INFO - [2022-11-02 17:20:13,943] {dagbag.py:508} INFO - Filling up the DagBag from /opt/conda/lib/python3.8/site-packages/airflow/example_dags/example_xcom.py
[2022-11-02 17:20:13,963] {processor.py:651} INFO - DAG(s) dict_keys(['example_xcom']) retrieved from /opt/conda/lib/python3.8/site-packages/airflow/example_dags/example_xcom.py
[2022-11-02 17:20:14,013] {logging_mixin.py:115} INFO - [2022-11-02 17:20:14,013] {dag.py:2420} INFO - Sync 1 DAGs
[2022-11-02 17:20:14,029] {logging_mixin.py:115} INFO - [2022-11-02 17:20:14,029] {dag.py:2968} INFO - Setting next_dagrun for example_xcom to 2021-01-01T00:00:00+00:00, run_after=2021-01-01T00:00:00+00:00
[2022-11-02 17:20:14,041] {processor.py:161} INFO - Processing /opt/conda/lib/python3.8/site-packages/airflow/example_dags/example_xcom.py took 0.106 seconds
[2022-11-02 17:21:18,183] {processor.py:153} INFO - Started process (PID=15295) to work on /opt/conda/lib/python3.8/site-packages/airflow/example_dags/example_xcom.py
[2022-11-02 17:21:18,184] {processor.py:641} INFO - Processing file /opt/conda/lib/python3.8/site-packages/airflow/example_dags/example_xcom.py for tasks to queue
[2022-11-02 17:21:18,185] {logging_mixin.py:115} INFO - [2022-11-02 17:21:18,184] {dagbag.py:508} INFO - Filling up the DagBag from /opt/conda/lib/python3.8/site-packages/airflow/example_dags/example_xcom.py
[2022-11-02 17:21:18,204] {processor.py:651} INFO - DAG(s) dict_keys(['example_xcom']) retrieved from /opt/conda/lib/python3.8/site-packages/airflow/example_dags/example_xcom.py
[2022-11-02 17:21:18,255] {logging_mixin.py:115} INFO - [2022-11-02 17:21:18,254] {dag.py:2420} INFO - Sync 1 DAGs
[2022-11-02 17:21:18,271] {logging_mixin.py:115} INFO - [2022-11-02 17:21:18,271] {dag.py:2968} INFO - Setting next_dagrun for example_xcom to 2021-01-01T00:00:00+00:00, run_after=2021-01-01T00:00:00+00:00
[2022-11-02 17:21:18,283] {processor.py:161} INFO - Processing /opt/conda/lib/python3.8/site-packages/airflow/example_dags/example_xcom.py took 0.107 seconds
[2022-11-02 17:22:16,282] {processor.py:153} INFO - Started process (PID=15457) to work on /opt/conda/lib/python3.8/site-packages/airflow/example_dags/example_xcom.py
[2022-11-02 17:22:16,282] {processor.py:641} INFO - Processing file /opt/conda/lib/python3.8/site-packages/airflow/example_dags/example_xcom.py for tasks to queue
[2022-11-02 17:22:16,283] {logging_mixin.py:115} INFO - [2022-11-02 17:22:16,283] {dagbag.py:508} INFO - Filling up the DagBag from /opt/conda/lib/python3.8/site-packages/airflow/example_dags/example_xcom.py
[2022-11-02 17:22:16,303] {processor.py:651} INFO - DAG(s) dict_keys(['example_xcom']) retrieved from /opt/conda/lib/python3.8/site-packages/airflow/example_dags/example_xcom.py
[2022-11-02 17:22:16,322] {logging_mixin.py:115} INFO - [2022-11-02 17:22:16,322] {dag.py:2420} INFO - Sync 1 DAGs
[2022-11-02 17:22:16,340] {logging_mixin.py:115} INFO - [2022-11-02 17:22:16,340] {dag.py:2968} INFO - Setting next_dagrun for example_xcom to 2021-01-01T00:00:00+00:00, run_after=2021-01-01T00:00:00+00:00
[2022-11-02 17:22:16,350] {processor.py:161} INFO - Processing /opt/conda/lib/python3.8/site-packages/airflow/example_dags/example_xcom.py took 0.075 seconds
[2022-11-02 17:23:17,623] {processor.py:153} INFO - Started process (PID=15619) to work on /opt/conda/lib/python3.8/site-packages/airflow/example_dags/example_xcom.py
[2022-11-02 17:23:17,624] {processor.py:641} INFO - Processing file /opt/conda/lib/python3.8/site-packages/airflow/example_dags/example_xcom.py for tasks to queue
[2022-11-02 17:23:17,625] {logging_mixin.py:115} INFO - [2022-11-02 17:23:17,625] {dagbag.py:508} INFO - Filling up the DagBag from /opt/conda/lib/python3.8/site-packages/airflow/example_dags/example_xcom.py
[2022-11-02 17:23:17,645] {processor.py:651} INFO - DAG(s) dict_keys(['example_xcom']) retrieved from /opt/conda/lib/python3.8/site-packages/airflow/example_dags/example_xcom.py
[2022-11-02 17:23:17,663] {logging_mixin.py:115} INFO - [2022-11-02 17:23:17,663] {dag.py:2420} INFO - Sync 1 DAGs
[2022-11-02 17:23:17,681] {logging_mixin.py:115} INFO - [2022-11-02 17:23:17,681] {dag.py:2968} INFO - Setting next_dagrun for example_xcom to 2021-01-01T00:00:00+00:00, run_after=2021-01-01T00:00:00+00:00
[2022-11-02 17:23:17,692] {processor.py:161} INFO - Processing /opt/conda/lib/python3.8/site-packages/airflow/example_dags/example_xcom.py took 0.076 seconds
[2022-11-02 17:24:18,322] {processor.py:153} INFO - Started process (PID=15782) to work on /opt/conda/lib/python3.8/site-packages/airflow/example_dags/example_xcom.py
[2022-11-02 17:24:18,323] {processor.py:641} INFO - Processing file /opt/conda/lib/python3.8/site-packages/airflow/example_dags/example_xcom.py for tasks to queue
[2022-11-02 17:24:18,324] {logging_mixin.py:115} INFO - [2022-11-02 17:24:18,324] {dagbag.py:508} INFO - Filling up the DagBag from /opt/conda/lib/python3.8/site-packages/airflow/example_dags/example_xcom.py
[2022-11-02 17:24:18,344] {processor.py:651} INFO - DAG(s) dict_keys(['example_xcom']) retrieved from /opt/conda/lib/python3.8/site-packages/airflow/example_dags/example_xcom.py
[2022-11-02 17:24:18,362] {logging_mixin.py:115} INFO - [2022-11-02 17:24:18,362] {dag.py:2420} INFO - Sync 1 DAGs
[2022-11-02 17:24:18,380] {logging_mixin.py:115} INFO - [2022-11-02 17:24:18,379] {dag.py:2968} INFO - Setting next_dagrun for example_xcom to 2021-01-01T00:00:00+00:00, run_after=2021-01-01T00:00:00+00:00
[2022-11-02 17:24:18,397] {processor.py:161} INFO - Processing /opt/conda/lib/python3.8/site-packages/airflow/example_dags/example_xcom.py took 0.081 seconds
[2022-11-02 17:25:22,004] {processor.py:153} INFO - Started process (PID=15945) to work on /opt/conda/lib/python3.8/site-packages/airflow/example_dags/example_xcom.py
[2022-11-02 17:25:22,005] {processor.py:641} INFO - Processing file /opt/conda/lib/python3.8/site-packages/airflow/example_dags/example_xcom.py for tasks to queue
[2022-11-02 17:25:22,006] {logging_mixin.py:115} INFO - [2022-11-02 17:25:22,006] {dagbag.py:508} INFO - Filling up the DagBag from /opt/conda/lib/python3.8/site-packages/airflow/example_dags/example_xcom.py
[2022-11-02 17:25:22,026] {processor.py:651} INFO - DAG(s) dict_keys(['example_xcom']) retrieved from /opt/conda/lib/python3.8/site-packages/airflow/example_dags/example_xcom.py
[2022-11-02 17:25:22,075] {logging_mixin.py:115} INFO - [2022-11-02 17:25:22,075] {dag.py:2420} INFO - Sync 1 DAGs
[2022-11-02 17:25:22,092] {logging_mixin.py:115} INFO - [2022-11-02 17:25:22,092] {dag.py:2968} INFO - Setting next_dagrun for example_xcom to 2021-01-01T00:00:00+00:00, run_after=2021-01-01T00:00:00+00:00
[2022-11-02 17:25:22,111] {processor.py:161} INFO - Processing /opt/conda/lib/python3.8/site-packages/airflow/example_dags/example_xcom.py took 0.113 seconds
[2022-11-02 17:26:27,595] {processor.py:153} INFO - Started process (PID=16111) to work on /opt/conda/lib/python3.8/site-packages/airflow/example_dags/example_xcom.py
[2022-11-02 17:26:27,596] {processor.py:641} INFO - Processing file /opt/conda/lib/python3.8/site-packages/airflow/example_dags/example_xcom.py for tasks to queue
[2022-11-02 17:26:27,597] {logging_mixin.py:115} INFO - [2022-11-02 17:26:27,597] {dagbag.py:508} INFO - Filling up the DagBag from /opt/conda/lib/python3.8/site-packages/airflow/example_dags/example_xcom.py
[2022-11-02 17:26:27,618] {processor.py:651} INFO - DAG(s) dict_keys(['example_xcom']) retrieved from /opt/conda/lib/python3.8/site-packages/airflow/example_dags/example_xcom.py
[2022-11-02 17:26:27,668] {logging_mixin.py:115} INFO - [2022-11-02 17:26:27,668] {dag.py:2420} INFO - Sync 1 DAGs
[2022-11-02 17:26:27,684] {logging_mixin.py:115} INFO - [2022-11-02 17:26:27,684] {dag.py:2968} INFO - Setting next_dagrun for example_xcom to 2021-01-01T00:00:00+00:00, run_after=2021-01-01T00:00:00+00:00
[2022-11-02 17:26:27,696] {processor.py:161} INFO - Processing /opt/conda/lib/python3.8/site-packages/airflow/example_dags/example_xcom.py took 0.107 seconds
[2022-11-02 17:27:33,985] {processor.py:153} INFO - Started process (PID=16277) to work on /opt/conda/lib/python3.8/site-packages/airflow/example_dags/example_xcom.py
[2022-11-02 17:27:33,986] {processor.py:641} INFO - Processing file /opt/conda/lib/python3.8/site-packages/airflow/example_dags/example_xcom.py for tasks to queue
[2022-11-02 17:27:33,986] {logging_mixin.py:115} INFO - [2022-11-02 17:27:33,986] {dagbag.py:508} INFO - Filling up the DagBag from /opt/conda/lib/python3.8/site-packages/airflow/example_dags/example_xcom.py
[2022-11-02 17:27:34,006] {processor.py:651} INFO - DAG(s) dict_keys(['example_xcom']) retrieved from /opt/conda/lib/python3.8/site-packages/airflow/example_dags/example_xcom.py
[2022-11-02 17:27:34,024] {logging_mixin.py:115} INFO - [2022-11-02 17:27:34,024] {dag.py:2420} INFO - Sync 1 DAGs
[2022-11-02 17:27:34,042] {logging_mixin.py:115} INFO - [2022-11-02 17:27:34,042] {dag.py:2968} INFO - Setting next_dagrun for example_xcom to 2021-01-01T00:00:00+00:00, run_after=2021-01-01T00:00:00+00:00
[2022-11-02 17:27:34,054] {processor.py:161} INFO - Processing /opt/conda/lib/python3.8/site-packages/airflow/example_dags/example_xcom.py took 0.074 seconds
[2022-11-02 17:28:41,236] {processor.py:153} INFO - Started process (PID=16444) to work on /opt/conda/lib/python3.8/site-packages/airflow/example_dags/example_xcom.py
[2022-11-02 17:28:41,237] {processor.py:641} INFO - Processing file /opt/conda/lib/python3.8/site-packages/airflow/example_dags/example_xcom.py for tasks to queue
[2022-11-02 17:28:41,237] {logging_mixin.py:115} INFO - [2022-11-02 17:28:41,237] {dagbag.py:508} INFO - Filling up the DagBag from /opt/conda/lib/python3.8/site-packages/airflow/example_dags/example_xcom.py
[2022-11-02 17:28:41,258] {processor.py:651} INFO - DAG(s) dict_keys(['example_xcom']) retrieved from /opt/conda/lib/python3.8/site-packages/airflow/example_dags/example_xcom.py
[2022-11-02 17:28:41,277] {logging_mixin.py:115} INFO - [2022-11-02 17:28:41,277] {dag.py:2420} INFO - Sync 1 DAGs
[2022-11-02 17:28:41,297] {logging_mixin.py:115} INFO - [2022-11-02 17:28:41,297] {dag.py:2968} INFO - Setting next_dagrun for example_xcom to 2021-01-01T00:00:00+00:00, run_after=2021-01-01T00:00:00+00:00
[2022-11-02 17:28:41,311] {processor.py:161} INFO - Processing /opt/conda/lib/python3.8/site-packages/airflow/example_dags/example_xcom.py took 0.081 seconds
