[2022-11-02 16:04:48,676] {processor.py:153} INFO - Started process (PID=1381) to work on /opt/conda/lib/python3.8/site-packages/airflow/example_dags/example_sla_dag.py
[2022-11-02 16:04:48,676] {processor.py:641} INFO - Processing file /opt/conda/lib/python3.8/site-packages/airflow/example_dags/example_sla_dag.py for tasks to queue
[2022-11-02 16:04:48,677] {logging_mixin.py:115} INFO - [2022-11-02 16:04:48,677] {dagbag.py:508} INFO - Filling up the DagBag from /opt/conda/lib/python3.8/site-packages/airflow/example_dags/example_sla_dag.py
[2022-11-02 16:04:48,819] {processor.py:651} INFO - DAG(s) dict_keys(['example_sla_dag']) retrieved from /opt/conda/lib/python3.8/site-packages/airflow/example_dags/example_sla_dag.py
[2022-11-02 16:04:48,861] {logging_mixin.py:115} INFO - [2022-11-02 16:04:48,861] {manager.py:508} INFO - Created Permission View: can delete on DAG:example_sla_dag
[2022-11-02 16:04:48,877] {logging_mixin.py:115} INFO - [2022-11-02 16:04:48,877] {manager.py:508} INFO - Created Permission View: can edit on DAG:example_sla_dag
[2022-11-02 16:04:48,882] {logging_mixin.py:115} INFO - [2022-11-02 16:04:48,882] {manager.py:508} INFO - Created Permission View: can read on DAG:example_sla_dag
[2022-11-02 16:04:48,882] {logging_mixin.py:115} INFO - [2022-11-02 16:04:48,882] {dag.py:2420} INFO - Sync 1 DAGs
[2022-11-02 16:04:48,888] {logging_mixin.py:115} INFO - [2022-11-02 16:04:48,888] {dag.py:2439} INFO - Creating ORM DAG for example_sla_dag
[2022-11-02 16:04:48,898] {logging_mixin.py:115} INFO - [2022-11-02 16:04:48,898] {dag.py:2968} INFO - Setting next_dagrun for example_sla_dag to 2022-11-02T16:02:00+00:00, run_after=2022-11-02T16:04:00+00:00
[2022-11-02 16:04:48,906] {processor.py:161} INFO - Processing /opt/conda/lib/python3.8/site-packages/airflow/example_dags/example_sla_dag.py took 0.236 seconds
[2022-11-02 16:05:47,343] {processor.py:153} INFO - Started process (PID=1502) to work on /opt/conda/lib/python3.8/site-packages/airflow/example_dags/example_sla_dag.py
[2022-11-02 16:05:47,344] {processor.py:641} INFO - Processing file /opt/conda/lib/python3.8/site-packages/airflow/example_dags/example_sla_dag.py for tasks to queue
[2022-11-02 16:05:47,344] {logging_mixin.py:115} INFO - [2022-11-02 16:05:47,344] {dagbag.py:508} INFO - Filling up the DagBag from /opt/conda/lib/python3.8/site-packages/airflow/example_dags/example_sla_dag.py
[2022-11-02 16:05:47,499] {processor.py:651} INFO - DAG(s) dict_keys(['example_sla_dag']) retrieved from /opt/conda/lib/python3.8/site-packages/airflow/example_dags/example_sla_dag.py
[2022-11-02 16:05:47,510] {logging_mixin.py:115} INFO - [2022-11-02 16:05:47,510] {dag.py:2420} INFO - Sync 1 DAGs
[2022-11-02 16:05:47,525] {logging_mixin.py:115} INFO - [2022-11-02 16:05:47,525] {dag.py:2968} INFO - Setting next_dagrun for example_sla_dag to 2022-11-02T16:02:00+00:00, run_after=2022-11-02T16:04:00+00:00
[2022-11-02 16:05:47,541] {processor.py:161} INFO - Processing /opt/conda/lib/python3.8/site-packages/airflow/example_dags/example_sla_dag.py took 0.204 seconds
[2022-11-02 16:06:43,777] {processor.py:153} INFO - Started process (PID=1624) to work on /opt/conda/lib/python3.8/site-packages/airflow/example_dags/example_sla_dag.py
[2022-11-02 16:06:43,778] {processor.py:641} INFO - Processing file /opt/conda/lib/python3.8/site-packages/airflow/example_dags/example_sla_dag.py for tasks to queue
[2022-11-02 16:06:43,779] {logging_mixin.py:115} INFO - [2022-11-02 16:06:43,779] {dagbag.py:508} INFO - Filling up the DagBag from /opt/conda/lib/python3.8/site-packages/airflow/example_dags/example_sla_dag.py
[2022-11-02 16:06:43,924] {processor.py:651} INFO - DAG(s) dict_keys(['example_sla_dag']) retrieved from /opt/conda/lib/python3.8/site-packages/airflow/example_dags/example_sla_dag.py
[2022-11-02 16:06:43,935] {logging_mixin.py:115} INFO - [2022-11-02 16:06:43,935] {dag.py:2420} INFO - Sync 1 DAGs
[2022-11-02 16:06:43,950] {logging_mixin.py:115} INFO - [2022-11-02 16:06:43,950] {dag.py:2968} INFO - Setting next_dagrun for example_sla_dag to 2022-11-02T16:04:00+00:00, run_after=2022-11-02T16:06:00+00:00
[2022-11-02 16:06:43,965] {processor.py:161} INFO - Processing /opt/conda/lib/python3.8/site-packages/airflow/example_dags/example_sla_dag.py took 0.194 seconds
[2022-11-02 16:07:39,218] {processor.py:153} INFO - Started process (PID=1730) to work on /opt/conda/lib/python3.8/site-packages/airflow/example_dags/example_sla_dag.py
[2022-11-02 16:07:39,219] {processor.py:641} INFO - Processing file /opt/conda/lib/python3.8/site-packages/airflow/example_dags/example_sla_dag.py for tasks to queue
[2022-11-02 16:07:39,219] {logging_mixin.py:115} INFO - [2022-11-02 16:07:39,219] {dagbag.py:508} INFO - Filling up the DagBag from /opt/conda/lib/python3.8/site-packages/airflow/example_dags/example_sla_dag.py
[2022-11-02 16:07:39,364] {processor.py:651} INFO - DAG(s) dict_keys(['example_sla_dag']) retrieved from /opt/conda/lib/python3.8/site-packages/airflow/example_dags/example_sla_dag.py
[2022-11-02 16:07:39,374] {logging_mixin.py:115} INFO - [2022-11-02 16:07:39,374] {dag.py:2420} INFO - Sync 1 DAGs
[2022-11-02 16:07:39,389] {logging_mixin.py:115} INFO - [2022-11-02 16:07:39,389] {dag.py:2968} INFO - Setting next_dagrun for example_sla_dag to 2022-11-02T16:04:00+00:00, run_after=2022-11-02T16:06:00+00:00
[2022-11-02 16:07:39,404] {processor.py:161} INFO - Processing /opt/conda/lib/python3.8/site-packages/airflow/example_dags/example_sla_dag.py took 0.193 seconds
[2022-11-02 16:08:32,306] {processor.py:153} INFO - Started process (PID=1998) to work on /opt/conda/lib/python3.8/site-packages/airflow/example_dags/example_sla_dag.py
[2022-11-02 16:08:32,307] {processor.py:641} INFO - Processing file /opt/conda/lib/python3.8/site-packages/airflow/example_dags/example_sla_dag.py for tasks to queue
[2022-11-02 16:08:32,307] {logging_mixin.py:115} INFO - [2022-11-02 16:08:32,307] {dagbag.py:508} INFO - Filling up the DagBag from /opt/conda/lib/python3.8/site-packages/airflow/example_dags/example_sla_dag.py
[2022-11-02 16:08:32,421] {processor.py:651} INFO - DAG(s) dict_keys(['example_sla_dag']) retrieved from /opt/conda/lib/python3.8/site-packages/airflow/example_dags/example_sla_dag.py
[2022-11-02 16:08:32,430] {logging_mixin.py:115} INFO - [2022-11-02 16:08:32,430] {dag.py:2420} INFO - Sync 1 DAGs
[2022-11-02 16:08:32,444] {logging_mixin.py:115} INFO - [2022-11-02 16:08:32,444] {dag.py:2968} INFO - Setting next_dagrun for example_sla_dag to 2022-11-02T16:06:00+00:00, run_after=2022-11-02T16:08:00+00:00
[2022-11-02 16:08:32,459] {processor.py:161} INFO - Processing /opt/conda/lib/python3.8/site-packages/airflow/example_dags/example_sla_dag.py took 0.159 seconds
[2022-11-02 16:09:23,078] {processor.py:153} INFO - Started process (PID=2195) to work on /opt/conda/lib/python3.8/site-packages/airflow/example_dags/example_sla_dag.py
[2022-11-02 16:09:23,079] {processor.py:641} INFO - Processing file /opt/conda/lib/python3.8/site-packages/airflow/example_dags/example_sla_dag.py for tasks to queue
[2022-11-02 16:09:23,079] {logging_mixin.py:115} INFO - [2022-11-02 16:09:23,079] {dagbag.py:508} INFO - Filling up the DagBag from /opt/conda/lib/python3.8/site-packages/airflow/example_dags/example_sla_dag.py
[2022-11-02 16:09:23,099] {processor.py:651} INFO - DAG(s) dict_keys(['example_sla_dag']) retrieved from /opt/conda/lib/python3.8/site-packages/airflow/example_dags/example_sla_dag.py
[2022-11-02 16:09:23,117] {logging_mixin.py:115} INFO - [2022-11-02 16:09:23,117] {dag.py:2420} INFO - Sync 1 DAGs
[2022-11-02 16:09:23,139] {logging_mixin.py:115} INFO - [2022-11-02 16:09:23,139] {dag.py:2968} INFO - Setting next_dagrun for example_sla_dag to 2022-11-02T16:06:00+00:00, run_after=2022-11-02T16:08:00+00:00
[2022-11-02 16:09:23,156] {processor.py:161} INFO - Processing /opt/conda/lib/python3.8/site-packages/airflow/example_dags/example_sla_dag.py took 0.084 seconds
[2022-11-02 16:10:26,086] {processor.py:153} INFO - Started process (PID=2356) to work on /opt/conda/lib/python3.8/site-packages/airflow/example_dags/example_sla_dag.py
[2022-11-02 16:10:26,087] {processor.py:641} INFO - Processing file /opt/conda/lib/python3.8/site-packages/airflow/example_dags/example_sla_dag.py for tasks to queue
[2022-11-02 16:10:26,087] {logging_mixin.py:115} INFO - [2022-11-02 16:10:26,087] {dagbag.py:508} INFO - Filling up the DagBag from /opt/conda/lib/python3.8/site-packages/airflow/example_dags/example_sla_dag.py
[2022-11-02 16:10:26,102] {processor.py:651} INFO - DAG(s) dict_keys(['example_sla_dag']) retrieved from /opt/conda/lib/python3.8/site-packages/airflow/example_dags/example_sla_dag.py
[2022-11-02 16:10:26,115] {logging_mixin.py:115} INFO - [2022-11-02 16:10:26,115] {dag.py:2420} INFO - Sync 1 DAGs
[2022-11-02 16:10:26,131] {logging_mixin.py:115} INFO - [2022-11-02 16:10:26,131] {dag.py:2968} INFO - Setting next_dagrun for example_sla_dag to 2022-11-02T16:08:00+00:00, run_after=2022-11-02T16:10:00+00:00
[2022-11-02 16:10:26,138] {processor.py:161} INFO - Processing /opt/conda/lib/python3.8/site-packages/airflow/example_dags/example_sla_dag.py took 0.059 seconds
[2022-11-02 16:11:25,898] {processor.py:153} INFO - Started process (PID=2516) to work on /opt/conda/lib/python3.8/site-packages/airflow/example_dags/example_sla_dag.py
[2022-11-02 16:11:25,898] {processor.py:641} INFO - Processing file /opt/conda/lib/python3.8/site-packages/airflow/example_dags/example_sla_dag.py for tasks to queue
[2022-11-02 16:11:25,899] {logging_mixin.py:115} INFO - [2022-11-02 16:11:25,899] {dagbag.py:508} INFO - Filling up the DagBag from /opt/conda/lib/python3.8/site-packages/airflow/example_dags/example_sla_dag.py
[2022-11-02 16:11:25,916] {processor.py:651} INFO - DAG(s) dict_keys(['example_sla_dag']) retrieved from /opt/conda/lib/python3.8/site-packages/airflow/example_dags/example_sla_dag.py
[2022-11-02 16:11:25,929] {logging_mixin.py:115} INFO - [2022-11-02 16:11:25,929] {dag.py:2420} INFO - Sync 1 DAGs
[2022-11-02 16:11:25,945] {logging_mixin.py:115} INFO - [2022-11-02 16:11:25,945] {dag.py:2968} INFO - Setting next_dagrun for example_sla_dag to 2022-11-02T16:08:00+00:00, run_after=2022-11-02T16:10:00+00:00
[2022-11-02 16:11:25,955] {processor.py:161} INFO - Processing /opt/conda/lib/python3.8/site-packages/airflow/example_dags/example_sla_dag.py took 0.060 seconds
[2022-11-02 16:12:32,776] {processor.py:153} INFO - Started process (PID=2859) to work on /opt/conda/lib/python3.8/site-packages/airflow/example_dags/example_sla_dag.py
[2022-11-02 16:12:32,777] {processor.py:641} INFO - Processing file /opt/conda/lib/python3.8/site-packages/airflow/example_dags/example_sla_dag.py for tasks to queue
[2022-11-02 16:12:32,778] {logging_mixin.py:115} INFO - [2022-11-02 16:12:32,778] {dagbag.py:508} INFO - Filling up the DagBag from /opt/conda/lib/python3.8/site-packages/airflow/example_dags/example_sla_dag.py
[2022-11-02 16:12:32,795] {processor.py:651} INFO - DAG(s) dict_keys(['example_sla_dag']) retrieved from /opt/conda/lib/python3.8/site-packages/airflow/example_dags/example_sla_dag.py
[2022-11-02 16:12:32,810] {logging_mixin.py:115} INFO - [2022-11-02 16:12:32,810] {dag.py:2420} INFO - Sync 1 DAGs
[2022-11-02 16:12:32,827] {logging_mixin.py:115} INFO - [2022-11-02 16:12:32,827] {dag.py:2968} INFO - Setting next_dagrun for example_sla_dag to 2022-11-02T16:10:00+00:00, run_after=2022-11-02T16:12:00+00:00
[2022-11-02 16:12:32,839] {processor.py:161} INFO - Processing /opt/conda/lib/python3.8/site-packages/airflow/example_dags/example_sla_dag.py took 0.068 seconds
[2022-11-02 16:13:16,612] {processor.py:153} INFO - Started process (PID=2991) to work on /opt/conda/lib/python3.8/site-packages/airflow/example_dags/example_sla_dag.py
[2022-11-02 16:13:16,613] {processor.py:641} INFO - Processing file /opt/conda/lib/python3.8/site-packages/airflow/example_dags/example_sla_dag.py for tasks to queue
[2022-11-02 16:13:16,613] {logging_mixin.py:115} INFO - [2022-11-02 16:13:16,613] {dagbag.py:508} INFO - Filling up the DagBag from /opt/conda/lib/python3.8/site-packages/airflow/example_dags/example_sla_dag.py
[2022-11-02 16:13:16,633] {processor.py:651} INFO - DAG(s) dict_keys(['example_sla_dag']) retrieved from /opt/conda/lib/python3.8/site-packages/airflow/example_dags/example_sla_dag.py
[2022-11-02 16:13:16,651] {logging_mixin.py:115} INFO - [2022-11-02 16:13:16,651] {dag.py:2420} INFO - Sync 1 DAGs
[2022-11-02 16:13:16,673] {logging_mixin.py:115} INFO - [2022-11-02 16:13:16,673] {dag.py:2968} INFO - Setting next_dagrun for example_sla_dag to 2022-11-02T16:10:00+00:00, run_after=2022-11-02T16:12:00+00:00
[2022-11-02 16:13:16,684] {processor.py:161} INFO - Processing /opt/conda/lib/python3.8/site-packages/airflow/example_dags/example_sla_dag.py took 0.077 seconds
[2022-11-02 16:14:19,015] {processor.py:153} INFO - Started process (PID=3139) to work on /opt/conda/lib/python3.8/site-packages/airflow/example_dags/example_sla_dag.py
[2022-11-02 16:14:19,016] {processor.py:641} INFO - Processing file /opt/conda/lib/python3.8/site-packages/airflow/example_dags/example_sla_dag.py for tasks to queue
[2022-11-02 16:14:19,017] {logging_mixin.py:115} INFO - [2022-11-02 16:14:19,017] {dagbag.py:508} INFO - Filling up the DagBag from /opt/conda/lib/python3.8/site-packages/airflow/example_dags/example_sla_dag.py
[2022-11-02 16:14:19,037] {processor.py:651} INFO - DAG(s) dict_keys(['example_sla_dag']) retrieved from /opt/conda/lib/python3.8/site-packages/airflow/example_dags/example_sla_dag.py
[2022-11-02 16:14:19,054] {logging_mixin.py:115} INFO - [2022-11-02 16:14:19,054] {dag.py:2420} INFO - Sync 1 DAGs
[2022-11-02 16:14:19,076] {logging_mixin.py:115} INFO - [2022-11-02 16:14:19,076] {dag.py:2968} INFO - Setting next_dagrun for example_sla_dag to 2022-11-02T16:12:00+00:00, run_after=2022-11-02T16:14:00+00:00
[2022-11-02 16:14:19,094] {processor.py:161} INFO - Processing /opt/conda/lib/python3.8/site-packages/airflow/example_dags/example_sla_dag.py took 0.085 seconds
[2022-11-02 16:15:28,871] {processor.py:153} INFO - Started process (PID=3400) to work on /opt/conda/lib/python3.8/site-packages/airflow/example_dags/example_sla_dag.py
[2022-11-02 16:15:28,871] {processor.py:641} INFO - Processing file /opt/conda/lib/python3.8/site-packages/airflow/example_dags/example_sla_dag.py for tasks to queue
[2022-11-02 16:15:28,872] {logging_mixin.py:115} INFO - [2022-11-02 16:15:28,872] {dagbag.py:508} INFO - Filling up the DagBag from /opt/conda/lib/python3.8/site-packages/airflow/example_dags/example_sla_dag.py
[2022-11-02 16:15:28,892] {processor.py:651} INFO - DAG(s) dict_keys(['example_sla_dag']) retrieved from /opt/conda/lib/python3.8/site-packages/airflow/example_dags/example_sla_dag.py
[2022-11-02 16:15:28,909] {logging_mixin.py:115} INFO - [2022-11-02 16:15:28,909] {dag.py:2420} INFO - Sync 1 DAGs
[2022-11-02 16:15:28,932] {logging_mixin.py:115} INFO - [2022-11-02 16:15:28,932] {dag.py:2968} INFO - Setting next_dagrun for example_sla_dag to 2022-11-02T16:12:00+00:00, run_after=2022-11-02T16:14:00+00:00
[2022-11-02 16:15:28,946] {processor.py:161} INFO - Processing /opt/conda/lib/python3.8/site-packages/airflow/example_dags/example_sla_dag.py took 0.078 seconds
[2022-11-02 16:16:31,552] {processor.py:153} INFO - Started process (PID=3647) to work on /opt/conda/lib/python3.8/site-packages/airflow/example_dags/example_sla_dag.py
[2022-11-02 16:16:31,553] {processor.py:641} INFO - Processing file /opt/conda/lib/python3.8/site-packages/airflow/example_dags/example_sla_dag.py for tasks to queue
[2022-11-02 16:16:31,553] {logging_mixin.py:115} INFO - [2022-11-02 16:16:31,553] {dagbag.py:508} INFO - Filling up the DagBag from /opt/conda/lib/python3.8/site-packages/airflow/example_dags/example_sla_dag.py
[2022-11-02 16:16:31,568] {processor.py:651} INFO - DAG(s) dict_keys(['example_sla_dag']) retrieved from /opt/conda/lib/python3.8/site-packages/airflow/example_dags/example_sla_dag.py
[2022-11-02 16:16:31,581] {logging_mixin.py:115} INFO - [2022-11-02 16:16:31,581] {dag.py:2420} INFO - Sync 1 DAGs
[2022-11-02 16:16:31,598] {logging_mixin.py:115} INFO - [2022-11-02 16:16:31,598] {dag.py:2968} INFO - Setting next_dagrun for example_sla_dag to 2022-11-02T16:14:00+00:00, run_after=2022-11-02T16:16:00+00:00
[2022-11-02 16:16:31,611] {processor.py:161} INFO - Processing /opt/conda/lib/python3.8/site-packages/airflow/example_dags/example_sla_dag.py took 0.065 seconds
[2022-11-02 16:17:31,931] {processor.py:153} INFO - Started process (PID=3833) to work on /opt/conda/lib/python3.8/site-packages/airflow/example_dags/example_sla_dag.py
[2022-11-02 16:17:31,932] {processor.py:641} INFO - Processing file /opt/conda/lib/python3.8/site-packages/airflow/example_dags/example_sla_dag.py for tasks to queue
[2022-11-02 16:17:31,933] {logging_mixin.py:115} INFO - [2022-11-02 16:17:31,933] {dagbag.py:508} INFO - Filling up the DagBag from /opt/conda/lib/python3.8/site-packages/airflow/example_dags/example_sla_dag.py
[2022-11-02 16:17:31,953] {processor.py:651} INFO - DAG(s) dict_keys(['example_sla_dag']) retrieved from /opt/conda/lib/python3.8/site-packages/airflow/example_dags/example_sla_dag.py
[2022-11-02 16:17:31,970] {logging_mixin.py:115} INFO - [2022-11-02 16:17:31,970] {dag.py:2420} INFO - Sync 1 DAGs
[2022-11-02 16:17:31,993] {logging_mixin.py:115} INFO - [2022-11-02 16:17:31,993] {dag.py:2968} INFO - Setting next_dagrun for example_sla_dag to 2022-11-02T16:14:00+00:00, run_after=2022-11-02T16:16:00+00:00
[2022-11-02 16:17:32,011] {processor.py:161} INFO - Processing /opt/conda/lib/python3.8/site-packages/airflow/example_dags/example_sla_dag.py took 0.086 seconds
[2022-11-02 16:18:35,372] {processor.py:153} INFO - Started process (PID=4046) to work on /opt/conda/lib/python3.8/site-packages/airflow/example_dags/example_sla_dag.py
[2022-11-02 16:18:35,373] {processor.py:641} INFO - Processing file /opt/conda/lib/python3.8/site-packages/airflow/example_dags/example_sla_dag.py for tasks to queue
[2022-11-02 16:18:35,373] {logging_mixin.py:115} INFO - [2022-11-02 16:18:35,373] {dagbag.py:508} INFO - Filling up the DagBag from /opt/conda/lib/python3.8/site-packages/airflow/example_dags/example_sla_dag.py
[2022-11-02 16:18:35,389] {processor.py:651} INFO - DAG(s) dict_keys(['example_sla_dag']) retrieved from /opt/conda/lib/python3.8/site-packages/airflow/example_dags/example_sla_dag.py
[2022-11-02 16:18:35,404] {logging_mixin.py:115} INFO - [2022-11-02 16:18:35,404] {dag.py:2420} INFO - Sync 1 DAGs
[2022-11-02 16:18:35,422] {logging_mixin.py:115} INFO - [2022-11-02 16:18:35,421] {dag.py:2968} INFO - Setting next_dagrun for example_sla_dag to 2022-11-02T16:16:00+00:00, run_after=2022-11-02T16:18:00+00:00
[2022-11-02 16:18:35,430] {processor.py:161} INFO - Processing /opt/conda/lib/python3.8/site-packages/airflow/example_dags/example_sla_dag.py took 0.064 seconds
[2022-11-02 16:19:24,619] {processor.py:153} INFO - Started process (PID=4226) to work on /opt/conda/lib/python3.8/site-packages/airflow/example_dags/example_sla_dag.py
[2022-11-02 16:19:24,625] {processor.py:641} INFO - Processing file /opt/conda/lib/python3.8/site-packages/airflow/example_dags/example_sla_dag.py for tasks to queue
[2022-11-02 16:19:24,626] {logging_mixin.py:115} INFO - [2022-11-02 16:19:24,626] {dagbag.py:508} INFO - Filling up the DagBag from /opt/conda/lib/python3.8/site-packages/airflow/example_dags/example_sla_dag.py
[2022-11-02 16:19:24,652] {processor.py:651} INFO - DAG(s) dict_keys(['example_sla_dag']) retrieved from /opt/conda/lib/python3.8/site-packages/airflow/example_dags/example_sla_dag.py
[2022-11-02 16:19:24,666] {logging_mixin.py:115} INFO - [2022-11-02 16:19:24,666] {dag.py:2420} INFO - Sync 1 DAGs
[2022-11-02 16:19:24,683] {logging_mixin.py:115} INFO - [2022-11-02 16:19:24,683] {dag.py:2968} INFO - Setting next_dagrun for example_sla_dag to 2022-11-02T16:16:00+00:00, run_after=2022-11-02T16:18:00+00:00
[2022-11-02 16:19:24,691] {processor.py:161} INFO - Processing /opt/conda/lib/python3.8/site-packages/airflow/example_dags/example_sla_dag.py took 0.075 seconds
[2022-11-02 16:20:26,846] {processor.py:153} INFO - Started process (PID=4476) to work on /opt/conda/lib/python3.8/site-packages/airflow/example_dags/example_sla_dag.py
[2022-11-02 16:20:26,848] {processor.py:641} INFO - Processing file /opt/conda/lib/python3.8/site-packages/airflow/example_dags/example_sla_dag.py for tasks to queue
[2022-11-02 16:20:26,849] {logging_mixin.py:115} INFO - [2022-11-02 16:20:26,848] {dagbag.py:508} INFO - Filling up the DagBag from /opt/conda/lib/python3.8/site-packages/airflow/example_dags/example_sla_dag.py
[2022-11-02 16:20:26,865] {processor.py:651} INFO - DAG(s) dict_keys(['example_sla_dag']) retrieved from /opt/conda/lib/python3.8/site-packages/airflow/example_dags/example_sla_dag.py
[2022-11-02 16:20:26,878] {logging_mixin.py:115} INFO - [2022-11-02 16:20:26,878] {dag.py:2420} INFO - Sync 1 DAGs
[2022-11-02 16:20:26,895] {logging_mixin.py:115} INFO - [2022-11-02 16:20:26,895] {dag.py:2968} INFO - Setting next_dagrun for example_sla_dag to 2022-11-02T16:18:00+00:00, run_after=2022-11-02T16:20:00+00:00
[2022-11-02 16:20:26,903] {processor.py:161} INFO - Processing /opt/conda/lib/python3.8/site-packages/airflow/example_dags/example_sla_dag.py took 0.062 seconds
[2022-11-02 16:21:28,120] {processor.py:153} INFO - Started process (PID=4725) to work on /opt/conda/lib/python3.8/site-packages/airflow/example_dags/example_sla_dag.py
[2022-11-02 16:21:28,121] {processor.py:641} INFO - Processing file /opt/conda/lib/python3.8/site-packages/airflow/example_dags/example_sla_dag.py for tasks to queue
[2022-11-02 16:21:28,121] {logging_mixin.py:115} INFO - [2022-11-02 16:21:28,121] {dagbag.py:508} INFO - Filling up the DagBag from /opt/conda/lib/python3.8/site-packages/airflow/example_dags/example_sla_dag.py
[2022-11-02 16:21:28,136] {processor.py:651} INFO - DAG(s) dict_keys(['example_sla_dag']) retrieved from /opt/conda/lib/python3.8/site-packages/airflow/example_dags/example_sla_dag.py
[2022-11-02 16:21:28,150] {logging_mixin.py:115} INFO - [2022-11-02 16:21:28,150] {dag.py:2420} INFO - Sync 1 DAGs
[2022-11-02 16:21:28,167] {logging_mixin.py:115} INFO - [2022-11-02 16:21:28,167] {dag.py:2968} INFO - Setting next_dagrun for example_sla_dag to 2022-11-02T16:18:00+00:00, run_after=2022-11-02T16:20:00+00:00
[2022-11-02 16:21:28,175] {processor.py:161} INFO - Processing /opt/conda/lib/python3.8/site-packages/airflow/example_dags/example_sla_dag.py took 0.061 seconds
[2022-11-02 16:22:29,164] {processor.py:153} INFO - Started process (PID=4984) to work on /opt/conda/lib/python3.8/site-packages/airflow/example_dags/example_sla_dag.py
[2022-11-02 16:22:29,171] {processor.py:641} INFO - Processing file /opt/conda/lib/python3.8/site-packages/airflow/example_dags/example_sla_dag.py for tasks to queue
[2022-11-02 16:22:29,171] {logging_mixin.py:115} INFO - [2022-11-02 16:22:29,171] {dagbag.py:508} INFO - Filling up the DagBag from /opt/conda/lib/python3.8/site-packages/airflow/example_dags/example_sla_dag.py
[2022-11-02 16:22:29,196] {processor.py:651} INFO - DAG(s) dict_keys(['example_sla_dag']) retrieved from /opt/conda/lib/python3.8/site-packages/airflow/example_dags/example_sla_dag.py
[2022-11-02 16:22:29,230] {logging_mixin.py:115} INFO - [2022-11-02 16:22:29,230] {dag.py:2420} INFO - Sync 1 DAGs
[2022-11-02 16:22:29,259] {logging_mixin.py:115} INFO - [2022-11-02 16:22:29,259] {dag.py:2968} INFO - Setting next_dagrun for example_sla_dag to 2022-11-02T16:20:00+00:00, run_after=2022-11-02T16:22:00+00:00
[2022-11-02 16:22:29,279] {processor.py:161} INFO - Processing /opt/conda/lib/python3.8/site-packages/airflow/example_dags/example_sla_dag.py took 0.118 seconds
[2022-11-02 16:23:31,578] {processor.py:153} INFO - Started process (PID=5225) to work on /opt/conda/lib/python3.8/site-packages/airflow/example_dags/example_sla_dag.py
[2022-11-02 16:23:31,579] {processor.py:641} INFO - Processing file /opt/conda/lib/python3.8/site-packages/airflow/example_dags/example_sla_dag.py for tasks to queue
[2022-11-02 16:23:31,579] {logging_mixin.py:115} INFO - [2022-11-02 16:23:31,579] {dagbag.py:508} INFO - Filling up the DagBag from /opt/conda/lib/python3.8/site-packages/airflow/example_dags/example_sla_dag.py
[2022-11-02 16:23:31,595] {processor.py:651} INFO - DAG(s) dict_keys(['example_sla_dag']) retrieved from /opt/conda/lib/python3.8/site-packages/airflow/example_dags/example_sla_dag.py
[2022-11-02 16:23:31,609] {logging_mixin.py:115} INFO - [2022-11-02 16:23:31,608] {dag.py:2420} INFO - Sync 1 DAGs
[2022-11-02 16:23:31,626] {logging_mixin.py:115} INFO - [2022-11-02 16:23:31,626] {dag.py:2968} INFO - Setting next_dagrun for example_sla_dag to 2022-11-02T16:20:00+00:00, run_after=2022-11-02T16:22:00+00:00
[2022-11-02 16:23:31,636] {processor.py:161} INFO - Processing /opt/conda/lib/python3.8/site-packages/airflow/example_dags/example_sla_dag.py took 0.064 seconds
[2022-11-02 16:24:30,629] {processor.py:153} INFO - Started process (PID=5462) to work on /opt/conda/lib/python3.8/site-packages/airflow/example_dags/example_sla_dag.py
[2022-11-02 16:24:30,630] {processor.py:641} INFO - Processing file /opt/conda/lib/python3.8/site-packages/airflow/example_dags/example_sla_dag.py for tasks to queue
[2022-11-02 16:24:30,631] {logging_mixin.py:115} INFO - [2022-11-02 16:24:30,631] {dagbag.py:508} INFO - Filling up the DagBag from /opt/conda/lib/python3.8/site-packages/airflow/example_dags/example_sla_dag.py
[2022-11-02 16:24:30,646] {processor.py:651} INFO - DAG(s) dict_keys(['example_sla_dag']) retrieved from /opt/conda/lib/python3.8/site-packages/airflow/example_dags/example_sla_dag.py
[2022-11-02 16:24:30,660] {logging_mixin.py:115} INFO - [2022-11-02 16:24:30,660] {dag.py:2420} INFO - Sync 1 DAGs
[2022-11-02 16:24:30,677] {logging_mixin.py:115} INFO - [2022-11-02 16:24:30,677] {dag.py:2968} INFO - Setting next_dagrun for example_sla_dag to 2022-11-02T16:22:00+00:00, run_after=2022-11-02T16:24:00+00:00
[2022-11-02 16:24:30,695] {processor.py:161} INFO - Processing /opt/conda/lib/python3.8/site-packages/airflow/example_dags/example_sla_dag.py took 0.070 seconds
[2022-11-02 16:25:36,880] {processor.py:153} INFO - Started process (PID=5707) to work on /opt/conda/lib/python3.8/site-packages/airflow/example_dags/example_sla_dag.py
[2022-11-02 16:25:36,881] {processor.py:641} INFO - Processing file /opt/conda/lib/python3.8/site-packages/airflow/example_dags/example_sla_dag.py for tasks to queue
[2022-11-02 16:25:36,881] {logging_mixin.py:115} INFO - [2022-11-02 16:25:36,881] {dagbag.py:508} INFO - Filling up the DagBag from /opt/conda/lib/python3.8/site-packages/airflow/example_dags/example_sla_dag.py
[2022-11-02 16:25:36,901] {processor.py:651} INFO - DAG(s) dict_keys(['example_sla_dag']) retrieved from /opt/conda/lib/python3.8/site-packages/airflow/example_dags/example_sla_dag.py
[2022-11-02 16:25:36,919] {logging_mixin.py:115} INFO - [2022-11-02 16:25:36,919] {dag.py:2420} INFO - Sync 1 DAGs
[2022-11-02 16:25:36,942] {logging_mixin.py:115} INFO - [2022-11-02 16:25:36,942] {dag.py:2968} INFO - Setting next_dagrun for example_sla_dag to 2022-11-02T16:22:00+00:00, run_after=2022-11-02T16:24:00+00:00
[2022-11-02 16:25:36,953] {processor.py:161} INFO - Processing /opt/conda/lib/python3.8/site-packages/airflow/example_dags/example_sla_dag.py took 0.078 seconds
[2022-11-02 16:26:42,518] {processor.py:153} INFO - Started process (PID=5953) to work on /opt/conda/lib/python3.8/site-packages/airflow/example_dags/example_sla_dag.py
[2022-11-02 16:26:42,519] {processor.py:641} INFO - Processing file /opt/conda/lib/python3.8/site-packages/airflow/example_dags/example_sla_dag.py for tasks to queue
[2022-11-02 16:26:42,520] {logging_mixin.py:115} INFO - [2022-11-02 16:26:42,520] {dagbag.py:508} INFO - Filling up the DagBag from /opt/conda/lib/python3.8/site-packages/airflow/example_dags/example_sla_dag.py
[2022-11-02 16:26:42,541] {processor.py:651} INFO - DAG(s) dict_keys(['example_sla_dag']) retrieved from /opt/conda/lib/python3.8/site-packages/airflow/example_dags/example_sla_dag.py
[2022-11-02 16:26:42,559] {logging_mixin.py:115} INFO - [2022-11-02 16:26:42,558] {dag.py:2420} INFO - Sync 1 DAGs
[2022-11-02 16:26:42,581] {logging_mixin.py:115} INFO - [2022-11-02 16:26:42,581] {dag.py:2968} INFO - Setting next_dagrun for example_sla_dag to 2022-11-02T16:24:00+00:00, run_after=2022-11-02T16:26:00+00:00
[2022-11-02 16:26:42,600] {processor.py:161} INFO - Processing /opt/conda/lib/python3.8/site-packages/airflow/example_dags/example_sla_dag.py took 0.086 seconds
[2022-11-02 16:27:49,824] {processor.py:153} INFO - Started process (PID=6197) to work on /opt/conda/lib/python3.8/site-packages/airflow/example_dags/example_sla_dag.py
[2022-11-02 16:27:49,826] {processor.py:641} INFO - Processing file /opt/conda/lib/python3.8/site-packages/airflow/example_dags/example_sla_dag.py for tasks to queue
[2022-11-02 16:27:49,826] {logging_mixin.py:115} INFO - [2022-11-02 16:27:49,826] {dagbag.py:508} INFO - Filling up the DagBag from /opt/conda/lib/python3.8/site-packages/airflow/example_dags/example_sla_dag.py
[2022-11-02 16:27:49,843] {processor.py:651} INFO - DAG(s) dict_keys(['example_sla_dag']) retrieved from /opt/conda/lib/python3.8/site-packages/airflow/example_dags/example_sla_dag.py
[2022-11-02 16:27:49,857] {logging_mixin.py:115} INFO - [2022-11-02 16:27:49,857] {dag.py:2420} INFO - Sync 1 DAGs
[2022-11-02 16:27:49,875] {logging_mixin.py:115} INFO - [2022-11-02 16:27:49,874] {dag.py:2968} INFO - Setting next_dagrun for example_sla_dag to 2022-11-02T16:24:00+00:00, run_after=2022-11-02T16:26:00+00:00
[2022-11-02 16:27:49,890] {processor.py:161} INFO - Processing /opt/conda/lib/python3.8/site-packages/airflow/example_dags/example_sla_dag.py took 0.071 seconds
[2022-11-02 16:28:54,000] {processor.py:153} INFO - Started process (PID=6451) to work on /opt/conda/lib/python3.8/site-packages/airflow/example_dags/example_sla_dag.py
[2022-11-02 16:28:54,001] {processor.py:641} INFO - Processing file /opt/conda/lib/python3.8/site-packages/airflow/example_dags/example_sla_dag.py for tasks to queue
[2022-11-02 16:28:54,002] {logging_mixin.py:115} INFO - [2022-11-02 16:28:54,001] {dagbag.py:508} INFO - Filling up the DagBag from /opt/conda/lib/python3.8/site-packages/airflow/example_dags/example_sla_dag.py
[2022-11-02 16:28:54,022] {processor.py:651} INFO - DAG(s) dict_keys(['example_sla_dag']) retrieved from /opt/conda/lib/python3.8/site-packages/airflow/example_dags/example_sla_dag.py
[2022-11-02 16:28:54,040] {logging_mixin.py:115} INFO - [2022-11-02 16:28:54,039] {dag.py:2420} INFO - Sync 1 DAGs
[2022-11-02 16:28:54,062] {logging_mixin.py:115} INFO - [2022-11-02 16:28:54,062] {dag.py:2968} INFO - Setting next_dagrun for example_sla_dag to 2022-11-02T16:26:00+00:00, run_after=2022-11-02T16:28:00+00:00
[2022-11-02 16:28:54,074] {processor.py:161} INFO - Processing /opt/conda/lib/python3.8/site-packages/airflow/example_dags/example_sla_dag.py took 0.078 seconds
[2022-11-02 16:30:00,148] {processor.py:153} INFO - Started process (PID=6620) to work on /opt/conda/lib/python3.8/site-packages/airflow/example_dags/example_sla_dag.py
[2022-11-02 16:30:00,149] {processor.py:641} INFO - Processing file /opt/conda/lib/python3.8/site-packages/airflow/example_dags/example_sla_dag.py for tasks to queue
[2022-11-02 16:30:00,149] {logging_mixin.py:115} INFO - [2022-11-02 16:30:00,149] {dagbag.py:508} INFO - Filling up the DagBag from /opt/conda/lib/python3.8/site-packages/airflow/example_dags/example_sla_dag.py
[2022-11-02 16:30:00,169] {processor.py:651} INFO - DAG(s) dict_keys(['example_sla_dag']) retrieved from /opt/conda/lib/python3.8/site-packages/airflow/example_dags/example_sla_dag.py
[2022-11-02 16:30:00,187] {logging_mixin.py:115} INFO - [2022-11-02 16:30:00,187] {dag.py:2420} INFO - Sync 1 DAGs
[2022-11-02 16:30:00,210] {logging_mixin.py:115} INFO - [2022-11-02 16:30:00,210] {dag.py:2968} INFO - Setting next_dagrun for example_sla_dag to 2022-11-02T16:28:00+00:00, run_after=2022-11-02T16:30:00+00:00
[2022-11-02 16:30:00,221] {processor.py:161} INFO - Processing /opt/conda/lib/python3.8/site-packages/airflow/example_dags/example_sla_dag.py took 0.078 seconds
[2022-11-02 16:32:35,656] {processor.py:153} INFO - Started process (PID=7070) to work on /opt/conda/lib/python3.8/site-packages/airflow/example_dags/example_sla_dag.py
[2022-11-02 16:32:35,657] {processor.py:641} INFO - Processing file /opt/conda/lib/python3.8/site-packages/airflow/example_dags/example_sla_dag.py for tasks to queue
[2022-11-02 16:32:35,658] {logging_mixin.py:115} INFO - [2022-11-02 16:32:35,658] {dagbag.py:508} INFO - Filling up the DagBag from /opt/conda/lib/python3.8/site-packages/airflow/example_dags/example_sla_dag.py
[2022-11-02 16:32:35,679] {processor.py:651} INFO - DAG(s) dict_keys(['example_sla_dag']) retrieved from /opt/conda/lib/python3.8/site-packages/airflow/example_dags/example_sla_dag.py
[2022-11-02 16:32:35,698] {logging_mixin.py:115} INFO - [2022-11-02 16:32:35,698] {dag.py:2420} INFO - Sync 1 DAGs
[2022-11-02 16:32:35,723] {logging_mixin.py:115} INFO - [2022-11-02 16:32:35,723] {dag.py:2968} INFO - Setting next_dagrun for example_sla_dag to 2022-11-02T16:30:00+00:00, run_after=2022-11-02T16:32:00+00:00
[2022-11-02 16:32:35,734] {processor.py:161} INFO - Processing /opt/conda/lib/python3.8/site-packages/airflow/example_dags/example_sla_dag.py took 0.083 seconds
[2022-11-02 16:33:27,386] {processor.py:153} INFO - Started process (PID=7188) to work on /opt/conda/lib/python3.8/site-packages/airflow/example_dags/example_sla_dag.py
[2022-11-02 16:33:27,387] {processor.py:641} INFO - Processing file /opt/conda/lib/python3.8/site-packages/airflow/example_dags/example_sla_dag.py for tasks to queue
[2022-11-02 16:33:27,388] {logging_mixin.py:115} INFO - [2022-11-02 16:33:27,387] {dagbag.py:508} INFO - Filling up the DagBag from /opt/conda/lib/python3.8/site-packages/airflow/example_dags/example_sla_dag.py
[2022-11-02 16:33:27,408] {processor.py:651} INFO - DAG(s) dict_keys(['example_sla_dag']) retrieved from /opt/conda/lib/python3.8/site-packages/airflow/example_dags/example_sla_dag.py
[2022-11-02 16:33:27,426] {logging_mixin.py:115} INFO - [2022-11-02 16:33:27,426] {dag.py:2420} INFO - Sync 1 DAGs
[2022-11-02 16:33:27,450] {logging_mixin.py:115} INFO - [2022-11-02 16:33:27,450] {dag.py:2968} INFO - Setting next_dagrun for example_sla_dag to 2022-11-02T16:30:00+00:00, run_after=2022-11-02T16:32:00+00:00
[2022-11-02 16:33:27,468] {processor.py:161} INFO - Processing /opt/conda/lib/python3.8/site-packages/airflow/example_dags/example_sla_dag.py took 0.088 seconds
[2022-11-02 16:34:34,148] {processor.py:153} INFO - Started process (PID=7373) to work on /opt/conda/lib/python3.8/site-packages/airflow/example_dags/example_sla_dag.py
[2022-11-02 16:34:34,149] {processor.py:641} INFO - Processing file /opt/conda/lib/python3.8/site-packages/airflow/example_dags/example_sla_dag.py for tasks to queue
[2022-11-02 16:34:34,150] {logging_mixin.py:115} INFO - [2022-11-02 16:34:34,150] {dagbag.py:508} INFO - Filling up the DagBag from /opt/conda/lib/python3.8/site-packages/airflow/example_dags/example_sla_dag.py
[2022-11-02 16:34:34,170] {processor.py:651} INFO - DAG(s) dict_keys(['example_sla_dag']) retrieved from /opt/conda/lib/python3.8/site-packages/airflow/example_dags/example_sla_dag.py
[2022-11-02 16:34:34,188] {logging_mixin.py:115} INFO - [2022-11-02 16:34:34,188] {dag.py:2420} INFO - Sync 1 DAGs
[2022-11-02 16:34:34,212] {logging_mixin.py:115} INFO - [2022-11-02 16:34:34,212] {dag.py:2968} INFO - Setting next_dagrun for example_sla_dag to 2022-11-02T16:32:00+00:00, run_after=2022-11-02T16:34:00+00:00
[2022-11-02 16:34:34,222] {processor.py:161} INFO - Processing /opt/conda/lib/python3.8/site-packages/airflow/example_dags/example_sla_dag.py took 0.080 seconds
[2022-11-02 16:35:39,811] {processor.py:153} INFO - Started process (PID=7519) to work on /opt/conda/lib/python3.8/site-packages/airflow/example_dags/example_sla_dag.py
[2022-11-02 16:35:39,812] {processor.py:641} INFO - Processing file /opt/conda/lib/python3.8/site-packages/airflow/example_dags/example_sla_dag.py for tasks to queue
[2022-11-02 16:35:39,813] {logging_mixin.py:115} INFO - [2022-11-02 16:35:39,813] {dagbag.py:508} INFO - Filling up the DagBag from /opt/conda/lib/python3.8/site-packages/airflow/example_dags/example_sla_dag.py
[2022-11-02 16:35:39,833] {processor.py:651} INFO - DAG(s) dict_keys(['example_sla_dag']) retrieved from /opt/conda/lib/python3.8/site-packages/airflow/example_dags/example_sla_dag.py
[2022-11-02 16:35:39,851] {logging_mixin.py:115} INFO - [2022-11-02 16:35:39,851] {dag.py:2420} INFO - Sync 1 DAGs
[2022-11-02 16:35:39,874] {logging_mixin.py:115} INFO - [2022-11-02 16:35:39,874] {dag.py:2968} INFO - Setting next_dagrun for example_sla_dag to 2022-11-02T16:32:00+00:00, run_after=2022-11-02T16:34:00+00:00
[2022-11-02 16:35:39,891] {processor.py:161} INFO - Processing /opt/conda/lib/python3.8/site-packages/airflow/example_dags/example_sla_dag.py took 0.086 seconds
[2022-11-02 16:36:42,091] {processor.py:153} INFO - Started process (PID=7694) to work on /opt/conda/lib/python3.8/site-packages/airflow/example_dags/example_sla_dag.py
[2022-11-02 16:36:42,092] {processor.py:641} INFO - Processing file /opt/conda/lib/python3.8/site-packages/airflow/example_dags/example_sla_dag.py for tasks to queue
[2022-11-02 16:36:42,093] {logging_mixin.py:115} INFO - [2022-11-02 16:36:42,093] {dagbag.py:508} INFO - Filling up the DagBag from /opt/conda/lib/python3.8/site-packages/airflow/example_dags/example_sla_dag.py
[2022-11-02 16:36:42,113] {processor.py:651} INFO - DAG(s) dict_keys(['example_sla_dag']) retrieved from /opt/conda/lib/python3.8/site-packages/airflow/example_dags/example_sla_dag.py
[2022-11-02 16:36:42,131] {logging_mixin.py:115} INFO - [2022-11-02 16:36:42,131] {dag.py:2420} INFO - Sync 1 DAGs
[2022-11-02 16:36:42,154] {logging_mixin.py:115} INFO - [2022-11-02 16:36:42,154] {dag.py:2968} INFO - Setting next_dagrun for example_sla_dag to 2022-11-02T16:34:00+00:00, run_after=2022-11-02T16:36:00+00:00
[2022-11-02 16:36:42,165] {processor.py:161} INFO - Processing /opt/conda/lib/python3.8/site-packages/airflow/example_dags/example_sla_dag.py took 0.081 seconds
[2022-11-02 16:37:42,927] {processor.py:153} INFO - Started process (PID=8176) to work on /opt/conda/lib/python3.8/site-packages/airflow/example_dags/example_sla_dag.py
[2022-11-02 16:37:42,928] {processor.py:641} INFO - Processing file /opt/conda/lib/python3.8/site-packages/airflow/example_dags/example_sla_dag.py for tasks to queue
[2022-11-02 16:37:42,929] {logging_mixin.py:115} INFO - [2022-11-02 16:37:42,929] {dagbag.py:508} INFO - Filling up the DagBag from /opt/conda/lib/python3.8/site-packages/airflow/example_dags/example_sla_dag.py
[2022-11-02 16:37:42,949] {processor.py:651} INFO - DAG(s) dict_keys(['example_sla_dag']) retrieved from /opt/conda/lib/python3.8/site-packages/airflow/example_dags/example_sla_dag.py
[2022-11-02 16:37:42,966] {logging_mixin.py:115} INFO - [2022-11-02 16:37:42,966] {dag.py:2420} INFO - Sync 1 DAGs
[2022-11-02 16:37:42,990] {logging_mixin.py:115} INFO - [2022-11-02 16:37:42,990] {dag.py:2968} INFO - Setting next_dagrun for example_sla_dag to 2022-11-02T16:34:00+00:00, run_after=2022-11-02T16:36:00+00:00
[2022-11-02 16:37:43,007] {processor.py:161} INFO - Processing /opt/conda/lib/python3.8/site-packages/airflow/example_dags/example_sla_dag.py took 0.087 seconds
[2022-11-02 16:38:42,468] {processor.py:153} INFO - Started process (PID=8420) to work on /opt/conda/lib/python3.8/site-packages/airflow/example_dags/example_sla_dag.py
[2022-11-02 16:38:42,470] {processor.py:641} INFO - Processing file /opt/conda/lib/python3.8/site-packages/airflow/example_dags/example_sla_dag.py for tasks to queue
[2022-11-02 16:38:42,470] {logging_mixin.py:115} INFO - [2022-11-02 16:38:42,470] {dagbag.py:508} INFO - Filling up the DagBag from /opt/conda/lib/python3.8/site-packages/airflow/example_dags/example_sla_dag.py
[2022-11-02 16:38:42,490] {processor.py:651} INFO - DAG(s) dict_keys(['example_sla_dag']) retrieved from /opt/conda/lib/python3.8/site-packages/airflow/example_dags/example_sla_dag.py
[2022-11-02 16:38:42,508] {logging_mixin.py:115} INFO - [2022-11-02 16:38:42,508] {dag.py:2420} INFO - Sync 1 DAGs
[2022-11-02 16:38:42,531] {logging_mixin.py:115} INFO - [2022-11-02 16:38:42,531] {dag.py:2968} INFO - Setting next_dagrun for example_sla_dag to 2022-11-02T16:36:00+00:00, run_after=2022-11-02T16:38:00+00:00
[2022-11-02 16:38:42,542] {processor.py:161} INFO - Processing /opt/conda/lib/python3.8/site-packages/airflow/example_dags/example_sla_dag.py took 0.079 seconds
[2022-11-02 16:39:46,331] {processor.py:153} INFO - Started process (PID=8596) to work on /opt/conda/lib/python3.8/site-packages/airflow/example_dags/example_sla_dag.py
[2022-11-02 16:39:46,332] {processor.py:641} INFO - Processing file /opt/conda/lib/python3.8/site-packages/airflow/example_dags/example_sla_dag.py for tasks to queue
[2022-11-02 16:39:46,332] {logging_mixin.py:115} INFO - [2022-11-02 16:39:46,332] {dagbag.py:508} INFO - Filling up the DagBag from /opt/conda/lib/python3.8/site-packages/airflow/example_dags/example_sla_dag.py
[2022-11-02 16:39:46,352] {processor.py:651} INFO - DAG(s) dict_keys(['example_sla_dag']) retrieved from /opt/conda/lib/python3.8/site-packages/airflow/example_dags/example_sla_dag.py
[2022-11-02 16:39:46,370] {logging_mixin.py:115} INFO - [2022-11-02 16:39:46,370] {dag.py:2420} INFO - Sync 1 DAGs
[2022-11-02 16:39:46,393] {logging_mixin.py:115} INFO - [2022-11-02 16:39:46,393] {dag.py:2968} INFO - Setting next_dagrun for example_sla_dag to 2022-11-02T16:36:00+00:00, run_after=2022-11-02T16:38:00+00:00
[2022-11-02 16:39:46,407] {processor.py:161} INFO - Processing /opt/conda/lib/python3.8/site-packages/airflow/example_dags/example_sla_dag.py took 0.079 seconds
[2022-11-02 16:40:47,088] {processor.py:153} INFO - Started process (PID=8824) to work on /opt/conda/lib/python3.8/site-packages/airflow/example_dags/example_sla_dag.py
[2022-11-02 16:40:47,089] {processor.py:641} INFO - Processing file /opt/conda/lib/python3.8/site-packages/airflow/example_dags/example_sla_dag.py for tasks to queue
[2022-11-02 16:40:47,089] {logging_mixin.py:115} INFO - [2022-11-02 16:40:47,089] {dagbag.py:508} INFO - Filling up the DagBag from /opt/conda/lib/python3.8/site-packages/airflow/example_dags/example_sla_dag.py
[2022-11-02 16:40:47,110] {processor.py:651} INFO - DAG(s) dict_keys(['example_sla_dag']) retrieved from /opt/conda/lib/python3.8/site-packages/airflow/example_dags/example_sla_dag.py
[2022-11-02 16:40:47,127] {logging_mixin.py:115} INFO - [2022-11-02 16:40:47,127] {dag.py:2420} INFO - Sync 1 DAGs
[2022-11-02 16:40:47,151] {logging_mixin.py:115} INFO - [2022-11-02 16:40:47,151] {dag.py:2968} INFO - Setting next_dagrun for example_sla_dag to 2022-11-02T16:38:00+00:00, run_after=2022-11-02T16:40:00+00:00
[2022-11-02 16:40:47,162] {processor.py:161} INFO - Processing /opt/conda/lib/python3.8/site-packages/airflow/example_dags/example_sla_dag.py took 0.080 seconds
[2022-11-02 16:42:55,186] {processor.py:153} INFO - Started process (PID=9180) to work on /opt/conda/lib/python3.8/site-packages/airflow/example_dags/example_sla_dag.py
[2022-11-02 16:42:55,187] {processor.py:641} INFO - Processing file /opt/conda/lib/python3.8/site-packages/airflow/example_dags/example_sla_dag.py for tasks to queue
[2022-11-02 16:42:55,187] {logging_mixin.py:115} INFO - [2022-11-02 16:42:55,187] {dagbag.py:508} INFO - Filling up the DagBag from /opt/conda/lib/python3.8/site-packages/airflow/example_dags/example_sla_dag.py
[2022-11-02 16:42:55,207] {processor.py:651} INFO - DAG(s) dict_keys(['example_sla_dag']) retrieved from /opt/conda/lib/python3.8/site-packages/airflow/example_dags/example_sla_dag.py
[2022-11-02 16:42:55,225] {logging_mixin.py:115} INFO - [2022-11-02 16:42:55,225] {dag.py:2420} INFO - Sync 1 DAGs
[2022-11-02 16:42:55,249] {logging_mixin.py:115} INFO - [2022-11-02 16:42:55,249] {dag.py:2968} INFO - Setting next_dagrun for example_sla_dag to 2022-11-02T16:40:00+00:00, run_after=2022-11-02T16:42:00+00:00
[2022-11-02 16:42:55,267] {processor.py:161} INFO - Processing /opt/conda/lib/python3.8/site-packages/airflow/example_dags/example_sla_dag.py took 0.088 seconds
[2022-11-02 16:43:45,453] {processor.py:153} INFO - Started process (PID=9298) to work on /opt/conda/lib/python3.8/site-packages/airflow/example_dags/example_sla_dag.py
[2022-11-02 16:43:45,454] {processor.py:641} INFO - Processing file /opt/conda/lib/python3.8/site-packages/airflow/example_dags/example_sla_dag.py for tasks to queue
[2022-11-02 16:43:45,455] {logging_mixin.py:115} INFO - [2022-11-02 16:43:45,455] {dagbag.py:508} INFO - Filling up the DagBag from /opt/conda/lib/python3.8/site-packages/airflow/example_dags/example_sla_dag.py
[2022-11-02 16:43:45,475] {processor.py:651} INFO - DAG(s) dict_keys(['example_sla_dag']) retrieved from /opt/conda/lib/python3.8/site-packages/airflow/example_dags/example_sla_dag.py
[2022-11-02 16:43:45,493] {logging_mixin.py:115} INFO - [2022-11-02 16:43:45,493] {dag.py:2420} INFO - Sync 1 DAGs
[2022-11-02 16:43:45,516] {logging_mixin.py:115} INFO - [2022-11-02 16:43:45,516] {dag.py:2968} INFO - Setting next_dagrun for example_sla_dag to 2022-11-02T16:40:00+00:00, run_after=2022-11-02T16:42:00+00:00
[2022-11-02 16:43:45,533] {processor.py:161} INFO - Processing /opt/conda/lib/python3.8/site-packages/airflow/example_dags/example_sla_dag.py took 0.085 seconds
[2022-11-02 16:44:46,698] {processor.py:153} INFO - Started process (PID=9473) to work on /opt/conda/lib/python3.8/site-packages/airflow/example_dags/example_sla_dag.py
[2022-11-02 16:44:46,699] {processor.py:641} INFO - Processing file /opt/conda/lib/python3.8/site-packages/airflow/example_dags/example_sla_dag.py for tasks to queue
[2022-11-02 16:44:46,699] {logging_mixin.py:115} INFO - [2022-11-02 16:44:46,699] {dagbag.py:508} INFO - Filling up the DagBag from /opt/conda/lib/python3.8/site-packages/airflow/example_dags/example_sla_dag.py
[2022-11-02 16:44:46,719] {processor.py:651} INFO - DAG(s) dict_keys(['example_sla_dag']) retrieved from /opt/conda/lib/python3.8/site-packages/airflow/example_dags/example_sla_dag.py
[2022-11-02 16:44:46,737] {logging_mixin.py:115} INFO - [2022-11-02 16:44:46,737] {dag.py:2420} INFO - Sync 1 DAGs
[2022-11-02 16:44:46,761] {logging_mixin.py:115} INFO - [2022-11-02 16:44:46,760] {dag.py:2968} INFO - Setting next_dagrun for example_sla_dag to 2022-11-02T16:42:00+00:00, run_after=2022-11-02T16:44:00+00:00
[2022-11-02 16:44:46,771] {processor.py:161} INFO - Processing /opt/conda/lib/python3.8/site-packages/airflow/example_dags/example_sla_dag.py took 0.080 seconds
[2022-11-02 16:46:01,598] {processor.py:153} INFO - Started process (PID=9676) to work on /opt/conda/lib/python3.8/site-packages/airflow/example_dags/example_sla_dag.py
[2022-11-02 16:46:01,599] {processor.py:641} INFO - Processing file /opt/conda/lib/python3.8/site-packages/airflow/example_dags/example_sla_dag.py for tasks to queue
[2022-11-02 16:46:01,599] {logging_mixin.py:115} INFO - [2022-11-02 16:46:01,599] {dagbag.py:508} INFO - Filling up the DagBag from /opt/conda/lib/python3.8/site-packages/airflow/example_dags/example_sla_dag.py
[2022-11-02 16:46:01,620] {processor.py:651} INFO - DAG(s) dict_keys(['example_sla_dag']) retrieved from /opt/conda/lib/python3.8/site-packages/airflow/example_dags/example_sla_dag.py
[2022-11-02 16:46:01,638] {logging_mixin.py:115} INFO - [2022-11-02 16:46:01,637] {dag.py:2420} INFO - Sync 1 DAGs
[2022-11-02 16:46:01,661] {logging_mixin.py:115} INFO - [2022-11-02 16:46:01,661] {dag.py:2968} INFO - Setting next_dagrun for example_sla_dag to 2022-11-02T16:44:00+00:00, run_after=2022-11-02T16:46:00+00:00
[2022-11-02 16:46:01,672] {processor.py:161} INFO - Processing /opt/conda/lib/python3.8/site-packages/airflow/example_dags/example_sla_dag.py took 0.080 seconds
[2022-11-02 16:47:02,566] {processor.py:153} INFO - Started process (PID=9828) to work on /opt/conda/lib/python3.8/site-packages/airflow/example_dags/example_sla_dag.py
[2022-11-02 16:47:02,567] {processor.py:641} INFO - Processing file /opt/conda/lib/python3.8/site-packages/airflow/example_dags/example_sla_dag.py for tasks to queue
[2022-11-02 16:47:02,568] {logging_mixin.py:115} INFO - [2022-11-02 16:47:02,568] {dagbag.py:508} INFO - Filling up the DagBag from /opt/conda/lib/python3.8/site-packages/airflow/example_dags/example_sla_dag.py
[2022-11-02 16:47:02,588] {processor.py:651} INFO - DAG(s) dict_keys(['example_sla_dag']) retrieved from /opt/conda/lib/python3.8/site-packages/airflow/example_dags/example_sla_dag.py
[2022-11-02 16:47:02,605] {logging_mixin.py:115} INFO - [2022-11-02 16:47:02,605] {dag.py:2420} INFO - Sync 1 DAGs
[2022-11-02 16:47:02,629] {logging_mixin.py:115} INFO - [2022-11-02 16:47:02,629] {dag.py:2968} INFO - Setting next_dagrun for example_sla_dag to 2022-11-02T16:44:00+00:00, run_after=2022-11-02T16:46:00+00:00
[2022-11-02 16:47:02,647] {processor.py:161} INFO - Processing /opt/conda/lib/python3.8/site-packages/airflow/example_dags/example_sla_dag.py took 0.087 seconds
[2022-11-02 16:48:16,462] {processor.py:153} INFO - Started process (PID=10039) to work on /opt/conda/lib/python3.8/site-packages/airflow/example_dags/example_sla_dag.py
[2022-11-02 16:48:16,463] {processor.py:641} INFO - Processing file /opt/conda/lib/python3.8/site-packages/airflow/example_dags/example_sla_dag.py for tasks to queue
[2022-11-02 16:48:16,464] {logging_mixin.py:115} INFO - [2022-11-02 16:48:16,464] {dagbag.py:508} INFO - Filling up the DagBag from /opt/conda/lib/python3.8/site-packages/airflow/example_dags/example_sla_dag.py
[2022-11-02 16:48:16,484] {processor.py:651} INFO - DAG(s) dict_keys(['example_sla_dag']) retrieved from /opt/conda/lib/python3.8/site-packages/airflow/example_dags/example_sla_dag.py
[2022-11-02 16:48:16,503] {logging_mixin.py:115} INFO - [2022-11-02 16:48:16,503] {dag.py:2420} INFO - Sync 1 DAGs
[2022-11-02 16:48:16,527] {logging_mixin.py:115} INFO - [2022-11-02 16:48:16,527] {dag.py:2968} INFO - Setting next_dagrun for example_sla_dag to 2022-11-02T16:46:00+00:00, run_after=2022-11-02T16:48:00+00:00
[2022-11-02 16:48:16,542] {processor.py:161} INFO - Processing /opt/conda/lib/python3.8/site-packages/airflow/example_dags/example_sla_dag.py took 0.086 seconds
[2022-11-02 16:49:23,660] {processor.py:153} INFO - Started process (PID=10227) to work on /opt/conda/lib/python3.8/site-packages/airflow/example_dags/example_sla_dag.py
[2022-11-02 16:49:23,662] {processor.py:641} INFO - Processing file /opt/conda/lib/python3.8/site-packages/airflow/example_dags/example_sla_dag.py for tasks to queue
[2022-11-02 16:49:23,662] {logging_mixin.py:115} INFO - [2022-11-02 16:49:23,662] {dagbag.py:508} INFO - Filling up the DagBag from /opt/conda/lib/python3.8/site-packages/airflow/example_dags/example_sla_dag.py
[2022-11-02 16:49:23,682] {processor.py:651} INFO - DAG(s) dict_keys(['example_sla_dag']) retrieved from /opt/conda/lib/python3.8/site-packages/airflow/example_dags/example_sla_dag.py
[2022-11-02 16:49:23,700] {logging_mixin.py:115} INFO - [2022-11-02 16:49:23,700] {dag.py:2420} INFO - Sync 1 DAGs
[2022-11-02 16:49:23,723] {logging_mixin.py:115} INFO - [2022-11-02 16:49:23,723] {dag.py:2968} INFO - Setting next_dagrun for example_sla_dag to 2022-11-02T16:46:00+00:00, run_after=2022-11-02T16:48:00+00:00
[2022-11-02 16:49:23,740] {processor.py:161} INFO - Processing /opt/conda/lib/python3.8/site-packages/airflow/example_dags/example_sla_dag.py took 0.085 seconds
[2022-11-02 16:50:40,696] {processor.py:153} INFO - Started process (PID=10475) to work on /opt/conda/lib/python3.8/site-packages/airflow/example_dags/example_sla_dag.py
[2022-11-02 16:50:40,696] {processor.py:641} INFO - Processing file /opt/conda/lib/python3.8/site-packages/airflow/example_dags/example_sla_dag.py for tasks to queue
[2022-11-02 16:50:40,697] {logging_mixin.py:115} INFO - [2022-11-02 16:50:40,697] {dagbag.py:508} INFO - Filling up the DagBag from /opt/conda/lib/python3.8/site-packages/airflow/example_dags/example_sla_dag.py
[2022-11-02 16:50:40,717] {processor.py:651} INFO - DAG(s) dict_keys(['example_sla_dag']) retrieved from /opt/conda/lib/python3.8/site-packages/airflow/example_dags/example_sla_dag.py
[2022-11-02 16:50:40,734] {logging_mixin.py:115} INFO - [2022-11-02 16:50:40,734] {dag.py:2420} INFO - Sync 1 DAGs
[2022-11-02 16:50:40,757] {logging_mixin.py:115} INFO - [2022-11-02 16:50:40,757] {dag.py:2968} INFO - Setting next_dagrun for example_sla_dag to 2022-11-02T16:48:00+00:00, run_after=2022-11-02T16:50:00+00:00
[2022-11-02 16:50:40,767] {processor.py:161} INFO - Processing /opt/conda/lib/python3.8/site-packages/airflow/example_dags/example_sla_dag.py took 0.078 seconds
[2022-11-02 16:51:31,112] {processor.py:153} INFO - Started process (PID=10608) to work on /opt/conda/lib/python3.8/site-packages/airflow/example_dags/example_sla_dag.py
[2022-11-02 16:51:31,112] {processor.py:641} INFO - Processing file /opt/conda/lib/python3.8/site-packages/airflow/example_dags/example_sla_dag.py for tasks to queue
[2022-11-02 16:51:31,113] {logging_mixin.py:115} INFO - [2022-11-02 16:51:31,113] {dagbag.py:508} INFO - Filling up the DagBag from /opt/conda/lib/python3.8/site-packages/airflow/example_dags/example_sla_dag.py
[2022-11-02 16:51:31,133] {processor.py:651} INFO - DAG(s) dict_keys(['example_sla_dag']) retrieved from /opt/conda/lib/python3.8/site-packages/airflow/example_dags/example_sla_dag.py
[2022-11-02 16:51:31,152] {logging_mixin.py:115} INFO - [2022-11-02 16:51:31,152] {dag.py:2420} INFO - Sync 1 DAGs
[2022-11-02 16:51:31,176] {logging_mixin.py:115} INFO - [2022-11-02 16:51:31,176] {dag.py:2968} INFO - Setting next_dagrun for example_sla_dag to 2022-11-02T16:48:00+00:00, run_after=2022-11-02T16:50:00+00:00
[2022-11-02 16:51:31,193] {processor.py:161} INFO - Processing /opt/conda/lib/python3.8/site-packages/airflow/example_dags/example_sla_dag.py took 0.087 seconds
[2022-11-02 16:52:30,490] {processor.py:153} INFO - Started process (PID=10777) to work on /opt/conda/lib/python3.8/site-packages/airflow/example_dags/example_sla_dag.py
[2022-11-02 16:52:30,491] {processor.py:641} INFO - Processing file /opt/conda/lib/python3.8/site-packages/airflow/example_dags/example_sla_dag.py for tasks to queue
[2022-11-02 16:52:30,492] {logging_mixin.py:115} INFO - [2022-11-02 16:52:30,492] {dagbag.py:508} INFO - Filling up the DagBag from /opt/conda/lib/python3.8/site-packages/airflow/example_dags/example_sla_dag.py
[2022-11-02 16:52:30,511] {processor.py:651} INFO - DAG(s) dict_keys(['example_sla_dag']) retrieved from /opt/conda/lib/python3.8/site-packages/airflow/example_dags/example_sla_dag.py
[2022-11-02 16:52:30,528] {logging_mixin.py:115} INFO - [2022-11-02 16:52:30,528] {dag.py:2420} INFO - Sync 1 DAGs
[2022-11-02 16:52:30,551] {logging_mixin.py:115} INFO - [2022-11-02 16:52:30,551] {dag.py:2968} INFO - Setting next_dagrun for example_sla_dag to 2022-11-02T16:50:00+00:00, run_after=2022-11-02T16:52:00+00:00
[2022-11-02 16:52:30,568] {processor.py:161} INFO - Processing /opt/conda/lib/python3.8/site-packages/airflow/example_dags/example_sla_dag.py took 0.084 seconds
[2022-11-02 16:53:29,430] {processor.py:153} INFO - Started process (PID=10939) to work on /opt/conda/lib/python3.8/site-packages/airflow/example_dags/example_sla_dag.py
[2022-11-02 16:53:29,431] {processor.py:641} INFO - Processing file /opt/conda/lib/python3.8/site-packages/airflow/example_dags/example_sla_dag.py for tasks to queue
[2022-11-02 16:53:29,431] {logging_mixin.py:115} INFO - [2022-11-02 16:53:29,431] {dagbag.py:508} INFO - Filling up the DagBag from /opt/conda/lib/python3.8/site-packages/airflow/example_dags/example_sla_dag.py
[2022-11-02 16:53:29,446] {processor.py:651} INFO - DAG(s) dict_keys(['example_sla_dag']) retrieved from /opt/conda/lib/python3.8/site-packages/airflow/example_dags/example_sla_dag.py
[2022-11-02 16:53:29,459] {logging_mixin.py:115} INFO - [2022-11-02 16:53:29,459] {dag.py:2420} INFO - Sync 1 DAGs
[2022-11-02 16:53:29,475] {logging_mixin.py:115} INFO - [2022-11-02 16:53:29,475] {dag.py:2968} INFO - Setting next_dagrun for example_sla_dag to 2022-11-02T16:50:00+00:00, run_after=2022-11-02T16:52:00+00:00
[2022-11-02 16:53:29,483] {processor.py:161} INFO - Processing /opt/conda/lib/python3.8/site-packages/airflow/example_dags/example_sla_dag.py took 0.059 seconds
[2022-11-02 16:54:32,872] {processor.py:153} INFO - Started process (PID=11103) to work on /opt/conda/lib/python3.8/site-packages/airflow/example_dags/example_sla_dag.py
[2022-11-02 16:54:32,873] {processor.py:641} INFO - Processing file /opt/conda/lib/python3.8/site-packages/airflow/example_dags/example_sla_dag.py for tasks to queue
[2022-11-02 16:54:32,874] {logging_mixin.py:115} INFO - [2022-11-02 16:54:32,873] {dagbag.py:508} INFO - Filling up the DagBag from /opt/conda/lib/python3.8/site-packages/airflow/example_dags/example_sla_dag.py
[2022-11-02 16:54:32,890] {processor.py:651} INFO - DAG(s) dict_keys(['example_sla_dag']) retrieved from /opt/conda/lib/python3.8/site-packages/airflow/example_dags/example_sla_dag.py
[2022-11-02 16:54:32,904] {logging_mixin.py:115} INFO - [2022-11-02 16:54:32,904] {dag.py:2420} INFO - Sync 1 DAGs
[2022-11-02 16:54:32,921] {logging_mixin.py:115} INFO - [2022-11-02 16:54:32,921] {dag.py:2968} INFO - Setting next_dagrun for example_sla_dag to 2022-11-02T16:52:00+00:00, run_after=2022-11-02T16:54:00+00:00
[2022-11-02 16:54:32,936] {processor.py:161} INFO - Processing /opt/conda/lib/python3.8/site-packages/airflow/example_dags/example_sla_dag.py took 0.068 seconds
[2022-11-02 16:55:36,002] {processor.py:153} INFO - Started process (PID=11266) to work on /opt/conda/lib/python3.8/site-packages/airflow/example_dags/example_sla_dag.py
[2022-11-02 16:55:36,003] {processor.py:641} INFO - Processing file /opt/conda/lib/python3.8/site-packages/airflow/example_dags/example_sla_dag.py for tasks to queue
[2022-11-02 16:55:36,004] {logging_mixin.py:115} INFO - [2022-11-02 16:55:36,003] {dagbag.py:508} INFO - Filling up the DagBag from /opt/conda/lib/python3.8/site-packages/airflow/example_dags/example_sla_dag.py
[2022-11-02 16:55:36,024] {processor.py:651} INFO - DAG(s) dict_keys(['example_sla_dag']) retrieved from /opt/conda/lib/python3.8/site-packages/airflow/example_dags/example_sla_dag.py
[2022-11-02 16:55:36,041] {logging_mixin.py:115} INFO - [2022-11-02 16:55:36,041] {dag.py:2420} INFO - Sync 1 DAGs
[2022-11-02 16:55:36,064] {logging_mixin.py:115} INFO - [2022-11-02 16:55:36,064] {dag.py:2968} INFO - Setting next_dagrun for example_sla_dag to 2022-11-02T16:52:00+00:00, run_after=2022-11-02T16:54:00+00:00
[2022-11-02 16:55:36,074] {processor.py:161} INFO - Processing /opt/conda/lib/python3.8/site-packages/airflow/example_dags/example_sla_dag.py took 0.078 seconds
[2022-11-02 16:56:21,899] {processor.py:153} INFO - Started process (PID=11378) to work on /opt/conda/lib/python3.8/site-packages/airflow/example_dags/example_sla_dag.py
[2022-11-02 16:56:21,900] {processor.py:641} INFO - Processing file /opt/conda/lib/python3.8/site-packages/airflow/example_dags/example_sla_dag.py for tasks to queue
[2022-11-02 16:56:21,900] {logging_mixin.py:115} INFO - [2022-11-02 16:56:21,900] {dagbag.py:508} INFO - Filling up the DagBag from /opt/conda/lib/python3.8/site-packages/airflow/example_dags/example_sla_dag.py
[2022-11-02 16:56:21,921] {processor.py:651} INFO - DAG(s) dict_keys(['example_sla_dag']) retrieved from /opt/conda/lib/python3.8/site-packages/airflow/example_dags/example_sla_dag.py
[2022-11-02 16:56:21,939] {logging_mixin.py:115} INFO - [2022-11-02 16:56:21,939] {dag.py:2420} INFO - Sync 1 DAGs
[2022-11-02 16:56:21,962] {logging_mixin.py:115} INFO - [2022-11-02 16:56:21,962] {dag.py:2968} INFO - Setting next_dagrun for example_sla_dag to 2022-11-02T16:54:00+00:00, run_after=2022-11-02T16:56:00+00:00
[2022-11-02 16:56:21,973] {processor.py:161} INFO - Processing /opt/conda/lib/python3.8/site-packages/airflow/example_dags/example_sla_dag.py took 0.077 seconds
[2022-11-02 16:57:11,610] {processor.py:153} INFO - Started process (PID=11495) to work on /opt/conda/lib/python3.8/site-packages/airflow/example_dags/example_sla_dag.py
[2022-11-02 16:57:11,612] {processor.py:641} INFO - Processing file /opt/conda/lib/python3.8/site-packages/airflow/example_dags/example_sla_dag.py for tasks to queue
[2022-11-02 16:57:11,612] {logging_mixin.py:115} INFO - [2022-11-02 16:57:11,612] {dagbag.py:508} INFO - Filling up the DagBag from /opt/conda/lib/python3.8/site-packages/airflow/example_dags/example_sla_dag.py
[2022-11-02 16:57:11,632] {processor.py:651} INFO - DAG(s) dict_keys(['example_sla_dag']) retrieved from /opt/conda/lib/python3.8/site-packages/airflow/example_dags/example_sla_dag.py
[2022-11-02 16:57:11,649] {logging_mixin.py:115} INFO - [2022-11-02 16:57:11,649] {dag.py:2420} INFO - Sync 1 DAGs
[2022-11-02 16:57:11,672] {logging_mixin.py:115} INFO - [2022-11-02 16:57:11,671] {dag.py:2968} INFO - Setting next_dagrun for example_sla_dag to 2022-11-02T16:54:00+00:00, run_after=2022-11-02T16:56:00+00:00
[2022-11-02 16:57:11,681] {processor.py:161} INFO - Processing /opt/conda/lib/python3.8/site-packages/airflow/example_dags/example_sla_dag.py took 0.078 seconds
[2022-11-02 16:58:14,656] {processor.py:153} INFO - Started process (PID=11659) to work on /opt/conda/lib/python3.8/site-packages/airflow/example_dags/example_sla_dag.py
[2022-11-02 16:58:14,657] {processor.py:641} INFO - Processing file /opt/conda/lib/python3.8/site-packages/airflow/example_dags/example_sla_dag.py for tasks to queue
[2022-11-02 16:58:14,658] {logging_mixin.py:115} INFO - [2022-11-02 16:58:14,658] {dagbag.py:508} INFO - Filling up the DagBag from /opt/conda/lib/python3.8/site-packages/airflow/example_dags/example_sla_dag.py
[2022-11-02 16:58:14,679] {processor.py:651} INFO - DAG(s) dict_keys(['example_sla_dag']) retrieved from /opt/conda/lib/python3.8/site-packages/airflow/example_dags/example_sla_dag.py
[2022-11-02 16:58:14,696] {logging_mixin.py:115} INFO - [2022-11-02 16:58:14,696] {dag.py:2420} INFO - Sync 1 DAGs
[2022-11-02 16:58:14,719] {logging_mixin.py:115} INFO - [2022-11-02 16:58:14,718] {dag.py:2968} INFO - Setting next_dagrun for example_sla_dag to 2022-11-02T16:56:00+00:00, run_after=2022-11-02T16:58:00+00:00
[2022-11-02 16:58:14,729] {processor.py:161} INFO - Processing /opt/conda/lib/python3.8/site-packages/airflow/example_dags/example_sla_dag.py took 0.078 seconds
[2022-11-02 16:59:17,194] {processor.py:153} INFO - Started process (PID=11821) to work on /opt/conda/lib/python3.8/site-packages/airflow/example_dags/example_sla_dag.py
[2022-11-02 16:59:17,198] {processor.py:641} INFO - Processing file /opt/conda/lib/python3.8/site-packages/airflow/example_dags/example_sla_dag.py for tasks to queue
[2022-11-02 16:59:17,199] {logging_mixin.py:115} INFO - [2022-11-02 16:59:17,199] {dagbag.py:508} INFO - Filling up the DagBag from /opt/conda/lib/python3.8/site-packages/airflow/example_dags/example_sla_dag.py
[2022-11-02 16:59:17,218] {processor.py:651} INFO - DAG(s) dict_keys(['example_sla_dag']) retrieved from /opt/conda/lib/python3.8/site-packages/airflow/example_dags/example_sla_dag.py
[2022-11-02 16:59:17,234] {logging_mixin.py:115} INFO - [2022-11-02 16:59:17,234] {dag.py:2420} INFO - Sync 1 DAGs
[2022-11-02 16:59:17,257] {logging_mixin.py:115} INFO - [2022-11-02 16:59:17,257] {dag.py:2968} INFO - Setting next_dagrun for example_sla_dag to 2022-11-02T16:56:00+00:00, run_after=2022-11-02T16:58:00+00:00
[2022-11-02 16:59:17,274] {processor.py:161} INFO - Processing /opt/conda/lib/python3.8/site-packages/airflow/example_dags/example_sla_dag.py took 0.084 seconds
[2022-11-02 17:00:29,668] {processor.py:153} INFO - Started process (PID=12023) to work on /opt/conda/lib/python3.8/site-packages/airflow/example_dags/example_sla_dag.py
[2022-11-02 17:00:29,668] {processor.py:641} INFO - Processing file /opt/conda/lib/python3.8/site-packages/airflow/example_dags/example_sla_dag.py for tasks to queue
[2022-11-02 17:00:29,669] {logging_mixin.py:115} INFO - [2022-11-02 17:00:29,669] {dagbag.py:508} INFO - Filling up the DagBag from /opt/conda/lib/python3.8/site-packages/airflow/example_dags/example_sla_dag.py
[2022-11-02 17:00:29,689] {processor.py:651} INFO - DAG(s) dict_keys(['example_sla_dag']) retrieved from /opt/conda/lib/python3.8/site-packages/airflow/example_dags/example_sla_dag.py
[2022-11-02 17:00:29,706] {logging_mixin.py:115} INFO - [2022-11-02 17:00:29,706] {dag.py:2420} INFO - Sync 1 DAGs
[2022-11-02 17:00:29,729] {logging_mixin.py:115} INFO - [2022-11-02 17:00:29,729] {dag.py:2968} INFO - Setting next_dagrun for example_sla_dag to 2022-11-02T16:58:00+00:00, run_after=2022-11-02T17:00:00+00:00
[2022-11-02 17:00:29,739] {processor.py:161} INFO - Processing /opt/conda/lib/python3.8/site-packages/airflow/example_dags/example_sla_dag.py took 0.078 seconds
[2022-11-02 17:01:34,828] {processor.py:153} INFO - Started process (PID=12189) to work on /opt/conda/lib/python3.8/site-packages/airflow/example_dags/example_sla_dag.py
[2022-11-02 17:01:34,829] {processor.py:641} INFO - Processing file /opt/conda/lib/python3.8/site-packages/airflow/example_dags/example_sla_dag.py for tasks to queue
[2022-11-02 17:01:34,829] {logging_mixin.py:115} INFO - [2022-11-02 17:01:34,829] {dagbag.py:508} INFO - Filling up the DagBag from /opt/conda/lib/python3.8/site-packages/airflow/example_dags/example_sla_dag.py
[2022-11-02 17:01:34,849] {processor.py:651} INFO - DAG(s) dict_keys(['example_sla_dag']) retrieved from /opt/conda/lib/python3.8/site-packages/airflow/example_dags/example_sla_dag.py
[2022-11-02 17:01:34,866] {logging_mixin.py:115} INFO - [2022-11-02 17:01:34,866] {dag.py:2420} INFO - Sync 1 DAGs
[2022-11-02 17:01:34,889] {logging_mixin.py:115} INFO - [2022-11-02 17:01:34,889] {dag.py:2968} INFO - Setting next_dagrun for example_sla_dag to 2022-11-02T16:58:00+00:00, run_after=2022-11-02T17:00:00+00:00
[2022-11-02 17:01:34,906] {processor.py:161} INFO - Processing /opt/conda/lib/python3.8/site-packages/airflow/example_dags/example_sla_dag.py took 0.084 seconds
[2022-11-02 17:02:39,819] {processor.py:153} INFO - Started process (PID=12354) to work on /opt/conda/lib/python3.8/site-packages/airflow/example_dags/example_sla_dag.py
[2022-11-02 17:02:39,820] {processor.py:641} INFO - Processing file /opt/conda/lib/python3.8/site-packages/airflow/example_dags/example_sla_dag.py for tasks to queue
[2022-11-02 17:02:39,820] {logging_mixin.py:115} INFO - [2022-11-02 17:02:39,820] {dagbag.py:508} INFO - Filling up the DagBag from /opt/conda/lib/python3.8/site-packages/airflow/example_dags/example_sla_dag.py
[2022-11-02 17:02:39,840] {processor.py:651} INFO - DAG(s) dict_keys(['example_sla_dag']) retrieved from /opt/conda/lib/python3.8/site-packages/airflow/example_dags/example_sla_dag.py
[2022-11-02 17:02:39,857] {logging_mixin.py:115} INFO - [2022-11-02 17:02:39,857] {dag.py:2420} INFO - Sync 1 DAGs
[2022-11-02 17:02:39,880] {logging_mixin.py:115} INFO - [2022-11-02 17:02:39,880] {dag.py:2968} INFO - Setting next_dagrun for example_sla_dag to 2022-11-02T17:00:00+00:00, run_after=2022-11-02T17:02:00+00:00
[2022-11-02 17:02:39,896] {processor.py:161} INFO - Processing /opt/conda/lib/python3.8/site-packages/airflow/example_dags/example_sla_dag.py took 0.083 seconds
[2022-11-02 17:03:40,464] {processor.py:153} INFO - Started process (PID=12516) to work on /opt/conda/lib/python3.8/site-packages/airflow/example_dags/example_sla_dag.py
[2022-11-02 17:03:40,464] {processor.py:641} INFO - Processing file /opt/conda/lib/python3.8/site-packages/airflow/example_dags/example_sla_dag.py for tasks to queue
[2022-11-02 17:03:40,465] {logging_mixin.py:115} INFO - [2022-11-02 17:03:40,465] {dagbag.py:508} INFO - Filling up the DagBag from /opt/conda/lib/python3.8/site-packages/airflow/example_dags/example_sla_dag.py
[2022-11-02 17:03:40,485] {processor.py:651} INFO - DAG(s) dict_keys(['example_sla_dag']) retrieved from /opt/conda/lib/python3.8/site-packages/airflow/example_dags/example_sla_dag.py
[2022-11-02 17:03:40,502] {logging_mixin.py:115} INFO - [2022-11-02 17:03:40,502] {dag.py:2420} INFO - Sync 1 DAGs
[2022-11-02 17:03:40,524] {logging_mixin.py:115} INFO - [2022-11-02 17:03:40,524] {dag.py:2968} INFO - Setting next_dagrun for example_sla_dag to 2022-11-02T17:00:00+00:00, run_after=2022-11-02T17:02:00+00:00
[2022-11-02 17:03:40,534] {processor.py:161} INFO - Processing /opt/conda/lib/python3.8/site-packages/airflow/example_dags/example_sla_dag.py took 0.076 seconds
[2022-11-02 17:04:41,754] {processor.py:153} INFO - Started process (PID=12679) to work on /opt/conda/lib/python3.8/site-packages/airflow/example_dags/example_sla_dag.py
[2022-11-02 17:04:41,756] {processor.py:641} INFO - Processing file /opt/conda/lib/python3.8/site-packages/airflow/example_dags/example_sla_dag.py for tasks to queue
[2022-11-02 17:04:41,756] {logging_mixin.py:115} INFO - [2022-11-02 17:04:41,756] {dagbag.py:508} INFO - Filling up the DagBag from /opt/conda/lib/python3.8/site-packages/airflow/example_dags/example_sla_dag.py
[2022-11-02 17:04:41,778] {processor.py:651} INFO - DAG(s) dict_keys(['example_sla_dag']) retrieved from /opt/conda/lib/python3.8/site-packages/airflow/example_dags/example_sla_dag.py
[2022-11-02 17:04:41,795] {logging_mixin.py:115} INFO - [2022-11-02 17:04:41,795] {dag.py:2420} INFO - Sync 1 DAGs
[2022-11-02 17:04:41,818] {logging_mixin.py:115} INFO - [2022-11-02 17:04:41,817] {dag.py:2968} INFO - Setting next_dagrun for example_sla_dag to 2022-11-02T17:02:00+00:00, run_after=2022-11-02T17:04:00+00:00
[2022-11-02 17:04:41,835] {processor.py:161} INFO - Processing /opt/conda/lib/python3.8/site-packages/airflow/example_dags/example_sla_dag.py took 0.086 seconds
[2022-11-02 17:05:49,376] {processor.py:153} INFO - Started process (PID=12845) to work on /opt/conda/lib/python3.8/site-packages/airflow/example_dags/example_sla_dag.py
[2022-11-02 17:05:49,376] {processor.py:641} INFO - Processing file /opt/conda/lib/python3.8/site-packages/airflow/example_dags/example_sla_dag.py for tasks to queue
[2022-11-02 17:05:49,377] {logging_mixin.py:115} INFO - [2022-11-02 17:05:49,377] {dagbag.py:508} INFO - Filling up the DagBag from /opt/conda/lib/python3.8/site-packages/airflow/example_dags/example_sla_dag.py
[2022-11-02 17:05:49,396] {processor.py:651} INFO - DAG(s) dict_keys(['example_sla_dag']) retrieved from /opt/conda/lib/python3.8/site-packages/airflow/example_dags/example_sla_dag.py
[2022-11-02 17:05:49,414] {logging_mixin.py:115} INFO - [2022-11-02 17:05:49,414] {dag.py:2420} INFO - Sync 1 DAGs
[2022-11-02 17:05:49,436] {logging_mixin.py:115} INFO - [2022-11-02 17:05:49,436] {dag.py:2968} INFO - Setting next_dagrun for example_sla_dag to 2022-11-02T17:02:00+00:00, run_after=2022-11-02T17:04:00+00:00
[2022-11-02 17:05:49,453] {processor.py:161} INFO - Processing /opt/conda/lib/python3.8/site-packages/airflow/example_dags/example_sla_dag.py took 0.084 seconds
[2022-11-02 17:06:53,234] {processor.py:153} INFO - Started process (PID=13011) to work on /opt/conda/lib/python3.8/site-packages/airflow/example_dags/example_sla_dag.py
[2022-11-02 17:06:53,235] {processor.py:641} INFO - Processing file /opt/conda/lib/python3.8/site-packages/airflow/example_dags/example_sla_dag.py for tasks to queue
[2022-11-02 17:06:53,235] {logging_mixin.py:115} INFO - [2022-11-02 17:06:53,235] {dagbag.py:508} INFO - Filling up the DagBag from /opt/conda/lib/python3.8/site-packages/airflow/example_dags/example_sla_dag.py
[2022-11-02 17:06:53,255] {processor.py:651} INFO - DAG(s) dict_keys(['example_sla_dag']) retrieved from /opt/conda/lib/python3.8/site-packages/airflow/example_dags/example_sla_dag.py
[2022-11-02 17:06:53,272] {logging_mixin.py:115} INFO - [2022-11-02 17:06:53,272] {dag.py:2420} INFO - Sync 1 DAGs
[2022-11-02 17:06:53,295] {logging_mixin.py:115} INFO - [2022-11-02 17:06:53,294] {dag.py:2968} INFO - Setting next_dagrun for example_sla_dag to 2022-11-02T17:04:00+00:00, run_after=2022-11-02T17:06:00+00:00
[2022-11-02 17:06:53,312] {processor.py:161} INFO - Processing /opt/conda/lib/python3.8/site-packages/airflow/example_dags/example_sla_dag.py took 0.084 seconds
[2022-11-02 17:07:58,306] {processor.py:153} INFO - Started process (PID=13175) to work on /opt/conda/lib/python3.8/site-packages/airflow/example_dags/example_sla_dag.py
[2022-11-02 17:07:58,307] {processor.py:641} INFO - Processing file /opt/conda/lib/python3.8/site-packages/airflow/example_dags/example_sla_dag.py for tasks to queue
[2022-11-02 17:07:58,308] {logging_mixin.py:115} INFO - [2022-11-02 17:07:58,308] {dagbag.py:508} INFO - Filling up the DagBag from /opt/conda/lib/python3.8/site-packages/airflow/example_dags/example_sla_dag.py
[2022-11-02 17:07:58,325] {processor.py:651} INFO - DAG(s) dict_keys(['example_sla_dag']) retrieved from /opt/conda/lib/python3.8/site-packages/airflow/example_dags/example_sla_dag.py
[2022-11-02 17:07:58,338] {logging_mixin.py:115} INFO - [2022-11-02 17:07:58,338] {dag.py:2420} INFO - Sync 1 DAGs
[2022-11-02 17:07:58,355] {logging_mixin.py:115} INFO - [2022-11-02 17:07:58,355] {dag.py:2968} INFO - Setting next_dagrun for example_sla_dag to 2022-11-02T17:04:00+00:00, run_after=2022-11-02T17:06:00+00:00
[2022-11-02 17:07:58,371] {processor.py:161} INFO - Processing /opt/conda/lib/python3.8/site-packages/airflow/example_dags/example_sla_dag.py took 0.069 seconds
[2022-11-02 17:09:02,203] {processor.py:153} INFO - Started process (PID=13341) to work on /opt/conda/lib/python3.8/site-packages/airflow/example_dags/example_sla_dag.py
[2022-11-02 17:09:02,205] {processor.py:641} INFO - Processing file /opt/conda/lib/python3.8/site-packages/airflow/example_dags/example_sla_dag.py for tasks to queue
[2022-11-02 17:09:02,205] {logging_mixin.py:115} INFO - [2022-11-02 17:09:02,205] {dagbag.py:508} INFO - Filling up the DagBag from /opt/conda/lib/python3.8/site-packages/airflow/example_dags/example_sla_dag.py
[2022-11-02 17:09:02,226] {processor.py:651} INFO - DAG(s) dict_keys(['example_sla_dag']) retrieved from /opt/conda/lib/python3.8/site-packages/airflow/example_dags/example_sla_dag.py
[2022-11-02 17:09:02,243] {logging_mixin.py:115} INFO - [2022-11-02 17:09:02,243] {dag.py:2420} INFO - Sync 1 DAGs
[2022-11-02 17:09:02,266] {logging_mixin.py:115} INFO - [2022-11-02 17:09:02,266] {dag.py:2968} INFO - Setting next_dagrun for example_sla_dag to 2022-11-02T17:06:00+00:00, run_after=2022-11-02T17:08:00+00:00
[2022-11-02 17:09:02,281] {processor.py:161} INFO - Processing /opt/conda/lib/python3.8/site-packages/airflow/example_dags/example_sla_dag.py took 0.085 seconds
[2022-11-02 17:10:02,022] {processor.py:153} INFO - Started process (PID=13504) to work on /opt/conda/lib/python3.8/site-packages/airflow/example_dags/example_sla_dag.py
[2022-11-02 17:10:02,023] {processor.py:641} INFO - Processing file /opt/conda/lib/python3.8/site-packages/airflow/example_dags/example_sla_dag.py for tasks to queue
[2022-11-02 17:10:02,023] {logging_mixin.py:115} INFO - [2022-11-02 17:10:02,023] {dagbag.py:508} INFO - Filling up the DagBag from /opt/conda/lib/python3.8/site-packages/airflow/example_dags/example_sla_dag.py
[2022-11-02 17:10:02,044] {processor.py:651} INFO - DAG(s) dict_keys(['example_sla_dag']) retrieved from /opt/conda/lib/python3.8/site-packages/airflow/example_dags/example_sla_dag.py
[2022-11-02 17:10:02,061] {logging_mixin.py:115} INFO - [2022-11-02 17:10:02,061] {dag.py:2420} INFO - Sync 1 DAGs
[2022-11-02 17:10:02,084] {logging_mixin.py:115} INFO - [2022-11-02 17:10:02,084] {dag.py:2968} INFO - Setting next_dagrun for example_sla_dag to 2022-11-02T17:08:00+00:00, run_after=2022-11-02T17:10:00+00:00
[2022-11-02 17:10:02,098] {processor.py:161} INFO - Processing /opt/conda/lib/python3.8/site-packages/airflow/example_dags/example_sla_dag.py took 0.083 seconds
[2022-11-02 17:11:04,355] {processor.py:153} INFO - Started process (PID=13667) to work on /opt/conda/lib/python3.8/site-packages/airflow/example_dags/example_sla_dag.py
[2022-11-02 17:11:04,356] {processor.py:641} INFO - Processing file /opt/conda/lib/python3.8/site-packages/airflow/example_dags/example_sla_dag.py for tasks to queue
[2022-11-02 17:11:04,356] {logging_mixin.py:115} INFO - [2022-11-02 17:11:04,356] {dagbag.py:508} INFO - Filling up the DagBag from /opt/conda/lib/python3.8/site-packages/airflow/example_dags/example_sla_dag.py
[2022-11-02 17:11:04,376] {processor.py:651} INFO - DAG(s) dict_keys(['example_sla_dag']) retrieved from /opt/conda/lib/python3.8/site-packages/airflow/example_dags/example_sla_dag.py
[2022-11-02 17:11:04,393] {logging_mixin.py:115} INFO - [2022-11-02 17:11:04,393] {dag.py:2420} INFO - Sync 1 DAGs
[2022-11-02 17:11:04,415] {logging_mixin.py:115} INFO - [2022-11-02 17:11:04,415] {dag.py:2968} INFO - Setting next_dagrun for example_sla_dag to 2022-11-02T17:08:00+00:00, run_after=2022-11-02T17:10:00+00:00
[2022-11-02 17:11:04,425] {processor.py:161} INFO - Processing /opt/conda/lib/python3.8/site-packages/airflow/example_dags/example_sla_dag.py took 0.077 seconds
[2022-11-02 17:12:09,112] {processor.py:153} INFO - Started process (PID=13831) to work on /opt/conda/lib/python3.8/site-packages/airflow/example_dags/example_sla_dag.py
[2022-11-02 17:12:09,114] {processor.py:641} INFO - Processing file /opt/conda/lib/python3.8/site-packages/airflow/example_dags/example_sla_dag.py for tasks to queue
[2022-11-02 17:12:09,114] {logging_mixin.py:115} INFO - [2022-11-02 17:12:09,114] {dagbag.py:508} INFO - Filling up the DagBag from /opt/conda/lib/python3.8/site-packages/airflow/example_dags/example_sla_dag.py
[2022-11-02 17:12:09,134] {processor.py:651} INFO - DAG(s) dict_keys(['example_sla_dag']) retrieved from /opt/conda/lib/python3.8/site-packages/airflow/example_dags/example_sla_dag.py
[2022-11-02 17:12:09,148] {logging_mixin.py:115} INFO - [2022-11-02 17:12:09,148] {dag.py:2420} INFO - Sync 1 DAGs
[2022-11-02 17:12:09,164] {logging_mixin.py:115} INFO - [2022-11-02 17:12:09,164] {dag.py:2968} INFO - Setting next_dagrun for example_sla_dag to 2022-11-02T17:10:00+00:00, run_after=2022-11-02T17:12:00+00:00
[2022-11-02 17:12:09,180] {processor.py:161} INFO - Processing /opt/conda/lib/python3.8/site-packages/airflow/example_dags/example_sla_dag.py took 0.074 seconds
[2022-11-02 17:13:09,035] {processor.py:153} INFO - Started process (PID=13994) to work on /opt/conda/lib/python3.8/site-packages/airflow/example_dags/example_sla_dag.py
[2022-11-02 17:13:09,036] {processor.py:641} INFO - Processing file /opt/conda/lib/python3.8/site-packages/airflow/example_dags/example_sla_dag.py for tasks to queue
[2022-11-02 17:13:09,036] {logging_mixin.py:115} INFO - [2022-11-02 17:13:09,036] {dagbag.py:508} INFO - Filling up the DagBag from /opt/conda/lib/python3.8/site-packages/airflow/example_dags/example_sla_dag.py
[2022-11-02 17:13:09,056] {processor.py:651} INFO - DAG(s) dict_keys(['example_sla_dag']) retrieved from /opt/conda/lib/python3.8/site-packages/airflow/example_dags/example_sla_dag.py
[2022-11-02 17:13:09,073] {logging_mixin.py:115} INFO - [2022-11-02 17:13:09,073] {dag.py:2420} INFO - Sync 1 DAGs
[2022-11-02 17:13:09,096] {logging_mixin.py:115} INFO - [2022-11-02 17:13:09,096] {dag.py:2968} INFO - Setting next_dagrun for example_sla_dag to 2022-11-02T17:10:00+00:00, run_after=2022-11-02T17:12:00+00:00
[2022-11-02 17:13:09,106] {processor.py:161} INFO - Processing /opt/conda/lib/python3.8/site-packages/airflow/example_dags/example_sla_dag.py took 0.078 seconds
[2022-11-02 17:14:09,957] {processor.py:153} INFO - Started process (PID=14156) to work on /opt/conda/lib/python3.8/site-packages/airflow/example_dags/example_sla_dag.py
[2022-11-02 17:14:09,957] {processor.py:641} INFO - Processing file /opt/conda/lib/python3.8/site-packages/airflow/example_dags/example_sla_dag.py for tasks to queue
[2022-11-02 17:14:09,958] {logging_mixin.py:115} INFO - [2022-11-02 17:14:09,958] {dagbag.py:508} INFO - Filling up the DagBag from /opt/conda/lib/python3.8/site-packages/airflow/example_dags/example_sla_dag.py
[2022-11-02 17:14:09,975] {processor.py:651} INFO - DAG(s) dict_keys(['example_sla_dag']) retrieved from /opt/conda/lib/python3.8/site-packages/airflow/example_dags/example_sla_dag.py
[2022-11-02 17:14:09,992] {logging_mixin.py:115} INFO - [2022-11-02 17:14:09,992] {dag.py:2420} INFO - Sync 1 DAGs
[2022-11-02 17:14:10,011] {logging_mixin.py:115} INFO - [2022-11-02 17:14:10,011] {dag.py:2968} INFO - Setting next_dagrun for example_sla_dag to 2022-11-02T17:12:00+00:00, run_after=2022-11-02T17:14:00+00:00
[2022-11-02 17:14:10,019] {processor.py:161} INFO - Processing /opt/conda/lib/python3.8/site-packages/airflow/example_dags/example_sla_dag.py took 0.068 seconds
[2022-11-02 17:15:10,878] {processor.py:153} INFO - Started process (PID=14319) to work on /opt/conda/lib/python3.8/site-packages/airflow/example_dags/example_sla_dag.py
[2022-11-02 17:15:10,878] {processor.py:641} INFO - Processing file /opt/conda/lib/python3.8/site-packages/airflow/example_dags/example_sla_dag.py for tasks to queue
[2022-11-02 17:15:10,879] {logging_mixin.py:115} INFO - [2022-11-02 17:15:10,879] {dagbag.py:508} INFO - Filling up the DagBag from /opt/conda/lib/python3.8/site-packages/airflow/example_dags/example_sla_dag.py
[2022-11-02 17:15:10,899] {processor.py:651} INFO - DAG(s) dict_keys(['example_sla_dag']) retrieved from /opt/conda/lib/python3.8/site-packages/airflow/example_dags/example_sla_dag.py
[2022-11-02 17:15:10,916] {logging_mixin.py:115} INFO - [2022-11-02 17:15:10,916] {dag.py:2420} INFO - Sync 1 DAGs
[2022-11-02 17:15:10,938] {logging_mixin.py:115} INFO - [2022-11-02 17:15:10,938] {dag.py:2968} INFO - Setting next_dagrun for example_sla_dag to 2022-11-02T17:12:00+00:00, run_after=2022-11-02T17:14:00+00:00
[2022-11-02 17:15:10,955] {processor.py:161} INFO - Processing /opt/conda/lib/python3.8/site-packages/airflow/example_dags/example_sla_dag.py took 0.084 seconds
[2022-11-02 17:16:12,817] {processor.py:153} INFO - Started process (PID=14483) to work on /opt/conda/lib/python3.8/site-packages/airflow/example_dags/example_sla_dag.py
[2022-11-02 17:16:12,819] {processor.py:641} INFO - Processing file /opt/conda/lib/python3.8/site-packages/airflow/example_dags/example_sla_dag.py for tasks to queue
[2022-11-02 17:16:12,819] {logging_mixin.py:115} INFO - [2022-11-02 17:16:12,819] {dagbag.py:508} INFO - Filling up the DagBag from /opt/conda/lib/python3.8/site-packages/airflow/example_dags/example_sla_dag.py
[2022-11-02 17:16:12,839] {processor.py:651} INFO - DAG(s) dict_keys(['example_sla_dag']) retrieved from /opt/conda/lib/python3.8/site-packages/airflow/example_dags/example_sla_dag.py
[2022-11-02 17:16:12,856] {logging_mixin.py:115} INFO - [2022-11-02 17:16:12,856] {dag.py:2420} INFO - Sync 1 DAGs
[2022-11-02 17:16:12,878] {logging_mixin.py:115} INFO - [2022-11-02 17:16:12,878] {dag.py:2968} INFO - Setting next_dagrun for example_sla_dag to 2022-11-02T17:14:00+00:00, run_after=2022-11-02T17:16:00+00:00
[2022-11-02 17:16:12,889] {processor.py:161} INFO - Processing /opt/conda/lib/python3.8/site-packages/airflow/example_dags/example_sla_dag.py took 0.078 seconds
[2022-11-02 17:17:04,444] {processor.py:153} INFO - Started process (PID=14625) to work on /opt/conda/lib/python3.8/site-packages/airflow/example_dags/example_sla_dag.py
[2022-11-02 17:17:04,445] {processor.py:641} INFO - Processing file /opt/conda/lib/python3.8/site-packages/airflow/example_dags/example_sla_dag.py for tasks to queue
[2022-11-02 17:17:04,445] {logging_mixin.py:115} INFO - [2022-11-02 17:17:04,445] {dagbag.py:508} INFO - Filling up the DagBag from /opt/conda/lib/python3.8/site-packages/airflow/example_dags/example_sla_dag.py
[2022-11-02 17:17:04,465] {processor.py:651} INFO - DAG(s) dict_keys(['example_sla_dag']) retrieved from /opt/conda/lib/python3.8/site-packages/airflow/example_dags/example_sla_dag.py
[2022-11-02 17:17:04,483] {logging_mixin.py:115} INFO - [2022-11-02 17:17:04,482] {dag.py:2420} INFO - Sync 1 DAGs
[2022-11-02 17:17:04,505] {logging_mixin.py:115} INFO - [2022-11-02 17:17:04,505] {dag.py:2968} INFO - Setting next_dagrun for example_sla_dag to 2022-11-02T17:14:00+00:00, run_after=2022-11-02T17:16:00+00:00
[2022-11-02 17:17:04,515] {processor.py:161} INFO - Processing /opt/conda/lib/python3.8/site-packages/airflow/example_dags/example_sla_dag.py took 0.077 seconds
[2022-11-02 17:17:54,641] {processor.py:153} INFO - Started process (PID=14761) to work on /opt/conda/lib/python3.8/site-packages/airflow/example_dags/example_sla_dag.py
[2022-11-02 17:17:54,643] {processor.py:641} INFO - Processing file /opt/conda/lib/python3.8/site-packages/airflow/example_dags/example_sla_dag.py for tasks to queue
[2022-11-02 17:17:54,643] {logging_mixin.py:115} INFO - [2022-11-02 17:17:54,643] {dagbag.py:508} INFO - Filling up the DagBag from /opt/conda/lib/python3.8/site-packages/airflow/example_dags/example_sla_dag.py
[2022-11-02 17:17:54,663] {processor.py:651} INFO - DAG(s) dict_keys(['example_sla_dag']) retrieved from /opt/conda/lib/python3.8/site-packages/airflow/example_dags/example_sla_dag.py
[2022-11-02 17:17:54,680] {logging_mixin.py:115} INFO - [2022-11-02 17:17:54,680] {dag.py:2420} INFO - Sync 1 DAGs
[2022-11-02 17:17:54,703] {logging_mixin.py:115} INFO - [2022-11-02 17:17:54,703] {dag.py:2968} INFO - Setting next_dagrun for example_sla_dag to 2022-11-02T17:14:00+00:00, run_after=2022-11-02T17:16:00+00:00
[2022-11-02 17:17:54,713] {processor.py:161} INFO - Processing /opt/conda/lib/python3.8/site-packages/airflow/example_dags/example_sla_dag.py took 0.078 seconds
[2022-11-02 17:18:52,910] {processor.py:153} INFO - Started process (PID=14912) to work on /opt/conda/lib/python3.8/site-packages/airflow/example_dags/example_sla_dag.py
[2022-11-02 17:18:52,912] {processor.py:641} INFO - Processing file /opt/conda/lib/python3.8/site-packages/airflow/example_dags/example_sla_dag.py for tasks to queue
[2022-11-02 17:18:52,912] {logging_mixin.py:115} INFO - [2022-11-02 17:18:52,912] {dagbag.py:508} INFO - Filling up the DagBag from /opt/conda/lib/python3.8/site-packages/airflow/example_dags/example_sla_dag.py
[2022-11-02 17:18:52,932] {processor.py:651} INFO - DAG(s) dict_keys(['example_sla_dag']) retrieved from /opt/conda/lib/python3.8/site-packages/airflow/example_dags/example_sla_dag.py
[2022-11-02 17:18:52,950] {logging_mixin.py:115} INFO - [2022-11-02 17:18:52,950] {dag.py:2420} INFO - Sync 1 DAGs
[2022-11-02 17:18:52,972] {logging_mixin.py:115} INFO - [2022-11-02 17:18:52,972] {dag.py:2968} INFO - Setting next_dagrun for example_sla_dag to 2022-11-02T17:16:00+00:00, run_after=2022-11-02T17:18:00+00:00
[2022-11-02 17:18:52,983] {processor.py:161} INFO - Processing /opt/conda/lib/python3.8/site-packages/airflow/example_dags/example_sla_dag.py took 0.079 seconds
[2022-11-02 17:19:50,588] {processor.py:153} INFO - Started process (PID=15073) to work on /opt/conda/lib/python3.8/site-packages/airflow/example_dags/example_sla_dag.py
[2022-11-02 17:19:50,589] {processor.py:641} INFO - Processing file /opt/conda/lib/python3.8/site-packages/airflow/example_dags/example_sla_dag.py for tasks to queue
[2022-11-02 17:19:50,589] {logging_mixin.py:115} INFO - [2022-11-02 17:19:50,589] {dagbag.py:508} INFO - Filling up the DagBag from /opt/conda/lib/python3.8/site-packages/airflow/example_dags/example_sla_dag.py
[2022-11-02 17:19:50,609] {processor.py:651} INFO - DAG(s) dict_keys(['example_sla_dag']) retrieved from /opt/conda/lib/python3.8/site-packages/airflow/example_dags/example_sla_dag.py
[2022-11-02 17:19:50,626] {logging_mixin.py:115} INFO - [2022-11-02 17:19:50,626] {dag.py:2420} INFO - Sync 1 DAGs
[2022-11-02 17:19:50,649] {logging_mixin.py:115} INFO - [2022-11-02 17:19:50,649] {dag.py:2968} INFO - Setting next_dagrun for example_sla_dag to 2022-11-02T17:16:00+00:00, run_after=2022-11-02T17:18:00+00:00
[2022-11-02 17:19:50,659] {processor.py:161} INFO - Processing /opt/conda/lib/python3.8/site-packages/airflow/example_dags/example_sla_dag.py took 0.077 seconds
[2022-11-02 17:20:56,802] {processor.py:153} INFO - Started process (PID=15240) to work on /opt/conda/lib/python3.8/site-packages/airflow/example_dags/example_sla_dag.py
[2022-11-02 17:20:56,803] {processor.py:641} INFO - Processing file /opt/conda/lib/python3.8/site-packages/airflow/example_dags/example_sla_dag.py for tasks to queue
[2022-11-02 17:20:56,803] {logging_mixin.py:115} INFO - [2022-11-02 17:20:56,803] {dagbag.py:508} INFO - Filling up the DagBag from /opt/conda/lib/python3.8/site-packages/airflow/example_dags/example_sla_dag.py
[2022-11-02 17:20:56,823] {processor.py:651} INFO - DAG(s) dict_keys(['example_sla_dag']) retrieved from /opt/conda/lib/python3.8/site-packages/airflow/example_dags/example_sla_dag.py
[2022-11-02 17:20:56,840] {logging_mixin.py:115} INFO - [2022-11-02 17:20:56,840] {dag.py:2420} INFO - Sync 1 DAGs
[2022-11-02 17:20:56,863] {logging_mixin.py:115} INFO - [2022-11-02 17:20:56,863] {dag.py:2968} INFO - Setting next_dagrun for example_sla_dag to 2022-11-02T17:18:00+00:00, run_after=2022-11-02T17:20:00+00:00
[2022-11-02 17:20:56,874] {processor.py:161} INFO - Processing /opt/conda/lib/python3.8/site-packages/airflow/example_dags/example_sla_dag.py took 0.078 seconds
[2022-11-02 17:21:56,729] {processor.py:153} INFO - Started process (PID=15402) to work on /opt/conda/lib/python3.8/site-packages/airflow/example_dags/example_sla_dag.py
[2022-11-02 17:21:56,730] {processor.py:641} INFO - Processing file /opt/conda/lib/python3.8/site-packages/airflow/example_dags/example_sla_dag.py for tasks to queue
[2022-11-02 17:21:56,731] {logging_mixin.py:115} INFO - [2022-11-02 17:21:56,731] {dagbag.py:508} INFO - Filling up the DagBag from /opt/conda/lib/python3.8/site-packages/airflow/example_dags/example_sla_dag.py
[2022-11-02 17:21:56,750] {processor.py:651} INFO - DAG(s) dict_keys(['example_sla_dag']) retrieved from /opt/conda/lib/python3.8/site-packages/airflow/example_dags/example_sla_dag.py
[2022-11-02 17:21:56,768] {logging_mixin.py:115} INFO - [2022-11-02 17:21:56,768] {dag.py:2420} INFO - Sync 1 DAGs
[2022-11-02 17:21:56,791] {logging_mixin.py:115} INFO - [2022-11-02 17:21:56,790] {dag.py:2968} INFO - Setting next_dagrun for example_sla_dag to 2022-11-02T17:18:00+00:00, run_after=2022-11-02T17:20:00+00:00
[2022-11-02 17:21:56,801] {processor.py:161} INFO - Processing /opt/conda/lib/python3.8/site-packages/airflow/example_dags/example_sla_dag.py took 0.078 seconds
[2022-11-02 17:22:57,000] {processor.py:153} INFO - Started process (PID=15564) to work on /opt/conda/lib/python3.8/site-packages/airflow/example_dags/example_sla_dag.py
[2022-11-02 17:22:57,000] {processor.py:641} INFO - Processing file /opt/conda/lib/python3.8/site-packages/airflow/example_dags/example_sla_dag.py for tasks to queue
[2022-11-02 17:22:57,001] {logging_mixin.py:115} INFO - [2022-11-02 17:22:57,001] {dagbag.py:508} INFO - Filling up the DagBag from /opt/conda/lib/python3.8/site-packages/airflow/example_dags/example_sla_dag.py
[2022-11-02 17:22:57,021] {processor.py:651} INFO - DAG(s) dict_keys(['example_sla_dag']) retrieved from /opt/conda/lib/python3.8/site-packages/airflow/example_dags/example_sla_dag.py
[2022-11-02 17:22:57,038] {logging_mixin.py:115} INFO - [2022-11-02 17:22:57,038] {dag.py:2420} INFO - Sync 1 DAGs
[2022-11-02 17:22:57,061] {logging_mixin.py:115} INFO - [2022-11-02 17:22:57,061] {dag.py:2968} INFO - Setting next_dagrun for example_sla_dag to 2022-11-02T17:20:00+00:00, run_after=2022-11-02T17:22:00+00:00
[2022-11-02 17:22:57,079] {processor.py:161} INFO - Processing /opt/conda/lib/python3.8/site-packages/airflow/example_dags/example_sla_dag.py took 0.085 seconds
[2022-11-02 17:23:56,536] {processor.py:153} INFO - Started process (PID=15725) to work on /opt/conda/lib/python3.8/site-packages/airflow/example_dags/example_sla_dag.py
[2022-11-02 17:23:56,537] {processor.py:641} INFO - Processing file /opt/conda/lib/python3.8/site-packages/airflow/example_dags/example_sla_dag.py for tasks to queue
[2022-11-02 17:23:56,537] {logging_mixin.py:115} INFO - [2022-11-02 17:23:56,537] {dagbag.py:508} INFO - Filling up the DagBag from /opt/conda/lib/python3.8/site-packages/airflow/example_dags/example_sla_dag.py
[2022-11-02 17:23:56,557] {processor.py:651} INFO - DAG(s) dict_keys(['example_sla_dag']) retrieved from /opt/conda/lib/python3.8/site-packages/airflow/example_dags/example_sla_dag.py
[2022-11-02 17:23:56,574] {logging_mixin.py:115} INFO - [2022-11-02 17:23:56,574] {dag.py:2420} INFO - Sync 1 DAGs
[2022-11-02 17:23:56,597] {logging_mixin.py:115} INFO - [2022-11-02 17:23:56,597] {dag.py:2968} INFO - Setting next_dagrun for example_sla_dag to 2022-11-02T17:20:00+00:00, run_after=2022-11-02T17:22:00+00:00
[2022-11-02 17:23:56,607] {processor.py:161} INFO - Processing /opt/conda/lib/python3.8/site-packages/airflow/example_dags/example_sla_dag.py took 0.077 seconds
[2022-11-02 17:24:58,973] {processor.py:153} INFO - Started process (PID=15890) to work on /opt/conda/lib/python3.8/site-packages/airflow/example_dags/example_sla_dag.py
[2022-11-02 17:24:58,974] {processor.py:641} INFO - Processing file /opt/conda/lib/python3.8/site-packages/airflow/example_dags/example_sla_dag.py for tasks to queue
[2022-11-02 17:24:58,975] {logging_mixin.py:115} INFO - [2022-11-02 17:24:58,975] {dagbag.py:508} INFO - Filling up the DagBag from /opt/conda/lib/python3.8/site-packages/airflow/example_dags/example_sla_dag.py
[2022-11-02 17:24:58,994] {processor.py:651} INFO - DAG(s) dict_keys(['example_sla_dag']) retrieved from /opt/conda/lib/python3.8/site-packages/airflow/example_dags/example_sla_dag.py
[2022-11-02 17:24:59,012] {logging_mixin.py:115} INFO - [2022-11-02 17:24:59,012] {dag.py:2420} INFO - Sync 1 DAGs
[2022-11-02 17:24:59,034] {logging_mixin.py:115} INFO - [2022-11-02 17:24:59,034] {dag.py:2968} INFO - Setting next_dagrun for example_sla_dag to 2022-11-02T17:22:00+00:00, run_after=2022-11-02T17:24:00+00:00
[2022-11-02 17:24:59,052] {processor.py:161} INFO - Processing /opt/conda/lib/python3.8/site-packages/airflow/example_dags/example_sla_dag.py took 0.085 seconds
[2022-11-02 17:26:04,851] {processor.py:153} INFO - Started process (PID=16055) to work on /opt/conda/lib/python3.8/site-packages/airflow/example_dags/example_sla_dag.py
[2022-11-02 17:26:04,853] {processor.py:641} INFO - Processing file /opt/conda/lib/python3.8/site-packages/airflow/example_dags/example_sla_dag.py for tasks to queue
[2022-11-02 17:26:04,853] {logging_mixin.py:115} INFO - [2022-11-02 17:26:04,853] {dagbag.py:508} INFO - Filling up the DagBag from /opt/conda/lib/python3.8/site-packages/airflow/example_dags/example_sla_dag.py
[2022-11-02 17:26:04,873] {processor.py:651} INFO - DAG(s) dict_keys(['example_sla_dag']) retrieved from /opt/conda/lib/python3.8/site-packages/airflow/example_dags/example_sla_dag.py
[2022-11-02 17:26:04,890] {logging_mixin.py:115} INFO - [2022-11-02 17:26:04,890] {dag.py:2420} INFO - Sync 1 DAGs
[2022-11-02 17:26:04,913] {logging_mixin.py:115} INFO - [2022-11-02 17:26:04,913] {dag.py:2968} INFO - Setting next_dagrun for example_sla_dag to 2022-11-02T17:24:00+00:00, run_after=2022-11-02T17:26:00+00:00
[2022-11-02 17:26:04,930] {processor.py:161} INFO - Processing /opt/conda/lib/python3.8/site-packages/airflow/example_dags/example_sla_dag.py took 0.085 seconds
[2022-11-02 17:27:11,546] {processor.py:153} INFO - Started process (PID=16221) to work on /opt/conda/lib/python3.8/site-packages/airflow/example_dags/example_sla_dag.py
[2022-11-02 17:27:11,547] {processor.py:641} INFO - Processing file /opt/conda/lib/python3.8/site-packages/airflow/example_dags/example_sla_dag.py for tasks to queue
[2022-11-02 17:27:11,548] {logging_mixin.py:115} INFO - [2022-11-02 17:27:11,547] {dagbag.py:508} INFO - Filling up the DagBag from /opt/conda/lib/python3.8/site-packages/airflow/example_dags/example_sla_dag.py
[2022-11-02 17:27:11,567] {processor.py:651} INFO - DAG(s) dict_keys(['example_sla_dag']) retrieved from /opt/conda/lib/python3.8/site-packages/airflow/example_dags/example_sla_dag.py
[2022-11-02 17:27:11,584] {logging_mixin.py:115} INFO - [2022-11-02 17:27:11,584] {dag.py:2420} INFO - Sync 1 DAGs
[2022-11-02 17:27:11,607] {logging_mixin.py:115} INFO - [2022-11-02 17:27:11,607] {dag.py:2968} INFO - Setting next_dagrun for example_sla_dag to 2022-11-02T17:24:00+00:00, run_after=2022-11-02T17:26:00+00:00
[2022-11-02 17:27:11,624] {processor.py:161} INFO - Processing /opt/conda/lib/python3.8/site-packages/airflow/example_dags/example_sla_dag.py took 0.081 seconds
[2022-11-02 17:28:17,807] {processor.py:153} INFO - Started process (PID=16387) to work on /opt/conda/lib/python3.8/site-packages/airflow/example_dags/example_sla_dag.py
[2022-11-02 17:28:17,808] {processor.py:641} INFO - Processing file /opt/conda/lib/python3.8/site-packages/airflow/example_dags/example_sla_dag.py for tasks to queue
[2022-11-02 17:28:17,809] {logging_mixin.py:115} INFO - [2022-11-02 17:28:17,809] {dagbag.py:508} INFO - Filling up the DagBag from /opt/conda/lib/python3.8/site-packages/airflow/example_dags/example_sla_dag.py
[2022-11-02 17:28:17,828] {processor.py:651} INFO - DAG(s) dict_keys(['example_sla_dag']) retrieved from /opt/conda/lib/python3.8/site-packages/airflow/example_dags/example_sla_dag.py
[2022-11-02 17:28:17,845] {logging_mixin.py:115} INFO - [2022-11-02 17:28:17,845] {dag.py:2420} INFO - Sync 1 DAGs
[2022-11-02 17:28:17,867] {logging_mixin.py:115} INFO - [2022-11-02 17:28:17,867] {dag.py:2968} INFO - Setting next_dagrun for example_sla_dag to 2022-11-02T17:26:00+00:00, run_after=2022-11-02T17:28:00+00:00
[2022-11-02 17:28:17,884] {processor.py:161} INFO - Processing /opt/conda/lib/python3.8/site-packages/airflow/example_dags/example_sla_dag.py took 0.083 seconds
