[2022-11-02 16:04:47,313] {processor.py:153} INFO - Started process (PID=1380) to work on /opt/conda/lib/python3.8/site-packages/airflow/example_dags/example_skip_dag.py
[2022-11-02 16:04:47,314] {processor.py:641} INFO - Processing file /opt/conda/lib/python3.8/site-packages/airflow/example_dags/example_skip_dag.py for tasks to queue
[2022-11-02 16:04:47,315] {logging_mixin.py:115} INFO - [2022-11-02 16:04:47,315] {dagbag.py:508} INFO - Filling up the DagBag from /opt/conda/lib/python3.8/site-packages/airflow/example_dags/example_skip_dag.py
[2022-11-02 16:04:47,453] {processor.py:651} INFO - DAG(s) dict_keys(['example_skip_dag']) retrieved from /opt/conda/lib/python3.8/site-packages/airflow/example_dags/example_skip_dag.py
[2022-11-02 16:04:47,517] {logging_mixin.py:115} INFO - [2022-11-02 16:04:47,517] {manager.py:508} INFO - Created Permission View: can delete on DAG:example_skip_dag
[2022-11-02 16:04:47,533] {logging_mixin.py:115} INFO - [2022-11-02 16:04:47,533] {manager.py:508} INFO - Created Permission View: can edit on DAG:example_skip_dag
[2022-11-02 16:04:47,539] {logging_mixin.py:115} INFO - [2022-11-02 16:04:47,539] {manager.py:508} INFO - Created Permission View: can read on DAG:example_skip_dag
[2022-11-02 16:04:47,539] {logging_mixin.py:115} INFO - [2022-11-02 16:04:47,539] {dag.py:2420} INFO - Sync 1 DAGs
[2022-11-02 16:04:47,549] {logging_mixin.py:115} INFO - [2022-11-02 16:04:47,549] {dag.py:2439} INFO - Creating ORM DAG for example_skip_dag
[2022-11-02 16:04:47,560] {logging_mixin.py:115} INFO - [2022-11-02 16:04:47,560] {dag.py:2968} INFO - Setting next_dagrun for example_skip_dag to 2022-11-01T16:04:47.560369+00:00, run_after=2022-11-02T16:04:47.560369+00:00
[2022-11-02 16:04:47,574] {processor.py:161} INFO - Processing /opt/conda/lib/python3.8/site-packages/airflow/example_dags/example_skip_dag.py took 0.266 seconds
[2022-11-02 16:05:46,074] {processor.py:153} INFO - Started process (PID=1501) to work on /opt/conda/lib/python3.8/site-packages/airflow/example_dags/example_skip_dag.py
[2022-11-02 16:05:46,075] {processor.py:641} INFO - Processing file /opt/conda/lib/python3.8/site-packages/airflow/example_dags/example_skip_dag.py for tasks to queue
[2022-11-02 16:05:46,075] {logging_mixin.py:115} INFO - [2022-11-02 16:05:46,075] {dagbag.py:508} INFO - Filling up the DagBag from /opt/conda/lib/python3.8/site-packages/airflow/example_dags/example_skip_dag.py
[2022-11-02 16:05:46,197] {processor.py:651} INFO - DAG(s) dict_keys(['example_skip_dag']) retrieved from /opt/conda/lib/python3.8/site-packages/airflow/example_dags/example_skip_dag.py
[2022-11-02 16:05:46,208] {logging_mixin.py:115} INFO - [2022-11-02 16:05:46,208] {dag.py:2420} INFO - Sync 1 DAGs
[2022-11-02 16:05:46,220] {logging_mixin.py:115} INFO - [2022-11-02 16:05:46,220] {dag.py:2968} INFO - Setting next_dagrun for example_skip_dag to 2022-11-01T16:05:46.220261+00:00, run_after=2022-11-02T16:05:46.220261+00:00
[2022-11-02 16:05:46,228] {processor.py:161} INFO - Processing /opt/conda/lib/python3.8/site-packages/airflow/example_dags/example_skip_dag.py took 0.156 seconds
[2022-11-02 16:06:42,528] {processor.py:153} INFO - Started process (PID=1623) to work on /opt/conda/lib/python3.8/site-packages/airflow/example_dags/example_skip_dag.py
[2022-11-02 16:06:42,529] {processor.py:641} INFO - Processing file /opt/conda/lib/python3.8/site-packages/airflow/example_dags/example_skip_dag.py for tasks to queue
[2022-11-02 16:06:42,529] {logging_mixin.py:115} INFO - [2022-11-02 16:06:42,529] {dagbag.py:508} INFO - Filling up the DagBag from /opt/conda/lib/python3.8/site-packages/airflow/example_dags/example_skip_dag.py
[2022-11-02 16:06:42,658] {processor.py:651} INFO - DAG(s) dict_keys(['example_skip_dag']) retrieved from /opt/conda/lib/python3.8/site-packages/airflow/example_dags/example_skip_dag.py
[2022-11-02 16:06:42,669] {logging_mixin.py:115} INFO - [2022-11-02 16:06:42,669] {dag.py:2420} INFO - Sync 1 DAGs
[2022-11-02 16:06:42,681] {logging_mixin.py:115} INFO - [2022-11-02 16:06:42,681] {dag.py:2968} INFO - Setting next_dagrun for example_skip_dag to 2022-11-01T16:06:42.681408+00:00, run_after=2022-11-02T16:06:42.681408+00:00
[2022-11-02 16:06:42,696] {processor.py:161} INFO - Processing /opt/conda/lib/python3.8/site-packages/airflow/example_dags/example_skip_dag.py took 0.174 seconds
[2022-11-02 16:07:37,968] {processor.py:153} INFO - Started process (PID=1729) to work on /opt/conda/lib/python3.8/site-packages/airflow/example_dags/example_skip_dag.py
[2022-11-02 16:07:37,968] {processor.py:641} INFO - Processing file /opt/conda/lib/python3.8/site-packages/airflow/example_dags/example_skip_dag.py for tasks to queue
[2022-11-02 16:07:37,969] {logging_mixin.py:115} INFO - [2022-11-02 16:07:37,969] {dagbag.py:508} INFO - Filling up the DagBag from /opt/conda/lib/python3.8/site-packages/airflow/example_dags/example_skip_dag.py
[2022-11-02 16:07:38,104] {processor.py:651} INFO - DAG(s) dict_keys(['example_skip_dag']) retrieved from /opt/conda/lib/python3.8/site-packages/airflow/example_dags/example_skip_dag.py
[2022-11-02 16:07:38,119] {logging_mixin.py:115} INFO - [2022-11-02 16:07:38,119] {dag.py:2420} INFO - Sync 1 DAGs
[2022-11-02 16:07:38,135] {logging_mixin.py:115} INFO - [2022-11-02 16:07:38,135] {dag.py:2968} INFO - Setting next_dagrun for example_skip_dag to 2022-11-01T16:07:38.135380+00:00, run_after=2022-11-02T16:07:38.135380+00:00
[2022-11-02 16:07:38,152] {processor.py:161} INFO - Processing /opt/conda/lib/python3.8/site-packages/airflow/example_dags/example_skip_dag.py took 0.191 seconds
[2022-11-02 16:08:31,406] {processor.py:153} INFO - Started process (PID=1997) to work on /opt/conda/lib/python3.8/site-packages/airflow/example_dags/example_skip_dag.py
[2022-11-02 16:08:31,407] {processor.py:641} INFO - Processing file /opt/conda/lib/python3.8/site-packages/airflow/example_dags/example_skip_dag.py for tasks to queue
[2022-11-02 16:08:31,408] {logging_mixin.py:115} INFO - [2022-11-02 16:08:31,407] {dagbag.py:508} INFO - Filling up the DagBag from /opt/conda/lib/python3.8/site-packages/airflow/example_dags/example_skip_dag.py
[2022-11-02 16:08:31,545] {processor.py:651} INFO - DAG(s) dict_keys(['example_skip_dag']) retrieved from /opt/conda/lib/python3.8/site-packages/airflow/example_dags/example_skip_dag.py
[2022-11-02 16:08:31,556] {logging_mixin.py:115} INFO - [2022-11-02 16:08:31,556] {dag.py:2420} INFO - Sync 1 DAGs
[2022-11-02 16:08:31,568] {logging_mixin.py:115} INFO - [2022-11-02 16:08:31,568] {dag.py:2968} INFO - Setting next_dagrun for example_skip_dag to 2022-11-01T16:08:31.568612+00:00, run_after=2022-11-02T16:08:31.568612+00:00
[2022-11-02 16:08:31,576] {processor.py:161} INFO - Processing /opt/conda/lib/python3.8/site-packages/airflow/example_dags/example_skip_dag.py took 0.174 seconds
[2022-11-02 16:09:21,928] {processor.py:153} INFO - Started process (PID=2194) to work on /opt/conda/lib/python3.8/site-packages/airflow/example_dags/example_skip_dag.py
[2022-11-02 16:09:21,929] {processor.py:641} INFO - Processing file /opt/conda/lib/python3.8/site-packages/airflow/example_dags/example_skip_dag.py for tasks to queue
[2022-11-02 16:09:21,929] {logging_mixin.py:115} INFO - [2022-11-02 16:09:21,929] {dagbag.py:508} INFO - Filling up the DagBag from /opt/conda/lib/python3.8/site-packages/airflow/example_dags/example_skip_dag.py
[2022-11-02 16:09:21,935] {processor.py:651} INFO - DAG(s) dict_keys(['example_skip_dag']) retrieved from /opt/conda/lib/python3.8/site-packages/airflow/example_dags/example_skip_dag.py
[2022-11-02 16:09:21,954] {logging_mixin.py:115} INFO - [2022-11-02 16:09:21,954] {dag.py:2420} INFO - Sync 1 DAGs
[2022-11-02 16:09:21,974] {logging_mixin.py:115} INFO - [2022-11-02 16:09:21,974] {dag.py:2968} INFO - Setting next_dagrun for example_skip_dag to 2022-11-01T16:09:21.973833+00:00, run_after=2022-11-02T16:09:21.973833+00:00
[2022-11-02 16:09:21,989] {processor.py:161} INFO - Processing /opt/conda/lib/python3.8/site-packages/airflow/example_dags/example_skip_dag.py took 0.067 seconds
[2022-11-02 16:10:24,936] {processor.py:153} INFO - Started process (PID=2355) to work on /opt/conda/lib/python3.8/site-packages/airflow/example_dags/example_skip_dag.py
[2022-11-02 16:10:24,937] {processor.py:641} INFO - Processing file /opt/conda/lib/python3.8/site-packages/airflow/example_dags/example_skip_dag.py for tasks to queue
[2022-11-02 16:10:24,938] {logging_mixin.py:115} INFO - [2022-11-02 16:10:24,938] {dagbag.py:508} INFO - Filling up the DagBag from /opt/conda/lib/python3.8/site-packages/airflow/example_dags/example_skip_dag.py
[2022-11-02 16:10:24,943] {processor.py:651} INFO - DAG(s) dict_keys(['example_skip_dag']) retrieved from /opt/conda/lib/python3.8/site-packages/airflow/example_dags/example_skip_dag.py
[2022-11-02 16:10:24,958] {logging_mixin.py:115} INFO - [2022-11-02 16:10:24,958] {dag.py:2420} INFO - Sync 1 DAGs
[2022-11-02 16:10:24,971] {logging_mixin.py:115} INFO - [2022-11-02 16:10:24,971] {dag.py:2968} INFO - Setting next_dagrun for example_skip_dag to 2022-11-01T16:10:24.971646+00:00, run_after=2022-11-02T16:10:24.971646+00:00
[2022-11-02 16:10:24,988] {processor.py:161} INFO - Processing /opt/conda/lib/python3.8/site-packages/airflow/example_dags/example_skip_dag.py took 0.058 seconds
[2022-11-02 16:11:25,186] {processor.py:153} INFO - Started process (PID=2515) to work on /opt/conda/lib/python3.8/site-packages/airflow/example_dags/example_skip_dag.py
[2022-11-02 16:11:25,187] {processor.py:641} INFO - Processing file /opt/conda/lib/python3.8/site-packages/airflow/example_dags/example_skip_dag.py for tasks to queue
[2022-11-02 16:11:25,187] {logging_mixin.py:115} INFO - [2022-11-02 16:11:25,187] {dagbag.py:508} INFO - Filling up the DagBag from /opt/conda/lib/python3.8/site-packages/airflow/example_dags/example_skip_dag.py
[2022-11-02 16:11:25,191] {processor.py:651} INFO - DAG(s) dict_keys(['example_skip_dag']) retrieved from /opt/conda/lib/python3.8/site-packages/airflow/example_dags/example_skip_dag.py
[2022-11-02 16:11:25,207] {logging_mixin.py:115} INFO - [2022-11-02 16:11:25,207] {dag.py:2420} INFO - Sync 1 DAGs
[2022-11-02 16:11:25,221] {logging_mixin.py:115} INFO - [2022-11-02 16:11:25,221] {dag.py:2968} INFO - Setting next_dagrun for example_skip_dag to 2022-11-01T16:11:25.221666+00:00, run_after=2022-11-02T16:11:25.221666+00:00
[2022-11-02 16:11:25,239] {processor.py:161} INFO - Processing /opt/conda/lib/python3.8/site-packages/airflow/example_dags/example_skip_dag.py took 0.059 seconds
[2022-11-02 16:12:31,549] {processor.py:153} INFO - Started process (PID=2851) to work on /opt/conda/lib/python3.8/site-packages/airflow/example_dags/example_skip_dag.py
[2022-11-02 16:12:31,560] {processor.py:641} INFO - Processing file /opt/conda/lib/python3.8/site-packages/airflow/example_dags/example_skip_dag.py for tasks to queue
[2022-11-02 16:12:31,560] {logging_mixin.py:115} INFO - [2022-11-02 16:12:31,560] {dagbag.py:508} INFO - Filling up the DagBag from /opt/conda/lib/python3.8/site-packages/airflow/example_dags/example_skip_dag.py
[2022-11-02 16:12:31,564] {processor.py:651} INFO - DAG(s) dict_keys(['example_skip_dag']) retrieved from /opt/conda/lib/python3.8/site-packages/airflow/example_dags/example_skip_dag.py
[2022-11-02 16:12:31,597] {logging_mixin.py:115} INFO - [2022-11-02 16:12:31,597] {dag.py:2420} INFO - Sync 1 DAGs
[2022-11-02 16:12:31,619] {logging_mixin.py:115} INFO - [2022-11-02 16:12:31,619] {dag.py:2968} INFO - Setting next_dagrun for example_skip_dag to 2022-11-01T16:12:31.619625+00:00, run_after=2022-11-02T16:12:31.619625+00:00
[2022-11-02 16:12:31,635] {processor.py:161} INFO - Processing /opt/conda/lib/python3.8/site-packages/airflow/example_dags/example_skip_dag.py took 0.088 seconds
[2022-11-02 16:13:15,792] {processor.py:153} INFO - Started process (PID=2990) to work on /opt/conda/lib/python3.8/site-packages/airflow/example_dags/example_skip_dag.py
[2022-11-02 16:13:15,792] {processor.py:641} INFO - Processing file /opt/conda/lib/python3.8/site-packages/airflow/example_dags/example_skip_dag.py for tasks to queue
[2022-11-02 16:13:15,793] {logging_mixin.py:115} INFO - [2022-11-02 16:13:15,793] {dagbag.py:508} INFO - Filling up the DagBag from /opt/conda/lib/python3.8/site-packages/airflow/example_dags/example_skip_dag.py
[2022-11-02 16:13:15,798] {processor.py:651} INFO - DAG(s) dict_keys(['example_skip_dag']) retrieved from /opt/conda/lib/python3.8/site-packages/airflow/example_dags/example_skip_dag.py
[2022-11-02 16:13:15,819] {logging_mixin.py:115} INFO - [2022-11-02 16:13:15,818] {dag.py:2420} INFO - Sync 1 DAGs
[2022-11-02 16:13:15,837] {logging_mixin.py:115} INFO - [2022-11-02 16:13:15,837] {dag.py:2968} INFO - Setting next_dagrun for example_skip_dag to 2022-11-01T16:13:15.837506+00:00, run_after=2022-11-02T16:13:15.837506+00:00
[2022-11-02 16:13:15,849] {processor.py:161} INFO - Processing /opt/conda/lib/python3.8/site-packages/airflow/example_dags/example_skip_dag.py took 0.063 seconds
[2022-11-02 16:14:17,869] {processor.py:153} INFO - Started process (PID=3138) to work on /opt/conda/lib/python3.8/site-packages/airflow/example_dags/example_skip_dag.py
[2022-11-02 16:14:17,870] {processor.py:641} INFO - Processing file /opt/conda/lib/python3.8/site-packages/airflow/example_dags/example_skip_dag.py for tasks to queue
[2022-11-02 16:14:17,870] {logging_mixin.py:115} INFO - [2022-11-02 16:14:17,870] {dagbag.py:508} INFO - Filling up the DagBag from /opt/conda/lib/python3.8/site-packages/airflow/example_dags/example_skip_dag.py
[2022-11-02 16:14:17,876] {processor.py:651} INFO - DAG(s) dict_keys(['example_skip_dag']) retrieved from /opt/conda/lib/python3.8/site-packages/airflow/example_dags/example_skip_dag.py
[2022-11-02 16:14:17,894] {logging_mixin.py:115} INFO - [2022-11-02 16:14:17,894] {dag.py:2420} INFO - Sync 1 DAGs
[2022-11-02 16:14:17,913] {logging_mixin.py:115} INFO - [2022-11-02 16:14:17,912] {dag.py:2968} INFO - Setting next_dagrun for example_skip_dag to 2022-11-01T16:14:17.912665+00:00, run_after=2022-11-02T16:14:17.912665+00:00
[2022-11-02 16:14:17,923] {processor.py:161} INFO - Processing /opt/conda/lib/python3.8/site-packages/airflow/example_dags/example_skip_dag.py took 0.059 seconds
[2022-11-02 16:15:28,062] {processor.py:153} INFO - Started process (PID=3379) to work on /opt/conda/lib/python3.8/site-packages/airflow/example_dags/example_skip_dag.py
[2022-11-02 16:15:28,063] {processor.py:641} INFO - Processing file /opt/conda/lib/python3.8/site-packages/airflow/example_dags/example_skip_dag.py for tasks to queue
[2022-11-02 16:15:28,063] {logging_mixin.py:115} INFO - [2022-11-02 16:15:28,063] {dagbag.py:508} INFO - Filling up the DagBag from /opt/conda/lib/python3.8/site-packages/airflow/example_dags/example_skip_dag.py
[2022-11-02 16:15:28,067] {processor.py:651} INFO - DAG(s) dict_keys(['example_skip_dag']) retrieved from /opt/conda/lib/python3.8/site-packages/airflow/example_dags/example_skip_dag.py
[2022-11-02 16:15:28,083] {logging_mixin.py:115} INFO - [2022-11-02 16:15:28,083] {dag.py:2420} INFO - Sync 1 DAGs
[2022-11-02 16:15:28,097] {logging_mixin.py:115} INFO - [2022-11-02 16:15:28,097] {dag.py:2968} INFO - Setting next_dagrun for example_skip_dag to 2022-11-01T16:15:28.097611+00:00, run_after=2022-11-02T16:15:28.097611+00:00
[2022-11-02 16:15:28,112] {processor.py:161} INFO - Processing /opt/conda/lib/python3.8/site-packages/airflow/example_dags/example_skip_dag.py took 0.056 seconds
[2022-11-02 16:16:14,498] {processor.py:153} INFO - Started process (PID=3573) to work on /opt/conda/lib/python3.8/site-packages/airflow/example_dags/example_skip_dag.py
[2022-11-02 16:16:14,503] {processor.py:641} INFO - Processing file /opt/conda/lib/python3.8/site-packages/airflow/example_dags/example_skip_dag.py for tasks to queue
[2022-11-02 16:16:14,504] {logging_mixin.py:115} INFO - [2022-11-02 16:16:14,504] {dagbag.py:508} INFO - Filling up the DagBag from /opt/conda/lib/python3.8/site-packages/airflow/example_dags/example_skip_dag.py
[2022-11-02 16:16:14,508] {processor.py:651} INFO - DAG(s) dict_keys(['example_skip_dag']) retrieved from /opt/conda/lib/python3.8/site-packages/airflow/example_dags/example_skip_dag.py
[2022-11-02 16:16:14,532] {logging_mixin.py:115} INFO - [2022-11-02 16:16:14,531] {dag.py:2420} INFO - Sync 1 DAGs
[2022-11-02 16:16:14,546] {logging_mixin.py:115} INFO - [2022-11-02 16:16:14,546] {dag.py:2968} INFO - Setting next_dagrun for example_skip_dag to 2022-11-01T16:16:14.546141+00:00, run_after=2022-11-02T16:16:14.546141+00:00
[2022-11-02 16:16:14,555] {processor.py:161} INFO - Processing /opt/conda/lib/python3.8/site-packages/airflow/example_dags/example_skip_dag.py took 0.059 seconds
[2022-11-02 16:17:15,047] {processor.py:153} INFO - Started process (PID=3789) to work on /opt/conda/lib/python3.8/site-packages/airflow/example_dags/example_skip_dag.py
[2022-11-02 16:17:15,048] {processor.py:641} INFO - Processing file /opt/conda/lib/python3.8/site-packages/airflow/example_dags/example_skip_dag.py for tasks to queue
[2022-11-02 16:17:15,048] {logging_mixin.py:115} INFO - [2022-11-02 16:17:15,048] {dagbag.py:508} INFO - Filling up the DagBag from /opt/conda/lib/python3.8/site-packages/airflow/example_dags/example_skip_dag.py
[2022-11-02 16:17:15,054] {processor.py:651} INFO - DAG(s) dict_keys(['example_skip_dag']) retrieved from /opt/conda/lib/python3.8/site-packages/airflow/example_dags/example_skip_dag.py
[2022-11-02 16:17:15,073] {logging_mixin.py:115} INFO - [2022-11-02 16:17:15,073] {dag.py:2420} INFO - Sync 1 DAGs
[2022-11-02 16:17:15,092] {logging_mixin.py:115} INFO - [2022-11-02 16:17:15,092] {dag.py:2968} INFO - Setting next_dagrun for example_skip_dag to 2022-11-01T16:17:15.092227+00:00, run_after=2022-11-02T16:17:15.092227+00:00
[2022-11-02 16:17:15,103] {processor.py:161} INFO - Processing /opt/conda/lib/python3.8/site-packages/airflow/example_dags/example_skip_dag.py took 0.062 seconds
[2022-11-02 16:18:16,957] {processor.py:153} INFO - Started process (PID=3970) to work on /opt/conda/lib/python3.8/site-packages/airflow/example_dags/example_skip_dag.py
[2022-11-02 16:18:16,958] {processor.py:641} INFO - Processing file /opt/conda/lib/python3.8/site-packages/airflow/example_dags/example_skip_dag.py for tasks to queue
[2022-11-02 16:18:16,958] {logging_mixin.py:115} INFO - [2022-11-02 16:18:16,958] {dagbag.py:508} INFO - Filling up the DagBag from /opt/conda/lib/python3.8/site-packages/airflow/example_dags/example_skip_dag.py
[2022-11-02 16:18:16,962] {processor.py:651} INFO - DAG(s) dict_keys(['example_skip_dag']) retrieved from /opt/conda/lib/python3.8/site-packages/airflow/example_dags/example_skip_dag.py
[2022-11-02 16:18:16,979] {logging_mixin.py:115} INFO - [2022-11-02 16:18:16,979] {dag.py:2420} INFO - Sync 1 DAGs
[2022-11-02 16:18:16,994] {logging_mixin.py:115} INFO - [2022-11-02 16:18:16,994] {dag.py:2968} INFO - Setting next_dagrun for example_skip_dag to 2022-11-01T16:18:16.994646+00:00, run_after=2022-11-02T16:18:16.994646+00:00
[2022-11-02 16:18:17,004] {processor.py:161} INFO - Processing /opt/conda/lib/python3.8/site-packages/airflow/example_dags/example_skip_dag.py took 0.049 seconds
[2022-11-02 16:19:23,483] {processor.py:153} INFO - Started process (PID=4223) to work on /opt/conda/lib/python3.8/site-packages/airflow/example_dags/example_skip_dag.py
[2022-11-02 16:19:23,483] {processor.py:641} INFO - Processing file /opt/conda/lib/python3.8/site-packages/airflow/example_dags/example_skip_dag.py for tasks to queue
[2022-11-02 16:19:23,484] {logging_mixin.py:115} INFO - [2022-11-02 16:19:23,484] {dagbag.py:508} INFO - Filling up the DagBag from /opt/conda/lib/python3.8/site-packages/airflow/example_dags/example_skip_dag.py
[2022-11-02 16:19:23,488] {processor.py:651} INFO - DAG(s) dict_keys(['example_skip_dag']) retrieved from /opt/conda/lib/python3.8/site-packages/airflow/example_dags/example_skip_dag.py
[2022-11-02 16:19:23,503] {logging_mixin.py:115} INFO - [2022-11-02 16:19:23,503] {dag.py:2420} INFO - Sync 1 DAGs
[2022-11-02 16:19:23,518] {logging_mixin.py:115} INFO - [2022-11-02 16:19:23,518] {dag.py:2968} INFO - Setting next_dagrun for example_skip_dag to 2022-11-01T16:19:23.517874+00:00, run_after=2022-11-02T16:19:23.517874+00:00
[2022-11-02 16:19:23,529] {processor.py:161} INFO - Processing /opt/conda/lib/python3.8/site-packages/airflow/example_dags/example_skip_dag.py took 0.049 seconds
[2022-11-02 16:20:26,513] {processor.py:153} INFO - Started process (PID=4475) to work on /opt/conda/lib/python3.8/site-packages/airflow/example_dags/example_skip_dag.py
[2022-11-02 16:20:26,514] {processor.py:641} INFO - Processing file /opt/conda/lib/python3.8/site-packages/airflow/example_dags/example_skip_dag.py for tasks to queue
[2022-11-02 16:20:26,514] {logging_mixin.py:115} INFO - [2022-11-02 16:20:26,514] {dagbag.py:508} INFO - Filling up the DagBag from /opt/conda/lib/python3.8/site-packages/airflow/example_dags/example_skip_dag.py
[2022-11-02 16:20:26,519] {processor.py:651} INFO - DAG(s) dict_keys(['example_skip_dag']) retrieved from /opt/conda/lib/python3.8/site-packages/airflow/example_dags/example_skip_dag.py
[2022-11-02 16:20:26,534] {logging_mixin.py:115} INFO - [2022-11-02 16:20:26,534] {dag.py:2420} INFO - Sync 1 DAGs
[2022-11-02 16:20:26,548] {logging_mixin.py:115} INFO - [2022-11-02 16:20:26,548] {dag.py:2968} INFO - Setting next_dagrun for example_skip_dag to 2022-11-01T16:20:26.548324+00:00, run_after=2022-11-02T16:20:26.548324+00:00
[2022-11-02 16:20:26,559] {processor.py:161} INFO - Processing /opt/conda/lib/python3.8/site-packages/airflow/example_dags/example_skip_dag.py took 0.048 seconds
[2022-11-02 16:21:26,967] {processor.py:153} INFO - Started process (PID=4724) to work on /opt/conda/lib/python3.8/site-packages/airflow/example_dags/example_skip_dag.py
[2022-11-02 16:21:26,968] {processor.py:641} INFO - Processing file /opt/conda/lib/python3.8/site-packages/airflow/example_dags/example_skip_dag.py for tasks to queue
[2022-11-02 16:21:26,968] {logging_mixin.py:115} INFO - [2022-11-02 16:21:26,968] {dagbag.py:508} INFO - Filling up the DagBag from /opt/conda/lib/python3.8/site-packages/airflow/example_dags/example_skip_dag.py
[2022-11-02 16:21:26,972] {processor.py:651} INFO - DAG(s) dict_keys(['example_skip_dag']) retrieved from /opt/conda/lib/python3.8/site-packages/airflow/example_dags/example_skip_dag.py
[2022-11-02 16:21:26,987] {logging_mixin.py:115} INFO - [2022-11-02 16:21:26,987] {dag.py:2420} INFO - Sync 1 DAGs
[2022-11-02 16:21:27,000] {logging_mixin.py:115} INFO - [2022-11-02 16:21:27,000] {dag.py:2968} INFO - Setting next_dagrun for example_skip_dag to 2022-11-01T16:21:27.000695+00:00, run_after=2022-11-02T16:21:27.000695+00:00
[2022-11-02 16:21:27,011] {processor.py:161} INFO - Processing /opt/conda/lib/python3.8/site-packages/airflow/example_dags/example_skip_dag.py took 0.046 seconds
[2022-11-02 16:22:28,945] {processor.py:153} INFO - Started process (PID=4982) to work on /opt/conda/lib/python3.8/site-packages/airflow/example_dags/example_skip_dag.py
[2022-11-02 16:22:28,946] {processor.py:641} INFO - Processing file /opt/conda/lib/python3.8/site-packages/airflow/example_dags/example_skip_dag.py for tasks to queue
[2022-11-02 16:22:28,947] {logging_mixin.py:115} INFO - [2022-11-02 16:22:28,946] {dagbag.py:508} INFO - Filling up the DagBag from /opt/conda/lib/python3.8/site-packages/airflow/example_dags/example_skip_dag.py
[2022-11-02 16:22:28,951] {processor.py:651} INFO - DAG(s) dict_keys(['example_skip_dag']) retrieved from /opt/conda/lib/python3.8/site-packages/airflow/example_dags/example_skip_dag.py
[2022-11-02 16:22:28,982] {logging_mixin.py:115} INFO - [2022-11-02 16:22:28,982] {dag.py:2420} INFO - Sync 1 DAGs
[2022-11-02 16:22:29,013] {logging_mixin.py:115} INFO - [2022-11-02 16:22:29,013] {dag.py:2968} INFO - Setting next_dagrun for example_skip_dag to 2022-11-01T16:22:29.013263+00:00, run_after=2022-11-02T16:22:29.013263+00:00
[2022-11-02 16:22:29,032] {processor.py:161} INFO - Processing /opt/conda/lib/python3.8/site-packages/airflow/example_dags/example_skip_dag.py took 0.090 seconds
[2022-11-02 16:23:31,168] {processor.py:153} INFO - Started process (PID=5217) to work on /opt/conda/lib/python3.8/site-packages/airflow/example_dags/example_skip_dag.py
[2022-11-02 16:23:31,168] {processor.py:641} INFO - Processing file /opt/conda/lib/python3.8/site-packages/airflow/example_dags/example_skip_dag.py for tasks to queue
[2022-11-02 16:23:31,169] {logging_mixin.py:115} INFO - [2022-11-02 16:23:31,169] {dagbag.py:508} INFO - Filling up the DagBag from /opt/conda/lib/python3.8/site-packages/airflow/example_dags/example_skip_dag.py
[2022-11-02 16:23:31,173] {processor.py:651} INFO - DAG(s) dict_keys(['example_skip_dag']) retrieved from /opt/conda/lib/python3.8/site-packages/airflow/example_dags/example_skip_dag.py
[2022-11-02 16:23:31,189] {logging_mixin.py:115} INFO - [2022-11-02 16:23:31,189] {dag.py:2420} INFO - Sync 1 DAGs
[2022-11-02 16:23:31,204] {logging_mixin.py:115} INFO - [2022-11-02 16:23:31,204] {dag.py:2968} INFO - Setting next_dagrun for example_skip_dag to 2022-11-01T16:23:31.204147+00:00, run_after=2022-11-02T16:23:31.204147+00:00
[2022-11-02 16:23:31,213] {processor.py:161} INFO - Processing /opt/conda/lib/python3.8/site-packages/airflow/example_dags/example_skip_dag.py took 0.048 seconds
[2022-11-02 16:24:29,471] {processor.py:153} INFO - Started process (PID=5461) to work on /opt/conda/lib/python3.8/site-packages/airflow/example_dags/example_skip_dag.py
[2022-11-02 16:24:29,473] {processor.py:641} INFO - Processing file /opt/conda/lib/python3.8/site-packages/airflow/example_dags/example_skip_dag.py for tasks to queue
[2022-11-02 16:24:29,474] {logging_mixin.py:115} INFO - [2022-11-02 16:24:29,474] {dagbag.py:508} INFO - Filling up the DagBag from /opt/conda/lib/python3.8/site-packages/airflow/example_dags/example_skip_dag.py
[2022-11-02 16:24:29,479] {processor.py:651} INFO - DAG(s) dict_keys(['example_skip_dag']) retrieved from /opt/conda/lib/python3.8/site-packages/airflow/example_dags/example_skip_dag.py
[2022-11-02 16:24:29,495] {logging_mixin.py:115} INFO - [2022-11-02 16:24:29,495] {dag.py:2420} INFO - Sync 1 DAGs
[2022-11-02 16:24:29,510] {logging_mixin.py:115} INFO - [2022-11-02 16:24:29,509] {dag.py:2968} INFO - Setting next_dagrun for example_skip_dag to 2022-11-01T16:24:29.509716+00:00, run_after=2022-11-02T16:24:29.509716+00:00
[2022-11-02 16:24:29,519] {processor.py:161} INFO - Processing /opt/conda/lib/python3.8/site-packages/airflow/example_dags/example_skip_dag.py took 0.054 seconds
[2022-11-02 16:25:36,096] {processor.py:153} INFO - Started process (PID=5706) to work on /opt/conda/lib/python3.8/site-packages/airflow/example_dags/example_skip_dag.py
[2022-11-02 16:25:36,097] {processor.py:641} INFO - Processing file /opt/conda/lib/python3.8/site-packages/airflow/example_dags/example_skip_dag.py for tasks to queue
[2022-11-02 16:25:36,097] {logging_mixin.py:115} INFO - [2022-11-02 16:25:36,097] {dagbag.py:508} INFO - Filling up the DagBag from /opt/conda/lib/python3.8/site-packages/airflow/example_dags/example_skip_dag.py
[2022-11-02 16:25:36,104] {processor.py:651} INFO - DAG(s) dict_keys(['example_skip_dag']) retrieved from /opt/conda/lib/python3.8/site-packages/airflow/example_dags/example_skip_dag.py
[2022-11-02 16:25:36,119] {logging_mixin.py:115} INFO - [2022-11-02 16:25:36,119] {dag.py:2420} INFO - Sync 1 DAGs
[2022-11-02 16:25:36,134] {logging_mixin.py:115} INFO - [2022-11-02 16:25:36,134] {dag.py:2968} INFO - Setting next_dagrun for example_skip_dag to 2022-11-01T16:25:36.134309+00:00, run_after=2022-11-02T16:25:36.134309+00:00
[2022-11-02 16:25:36,143] {processor.py:161} INFO - Processing /opt/conda/lib/python3.8/site-packages/airflow/example_dags/example_skip_dag.py took 0.050 seconds
[2022-11-02 16:26:41,371] {processor.py:153} INFO - Started process (PID=5952) to work on /opt/conda/lib/python3.8/site-packages/airflow/example_dags/example_skip_dag.py
[2022-11-02 16:26:41,372] {processor.py:641} INFO - Processing file /opt/conda/lib/python3.8/site-packages/airflow/example_dags/example_skip_dag.py for tasks to queue
[2022-11-02 16:26:41,373] {logging_mixin.py:115} INFO - [2022-11-02 16:26:41,373] {dagbag.py:508} INFO - Filling up the DagBag from /opt/conda/lib/python3.8/site-packages/airflow/example_dags/example_skip_dag.py
[2022-11-02 16:26:41,379] {processor.py:651} INFO - DAG(s) dict_keys(['example_skip_dag']) retrieved from /opt/conda/lib/python3.8/site-packages/airflow/example_dags/example_skip_dag.py
[2022-11-02 16:26:41,395] {logging_mixin.py:115} INFO - [2022-11-02 16:26:41,395] {dag.py:2420} INFO - Sync 1 DAGs
[2022-11-02 16:26:41,410] {logging_mixin.py:115} INFO - [2022-11-02 16:26:41,409] {dag.py:2968} INFO - Setting next_dagrun for example_skip_dag to 2022-11-01T16:26:41.409767+00:00, run_after=2022-11-02T16:26:41.409767+00:00
[2022-11-02 16:26:41,420] {processor.py:161} INFO - Processing /opt/conda/lib/python3.8/site-packages/airflow/example_dags/example_skip_dag.py took 0.054 seconds
[2022-11-02 16:27:48,578] {processor.py:153} INFO - Started process (PID=6189) to work on /opt/conda/lib/python3.8/site-packages/airflow/example_dags/example_skip_dag.py
[2022-11-02 16:27:48,585] {processor.py:641} INFO - Processing file /opt/conda/lib/python3.8/site-packages/airflow/example_dags/example_skip_dag.py for tasks to queue
[2022-11-02 16:27:48,585] {logging_mixin.py:115} INFO - [2022-11-02 16:27:48,585] {dagbag.py:508} INFO - Filling up the DagBag from /opt/conda/lib/python3.8/site-packages/airflow/example_dags/example_skip_dag.py
[2022-11-02 16:27:48,590] {processor.py:651} INFO - DAG(s) dict_keys(['example_skip_dag']) retrieved from /opt/conda/lib/python3.8/site-packages/airflow/example_dags/example_skip_dag.py
[2022-11-02 16:27:48,630] {logging_mixin.py:115} INFO - [2022-11-02 16:27:48,630] {dag.py:2420} INFO - Sync 1 DAGs
[2022-11-02 16:27:48,662] {logging_mixin.py:115} INFO - [2022-11-02 16:27:48,662] {dag.py:2968} INFO - Setting next_dagrun for example_skip_dag to 2022-11-01T16:27:48.662015+00:00, run_after=2022-11-02T16:27:48.662015+00:00
[2022-11-02 16:27:48,673] {processor.py:161} INFO - Processing /opt/conda/lib/python3.8/site-packages/airflow/example_dags/example_skip_dag.py took 0.098 seconds
[2022-11-02 16:28:52,864] {processor.py:153} INFO - Started process (PID=6450) to work on /opt/conda/lib/python3.8/site-packages/airflow/example_dags/example_skip_dag.py
[2022-11-02 16:28:52,865] {processor.py:641} INFO - Processing file /opt/conda/lib/python3.8/site-packages/airflow/example_dags/example_skip_dag.py for tasks to queue
[2022-11-02 16:28:52,865] {logging_mixin.py:115} INFO - [2022-11-02 16:28:52,865] {dagbag.py:508} INFO - Filling up the DagBag from /opt/conda/lib/python3.8/site-packages/airflow/example_dags/example_skip_dag.py
[2022-11-02 16:28:52,870] {processor.py:651} INFO - DAG(s) dict_keys(['example_skip_dag']) retrieved from /opt/conda/lib/python3.8/site-packages/airflow/example_dags/example_skip_dag.py
[2022-11-02 16:28:52,886] {logging_mixin.py:115} INFO - [2022-11-02 16:28:52,886] {dag.py:2420} INFO - Sync 1 DAGs
[2022-11-02 16:28:52,901] {logging_mixin.py:115} INFO - [2022-11-02 16:28:52,901] {dag.py:2968} INFO - Setting next_dagrun for example_skip_dag to 2022-11-01T16:28:52.901286+00:00, run_after=2022-11-02T16:28:52.901286+00:00
[2022-11-02 16:28:52,919] {processor.py:161} INFO - Processing /opt/conda/lib/python3.8/site-packages/airflow/example_dags/example_skip_dag.py took 0.060 seconds
[2022-11-02 16:29:59,815] {processor.py:153} INFO - Started process (PID=6619) to work on /opt/conda/lib/python3.8/site-packages/airflow/example_dags/example_skip_dag.py
[2022-11-02 16:29:59,816] {processor.py:641} INFO - Processing file /opt/conda/lib/python3.8/site-packages/airflow/example_dags/example_skip_dag.py for tasks to queue
[2022-11-02 16:29:59,816] {logging_mixin.py:115} INFO - [2022-11-02 16:29:59,816] {dagbag.py:508} INFO - Filling up the DagBag from /opt/conda/lib/python3.8/site-packages/airflow/example_dags/example_skip_dag.py
[2022-11-02 16:29:59,822] {processor.py:651} INFO - DAG(s) dict_keys(['example_skip_dag']) retrieved from /opt/conda/lib/python3.8/site-packages/airflow/example_dags/example_skip_dag.py
[2022-11-02 16:29:59,841] {logging_mixin.py:115} INFO - [2022-11-02 16:29:59,841] {dag.py:2420} INFO - Sync 1 DAGs
[2022-11-02 16:29:59,860] {logging_mixin.py:115} INFO - [2022-11-02 16:29:59,860] {dag.py:2968} INFO - Setting next_dagrun for example_skip_dag to 2022-11-01T16:29:59.860577+00:00, run_after=2022-11-02T16:29:59.860577+00:00
[2022-11-02 16:29:59,876] {processor.py:161} INFO - Processing /opt/conda/lib/python3.8/site-packages/airflow/example_dags/example_skip_dag.py took 0.067 seconds
[2022-11-02 16:32:34,756] {processor.py:153} INFO - Started process (PID=7069) to work on /opt/conda/lib/python3.8/site-packages/airflow/example_dags/example_skip_dag.py
[2022-11-02 16:32:34,756] {processor.py:641} INFO - Processing file /opt/conda/lib/python3.8/site-packages/airflow/example_dags/example_skip_dag.py for tasks to queue
[2022-11-02 16:32:34,757] {logging_mixin.py:115} INFO - [2022-11-02 16:32:34,757] {dagbag.py:508} INFO - Filling up the DagBag from /opt/conda/lib/python3.8/site-packages/airflow/example_dags/example_skip_dag.py
[2022-11-02 16:32:34,762] {processor.py:651} INFO - DAG(s) dict_keys(['example_skip_dag']) retrieved from /opt/conda/lib/python3.8/site-packages/airflow/example_dags/example_skip_dag.py
[2022-11-02 16:32:34,782] {logging_mixin.py:115} INFO - [2022-11-02 16:32:34,782] {dag.py:2420} INFO - Sync 1 DAGs
[2022-11-02 16:32:34,802] {logging_mixin.py:115} INFO - [2022-11-02 16:32:34,802] {dag.py:2968} INFO - Setting next_dagrun for example_skip_dag to 2022-11-01T16:32:34.801813+00:00, run_after=2022-11-02T16:32:34.801813+00:00
[2022-11-02 16:32:34,820] {processor.py:161} INFO - Processing /opt/conda/lib/python3.8/site-packages/airflow/example_dags/example_skip_dag.py took 0.071 seconds
[2022-11-02 16:33:27,201] {processor.py:153} INFO - Started process (PID=7187) to work on /opt/conda/lib/python3.8/site-packages/airflow/example_dags/example_skip_dag.py
[2022-11-02 16:33:27,202] {processor.py:641} INFO - Processing file /opt/conda/lib/python3.8/site-packages/airflow/example_dags/example_skip_dag.py for tasks to queue
[2022-11-02 16:33:27,202] {logging_mixin.py:115} INFO - [2022-11-02 16:33:27,202] {dagbag.py:508} INFO - Filling up the DagBag from /opt/conda/lib/python3.8/site-packages/airflow/example_dags/example_skip_dag.py
[2022-11-02 16:33:27,208] {processor.py:651} INFO - DAG(s) dict_keys(['example_skip_dag']) retrieved from /opt/conda/lib/python3.8/site-packages/airflow/example_dags/example_skip_dag.py
[2022-11-02 16:33:27,228] {logging_mixin.py:115} INFO - [2022-11-02 16:33:27,228] {dag.py:2420} INFO - Sync 1 DAGs
[2022-11-02 16:33:27,247] {logging_mixin.py:115} INFO - [2022-11-02 16:33:27,247] {dag.py:2968} INFO - Setting next_dagrun for example_skip_dag to 2022-11-01T16:33:27.247259+00:00, run_after=2022-11-02T16:33:27.247259+00:00
[2022-11-02 16:33:27,258] {processor.py:161} INFO - Processing /opt/conda/lib/python3.8/site-packages/airflow/example_dags/example_skip_dag.py took 0.063 seconds
[2022-11-02 16:34:32,985] {processor.py:153} INFO - Started process (PID=7372) to work on /opt/conda/lib/python3.8/site-packages/airflow/example_dags/example_skip_dag.py
[2022-11-02 16:34:32,985] {processor.py:641} INFO - Processing file /opt/conda/lib/python3.8/site-packages/airflow/example_dags/example_skip_dag.py for tasks to queue
[2022-11-02 16:34:32,986] {logging_mixin.py:115} INFO - [2022-11-02 16:34:32,986] {dagbag.py:508} INFO - Filling up the DagBag from /opt/conda/lib/python3.8/site-packages/airflow/example_dags/example_skip_dag.py
[2022-11-02 16:34:32,991] {processor.py:651} INFO - DAG(s) dict_keys(['example_skip_dag']) retrieved from /opt/conda/lib/python3.8/site-packages/airflow/example_dags/example_skip_dag.py
[2022-11-02 16:34:33,011] {logging_mixin.py:115} INFO - [2022-11-02 16:34:33,011] {dag.py:2420} INFO - Sync 1 DAGs
[2022-11-02 16:34:33,031] {logging_mixin.py:115} INFO - [2022-11-02 16:34:33,031] {dag.py:2968} INFO - Setting next_dagrun for example_skip_dag to 2022-11-01T16:34:33.030848+00:00, run_after=2022-11-02T16:34:33.030848+00:00
[2022-11-02 16:34:33,049] {processor.py:161} INFO - Processing /opt/conda/lib/python3.8/site-packages/airflow/example_dags/example_skip_dag.py took 0.070 seconds
[2022-11-02 16:35:38,643] {processor.py:153} INFO - Started process (PID=7518) to work on /opt/conda/lib/python3.8/site-packages/airflow/example_dags/example_skip_dag.py
[2022-11-02 16:35:38,644] {processor.py:641} INFO - Processing file /opt/conda/lib/python3.8/site-packages/airflow/example_dags/example_skip_dag.py for tasks to queue
[2022-11-02 16:35:38,644] {logging_mixin.py:115} INFO - [2022-11-02 16:35:38,644] {dagbag.py:508} INFO - Filling up the DagBag from /opt/conda/lib/python3.8/site-packages/airflow/example_dags/example_skip_dag.py
[2022-11-02 16:35:38,650] {processor.py:651} INFO - DAG(s) dict_keys(['example_skip_dag']) retrieved from /opt/conda/lib/python3.8/site-packages/airflow/example_dags/example_skip_dag.py
[2022-11-02 16:35:38,670] {logging_mixin.py:115} INFO - [2022-11-02 16:35:38,669] {dag.py:2420} INFO - Sync 1 DAGs
[2022-11-02 16:35:38,689] {logging_mixin.py:115} INFO - [2022-11-02 16:35:38,689] {dag.py:2968} INFO - Setting next_dagrun for example_skip_dag to 2022-11-01T16:35:38.688881+00:00, run_after=2022-11-02T16:35:38.688881+00:00
[2022-11-02 16:35:38,701] {processor.py:161} INFO - Processing /opt/conda/lib/python3.8/site-packages/airflow/example_dags/example_skip_dag.py took 0.065 seconds
[2022-11-02 16:36:40,948] {processor.py:153} INFO - Started process (PID=7693) to work on /opt/conda/lib/python3.8/site-packages/airflow/example_dags/example_skip_dag.py
[2022-11-02 16:36:40,949] {processor.py:641} INFO - Processing file /opt/conda/lib/python3.8/site-packages/airflow/example_dags/example_skip_dag.py for tasks to queue
[2022-11-02 16:36:40,950] {logging_mixin.py:115} INFO - [2022-11-02 16:36:40,950] {dagbag.py:508} INFO - Filling up the DagBag from /opt/conda/lib/python3.8/site-packages/airflow/example_dags/example_skip_dag.py
[2022-11-02 16:36:40,956] {processor.py:651} INFO - DAG(s) dict_keys(['example_skip_dag']) retrieved from /opt/conda/lib/python3.8/site-packages/airflow/example_dags/example_skip_dag.py
[2022-11-02 16:36:40,979] {logging_mixin.py:115} INFO - [2022-11-02 16:36:40,979] {dag.py:2420} INFO - Sync 1 DAGs
[2022-11-02 16:36:40,999] {logging_mixin.py:115} INFO - [2022-11-02 16:36:40,999] {dag.py:2968} INFO - Setting next_dagrun for example_skip_dag to 2022-11-01T16:36:40.998850+00:00, run_after=2022-11-02T16:36:40.998850+00:00
[2022-11-02 16:36:41,016] {processor.py:161} INFO - Processing /opt/conda/lib/python3.8/site-packages/airflow/example_dags/example_skip_dag.py took 0.074 seconds
[2022-11-02 16:37:41,784] {processor.py:153} INFO - Started process (PID=8175) to work on /opt/conda/lib/python3.8/site-packages/airflow/example_dags/example_skip_dag.py
[2022-11-02 16:37:41,785] {processor.py:641} INFO - Processing file /opt/conda/lib/python3.8/site-packages/airflow/example_dags/example_skip_dag.py for tasks to queue
[2022-11-02 16:37:41,786] {logging_mixin.py:115} INFO - [2022-11-02 16:37:41,786] {dagbag.py:508} INFO - Filling up the DagBag from /opt/conda/lib/python3.8/site-packages/airflow/example_dags/example_skip_dag.py
[2022-11-02 16:37:41,791] {processor.py:651} INFO - DAG(s) dict_keys(['example_skip_dag']) retrieved from /opt/conda/lib/python3.8/site-packages/airflow/example_dags/example_skip_dag.py
[2022-11-02 16:37:41,812] {logging_mixin.py:115} INFO - [2022-11-02 16:37:41,811] {dag.py:2420} INFO - Sync 1 DAGs
[2022-11-02 16:37:41,831] {logging_mixin.py:115} INFO - [2022-11-02 16:37:41,831] {dag.py:2968} INFO - Setting next_dagrun for example_skip_dag to 2022-11-01T16:37:41.830896+00:00, run_after=2022-11-02T16:37:41.830896+00:00
[2022-11-02 16:37:41,843] {processor.py:161} INFO - Processing /opt/conda/lib/python3.8/site-packages/airflow/example_dags/example_skip_dag.py took 0.065 seconds
[2022-11-02 16:38:41,319] {processor.py:153} INFO - Started process (PID=8419) to work on /opt/conda/lib/python3.8/site-packages/airflow/example_dags/example_skip_dag.py
[2022-11-02 16:38:41,320] {processor.py:641} INFO - Processing file /opt/conda/lib/python3.8/site-packages/airflow/example_dags/example_skip_dag.py for tasks to queue
[2022-11-02 16:38:41,320] {logging_mixin.py:115} INFO - [2022-11-02 16:38:41,320] {dagbag.py:508} INFO - Filling up the DagBag from /opt/conda/lib/python3.8/site-packages/airflow/example_dags/example_skip_dag.py
[2022-11-02 16:38:41,326] {processor.py:651} INFO - DAG(s) dict_keys(['example_skip_dag']) retrieved from /opt/conda/lib/python3.8/site-packages/airflow/example_dags/example_skip_dag.py
[2022-11-02 16:38:41,346] {logging_mixin.py:115} INFO - [2022-11-02 16:38:41,346] {dag.py:2420} INFO - Sync 1 DAGs
[2022-11-02 16:38:41,365] {logging_mixin.py:115} INFO - [2022-11-02 16:38:41,365] {dag.py:2968} INFO - Setting next_dagrun for example_skip_dag to 2022-11-01T16:38:41.365073+00:00, run_after=2022-11-02T16:38:41.365073+00:00
[2022-11-02 16:38:41,385] {processor.py:161} INFO - Processing /opt/conda/lib/python3.8/site-packages/airflow/example_dags/example_skip_dag.py took 0.072 seconds
[2022-11-02 16:39:44,086] {processor.py:153} INFO - Started process (PID=8578) to work on /opt/conda/lib/python3.8/site-packages/airflow/example_dags/example_skip_dag.py
[2022-11-02 16:39:44,087] {processor.py:641} INFO - Processing file /opt/conda/lib/python3.8/site-packages/airflow/example_dags/example_skip_dag.py for tasks to queue
[2022-11-02 16:39:44,088] {logging_mixin.py:115} INFO - [2022-11-02 16:39:44,087] {dagbag.py:508} INFO - Filling up the DagBag from /opt/conda/lib/python3.8/site-packages/airflow/example_dags/example_skip_dag.py
[2022-11-02 16:39:44,093] {processor.py:651} INFO - DAG(s) dict_keys(['example_skip_dag']) retrieved from /opt/conda/lib/python3.8/site-packages/airflow/example_dags/example_skip_dag.py
[2022-11-02 16:39:44,113] {logging_mixin.py:115} INFO - [2022-11-02 16:39:44,113] {dag.py:2420} INFO - Sync 1 DAGs
[2022-11-02 16:39:44,133] {logging_mixin.py:115} INFO - [2022-11-02 16:39:44,132] {dag.py:2968} INFO - Setting next_dagrun for example_skip_dag to 2022-11-01T16:39:44.132634+00:00, run_after=2022-11-02T16:39:44.132634+00:00
[2022-11-02 16:39:44,145] {processor.py:161} INFO - Processing /opt/conda/lib/python3.8/site-packages/airflow/example_dags/example_skip_dag.py took 0.065 seconds
[2022-11-02 16:40:46,520] {processor.py:153} INFO - Started process (PID=8823) to work on /opt/conda/lib/python3.8/site-packages/airflow/example_dags/example_skip_dag.py
[2022-11-02 16:40:46,521] {processor.py:641} INFO - Processing file /opt/conda/lib/python3.8/site-packages/airflow/example_dags/example_skip_dag.py for tasks to queue
[2022-11-02 16:40:46,521] {logging_mixin.py:115} INFO - [2022-11-02 16:40:46,521] {dagbag.py:508} INFO - Filling up the DagBag from /opt/conda/lib/python3.8/site-packages/airflow/example_dags/example_skip_dag.py
[2022-11-02 16:40:46,527] {processor.py:651} INFO - DAG(s) dict_keys(['example_skip_dag']) retrieved from /opt/conda/lib/python3.8/site-packages/airflow/example_dags/example_skip_dag.py
[2022-11-02 16:40:46,547] {logging_mixin.py:115} INFO - [2022-11-02 16:40:46,546] {dag.py:2420} INFO - Sync 1 DAGs
[2022-11-02 16:40:46,566] {logging_mixin.py:115} INFO - [2022-11-02 16:40:46,566] {dag.py:2968} INFO - Setting next_dagrun for example_skip_dag to 2022-11-01T16:40:46.566364+00:00, run_after=2022-11-02T16:40:46.566364+00:00
[2022-11-02 16:40:46,578] {processor.py:161} INFO - Processing /opt/conda/lib/python3.8/site-packages/airflow/example_dags/example_skip_dag.py took 0.064 seconds
[2022-11-02 16:42:54,034] {processor.py:153} INFO - Started process (PID=9179) to work on /opt/conda/lib/python3.8/site-packages/airflow/example_dags/example_skip_dag.py
[2022-11-02 16:42:54,035] {processor.py:641} INFO - Processing file /opt/conda/lib/python3.8/site-packages/airflow/example_dags/example_skip_dag.py for tasks to queue
[2022-11-02 16:42:54,036] {logging_mixin.py:115} INFO - [2022-11-02 16:42:54,036] {dagbag.py:508} INFO - Filling up the DagBag from /opt/conda/lib/python3.8/site-packages/airflow/example_dags/example_skip_dag.py
[2022-11-02 16:42:54,041] {processor.py:651} INFO - DAG(s) dict_keys(['example_skip_dag']) retrieved from /opt/conda/lib/python3.8/site-packages/airflow/example_dags/example_skip_dag.py
[2022-11-02 16:42:54,061] {logging_mixin.py:115} INFO - [2022-11-02 16:42:54,061] {dag.py:2420} INFO - Sync 1 DAGs
[2022-11-02 16:42:54,082] {logging_mixin.py:115} INFO - [2022-11-02 16:42:54,081] {dag.py:2968} INFO - Setting next_dagrun for example_skip_dag to 2022-11-01T16:42:54.081653+00:00, run_after=2022-11-02T16:42:54.081653+00:00
[2022-11-02 16:42:54,100] {processor.py:161} INFO - Processing /opt/conda/lib/python3.8/site-packages/airflow/example_dags/example_skip_dag.py took 0.072 seconds
[2022-11-02 16:43:44,305] {processor.py:153} INFO - Started process (PID=9297) to work on /opt/conda/lib/python3.8/site-packages/airflow/example_dags/example_skip_dag.py
[2022-11-02 16:43:44,307] {processor.py:641} INFO - Processing file /opt/conda/lib/python3.8/site-packages/airflow/example_dags/example_skip_dag.py for tasks to queue
[2022-11-02 16:43:44,307] {logging_mixin.py:115} INFO - [2022-11-02 16:43:44,307] {dagbag.py:508} INFO - Filling up the DagBag from /opt/conda/lib/python3.8/site-packages/airflow/example_dags/example_skip_dag.py
[2022-11-02 16:43:44,313] {processor.py:651} INFO - DAG(s) dict_keys(['example_skip_dag']) retrieved from /opt/conda/lib/python3.8/site-packages/airflow/example_dags/example_skip_dag.py
[2022-11-02 16:43:44,333] {logging_mixin.py:115} INFO - [2022-11-02 16:43:44,332] {dag.py:2420} INFO - Sync 1 DAGs
[2022-11-02 16:43:44,352] {logging_mixin.py:115} INFO - [2022-11-02 16:43:44,352] {dag.py:2968} INFO - Setting next_dagrun for example_skip_dag to 2022-11-01T16:43:44.352418+00:00, run_after=2022-11-02T16:43:44.352418+00:00
[2022-11-02 16:43:44,363] {processor.py:161} INFO - Processing /opt/conda/lib/python3.8/site-packages/airflow/example_dags/example_skip_dag.py took 0.064 seconds
[2022-11-02 16:44:45,550] {processor.py:153} INFO - Started process (PID=9472) to work on /opt/conda/lib/python3.8/site-packages/airflow/example_dags/example_skip_dag.py
[2022-11-02 16:44:45,551] {processor.py:641} INFO - Processing file /opt/conda/lib/python3.8/site-packages/airflow/example_dags/example_skip_dag.py for tasks to queue
[2022-11-02 16:44:45,551] {logging_mixin.py:115} INFO - [2022-11-02 16:44:45,551] {dagbag.py:508} INFO - Filling up the DagBag from /opt/conda/lib/python3.8/site-packages/airflow/example_dags/example_skip_dag.py
[2022-11-02 16:44:45,557] {processor.py:651} INFO - DAG(s) dict_keys(['example_skip_dag']) retrieved from /opt/conda/lib/python3.8/site-packages/airflow/example_dags/example_skip_dag.py
[2022-11-02 16:44:45,577] {logging_mixin.py:115} INFO - [2022-11-02 16:44:45,577] {dag.py:2420} INFO - Sync 1 DAGs
[2022-11-02 16:44:45,597] {logging_mixin.py:115} INFO - [2022-11-02 16:44:45,597] {dag.py:2968} INFO - Setting next_dagrun for example_skip_dag to 2022-11-01T16:44:45.596736+00:00, run_after=2022-11-02T16:44:45.596736+00:00
[2022-11-02 16:44:45,615] {processor.py:161} INFO - Processing /opt/conda/lib/python3.8/site-packages/airflow/example_dags/example_skip_dag.py took 0.071 seconds
[2022-11-02 16:46:00,445] {processor.py:153} INFO - Started process (PID=9675) to work on /opt/conda/lib/python3.8/site-packages/airflow/example_dags/example_skip_dag.py
[2022-11-02 16:46:00,446] {processor.py:641} INFO - Processing file /opt/conda/lib/python3.8/site-packages/airflow/example_dags/example_skip_dag.py for tasks to queue
[2022-11-02 16:46:00,447] {logging_mixin.py:115} INFO - [2022-11-02 16:46:00,447] {dagbag.py:508} INFO - Filling up the DagBag from /opt/conda/lib/python3.8/site-packages/airflow/example_dags/example_skip_dag.py
[2022-11-02 16:46:00,454] {processor.py:651} INFO - DAG(s) dict_keys(['example_skip_dag']) retrieved from /opt/conda/lib/python3.8/site-packages/airflow/example_dags/example_skip_dag.py
[2022-11-02 16:46:00,474] {logging_mixin.py:115} INFO - [2022-11-02 16:46:00,474] {dag.py:2420} INFO - Sync 1 DAGs
[2022-11-02 16:46:00,494] {logging_mixin.py:115} INFO - [2022-11-02 16:46:00,494] {dag.py:2968} INFO - Setting next_dagrun for example_skip_dag to 2022-11-01T16:46:00.493945+00:00, run_after=2022-11-02T16:46:00.493945+00:00
[2022-11-02 16:46:00,511] {processor.py:161} INFO - Processing /opt/conda/lib/python3.8/site-packages/airflow/example_dags/example_skip_dag.py took 0.070 seconds
[2022-11-02 16:47:01,417] {processor.py:153} INFO - Started process (PID=9827) to work on /opt/conda/lib/python3.8/site-packages/airflow/example_dags/example_skip_dag.py
[2022-11-02 16:47:01,418] {processor.py:641} INFO - Processing file /opt/conda/lib/python3.8/site-packages/airflow/example_dags/example_skip_dag.py for tasks to queue
[2022-11-02 16:47:01,418] {logging_mixin.py:115} INFO - [2022-11-02 16:47:01,418] {dagbag.py:508} INFO - Filling up the DagBag from /opt/conda/lib/python3.8/site-packages/airflow/example_dags/example_skip_dag.py
[2022-11-02 16:47:01,424] {processor.py:651} INFO - DAG(s) dict_keys(['example_skip_dag']) retrieved from /opt/conda/lib/python3.8/site-packages/airflow/example_dags/example_skip_dag.py
[2022-11-02 16:47:01,446] {logging_mixin.py:115} INFO - [2022-11-02 16:47:01,446] {dag.py:2420} INFO - Sync 1 DAGs
[2022-11-02 16:47:01,467] {logging_mixin.py:115} INFO - [2022-11-02 16:47:01,467] {dag.py:2968} INFO - Setting next_dagrun for example_skip_dag to 2022-11-01T16:47:01.467105+00:00, run_after=2022-11-02T16:47:01.467105+00:00
[2022-11-02 16:47:01,483] {processor.py:161} INFO - Processing /opt/conda/lib/python3.8/site-packages/airflow/example_dags/example_skip_dag.py took 0.070 seconds
[2022-11-02 16:48:15,300] {processor.py:153} INFO - Started process (PID=10038) to work on /opt/conda/lib/python3.8/site-packages/airflow/example_dags/example_skip_dag.py
[2022-11-02 16:48:15,301] {processor.py:641} INFO - Processing file /opt/conda/lib/python3.8/site-packages/airflow/example_dags/example_skip_dag.py for tasks to queue
[2022-11-02 16:48:15,302] {logging_mixin.py:115} INFO - [2022-11-02 16:48:15,301] {dagbag.py:508} INFO - Filling up the DagBag from /opt/conda/lib/python3.8/site-packages/airflow/example_dags/example_skip_dag.py
[2022-11-02 16:48:15,307] {processor.py:651} INFO - DAG(s) dict_keys(['example_skip_dag']) retrieved from /opt/conda/lib/python3.8/site-packages/airflow/example_dags/example_skip_dag.py
[2022-11-02 16:48:15,328] {logging_mixin.py:115} INFO - [2022-11-02 16:48:15,328] {dag.py:2420} INFO - Sync 1 DAGs
[2022-11-02 16:48:15,349] {logging_mixin.py:115} INFO - [2022-11-02 16:48:15,349] {dag.py:2968} INFO - Setting next_dagrun for example_skip_dag to 2022-11-01T16:48:15.348740+00:00, run_after=2022-11-02T16:48:15.348740+00:00
[2022-11-02 16:48:15,360] {processor.py:161} INFO - Processing /opt/conda/lib/python3.8/site-packages/airflow/example_dags/example_skip_dag.py took 0.066 seconds
[2022-11-02 16:49:01,820] {processor.py:153} INFO - Started process (PID=10151) to work on /opt/conda/lib/python3.8/site-packages/airflow/example_dags/example_skip_dag.py
[2022-11-02 16:49:01,821] {processor.py:641} INFO - Processing file /opt/conda/lib/python3.8/site-packages/airflow/example_dags/example_skip_dag.py for tasks to queue
[2022-11-02 16:49:01,821] {logging_mixin.py:115} INFO - [2022-11-02 16:49:01,821] {dagbag.py:508} INFO - Filling up the DagBag from /opt/conda/lib/python3.8/site-packages/airflow/example_dags/example_skip_dag.py
[2022-11-02 16:49:01,827] {processor.py:651} INFO - DAG(s) dict_keys(['example_skip_dag']) retrieved from /opt/conda/lib/python3.8/site-packages/airflow/example_dags/example_skip_dag.py
[2022-11-02 16:49:01,847] {logging_mixin.py:115} INFO - [2022-11-02 16:49:01,847] {dag.py:2420} INFO - Sync 1 DAGs
[2022-11-02 16:49:01,868] {logging_mixin.py:115} INFO - [2022-11-02 16:49:01,868] {dag.py:2968} INFO - Setting next_dagrun for example_skip_dag to 2022-11-01T16:49:01.868079+00:00, run_after=2022-11-02T16:49:01.868079+00:00
[2022-11-02 16:49:01,880] {processor.py:161} INFO - Processing /opt/conda/lib/python3.8/site-packages/airflow/example_dags/example_skip_dag.py took 0.067 seconds
[2022-11-02 16:50:14,388] {processor.py:153} INFO - Started process (PID=10377) to work on /opt/conda/lib/python3.8/site-packages/airflow/example_dags/example_skip_dag.py
[2022-11-02 16:50:14,388] {processor.py:641} INFO - Processing file /opt/conda/lib/python3.8/site-packages/airflow/example_dags/example_skip_dag.py for tasks to queue
[2022-11-02 16:50:14,389] {logging_mixin.py:115} INFO - [2022-11-02 16:50:14,389] {dagbag.py:508} INFO - Filling up the DagBag from /opt/conda/lib/python3.8/site-packages/airflow/example_dags/example_skip_dag.py
[2022-11-02 16:50:14,394] {processor.py:651} INFO - DAG(s) dict_keys(['example_skip_dag']) retrieved from /opt/conda/lib/python3.8/site-packages/airflow/example_dags/example_skip_dag.py
[2022-11-02 16:50:14,414] {logging_mixin.py:115} INFO - [2022-11-02 16:50:14,414] {dag.py:2420} INFO - Sync 1 DAGs
[2022-11-02 16:50:14,433] {logging_mixin.py:115} INFO - [2022-11-02 16:50:14,433] {dag.py:2968} INFO - Setting next_dagrun for example_skip_dag to 2022-11-01T16:50:14.433415+00:00, run_after=2022-11-02T16:50:14.433415+00:00
[2022-11-02 16:50:14,449] {processor.py:161} INFO - Processing /opt/conda/lib/python3.8/site-packages/airflow/example_dags/example_skip_dag.py took 0.068 seconds
[2022-11-02 16:51:13,041] {processor.py:153} INFO - Started process (PID=10563) to work on /opt/conda/lib/python3.8/site-packages/airflow/example_dags/example_skip_dag.py
[2022-11-02 16:51:13,042] {processor.py:641} INFO - Processing file /opt/conda/lib/python3.8/site-packages/airflow/example_dags/example_skip_dag.py for tasks to queue
[2022-11-02 16:51:13,043] {logging_mixin.py:115} INFO - [2022-11-02 16:51:13,043] {dagbag.py:508} INFO - Filling up the DagBag from /opt/conda/lib/python3.8/site-packages/airflow/example_dags/example_skip_dag.py
[2022-11-02 16:51:13,049] {processor.py:651} INFO - DAG(s) dict_keys(['example_skip_dag']) retrieved from /opt/conda/lib/python3.8/site-packages/airflow/example_dags/example_skip_dag.py
[2022-11-02 16:51:13,068] {logging_mixin.py:115} INFO - [2022-11-02 16:51:13,068] {dag.py:2420} INFO - Sync 1 DAGs
[2022-11-02 16:51:13,088] {logging_mixin.py:115} INFO - [2022-11-02 16:51:13,088] {dag.py:2968} INFO - Setting next_dagrun for example_skip_dag to 2022-11-01T16:51:13.088147+00:00, run_after=2022-11-02T16:51:13.088147+00:00
[2022-11-02 16:51:13,106] {processor.py:161} INFO - Processing /opt/conda/lib/python3.8/site-packages/airflow/example_dags/example_skip_dag.py took 0.069 seconds
[2022-11-02 16:52:10,387] {processor.py:153} INFO - Started process (PID=10716) to work on /opt/conda/lib/python3.8/site-packages/airflow/example_dags/example_skip_dag.py
[2022-11-02 16:52:10,388] {processor.py:641} INFO - Processing file /opt/conda/lib/python3.8/site-packages/airflow/example_dags/example_skip_dag.py for tasks to queue
[2022-11-02 16:52:10,389] {logging_mixin.py:115} INFO - [2022-11-02 16:52:10,389] {dagbag.py:508} INFO - Filling up the DagBag from /opt/conda/lib/python3.8/site-packages/airflow/example_dags/example_skip_dag.py
[2022-11-02 16:52:10,394] {processor.py:651} INFO - DAG(s) dict_keys(['example_skip_dag']) retrieved from /opt/conda/lib/python3.8/site-packages/airflow/example_dags/example_skip_dag.py
[2022-11-02 16:52:10,413] {logging_mixin.py:115} INFO - [2022-11-02 16:52:10,413] {dag.py:2420} INFO - Sync 1 DAGs
[2022-11-02 16:52:10,432] {logging_mixin.py:115} INFO - [2022-11-02 16:52:10,432] {dag.py:2968} INFO - Setting next_dagrun for example_skip_dag to 2022-11-01T16:52:10.432376+00:00, run_after=2022-11-02T16:52:10.432376+00:00
[2022-11-02 16:52:10,450] {processor.py:161} INFO - Processing /opt/conda/lib/python3.8/site-packages/airflow/example_dags/example_skip_dag.py took 0.069 seconds
[2022-11-02 16:53:11,481] {processor.py:153} INFO - Started process (PID=10894) to work on /opt/conda/lib/python3.8/site-packages/airflow/example_dags/example_skip_dag.py
[2022-11-02 16:53:11,483] {processor.py:641} INFO - Processing file /opt/conda/lib/python3.8/site-packages/airflow/example_dags/example_skip_dag.py for tasks to queue
[2022-11-02 16:53:11,483] {logging_mixin.py:115} INFO - [2022-11-02 16:53:11,483] {dagbag.py:508} INFO - Filling up the DagBag from /opt/conda/lib/python3.8/site-packages/airflow/example_dags/example_skip_dag.py
[2022-11-02 16:53:11,489] {processor.py:651} INFO - DAG(s) dict_keys(['example_skip_dag']) retrieved from /opt/conda/lib/python3.8/site-packages/airflow/example_dags/example_skip_dag.py
[2022-11-02 16:53:11,509] {logging_mixin.py:115} INFO - [2022-11-02 16:53:11,509] {dag.py:2420} INFO - Sync 1 DAGs
[2022-11-02 16:53:11,529] {logging_mixin.py:115} INFO - [2022-11-02 16:53:11,529] {dag.py:2968} INFO - Setting next_dagrun for example_skip_dag to 2022-11-01T16:53:11.528846+00:00, run_after=2022-11-02T16:53:11.528846+00:00
[2022-11-02 16:53:11,540] {processor.py:161} INFO - Processing /opt/conda/lib/python3.8/site-packages/airflow/example_dags/example_skip_dag.py took 0.064 seconds
[2022-11-02 16:54:11,651] {processor.py:153} INFO - Started process (PID=11048) to work on /opt/conda/lib/python3.8/site-packages/airflow/example_dags/example_skip_dag.py
[2022-11-02 16:54:11,652] {processor.py:641} INFO - Processing file /opt/conda/lib/python3.8/site-packages/airflow/example_dags/example_skip_dag.py for tasks to queue
[2022-11-02 16:54:11,653] {logging_mixin.py:115} INFO - [2022-11-02 16:54:11,652] {dagbag.py:508} INFO - Filling up the DagBag from /opt/conda/lib/python3.8/site-packages/airflow/example_dags/example_skip_dag.py
[2022-11-02 16:54:11,658] {processor.py:651} INFO - DAG(s) dict_keys(['example_skip_dag']) retrieved from /opt/conda/lib/python3.8/site-packages/airflow/example_dags/example_skip_dag.py
[2022-11-02 16:54:11,677] {logging_mixin.py:115} INFO - [2022-11-02 16:54:11,677] {dag.py:2420} INFO - Sync 1 DAGs
[2022-11-02 16:54:11,697] {logging_mixin.py:115} INFO - [2022-11-02 16:54:11,697] {dag.py:2968} INFO - Setting next_dagrun for example_skip_dag to 2022-11-01T16:54:11.696744+00:00, run_after=2022-11-02T16:54:11.696744+00:00
[2022-11-02 16:54:11,708] {processor.py:161} INFO - Processing /opt/conda/lib/python3.8/site-packages/airflow/example_dags/example_skip_dag.py took 0.063 seconds
[2022-11-02 16:55:16,004] {processor.py:153} INFO - Started process (PID=11214) to work on /opt/conda/lib/python3.8/site-packages/airflow/example_dags/example_skip_dag.py
[2022-11-02 16:55:16,005] {processor.py:641} INFO - Processing file /opt/conda/lib/python3.8/site-packages/airflow/example_dags/example_skip_dag.py for tasks to queue
[2022-11-02 16:55:16,005] {logging_mixin.py:115} INFO - [2022-11-02 16:55:16,005] {dagbag.py:508} INFO - Filling up the DagBag from /opt/conda/lib/python3.8/site-packages/airflow/example_dags/example_skip_dag.py
[2022-11-02 16:55:16,010] {processor.py:651} INFO - DAG(s) dict_keys(['example_skip_dag']) retrieved from /opt/conda/lib/python3.8/site-packages/airflow/example_dags/example_skip_dag.py
[2022-11-02 16:55:16,030] {logging_mixin.py:115} INFO - [2022-11-02 16:55:16,030] {dag.py:2420} INFO - Sync 1 DAGs
[2022-11-02 16:55:16,049] {logging_mixin.py:115} INFO - [2022-11-02 16:55:16,049] {dag.py:2968} INFO - Setting next_dagrun for example_skip_dag to 2022-11-01T16:55:16.048894+00:00, run_after=2022-11-02T16:55:16.048894+00:00
[2022-11-02 16:55:16,060] {processor.py:161} INFO - Processing /opt/conda/lib/python3.8/site-packages/airflow/example_dags/example_skip_dag.py took 0.062 seconds
[2022-11-02 16:56:20,751] {processor.py:153} INFO - Started process (PID=11377) to work on /opt/conda/lib/python3.8/site-packages/airflow/example_dags/example_skip_dag.py
[2022-11-02 16:56:20,752] {processor.py:641} INFO - Processing file /opt/conda/lib/python3.8/site-packages/airflow/example_dags/example_skip_dag.py for tasks to queue
[2022-11-02 16:56:20,753] {logging_mixin.py:115} INFO - [2022-11-02 16:56:20,753] {dagbag.py:508} INFO - Filling up the DagBag from /opt/conda/lib/python3.8/site-packages/airflow/example_dags/example_skip_dag.py
[2022-11-02 16:56:20,759] {processor.py:651} INFO - DAG(s) dict_keys(['example_skip_dag']) retrieved from /opt/conda/lib/python3.8/site-packages/airflow/example_dags/example_skip_dag.py
[2022-11-02 16:56:20,776] {logging_mixin.py:115} INFO - [2022-11-02 16:56:20,776] {dag.py:2420} INFO - Sync 1 DAGs
[2022-11-02 16:56:20,791] {logging_mixin.py:115} INFO - [2022-11-02 16:56:20,791] {dag.py:2968} INFO - Setting next_dagrun for example_skip_dag to 2022-11-01T16:56:20.791409+00:00, run_after=2022-11-02T16:56:20.791409+00:00
[2022-11-02 16:56:20,800] {processor.py:161} INFO - Processing /opt/conda/lib/python3.8/site-packages/airflow/example_dags/example_skip_dag.py took 0.054 seconds
[2022-11-02 16:57:10,460] {processor.py:153} INFO - Started process (PID=11494) to work on /opt/conda/lib/python3.8/site-packages/airflow/example_dags/example_skip_dag.py
[2022-11-02 16:57:10,461] {processor.py:641} INFO - Processing file /opt/conda/lib/python3.8/site-packages/airflow/example_dags/example_skip_dag.py for tasks to queue
[2022-11-02 16:57:10,462] {logging_mixin.py:115} INFO - [2022-11-02 16:57:10,462] {dagbag.py:508} INFO - Filling up the DagBag from /opt/conda/lib/python3.8/site-packages/airflow/example_dags/example_skip_dag.py
[2022-11-02 16:57:10,467] {processor.py:651} INFO - DAG(s) dict_keys(['example_skip_dag']) retrieved from /opt/conda/lib/python3.8/site-packages/airflow/example_dags/example_skip_dag.py
[2022-11-02 16:57:10,486] {logging_mixin.py:115} INFO - [2022-11-02 16:57:10,486] {dag.py:2420} INFO - Sync 1 DAGs
[2022-11-02 16:57:10,505] {logging_mixin.py:115} INFO - [2022-11-02 16:57:10,505] {dag.py:2968} INFO - Setting next_dagrun for example_skip_dag to 2022-11-01T16:57:10.505321+00:00, run_after=2022-11-02T16:57:10.505321+00:00
[2022-11-02 16:57:10,516] {processor.py:161} INFO - Processing /opt/conda/lib/python3.8/site-packages/airflow/example_dags/example_skip_dag.py took 0.062 seconds
[2022-11-02 16:58:13,706] {processor.py:153} INFO - Started process (PID=11658) to work on /opt/conda/lib/python3.8/site-packages/airflow/example_dags/example_skip_dag.py
[2022-11-02 16:58:13,707] {processor.py:641} INFO - Processing file /opt/conda/lib/python3.8/site-packages/airflow/example_dags/example_skip_dag.py for tasks to queue
[2022-11-02 16:58:13,707] {logging_mixin.py:115} INFO - [2022-11-02 16:58:13,707] {dagbag.py:508} INFO - Filling up the DagBag from /opt/conda/lib/python3.8/site-packages/airflow/example_dags/example_skip_dag.py
[2022-11-02 16:58:13,713] {processor.py:651} INFO - DAG(s) dict_keys(['example_skip_dag']) retrieved from /opt/conda/lib/python3.8/site-packages/airflow/example_dags/example_skip_dag.py
[2022-11-02 16:58:13,733] {logging_mixin.py:115} INFO - [2022-11-02 16:58:13,732] {dag.py:2420} INFO - Sync 1 DAGs
[2022-11-02 16:58:13,752] {logging_mixin.py:115} INFO - [2022-11-02 16:58:13,752] {dag.py:2968} INFO - Setting next_dagrun for example_skip_dag to 2022-11-01T16:58:13.751888+00:00, run_after=2022-11-02T16:58:13.751888+00:00
[2022-11-02 16:58:13,763] {processor.py:161} INFO - Processing /opt/conda/lib/python3.8/site-packages/airflow/example_dags/example_skip_dag.py took 0.062 seconds
[2022-11-02 16:59:16,227] {processor.py:153} INFO - Started process (PID=11820) to work on /opt/conda/lib/python3.8/site-packages/airflow/example_dags/example_skip_dag.py
[2022-11-02 16:59:16,229] {processor.py:641} INFO - Processing file /opt/conda/lib/python3.8/site-packages/airflow/example_dags/example_skip_dag.py for tasks to queue
[2022-11-02 16:59:16,229] {logging_mixin.py:115} INFO - [2022-11-02 16:59:16,229] {dagbag.py:508} INFO - Filling up the DagBag from /opt/conda/lib/python3.8/site-packages/airflow/example_dags/example_skip_dag.py
[2022-11-02 16:59:16,235] {processor.py:651} INFO - DAG(s) dict_keys(['example_skip_dag']) retrieved from /opt/conda/lib/python3.8/site-packages/airflow/example_dags/example_skip_dag.py
[2022-11-02 16:59:16,255] {logging_mixin.py:115} INFO - [2022-11-02 16:59:16,255] {dag.py:2420} INFO - Sync 1 DAGs
[2022-11-02 16:59:16,274] {logging_mixin.py:115} INFO - [2022-11-02 16:59:16,274] {dag.py:2968} INFO - Setting next_dagrun for example_skip_dag to 2022-11-01T16:59:16.273943+00:00, run_after=2022-11-02T16:59:16.273943+00:00
[2022-11-02 16:59:16,292] {processor.py:161} INFO - Processing /opt/conda/lib/python3.8/site-packages/airflow/example_dags/example_skip_dag.py took 0.071 seconds
[2022-11-02 17:00:28,500] {processor.py:153} INFO - Started process (PID=12022) to work on /opt/conda/lib/python3.8/site-packages/airflow/example_dags/example_skip_dag.py
[2022-11-02 17:00:28,500] {processor.py:641} INFO - Processing file /opt/conda/lib/python3.8/site-packages/airflow/example_dags/example_skip_dag.py for tasks to queue
[2022-11-02 17:00:28,501] {logging_mixin.py:115} INFO - [2022-11-02 17:00:28,501] {dagbag.py:508} INFO - Filling up the DagBag from /opt/conda/lib/python3.8/site-packages/airflow/example_dags/example_skip_dag.py
[2022-11-02 17:00:28,507] {processor.py:651} INFO - DAG(s) dict_keys(['example_skip_dag']) retrieved from /opt/conda/lib/python3.8/site-packages/airflow/example_dags/example_skip_dag.py
[2022-11-02 17:00:28,526] {logging_mixin.py:115} INFO - [2022-11-02 17:00:28,526] {dag.py:2420} INFO - Sync 1 DAGs
[2022-11-02 17:00:28,545] {logging_mixin.py:115} INFO - [2022-11-02 17:00:28,545] {dag.py:2968} INFO - Setting next_dagrun for example_skip_dag to 2022-11-01T17:00:28.545237+00:00, run_after=2022-11-02T17:00:28.545237+00:00
[2022-11-02 17:00:28,556] {processor.py:161} INFO - Processing /opt/conda/lib/python3.8/site-packages/airflow/example_dags/example_skip_dag.py took 0.060 seconds
[2022-11-02 17:01:33,670] {processor.py:153} INFO - Started process (PID=12188) to work on /opt/conda/lib/python3.8/site-packages/airflow/example_dags/example_skip_dag.py
[2022-11-02 17:01:33,671] {processor.py:641} INFO - Processing file /opt/conda/lib/python3.8/site-packages/airflow/example_dags/example_skip_dag.py for tasks to queue
[2022-11-02 17:01:33,672] {logging_mixin.py:115} INFO - [2022-11-02 17:01:33,672] {dagbag.py:508} INFO - Filling up the DagBag from /opt/conda/lib/python3.8/site-packages/airflow/example_dags/example_skip_dag.py
[2022-11-02 17:01:33,677] {processor.py:651} INFO - DAG(s) dict_keys(['example_skip_dag']) retrieved from /opt/conda/lib/python3.8/site-packages/airflow/example_dags/example_skip_dag.py
[2022-11-02 17:01:33,697] {logging_mixin.py:115} INFO - [2022-11-02 17:01:33,697] {dag.py:2420} INFO - Sync 1 DAGs
[2022-11-02 17:01:33,716] {logging_mixin.py:115} INFO - [2022-11-02 17:01:33,716] {dag.py:2968} INFO - Setting next_dagrun for example_skip_dag to 2022-11-01T17:01:33.716386+00:00, run_after=2022-11-02T17:01:33.716386+00:00
[2022-11-02 17:01:33,728] {processor.py:161} INFO - Processing /opt/conda/lib/python3.8/site-packages/airflow/example_dags/example_skip_dag.py took 0.064 seconds
[2022-11-02 17:02:38,667] {processor.py:153} INFO - Started process (PID=12353) to work on /opt/conda/lib/python3.8/site-packages/airflow/example_dags/example_skip_dag.py
[2022-11-02 17:02:38,667] {processor.py:641} INFO - Processing file /opt/conda/lib/python3.8/site-packages/airflow/example_dags/example_skip_dag.py for tasks to queue
[2022-11-02 17:02:38,668] {logging_mixin.py:115} INFO - [2022-11-02 17:02:38,668] {dagbag.py:508} INFO - Filling up the DagBag from /opt/conda/lib/python3.8/site-packages/airflow/example_dags/example_skip_dag.py
[2022-11-02 17:02:38,674] {processor.py:651} INFO - DAG(s) dict_keys(['example_skip_dag']) retrieved from /opt/conda/lib/python3.8/site-packages/airflow/example_dags/example_skip_dag.py
[2022-11-02 17:02:38,693] {logging_mixin.py:115} INFO - [2022-11-02 17:02:38,693] {dag.py:2420} INFO - Sync 1 DAGs
[2022-11-02 17:02:38,712] {logging_mixin.py:115} INFO - [2022-11-02 17:02:38,712] {dag.py:2968} INFO - Setting next_dagrun for example_skip_dag to 2022-11-01T17:02:38.712522+00:00, run_after=2022-11-02T17:02:38.712522+00:00
[2022-11-02 17:02:38,724] {processor.py:161} INFO - Processing /opt/conda/lib/python3.8/site-packages/airflow/example_dags/example_skip_dag.py took 0.060 seconds
[2022-11-02 17:03:39,319] {processor.py:153} INFO - Started process (PID=12515) to work on /opt/conda/lib/python3.8/site-packages/airflow/example_dags/example_skip_dag.py
[2022-11-02 17:03:39,320] {processor.py:641} INFO - Processing file /opt/conda/lib/python3.8/site-packages/airflow/example_dags/example_skip_dag.py for tasks to queue
[2022-11-02 17:03:39,321] {logging_mixin.py:115} INFO - [2022-11-02 17:03:39,321] {dagbag.py:508} INFO - Filling up the DagBag from /opt/conda/lib/python3.8/site-packages/airflow/example_dags/example_skip_dag.py
[2022-11-02 17:03:39,326] {processor.py:651} INFO - DAG(s) dict_keys(['example_skip_dag']) retrieved from /opt/conda/lib/python3.8/site-packages/airflow/example_dags/example_skip_dag.py
[2022-11-02 17:03:39,345] {logging_mixin.py:115} INFO - [2022-11-02 17:03:39,345] {dag.py:2420} INFO - Sync 1 DAGs
[2022-11-02 17:03:39,364] {logging_mixin.py:115} INFO - [2022-11-02 17:03:39,364] {dag.py:2968} INFO - Setting next_dagrun for example_skip_dag to 2022-11-01T17:03:39.364222+00:00, run_after=2022-11-02T17:03:39.364222+00:00
[2022-11-02 17:03:39,375] {processor.py:161} INFO - Processing /opt/conda/lib/python3.8/site-packages/airflow/example_dags/example_skip_dag.py took 0.062 seconds
[2022-11-02 17:04:40,594] {processor.py:153} INFO - Started process (PID=12678) to work on /opt/conda/lib/python3.8/site-packages/airflow/example_dags/example_skip_dag.py
[2022-11-02 17:04:40,596] {processor.py:641} INFO - Processing file /opt/conda/lib/python3.8/site-packages/airflow/example_dags/example_skip_dag.py for tasks to queue
[2022-11-02 17:04:40,596] {logging_mixin.py:115} INFO - [2022-11-02 17:04:40,596] {dagbag.py:508} INFO - Filling up the DagBag from /opt/conda/lib/python3.8/site-packages/airflow/example_dags/example_skip_dag.py
[2022-11-02 17:04:40,602] {processor.py:651} INFO - DAG(s) dict_keys(['example_skip_dag']) retrieved from /opt/conda/lib/python3.8/site-packages/airflow/example_dags/example_skip_dag.py
[2022-11-02 17:04:40,621] {logging_mixin.py:115} INFO - [2022-11-02 17:04:40,621] {dag.py:2420} INFO - Sync 1 DAGs
[2022-11-02 17:04:40,640] {logging_mixin.py:115} INFO - [2022-11-02 17:04:40,640] {dag.py:2968} INFO - Setting next_dagrun for example_skip_dag to 2022-11-01T17:04:40.639919+00:00, run_after=2022-11-02T17:04:40.639919+00:00
[2022-11-02 17:04:40,658] {processor.py:161} INFO - Processing /opt/conda/lib/python3.8/site-packages/airflow/example_dags/example_skip_dag.py took 0.070 seconds
[2022-11-02 17:05:48,209] {processor.py:153} INFO - Started process (PID=12844) to work on /opt/conda/lib/python3.8/site-packages/airflow/example_dags/example_skip_dag.py
[2022-11-02 17:05:48,210] {processor.py:641} INFO - Processing file /opt/conda/lib/python3.8/site-packages/airflow/example_dags/example_skip_dag.py for tasks to queue
[2022-11-02 17:05:48,211] {logging_mixin.py:115} INFO - [2022-11-02 17:05:48,211] {dagbag.py:508} INFO - Filling up the DagBag from /opt/conda/lib/python3.8/site-packages/airflow/example_dags/example_skip_dag.py
[2022-11-02 17:05:48,216] {processor.py:651} INFO - DAG(s) dict_keys(['example_skip_dag']) retrieved from /opt/conda/lib/python3.8/site-packages/airflow/example_dags/example_skip_dag.py
[2022-11-02 17:05:48,235] {logging_mixin.py:115} INFO - [2022-11-02 17:05:48,235] {dag.py:2420} INFO - Sync 1 DAGs
[2022-11-02 17:05:48,254] {logging_mixin.py:115} INFO - [2022-11-02 17:05:48,254] {dag.py:2968} INFO - Setting next_dagrun for example_skip_dag to 2022-11-01T17:05:48.254281+00:00, run_after=2022-11-02T17:05:48.254281+00:00
[2022-11-02 17:05:48,265] {processor.py:161} INFO - Processing /opt/conda/lib/python3.8/site-packages/airflow/example_dags/example_skip_dag.py took 0.062 seconds
[2022-11-02 17:06:52,088] {processor.py:153} INFO - Started process (PID=13010) to work on /opt/conda/lib/python3.8/site-packages/airflow/example_dags/example_skip_dag.py
[2022-11-02 17:06:52,089] {processor.py:641} INFO - Processing file /opt/conda/lib/python3.8/site-packages/airflow/example_dags/example_skip_dag.py for tasks to queue
[2022-11-02 17:06:52,089] {logging_mixin.py:115} INFO - [2022-11-02 17:06:52,089] {dagbag.py:508} INFO - Filling up the DagBag from /opt/conda/lib/python3.8/site-packages/airflow/example_dags/example_skip_dag.py
[2022-11-02 17:06:52,095] {processor.py:651} INFO - DAG(s) dict_keys(['example_skip_dag']) retrieved from /opt/conda/lib/python3.8/site-packages/airflow/example_dags/example_skip_dag.py
[2022-11-02 17:06:52,114] {logging_mixin.py:115} INFO - [2022-11-02 17:06:52,114] {dag.py:2420} INFO - Sync 1 DAGs
[2022-11-02 17:06:52,133] {logging_mixin.py:115} INFO - [2022-11-02 17:06:52,133] {dag.py:2968} INFO - Setting next_dagrun for example_skip_dag to 2022-11-01T17:06:52.133467+00:00, run_after=2022-11-02T17:06:52.133467+00:00
[2022-11-02 17:06:52,144] {processor.py:161} INFO - Processing /opt/conda/lib/python3.8/site-packages/airflow/example_dags/example_skip_dag.py took 0.062 seconds
[2022-11-02 17:07:57,166] {processor.py:153} INFO - Started process (PID=13174) to work on /opt/conda/lib/python3.8/site-packages/airflow/example_dags/example_skip_dag.py
[2022-11-02 17:07:57,167] {processor.py:641} INFO - Processing file /opt/conda/lib/python3.8/site-packages/airflow/example_dags/example_skip_dag.py for tasks to queue
[2022-11-02 17:07:57,168] {logging_mixin.py:115} INFO - [2022-11-02 17:07:57,168] {dagbag.py:508} INFO - Filling up the DagBag from /opt/conda/lib/python3.8/site-packages/airflow/example_dags/example_skip_dag.py
[2022-11-02 17:07:57,173] {processor.py:651} INFO - DAG(s) dict_keys(['example_skip_dag']) retrieved from /opt/conda/lib/python3.8/site-packages/airflow/example_dags/example_skip_dag.py
[2022-11-02 17:07:57,193] {logging_mixin.py:115} INFO - [2022-11-02 17:07:57,193] {dag.py:2420} INFO - Sync 1 DAGs
[2022-11-02 17:07:57,212] {logging_mixin.py:115} INFO - [2022-11-02 17:07:57,212] {dag.py:2968} INFO - Setting next_dagrun for example_skip_dag to 2022-11-01T17:07:57.212434+00:00, run_after=2022-11-02T17:07:57.212434+00:00
[2022-11-02 17:07:57,231] {processor.py:161} INFO - Processing /opt/conda/lib/python3.8/site-packages/airflow/example_dags/example_skip_dag.py took 0.071 seconds
[2022-11-02 17:09:01,051] {processor.py:153} INFO - Started process (PID=13340) to work on /opt/conda/lib/python3.8/site-packages/airflow/example_dags/example_skip_dag.py
[2022-11-02 17:09:01,053] {processor.py:641} INFO - Processing file /opt/conda/lib/python3.8/site-packages/airflow/example_dags/example_skip_dag.py for tasks to queue
[2022-11-02 17:09:01,054] {logging_mixin.py:115} INFO - [2022-11-02 17:09:01,054] {dagbag.py:508} INFO - Filling up the DagBag from /opt/conda/lib/python3.8/site-packages/airflow/example_dags/example_skip_dag.py
[2022-11-02 17:09:01,060] {processor.py:651} INFO - DAG(s) dict_keys(['example_skip_dag']) retrieved from /opt/conda/lib/python3.8/site-packages/airflow/example_dags/example_skip_dag.py
[2022-11-02 17:09:01,080] {logging_mixin.py:115} INFO - [2022-11-02 17:09:01,080] {dag.py:2420} INFO - Sync 1 DAGs
[2022-11-02 17:09:01,099] {logging_mixin.py:115} INFO - [2022-11-02 17:09:01,099] {dag.py:2968} INFO - Setting next_dagrun for example_skip_dag to 2022-11-01T17:09:01.099554+00:00, run_after=2022-11-02T17:09:01.099554+00:00
[2022-11-02 17:09:01,111] {processor.py:161} INFO - Processing /opt/conda/lib/python3.8/site-packages/airflow/example_dags/example_skip_dag.py took 0.065 seconds
[2022-11-02 17:10:01,778] {processor.py:153} INFO - Started process (PID=13503) to work on /opt/conda/lib/python3.8/site-packages/airflow/example_dags/example_skip_dag.py
[2022-11-02 17:10:01,779] {processor.py:641} INFO - Processing file /opt/conda/lib/python3.8/site-packages/airflow/example_dags/example_skip_dag.py for tasks to queue
[2022-11-02 17:10:01,779] {logging_mixin.py:115} INFO - [2022-11-02 17:10:01,779] {dagbag.py:508} INFO - Filling up the DagBag from /opt/conda/lib/python3.8/site-packages/airflow/example_dags/example_skip_dag.py
[2022-11-02 17:10:01,786] {processor.py:651} INFO - DAG(s) dict_keys(['example_skip_dag']) retrieved from /opt/conda/lib/python3.8/site-packages/airflow/example_dags/example_skip_dag.py
[2022-11-02 17:10:01,805] {logging_mixin.py:115} INFO - [2022-11-02 17:10:01,805] {dag.py:2420} INFO - Sync 1 DAGs
[2022-11-02 17:10:01,824] {logging_mixin.py:115} INFO - [2022-11-02 17:10:01,824] {dag.py:2968} INFO - Setting next_dagrun for example_skip_dag to 2022-11-01T17:10:01.824388+00:00, run_after=2022-11-02T17:10:01.824388+00:00
[2022-11-02 17:10:01,843] {processor.py:161} INFO - Processing /opt/conda/lib/python3.8/site-packages/airflow/example_dags/example_skip_dag.py took 0.069 seconds
[2022-11-02 17:11:03,891] {processor.py:153} INFO - Started process (PID=13666) to work on /opt/conda/lib/python3.8/site-packages/airflow/example_dags/example_skip_dag.py
[2022-11-02 17:11:03,892] {processor.py:641} INFO - Processing file /opt/conda/lib/python3.8/site-packages/airflow/example_dags/example_skip_dag.py for tasks to queue
[2022-11-02 17:11:03,892] {logging_mixin.py:115} INFO - [2022-11-02 17:11:03,892] {dagbag.py:508} INFO - Filling up the DagBag from /opt/conda/lib/python3.8/site-packages/airflow/example_dags/example_skip_dag.py
[2022-11-02 17:11:03,898] {processor.py:651} INFO - DAG(s) dict_keys(['example_skip_dag']) retrieved from /opt/conda/lib/python3.8/site-packages/airflow/example_dags/example_skip_dag.py
[2022-11-02 17:11:03,917] {logging_mixin.py:115} INFO - [2022-11-02 17:11:03,917] {dag.py:2420} INFO - Sync 1 DAGs
[2022-11-02 17:11:03,936] {logging_mixin.py:115} INFO - [2022-11-02 17:11:03,936] {dag.py:2968} INFO - Setting next_dagrun for example_skip_dag to 2022-11-01T17:11:03.935728+00:00, run_after=2022-11-02T17:11:03.935728+00:00
[2022-11-02 17:11:03,953] {processor.py:161} INFO - Processing /opt/conda/lib/python3.8/site-packages/airflow/example_dags/example_skip_dag.py took 0.068 seconds
[2022-11-02 17:12:07,962] {processor.py:153} INFO - Started process (PID=13830) to work on /opt/conda/lib/python3.8/site-packages/airflow/example_dags/example_skip_dag.py
[2022-11-02 17:12:07,963] {processor.py:641} INFO - Processing file /opt/conda/lib/python3.8/site-packages/airflow/example_dags/example_skip_dag.py for tasks to queue
[2022-11-02 17:12:07,963] {logging_mixin.py:115} INFO - [2022-11-02 17:12:07,963] {dagbag.py:508} INFO - Filling up the DagBag from /opt/conda/lib/python3.8/site-packages/airflow/example_dags/example_skip_dag.py
[2022-11-02 17:12:07,967] {processor.py:651} INFO - DAG(s) dict_keys(['example_skip_dag']) retrieved from /opt/conda/lib/python3.8/site-packages/airflow/example_dags/example_skip_dag.py
[2022-11-02 17:12:07,983] {logging_mixin.py:115} INFO - [2022-11-02 17:12:07,983] {dag.py:2420} INFO - Sync 1 DAGs
[2022-11-02 17:12:07,997] {logging_mixin.py:115} INFO - [2022-11-02 17:12:07,997] {dag.py:2968} INFO - Setting next_dagrun for example_skip_dag to 2022-11-01T17:12:07.997340+00:00, run_after=2022-11-02T17:12:07.997340+00:00
[2022-11-02 17:12:08,006] {processor.py:161} INFO - Processing /opt/conda/lib/python3.8/site-packages/airflow/example_dags/example_skip_dag.py took 0.050 seconds
[2022-11-02 17:13:07,868] {processor.py:153} INFO - Started process (PID=13993) to work on /opt/conda/lib/python3.8/site-packages/airflow/example_dags/example_skip_dag.py
[2022-11-02 17:13:07,868] {processor.py:641} INFO - Processing file /opt/conda/lib/python3.8/site-packages/airflow/example_dags/example_skip_dag.py for tasks to queue
[2022-11-02 17:13:07,869] {logging_mixin.py:115} INFO - [2022-11-02 17:13:07,869] {dagbag.py:508} INFO - Filling up the DagBag from /opt/conda/lib/python3.8/site-packages/airflow/example_dags/example_skip_dag.py
[2022-11-02 17:13:07,874] {processor.py:651} INFO - DAG(s) dict_keys(['example_skip_dag']) retrieved from /opt/conda/lib/python3.8/site-packages/airflow/example_dags/example_skip_dag.py
[2022-11-02 17:13:07,894] {logging_mixin.py:115} INFO - [2022-11-02 17:13:07,894] {dag.py:2420} INFO - Sync 1 DAGs
[2022-11-02 17:13:07,913] {logging_mixin.py:115} INFO - [2022-11-02 17:13:07,913] {dag.py:2968} INFO - Setting next_dagrun for example_skip_dag to 2022-11-01T17:13:07.912983+00:00, run_after=2022-11-02T17:13:07.912983+00:00
[2022-11-02 17:13:07,924] {processor.py:161} INFO - Processing /opt/conda/lib/python3.8/site-packages/airflow/example_dags/example_skip_dag.py took 0.062 seconds
[2022-11-02 17:14:08,801] {processor.py:153} INFO - Started process (PID=14155) to work on /opt/conda/lib/python3.8/site-packages/airflow/example_dags/example_skip_dag.py
[2022-11-02 17:14:08,802] {processor.py:641} INFO - Processing file /opt/conda/lib/python3.8/site-packages/airflow/example_dags/example_skip_dag.py for tasks to queue
[2022-11-02 17:14:08,803] {logging_mixin.py:115} INFO - [2022-11-02 17:14:08,803] {dagbag.py:508} INFO - Filling up the DagBag from /opt/conda/lib/python3.8/site-packages/airflow/example_dags/example_skip_dag.py
[2022-11-02 17:14:08,809] {processor.py:651} INFO - DAG(s) dict_keys(['example_skip_dag']) retrieved from /opt/conda/lib/python3.8/site-packages/airflow/example_dags/example_skip_dag.py
[2022-11-02 17:14:08,824] {logging_mixin.py:115} INFO - [2022-11-02 17:14:08,824] {dag.py:2420} INFO - Sync 1 DAGs
[2022-11-02 17:14:08,838] {logging_mixin.py:115} INFO - [2022-11-02 17:14:08,838] {dag.py:2968} INFO - Setting next_dagrun for example_skip_dag to 2022-11-01T17:14:08.838586+00:00, run_after=2022-11-02T17:14:08.838586+00:00
[2022-11-02 17:14:08,847] {processor.py:161} INFO - Processing /opt/conda/lib/python3.8/site-packages/airflow/example_dags/example_skip_dag.py took 0.050 seconds
[2022-11-02 17:15:09,728] {processor.py:153} INFO - Started process (PID=14318) to work on /opt/conda/lib/python3.8/site-packages/airflow/example_dags/example_skip_dag.py
[2022-11-02 17:15:09,729] {processor.py:641} INFO - Processing file /opt/conda/lib/python3.8/site-packages/airflow/example_dags/example_skip_dag.py for tasks to queue
[2022-11-02 17:15:09,729] {logging_mixin.py:115} INFO - [2022-11-02 17:15:09,729] {dagbag.py:508} INFO - Filling up the DagBag from /opt/conda/lib/python3.8/site-packages/airflow/example_dags/example_skip_dag.py
[2022-11-02 17:15:09,735] {processor.py:651} INFO - DAG(s) dict_keys(['example_skip_dag']) retrieved from /opt/conda/lib/python3.8/site-packages/airflow/example_dags/example_skip_dag.py
[2022-11-02 17:15:09,754] {logging_mixin.py:115} INFO - [2022-11-02 17:15:09,754] {dag.py:2420} INFO - Sync 1 DAGs
[2022-11-02 17:15:09,773] {logging_mixin.py:115} INFO - [2022-11-02 17:15:09,772] {dag.py:2968} INFO - Setting next_dagrun for example_skip_dag to 2022-11-01T17:15:09.772689+00:00, run_after=2022-11-02T17:15:09.772689+00:00
[2022-11-02 17:15:09,784] {processor.py:161} INFO - Processing /opt/conda/lib/python3.8/site-packages/airflow/example_dags/example_skip_dag.py took 0.061 seconds
[2022-11-02 17:16:11,666] {processor.py:153} INFO - Started process (PID=14482) to work on /opt/conda/lib/python3.8/site-packages/airflow/example_dags/example_skip_dag.py
[2022-11-02 17:16:11,667] {processor.py:641} INFO - Processing file /opt/conda/lib/python3.8/site-packages/airflow/example_dags/example_skip_dag.py for tasks to queue
[2022-11-02 17:16:11,668] {logging_mixin.py:115} INFO - [2022-11-02 17:16:11,668] {dagbag.py:508} INFO - Filling up the DagBag from /opt/conda/lib/python3.8/site-packages/airflow/example_dags/example_skip_dag.py
[2022-11-02 17:16:11,673] {processor.py:651} INFO - DAG(s) dict_keys(['example_skip_dag']) retrieved from /opt/conda/lib/python3.8/site-packages/airflow/example_dags/example_skip_dag.py
[2022-11-02 17:16:11,692] {logging_mixin.py:115} INFO - [2022-11-02 17:16:11,692] {dag.py:2420} INFO - Sync 1 DAGs
[2022-11-02 17:16:11,711] {logging_mixin.py:115} INFO - [2022-11-02 17:16:11,711] {dag.py:2968} INFO - Setting next_dagrun for example_skip_dag to 2022-11-01T17:16:11.711350+00:00, run_after=2022-11-02T17:16:11.711350+00:00
[2022-11-02 17:16:11,722] {processor.py:161} INFO - Processing /opt/conda/lib/python3.8/site-packages/airflow/example_dags/example_skip_dag.py took 0.061 seconds
[2022-11-02 17:17:04,072] {processor.py:153} INFO - Started process (PID=14624) to work on /opt/conda/lib/python3.8/site-packages/airflow/example_dags/example_skip_dag.py
[2022-11-02 17:17:04,073] {processor.py:641} INFO - Processing file /opt/conda/lib/python3.8/site-packages/airflow/example_dags/example_skip_dag.py for tasks to queue
[2022-11-02 17:17:04,074] {logging_mixin.py:115} INFO - [2022-11-02 17:17:04,073] {dagbag.py:508} INFO - Filling up the DagBag from /opt/conda/lib/python3.8/site-packages/airflow/example_dags/example_skip_dag.py
[2022-11-02 17:17:04,079] {processor.py:651} INFO - DAG(s) dict_keys(['example_skip_dag']) retrieved from /opt/conda/lib/python3.8/site-packages/airflow/example_dags/example_skip_dag.py
[2022-11-02 17:17:04,099] {logging_mixin.py:115} INFO - [2022-11-02 17:17:04,099] {dag.py:2420} INFO - Sync 1 DAGs
[2022-11-02 17:17:04,118] {logging_mixin.py:115} INFO - [2022-11-02 17:17:04,118] {dag.py:2968} INFO - Setting next_dagrun for example_skip_dag to 2022-11-01T17:17:04.117913+00:00, run_after=2022-11-02T17:17:04.117913+00:00
[2022-11-02 17:17:04,129] {processor.py:161} INFO - Processing /opt/conda/lib/python3.8/site-packages/airflow/example_dags/example_skip_dag.py took 0.062 seconds
[2022-11-02 17:17:53,474] {processor.py:153} INFO - Started process (PID=14760) to work on /opt/conda/lib/python3.8/site-packages/airflow/example_dags/example_skip_dag.py
[2022-11-02 17:17:53,476] {processor.py:641} INFO - Processing file /opt/conda/lib/python3.8/site-packages/airflow/example_dags/example_skip_dag.py for tasks to queue
[2022-11-02 17:17:53,476] {logging_mixin.py:115} INFO - [2022-11-02 17:17:53,476] {dagbag.py:508} INFO - Filling up the DagBag from /opt/conda/lib/python3.8/site-packages/airflow/example_dags/example_skip_dag.py
[2022-11-02 17:17:53,480] {processor.py:651} INFO - DAG(s) dict_keys(['example_skip_dag']) retrieved from /opt/conda/lib/python3.8/site-packages/airflow/example_dags/example_skip_dag.py
[2022-11-02 17:17:53,495] {logging_mixin.py:115} INFO - [2022-11-02 17:17:53,495] {dag.py:2420} INFO - Sync 1 DAGs
[2022-11-02 17:17:53,508] {logging_mixin.py:115} INFO - [2022-11-02 17:17:53,508] {dag.py:2968} INFO - Setting next_dagrun for example_skip_dag to 2022-11-01T17:17:53.508534+00:00, run_after=2022-11-02T17:17:53.508534+00:00
[2022-11-02 17:17:53,517] {processor.py:161} INFO - Processing /opt/conda/lib/python3.8/site-packages/airflow/example_dags/example_skip_dag.py took 0.049 seconds
[2022-11-02 17:18:51,760] {processor.py:153} INFO - Started process (PID=14911) to work on /opt/conda/lib/python3.8/site-packages/airflow/example_dags/example_skip_dag.py
[2022-11-02 17:18:51,762] {processor.py:641} INFO - Processing file /opt/conda/lib/python3.8/site-packages/airflow/example_dags/example_skip_dag.py for tasks to queue
[2022-11-02 17:18:51,762] {logging_mixin.py:115} INFO - [2022-11-02 17:18:51,762] {dagbag.py:508} INFO - Filling up the DagBag from /opt/conda/lib/python3.8/site-packages/airflow/example_dags/example_skip_dag.py
[2022-11-02 17:18:51,767] {processor.py:651} INFO - DAG(s) dict_keys(['example_skip_dag']) retrieved from /opt/conda/lib/python3.8/site-packages/airflow/example_dags/example_skip_dag.py
[2022-11-02 17:18:51,787] {logging_mixin.py:115} INFO - [2022-11-02 17:18:51,787] {dag.py:2420} INFO - Sync 1 DAGs
[2022-11-02 17:18:51,806] {logging_mixin.py:115} INFO - [2022-11-02 17:18:51,806] {dag.py:2968} INFO - Setting next_dagrun for example_skip_dag to 2022-11-01T17:18:51.806149+00:00, run_after=2022-11-02T17:18:51.806149+00:00
[2022-11-02 17:18:51,824] {processor.py:161} INFO - Processing /opt/conda/lib/python3.8/site-packages/airflow/example_dags/example_skip_dag.py took 0.069 seconds
[2022-11-02 17:19:49,439] {processor.py:153} INFO - Started process (PID=15072) to work on /opt/conda/lib/python3.8/site-packages/airflow/example_dags/example_skip_dag.py
[2022-11-02 17:19:49,440] {processor.py:641} INFO - Processing file /opt/conda/lib/python3.8/site-packages/airflow/example_dags/example_skip_dag.py for tasks to queue
[2022-11-02 17:19:49,440] {logging_mixin.py:115} INFO - [2022-11-02 17:19:49,440] {dagbag.py:508} INFO - Filling up the DagBag from /opt/conda/lib/python3.8/site-packages/airflow/example_dags/example_skip_dag.py
[2022-11-02 17:19:49,446] {processor.py:651} INFO - DAG(s) dict_keys(['example_skip_dag']) retrieved from /opt/conda/lib/python3.8/site-packages/airflow/example_dags/example_skip_dag.py
[2022-11-02 17:19:49,465] {logging_mixin.py:115} INFO - [2022-11-02 17:19:49,465] {dag.py:2420} INFO - Sync 1 DAGs
[2022-11-02 17:19:49,484] {logging_mixin.py:115} INFO - [2022-11-02 17:19:49,484] {dag.py:2968} INFO - Setting next_dagrun for example_skip_dag to 2022-11-01T17:19:49.484203+00:00, run_after=2022-11-02T17:19:49.484203+00:00
[2022-11-02 17:19:49,503] {processor.py:161} INFO - Processing /opt/conda/lib/python3.8/site-packages/airflow/example_dags/example_skip_dag.py took 0.070 seconds
[2022-11-02 17:20:55,655] {processor.py:153} INFO - Started process (PID=15239) to work on /opt/conda/lib/python3.8/site-packages/airflow/example_dags/example_skip_dag.py
[2022-11-02 17:20:55,656] {processor.py:641} INFO - Processing file /opt/conda/lib/python3.8/site-packages/airflow/example_dags/example_skip_dag.py for tasks to queue
[2022-11-02 17:20:55,656] {logging_mixin.py:115} INFO - [2022-11-02 17:20:55,656] {dagbag.py:508} INFO - Filling up the DagBag from /opt/conda/lib/python3.8/site-packages/airflow/example_dags/example_skip_dag.py
[2022-11-02 17:20:55,662] {processor.py:651} INFO - DAG(s) dict_keys(['example_skip_dag']) retrieved from /opt/conda/lib/python3.8/site-packages/airflow/example_dags/example_skip_dag.py
[2022-11-02 17:20:55,681] {logging_mixin.py:115} INFO - [2022-11-02 17:20:55,681] {dag.py:2420} INFO - Sync 1 DAGs
[2022-11-02 17:20:55,700] {logging_mixin.py:115} INFO - [2022-11-02 17:20:55,700] {dag.py:2968} INFO - Setting next_dagrun for example_skip_dag to 2022-11-01T17:20:55.700601+00:00, run_after=2022-11-02T17:20:55.700601+00:00
[2022-11-02 17:20:55,717] {processor.py:161} INFO - Processing /opt/conda/lib/python3.8/site-packages/airflow/example_dags/example_skip_dag.py took 0.068 seconds
[2022-11-02 17:21:55,576] {processor.py:153} INFO - Started process (PID=15401) to work on /opt/conda/lib/python3.8/site-packages/airflow/example_dags/example_skip_dag.py
[2022-11-02 17:21:55,576] {processor.py:641} INFO - Processing file /opt/conda/lib/python3.8/site-packages/airflow/example_dags/example_skip_dag.py for tasks to queue
[2022-11-02 17:21:55,577] {logging_mixin.py:115} INFO - [2022-11-02 17:21:55,577] {dagbag.py:508} INFO - Filling up the DagBag from /opt/conda/lib/python3.8/site-packages/airflow/example_dags/example_skip_dag.py
[2022-11-02 17:21:55,582] {processor.py:651} INFO - DAG(s) dict_keys(['example_skip_dag']) retrieved from /opt/conda/lib/python3.8/site-packages/airflow/example_dags/example_skip_dag.py
[2022-11-02 17:21:55,602] {logging_mixin.py:115} INFO - [2022-11-02 17:21:55,602] {dag.py:2420} INFO - Sync 1 DAGs
[2022-11-02 17:21:55,620] {logging_mixin.py:115} INFO - [2022-11-02 17:21:55,620] {dag.py:2968} INFO - Setting next_dagrun for example_skip_dag to 2022-11-01T17:21:55.620568+00:00, run_after=2022-11-02T17:21:55.620568+00:00
[2022-11-02 17:21:55,632] {processor.py:161} INFO - Processing /opt/conda/lib/python3.8/site-packages/airflow/example_dags/example_skip_dag.py took 0.062 seconds
[2022-11-02 17:22:55,850] {processor.py:153} INFO - Started process (PID=15563) to work on /opt/conda/lib/python3.8/site-packages/airflow/example_dags/example_skip_dag.py
[2022-11-02 17:22:55,850] {processor.py:641} INFO - Processing file /opt/conda/lib/python3.8/site-packages/airflow/example_dags/example_skip_dag.py for tasks to queue
[2022-11-02 17:22:55,851] {logging_mixin.py:115} INFO - [2022-11-02 17:22:55,851] {dagbag.py:508} INFO - Filling up the DagBag from /opt/conda/lib/python3.8/site-packages/airflow/example_dags/example_skip_dag.py
[2022-11-02 17:22:55,856] {processor.py:651} INFO - DAG(s) dict_keys(['example_skip_dag']) retrieved from /opt/conda/lib/python3.8/site-packages/airflow/example_dags/example_skip_dag.py
[2022-11-02 17:22:55,876] {logging_mixin.py:115} INFO - [2022-11-02 17:22:55,876] {dag.py:2420} INFO - Sync 1 DAGs
[2022-11-02 17:22:55,895] {logging_mixin.py:115} INFO - [2022-11-02 17:22:55,895] {dag.py:2968} INFO - Setting next_dagrun for example_skip_dag to 2022-11-01T17:22:55.895371+00:00, run_after=2022-11-02T17:22:55.895371+00:00
[2022-11-02 17:22:55,912] {processor.py:161} INFO - Processing /opt/conda/lib/python3.8/site-packages/airflow/example_dags/example_skip_dag.py took 0.067 seconds
[2022-11-02 17:23:55,387] {processor.py:153} INFO - Started process (PID=15724) to work on /opt/conda/lib/python3.8/site-packages/airflow/example_dags/example_skip_dag.py
[2022-11-02 17:23:55,388] {processor.py:641} INFO - Processing file /opt/conda/lib/python3.8/site-packages/airflow/example_dags/example_skip_dag.py for tasks to queue
[2022-11-02 17:23:55,389] {logging_mixin.py:115} INFO - [2022-11-02 17:23:55,388] {dagbag.py:508} INFO - Filling up the DagBag from /opt/conda/lib/python3.8/site-packages/airflow/example_dags/example_skip_dag.py
[2022-11-02 17:23:55,394] {processor.py:651} INFO - DAG(s) dict_keys(['example_skip_dag']) retrieved from /opt/conda/lib/python3.8/site-packages/airflow/example_dags/example_skip_dag.py
[2022-11-02 17:23:55,414] {logging_mixin.py:115} INFO - [2022-11-02 17:23:55,414] {dag.py:2420} INFO - Sync 1 DAGs
[2022-11-02 17:23:55,433] {logging_mixin.py:115} INFO - [2022-11-02 17:23:55,433] {dag.py:2968} INFO - Setting next_dagrun for example_skip_dag to 2022-11-01T17:23:55.433045+00:00, run_after=2022-11-02T17:23:55.433045+00:00
[2022-11-02 17:23:55,448] {processor.py:161} INFO - Processing /opt/conda/lib/python3.8/site-packages/airflow/example_dags/example_skip_dag.py took 0.067 seconds
[2022-11-02 17:24:57,824] {processor.py:153} INFO - Started process (PID=15889) to work on /opt/conda/lib/python3.8/site-packages/airflow/example_dags/example_skip_dag.py
[2022-11-02 17:24:57,824] {processor.py:641} INFO - Processing file /opt/conda/lib/python3.8/site-packages/airflow/example_dags/example_skip_dag.py for tasks to queue
[2022-11-02 17:24:57,825] {logging_mixin.py:115} INFO - [2022-11-02 17:24:57,825] {dagbag.py:508} INFO - Filling up the DagBag from /opt/conda/lib/python3.8/site-packages/airflow/example_dags/example_skip_dag.py
[2022-11-02 17:24:57,830] {processor.py:651} INFO - DAG(s) dict_keys(['example_skip_dag']) retrieved from /opt/conda/lib/python3.8/site-packages/airflow/example_dags/example_skip_dag.py
[2022-11-02 17:24:57,850] {logging_mixin.py:115} INFO - [2022-11-02 17:24:57,850] {dag.py:2420} INFO - Sync 1 DAGs
[2022-11-02 17:24:57,869] {logging_mixin.py:115} INFO - [2022-11-02 17:24:57,869] {dag.py:2968} INFO - Setting next_dagrun for example_skip_dag to 2022-11-01T17:24:57.868802+00:00, run_after=2022-11-02T17:24:57.868802+00:00
[2022-11-02 17:24:57,880] {processor.py:161} INFO - Processing /opt/conda/lib/python3.8/site-packages/airflow/example_dags/example_skip_dag.py took 0.062 seconds
[2022-11-02 17:26:04,687] {processor.py:153} INFO - Started process (PID=16054) to work on /opt/conda/lib/python3.8/site-packages/airflow/example_dags/example_skip_dag.py
[2022-11-02 17:26:04,688] {processor.py:641} INFO - Processing file /opt/conda/lib/python3.8/site-packages/airflow/example_dags/example_skip_dag.py for tasks to queue
[2022-11-02 17:26:04,689] {logging_mixin.py:115} INFO - [2022-11-02 17:26:04,689] {dagbag.py:508} INFO - Filling up the DagBag from /opt/conda/lib/python3.8/site-packages/airflow/example_dags/example_skip_dag.py
[2022-11-02 17:26:04,694] {processor.py:651} INFO - DAG(s) dict_keys(['example_skip_dag']) retrieved from /opt/conda/lib/python3.8/site-packages/airflow/example_dags/example_skip_dag.py
[2022-11-02 17:26:04,714] {logging_mixin.py:115} INFO - [2022-11-02 17:26:04,714] {dag.py:2420} INFO - Sync 1 DAGs
[2022-11-02 17:26:04,733] {logging_mixin.py:115} INFO - [2022-11-02 17:26:04,732] {dag.py:2968} INFO - Setting next_dagrun for example_skip_dag to 2022-11-01T17:26:04.732711+00:00, run_after=2022-11-02T17:26:04.732711+00:00
[2022-11-02 17:26:04,744] {processor.py:161} INFO - Processing /opt/conda/lib/python3.8/site-packages/airflow/example_dags/example_skip_dag.py took 0.063 seconds
[2022-11-02 17:27:10,404] {processor.py:153} INFO - Started process (PID=16220) to work on /opt/conda/lib/python3.8/site-packages/airflow/example_dags/example_skip_dag.py
[2022-11-02 17:27:10,405] {processor.py:641} INFO - Processing file /opt/conda/lib/python3.8/site-packages/airflow/example_dags/example_skip_dag.py for tasks to queue
[2022-11-02 17:27:10,405] {logging_mixin.py:115} INFO - [2022-11-02 17:27:10,405] {dagbag.py:508} INFO - Filling up the DagBag from /opt/conda/lib/python3.8/site-packages/airflow/example_dags/example_skip_dag.py
[2022-11-02 17:27:10,411] {processor.py:651} INFO - DAG(s) dict_keys(['example_skip_dag']) retrieved from /opt/conda/lib/python3.8/site-packages/airflow/example_dags/example_skip_dag.py
[2022-11-02 17:27:10,430] {logging_mixin.py:115} INFO - [2022-11-02 17:27:10,430] {dag.py:2420} INFO - Sync 1 DAGs
[2022-11-02 17:27:10,449] {logging_mixin.py:115} INFO - [2022-11-02 17:27:10,449] {dag.py:2968} INFO - Setting next_dagrun for example_skip_dag to 2022-11-01T17:27:10.448856+00:00, run_after=2022-11-02T17:27:10.448856+00:00
[2022-11-02 17:27:10,460] {processor.py:161} INFO - Processing /opt/conda/lib/python3.8/site-packages/airflow/example_dags/example_skip_dag.py took 0.061 seconds
[2022-11-02 17:28:17,273] {processor.py:153} INFO - Started process (PID=16386) to work on /opt/conda/lib/python3.8/site-packages/airflow/example_dags/example_skip_dag.py
[2022-11-02 17:28:17,274] {processor.py:641} INFO - Processing file /opt/conda/lib/python3.8/site-packages/airflow/example_dags/example_skip_dag.py for tasks to queue
[2022-11-02 17:28:17,275] {logging_mixin.py:115} INFO - [2022-11-02 17:28:17,274] {dagbag.py:508} INFO - Filling up the DagBag from /opt/conda/lib/python3.8/site-packages/airflow/example_dags/example_skip_dag.py
[2022-11-02 17:28:17,280] {processor.py:651} INFO - DAG(s) dict_keys(['example_skip_dag']) retrieved from /opt/conda/lib/python3.8/site-packages/airflow/example_dags/example_skip_dag.py
[2022-11-02 17:28:17,299] {logging_mixin.py:115} INFO - [2022-11-02 17:28:17,299] {dag.py:2420} INFO - Sync 1 DAGs
[2022-11-02 17:28:17,318] {logging_mixin.py:115} INFO - [2022-11-02 17:28:17,317] {dag.py:2968} INFO - Setting next_dagrun for example_skip_dag to 2022-11-01T17:28:17.317697+00:00, run_after=2022-11-02T17:28:17.317697+00:00
[2022-11-02 17:28:17,329] {processor.py:161} INFO - Processing /opt/conda/lib/python3.8/site-packages/airflow/example_dags/example_skip_dag.py took 0.062 seconds
