[2022-11-02 16:00:55,399] {processor.py:153} INFO - Started process (PID=3035) to work on /opt/conda/lib/python3.8/site-packages/airflow/example_dags/tutorial.py
[2022-11-02 16:00:55,400] {processor.py:641} INFO - Processing file /opt/conda/lib/python3.8/site-packages/airflow/example_dags/tutorial.py for tasks to queue
[2022-11-02 16:00:55,400] {logging_mixin.py:115} INFO - [2022-11-02 16:00:55,400] {dagbag.py:508} INFO - Filling up the DagBag from /opt/conda/lib/python3.8/site-packages/airflow/example_dags/tutorial.py
[2022-11-02 16:00:55,406] {processor.py:651} INFO - DAG(s) dict_keys(['tutorial']) retrieved from /opt/conda/lib/python3.8/site-packages/airflow/example_dags/tutorial.py
[2022-11-02 16:00:56,736] {processor.py:164} ERROR - Got an exception! Propagating...
Traceback (most recent call last):
  File "/opt/conda/lib/python3.8/site-packages/sqlalchemy/engine/base.py", line 1900, in _execute_context
    self.dialect.do_execute(
  File "/opt/conda/lib/python3.8/site-packages/sqlalchemy/engine/default.py", line 732, in do_execute
    cursor.execute(statement, parameters)
sqlite3.OperationalError: no such table: serialized_dag

The above exception was the direct cause of the following exception:

Traceback (most recent call last):
  File "/opt/conda/lib/python3.8/site-packages/airflow/dag_processing/processor.py", line 155, in _run_file_processor
    result: Tuple[int, int] = dag_file_processor.process_file(
  File "/opt/conda/lib/python3.8/site-packages/airflow/utils/session.py", line 71, in wrapper
    return func(*args, session=session, **kwargs)
  File "/opt/conda/lib/python3.8/site-packages/airflow/dag_processing/processor.py", line 660, in process_file
    dagbag.sync_to_db()
  File "/opt/conda/lib/python3.8/site-packages/airflow/utils/session.py", line 71, in wrapper
    return func(*args, session=session, **kwargs)
  File "/opt/conda/lib/python3.8/site-packages/airflow/models/dagbag.py", line 616, in sync_to_db
    for attempt in run_with_db_retries(logger=self.log):
  File "/opt/conda/lib/python3.8/site-packages/tenacity/__init__.py", line 382, in __iter__
    do = self.iter(retry_state=retry_state)
  File "/opt/conda/lib/python3.8/site-packages/tenacity/__init__.py", line 360, in iter
    raise retry_exc.reraise()
  File "/opt/conda/lib/python3.8/site-packages/tenacity/__init__.py", line 193, in reraise
    raise self.last_attempt.result()
  File "/opt/conda/lib/python3.8/concurrent/futures/_base.py", line 437, in result
    return self.__get_result()
  File "/opt/conda/lib/python3.8/concurrent/futures/_base.py", line 389, in __get_result
    raise self._exception
  File "/opt/conda/lib/python3.8/site-packages/airflow/models/dagbag.py", line 628, in sync_to_db
    serialize_errors.extend(_serialize_dag_capturing_errors(dag, session))
  File "/opt/conda/lib/python3.8/site-packages/airflow/models/dagbag.py", line 599, in _serialize_dag_capturing_errors
    dag_was_updated = SerializedDagModel.write_dag(
  File "/opt/conda/lib/python3.8/site-packages/airflow/utils/session.py", line 68, in wrapper
    return func(*args, **kwargs)
  File "/opt/conda/lib/python3.8/site-packages/airflow/models/serialized_dag.py", line 138, in write_dag
    session.query(literal(True))
  File "/opt/conda/lib/python3.8/site-packages/sqlalchemy/orm/query.py", line 2823, in first
    return self.limit(1)._iter().first()
  File "/opt/conda/lib/python3.8/site-packages/sqlalchemy/orm/query.py", line 2907, in _iter
    result = self.session.execute(
  File "/opt/conda/lib/python3.8/site-packages/sqlalchemy/orm/session.py", line 1712, in execute
    result = conn._execute_20(statement, params or {}, execution_options)
  File "/opt/conda/lib/python3.8/site-packages/sqlalchemy/engine/base.py", line 1705, in _execute_20
    return meth(self, args_10style, kwargs_10style, execution_options)
  File "/opt/conda/lib/python3.8/site-packages/sqlalchemy/sql/elements.py", line 333, in _execute_on_connection
    return connection._execute_clauseelement(
  File "/opt/conda/lib/python3.8/site-packages/sqlalchemy/engine/base.py", line 1572, in _execute_clauseelement
    ret = self._execute_context(
  File "/opt/conda/lib/python3.8/site-packages/sqlalchemy/engine/base.py", line 1943, in _execute_context
    self._handle_dbapi_exception(
  File "/opt/conda/lib/python3.8/site-packages/sqlalchemy/engine/base.py", line 2124, in _handle_dbapi_exception
    util.raise_(
  File "/opt/conda/lib/python3.8/site-packages/sqlalchemy/util/compat.py", line 208, in raise_
    raise exception
  File "/opt/conda/lib/python3.8/site-packages/sqlalchemy/engine/base.py", line 1900, in _execute_context
    self.dialect.do_execute(
  File "/opt/conda/lib/python3.8/site-packages/sqlalchemy/engine/default.py", line 732, in do_execute
    cursor.execute(statement, parameters)
sqlalchemy.exc.OperationalError: (sqlite3.OperationalError) no such table: serialized_dag
[SQL: SELECT ? AS anon_1 
FROM serialized_dag 
WHERE serialized_dag.dag_id = ? AND serialized_dag.last_updated > ?
 LIMIT ? OFFSET ?]
[parameters: (1, 'tutorial', '2022-11-02 16:00:26.733596', 1, 0)]
(Background on this error at: https://sqlalche.me/e/14/e3q8)
[2022-11-02 16:05:00,371] {processor.py:153} INFO - Started process (PID=1390) to work on /opt/conda/lib/python3.8/site-packages/airflow/example_dags/tutorial.py
[2022-11-02 16:05:00,372] {processor.py:641} INFO - Processing file /opt/conda/lib/python3.8/site-packages/airflow/example_dags/tutorial.py for tasks to queue
[2022-11-02 16:05:00,373] {logging_mixin.py:115} INFO - [2022-11-02 16:05:00,372] {dagbag.py:508} INFO - Filling up the DagBag from /opt/conda/lib/python3.8/site-packages/airflow/example_dags/tutorial.py
[2022-11-02 16:05:00,512] {processor.py:651} INFO - DAG(s) dict_keys(['tutorial']) retrieved from /opt/conda/lib/python3.8/site-packages/airflow/example_dags/tutorial.py
[2022-11-02 16:05:00,573] {logging_mixin.py:115} INFO - [2022-11-02 16:05:00,573] {manager.py:508} INFO - Created Permission View: can delete on DAG:tutorial
[2022-11-02 16:05:00,582] {logging_mixin.py:115} INFO - [2022-11-02 16:05:00,581] {manager.py:508} INFO - Created Permission View: can edit on DAG:tutorial
[2022-11-02 16:05:00,588] {logging_mixin.py:115} INFO - [2022-11-02 16:05:00,588] {manager.py:508} INFO - Created Permission View: can read on DAG:tutorial
[2022-11-02 16:05:00,589] {logging_mixin.py:115} INFO - [2022-11-02 16:05:00,588] {dag.py:2420} INFO - Sync 1 DAGs
[2022-11-02 16:05:00,594] {logging_mixin.py:115} INFO - [2022-11-02 16:05:00,594] {dag.py:2439} INFO - Creating ORM DAG for tutorial
[2022-11-02 16:05:00,602] {logging_mixin.py:115} INFO - [2022-11-02 16:05:00,602] {dag.py:2968} INFO - Setting next_dagrun for tutorial to 2022-11-01T16:05:00.602731+00:00, run_after=2022-11-02T16:05:00.602731+00:00
[2022-11-02 16:05:00,612] {processor.py:161} INFO - Processing /opt/conda/lib/python3.8/site-packages/airflow/example_dags/tutorial.py took 0.247 seconds
[2022-11-02 16:05:57,123] {processor.py:153} INFO - Started process (PID=1511) to work on /opt/conda/lib/python3.8/site-packages/airflow/example_dags/tutorial.py
[2022-11-02 16:05:57,124] {processor.py:641} INFO - Processing file /opt/conda/lib/python3.8/site-packages/airflow/example_dags/tutorial.py for tasks to queue
[2022-11-02 16:05:57,124] {logging_mixin.py:115} INFO - [2022-11-02 16:05:57,124] {dagbag.py:508} INFO - Filling up the DagBag from /opt/conda/lib/python3.8/site-packages/airflow/example_dags/tutorial.py
[2022-11-02 16:05:57,242] {processor.py:651} INFO - DAG(s) dict_keys(['tutorial']) retrieved from /opt/conda/lib/python3.8/site-packages/airflow/example_dags/tutorial.py
[2022-11-02 16:05:57,254] {logging_mixin.py:115} INFO - [2022-11-02 16:05:57,253] {dag.py:2420} INFO - Sync 1 DAGs
[2022-11-02 16:05:57,266] {logging_mixin.py:115} INFO - [2022-11-02 16:05:57,266] {dag.py:2968} INFO - Setting next_dagrun for tutorial to 2022-11-01T16:05:57.265925+00:00, run_after=2022-11-02T16:05:57.265925+00:00
[2022-11-02 16:05:57,282] {processor.py:161} INFO - Processing /opt/conda/lib/python3.8/site-packages/airflow/example_dags/tutorial.py took 0.165 seconds
[2022-11-02 16:06:54,234] {processor.py:153} INFO - Started process (PID=1633) to work on /opt/conda/lib/python3.8/site-packages/airflow/example_dags/tutorial.py
[2022-11-02 16:06:54,235] {processor.py:641} INFO - Processing file /opt/conda/lib/python3.8/site-packages/airflow/example_dags/tutorial.py for tasks to queue
[2022-11-02 16:06:54,235] {logging_mixin.py:115} INFO - [2022-11-02 16:06:54,235] {dagbag.py:508} INFO - Filling up the DagBag from /opt/conda/lib/python3.8/site-packages/airflow/example_dags/tutorial.py
[2022-11-02 16:06:54,368] {processor.py:651} INFO - DAG(s) dict_keys(['tutorial']) retrieved from /opt/conda/lib/python3.8/site-packages/airflow/example_dags/tutorial.py
[2022-11-02 16:06:54,379] {logging_mixin.py:115} INFO - [2022-11-02 16:06:54,378] {dag.py:2420} INFO - Sync 1 DAGs
[2022-11-02 16:06:54,390] {logging_mixin.py:115} INFO - [2022-11-02 16:06:54,390] {dag.py:2968} INFO - Setting next_dagrun for tutorial to 2022-11-01T16:06:54.390711+00:00, run_after=2022-11-02T16:06:54.390711+00:00
[2022-11-02 16:06:54,406] {processor.py:161} INFO - Processing /opt/conda/lib/python3.8/site-packages/airflow/example_dags/tutorial.py took 0.179 seconds
[2022-11-02 16:08:11,220] {processor.py:153} INFO - Started process (PID=1980) to work on /opt/conda/lib/python3.8/site-packages/airflow/example_dags/tutorial.py
[2022-11-02 16:08:11,221] {processor.py:641} INFO - Processing file /opt/conda/lib/python3.8/site-packages/airflow/example_dags/tutorial.py for tasks to queue
[2022-11-02 16:08:11,221] {logging_mixin.py:115} INFO - [2022-11-02 16:08:11,221] {dagbag.py:508} INFO - Filling up the DagBag from /opt/conda/lib/python3.8/site-packages/airflow/example_dags/tutorial.py
[2022-11-02 16:08:11,350] {processor.py:651} INFO - DAG(s) dict_keys(['tutorial']) retrieved from /opt/conda/lib/python3.8/site-packages/airflow/example_dags/tutorial.py
[2022-11-02 16:08:11,361] {logging_mixin.py:115} INFO - [2022-11-02 16:08:11,361] {dag.py:2420} INFO - Sync 1 DAGs
[2022-11-02 16:08:11,373] {logging_mixin.py:115} INFO - [2022-11-02 16:08:11,373] {dag.py:2968} INFO - Setting next_dagrun for tutorial to 2022-11-01T16:08:11.373288+00:00, run_after=2022-11-02T16:08:11.373288+00:00
[2022-11-02 16:08:11,389] {processor.py:161} INFO - Processing /opt/conda/lib/python3.8/site-packages/airflow/example_dags/tutorial.py took 0.174 seconds
[2022-11-02 16:09:06,433] {processor.py:153} INFO - Started process (PID=2164) to work on /opt/conda/lib/python3.8/site-packages/airflow/example_dags/tutorial.py
[2022-11-02 16:09:06,434] {processor.py:641} INFO - Processing file /opt/conda/lib/python3.8/site-packages/airflow/example_dags/tutorial.py for tasks to queue
[2022-11-02 16:09:06,435] {logging_mixin.py:115} INFO - [2022-11-02 16:09:06,434] {dagbag.py:508} INFO - Filling up the DagBag from /opt/conda/lib/python3.8/site-packages/airflow/example_dags/tutorial.py
[2022-11-02 16:09:06,573] {processor.py:651} INFO - DAG(s) dict_keys(['tutorial']) retrieved from /opt/conda/lib/python3.8/site-packages/airflow/example_dags/tutorial.py
[2022-11-02 16:09:06,584] {logging_mixin.py:115} INFO - [2022-11-02 16:09:06,584] {dag.py:2420} INFO - Sync 1 DAGs
[2022-11-02 16:09:06,598] {logging_mixin.py:115} INFO - [2022-11-02 16:09:06,598] {dag.py:2968} INFO - Setting next_dagrun for tutorial to 2022-11-01T16:09:06.598170+00:00, run_after=2022-11-02T16:09:06.598170+00:00
[2022-11-02 16:09:06,610] {processor.py:161} INFO - Processing /opt/conda/lib/python3.8/site-packages/airflow/example_dags/tutorial.py took 0.183 seconds
[2022-11-02 16:10:11,686] {processor.py:153} INFO - Started process (PID=2300) to work on /opt/conda/lib/python3.8/site-packages/airflow/example_dags/tutorial.py
[2022-11-02 16:10:11,687] {processor.py:641} INFO - Processing file /opt/conda/lib/python3.8/site-packages/airflow/example_dags/tutorial.py for tasks to queue
[2022-11-02 16:10:11,687] {logging_mixin.py:115} INFO - [2022-11-02 16:10:11,687] {dagbag.py:508} INFO - Filling up the DagBag from /opt/conda/lib/python3.8/site-packages/airflow/example_dags/tutorial.py
[2022-11-02 16:10:11,693] {processor.py:651} INFO - DAG(s) dict_keys(['tutorial']) retrieved from /opt/conda/lib/python3.8/site-packages/airflow/example_dags/tutorial.py
[2022-11-02 16:10:11,712] {logging_mixin.py:115} INFO - [2022-11-02 16:10:11,712] {dag.py:2420} INFO - Sync 1 DAGs
[2022-11-02 16:10:11,731] {logging_mixin.py:115} INFO - [2022-11-02 16:10:11,731] {dag.py:2968} INFO - Setting next_dagrun for tutorial to 2022-11-01T16:10:11.731074+00:00, run_after=2022-11-02T16:10:11.731074+00:00
[2022-11-02 16:10:11,748] {processor.py:161} INFO - Processing /opt/conda/lib/python3.8/site-packages/airflow/example_dags/tutorial.py took 0.069 seconds
[2022-11-02 16:11:10,598] {processor.py:153} INFO - Started process (PID=2466) to work on /opt/conda/lib/python3.8/site-packages/airflow/example_dags/tutorial.py
[2022-11-02 16:11:10,599] {processor.py:641} INFO - Processing file /opt/conda/lib/python3.8/site-packages/airflow/example_dags/tutorial.py for tasks to queue
[2022-11-02 16:11:10,600] {logging_mixin.py:115} INFO - [2022-11-02 16:11:10,600] {dagbag.py:508} INFO - Filling up the DagBag from /opt/conda/lib/python3.8/site-packages/airflow/example_dags/tutorial.py
[2022-11-02 16:11:10,605] {processor.py:651} INFO - DAG(s) dict_keys(['tutorial']) retrieved from /opt/conda/lib/python3.8/site-packages/airflow/example_dags/tutorial.py
[2022-11-02 16:11:10,624] {logging_mixin.py:115} INFO - [2022-11-02 16:11:10,624] {dag.py:2420} INFO - Sync 1 DAGs
[2022-11-02 16:11:10,642] {logging_mixin.py:115} INFO - [2022-11-02 16:11:10,642] {dag.py:2968} INFO - Setting next_dagrun for tutorial to 2022-11-01T16:11:10.642347+00:00, run_after=2022-11-02T16:11:10.642347+00:00
[2022-11-02 16:11:10,653] {processor.py:161} INFO - Processing /opt/conda/lib/python3.8/site-packages/airflow/example_dags/tutorial.py took 0.061 seconds
[2022-11-02 16:12:14,443] {processor.py:153} INFO - Started process (PID=2794) to work on /opt/conda/lib/python3.8/site-packages/airflow/example_dags/tutorial.py
[2022-11-02 16:12:14,475] {processor.py:641} INFO - Processing file /opt/conda/lib/python3.8/site-packages/airflow/example_dags/tutorial.py for tasks to queue
[2022-11-02 16:12:14,477] {logging_mixin.py:115} INFO - [2022-11-02 16:12:14,476] {dagbag.py:508} INFO - Filling up the DagBag from /opt/conda/lib/python3.8/site-packages/airflow/example_dags/tutorial.py
[2022-11-02 16:12:14,486] {processor.py:651} INFO - DAG(s) dict_keys(['tutorial']) retrieved from /opt/conda/lib/python3.8/site-packages/airflow/example_dags/tutorial.py
[2022-11-02 16:12:14,507] {logging_mixin.py:115} INFO - [2022-11-02 16:12:14,507] {dag.py:2420} INFO - Sync 1 DAGs
[2022-11-02 16:12:14,527] {logging_mixin.py:115} INFO - [2022-11-02 16:12:14,526] {dag.py:2968} INFO - Setting next_dagrun for tutorial to 2022-11-01T16:12:14.526611+00:00, run_after=2022-11-02T16:12:14.526611+00:00
[2022-11-02 16:12:14,560] {processor.py:161} INFO - Processing /opt/conda/lib/python3.8/site-packages/airflow/example_dags/tutorial.py took 0.122 seconds
[2022-11-02 16:13:22,940] {processor.py:153} INFO - Started process (PID=2997) to work on /opt/conda/lib/python3.8/site-packages/airflow/example_dags/tutorial.py
[2022-11-02 16:13:22,941] {processor.py:641} INFO - Processing file /opt/conda/lib/python3.8/site-packages/airflow/example_dags/tutorial.py for tasks to queue
[2022-11-02 16:13:22,941] {logging_mixin.py:115} INFO - [2022-11-02 16:13:22,941] {dagbag.py:508} INFO - Filling up the DagBag from /opt/conda/lib/python3.8/site-packages/airflow/example_dags/tutorial.py
[2022-11-02 16:13:22,947] {processor.py:651} INFO - DAG(s) dict_keys(['tutorial']) retrieved from /opt/conda/lib/python3.8/site-packages/airflow/example_dags/tutorial.py
[2022-11-02 16:13:22,966] {logging_mixin.py:115} INFO - [2022-11-02 16:13:22,966] {dag.py:2420} INFO - Sync 1 DAGs
[2022-11-02 16:13:22,985] {logging_mixin.py:115} INFO - [2022-11-02 16:13:22,985] {dag.py:2968} INFO - Setting next_dagrun for tutorial to 2022-11-01T16:13:22.985384+00:00, run_after=2022-11-02T16:13:22.985384+00:00
[2022-11-02 16:13:22,997] {processor.py:161} INFO - Processing /opt/conda/lib/python3.8/site-packages/airflow/example_dags/tutorial.py took 0.062 seconds
[2022-11-02 16:14:25,427] {processor.py:153} INFO - Started process (PID=3145) to work on /opt/conda/lib/python3.8/site-packages/airflow/example_dags/tutorial.py
[2022-11-02 16:14:25,428] {processor.py:641} INFO - Processing file /opt/conda/lib/python3.8/site-packages/airflow/example_dags/tutorial.py for tasks to queue
[2022-11-02 16:14:25,428] {logging_mixin.py:115} INFO - [2022-11-02 16:14:25,428] {dagbag.py:508} INFO - Filling up the DagBag from /opt/conda/lib/python3.8/site-packages/airflow/example_dags/tutorial.py
[2022-11-02 16:14:25,434] {processor.py:651} INFO - DAG(s) dict_keys(['tutorial']) retrieved from /opt/conda/lib/python3.8/site-packages/airflow/example_dags/tutorial.py
[2022-11-02 16:14:25,453] {logging_mixin.py:115} INFO - [2022-11-02 16:14:25,453] {dag.py:2420} INFO - Sync 1 DAGs
[2022-11-02 16:14:25,472] {logging_mixin.py:115} INFO - [2022-11-02 16:14:25,471] {dag.py:2968} INFO - Setting next_dagrun for tutorial to 2022-11-01T16:14:25.471660+00:00, run_after=2022-11-02T16:14:25.471660+00:00
[2022-11-02 16:14:25,490] {processor.py:161} INFO - Processing /opt/conda/lib/python3.8/site-packages/airflow/example_dags/tutorial.py took 0.069 seconds
[2022-11-02 16:15:35,710] {processor.py:153} INFO - Started process (PID=3428) to work on /opt/conda/lib/python3.8/site-packages/airflow/example_dags/tutorial.py
[2022-11-02 16:15:35,711] {processor.py:641} INFO - Processing file /opt/conda/lib/python3.8/site-packages/airflow/example_dags/tutorial.py for tasks to queue
[2022-11-02 16:15:35,711] {logging_mixin.py:115} INFO - [2022-11-02 16:15:35,711] {dagbag.py:508} INFO - Filling up the DagBag from /opt/conda/lib/python3.8/site-packages/airflow/example_dags/tutorial.py
[2022-11-02 16:15:35,717] {processor.py:651} INFO - DAG(s) dict_keys(['tutorial']) retrieved from /opt/conda/lib/python3.8/site-packages/airflow/example_dags/tutorial.py
[2022-11-02 16:15:35,731] {logging_mixin.py:115} INFO - [2022-11-02 16:15:35,731] {dag.py:2420} INFO - Sync 1 DAGs
[2022-11-02 16:15:35,745] {logging_mixin.py:115} INFO - [2022-11-02 16:15:35,745] {dag.py:2968} INFO - Setting next_dagrun for tutorial to 2022-11-01T16:15:35.744903+00:00, run_after=2022-11-02T16:15:35.744903+00:00
[2022-11-02 16:15:35,753] {processor.py:161} INFO - Processing /opt/conda/lib/python3.8/site-packages/airflow/example_dags/tutorial.py took 0.046 seconds
[2022-11-02 16:16:37,936] {processor.py:153} INFO - Started process (PID=3660) to work on /opt/conda/lib/python3.8/site-packages/airflow/example_dags/tutorial.py
[2022-11-02 16:16:37,937] {processor.py:641} INFO - Processing file /opt/conda/lib/python3.8/site-packages/airflow/example_dags/tutorial.py for tasks to queue
[2022-11-02 16:16:37,937] {logging_mixin.py:115} INFO - [2022-11-02 16:16:37,937] {dagbag.py:508} INFO - Filling up the DagBag from /opt/conda/lib/python3.8/site-packages/airflow/example_dags/tutorial.py
[2022-11-02 16:16:37,943] {processor.py:651} INFO - DAG(s) dict_keys(['tutorial']) retrieved from /opt/conda/lib/python3.8/site-packages/airflow/example_dags/tutorial.py
[2022-11-02 16:16:37,957] {logging_mixin.py:115} INFO - [2022-11-02 16:16:37,957] {dag.py:2420} INFO - Sync 1 DAGs
[2022-11-02 16:16:37,971] {logging_mixin.py:115} INFO - [2022-11-02 16:16:37,971] {dag.py:2968} INFO - Setting next_dagrun for tutorial to 2022-11-01T16:16:37.971609+00:00, run_after=2022-11-02T16:16:37.971609+00:00
[2022-11-02 16:16:37,980] {processor.py:161} INFO - Processing /opt/conda/lib/python3.8/site-packages/airflow/example_dags/tutorial.py took 0.050 seconds
[2022-11-02 16:17:37,246] {processor.py:153} INFO - Started process (PID=3839) to work on /opt/conda/lib/python3.8/site-packages/airflow/example_dags/tutorial.py
[2022-11-02 16:17:37,247] {processor.py:641} INFO - Processing file /opt/conda/lib/python3.8/site-packages/airflow/example_dags/tutorial.py for tasks to queue
[2022-11-02 16:17:37,247] {logging_mixin.py:115} INFO - [2022-11-02 16:17:37,247] {dagbag.py:508} INFO - Filling up the DagBag from /opt/conda/lib/python3.8/site-packages/airflow/example_dags/tutorial.py
[2022-11-02 16:17:37,253] {processor.py:651} INFO - DAG(s) dict_keys(['tutorial']) retrieved from /opt/conda/lib/python3.8/site-packages/airflow/example_dags/tutorial.py
[2022-11-02 16:17:37,272] {logging_mixin.py:115} INFO - [2022-11-02 16:17:37,272] {dag.py:2420} INFO - Sync 1 DAGs
[2022-11-02 16:17:37,291] {logging_mixin.py:115} INFO - [2022-11-02 16:17:37,291] {dag.py:2968} INFO - Setting next_dagrun for tutorial to 2022-11-01T16:17:37.290733+00:00, run_after=2022-11-02T16:17:37.290733+00:00
[2022-11-02 16:17:37,307] {processor.py:161} INFO - Processing /opt/conda/lib/python3.8/site-packages/airflow/example_dags/tutorial.py took 0.068 seconds
[2022-11-02 16:18:41,923] {processor.py:153} INFO - Started process (PID=4066) to work on /opt/conda/lib/python3.8/site-packages/airflow/example_dags/tutorial.py
[2022-11-02 16:18:41,924] {processor.py:641} INFO - Processing file /opt/conda/lib/python3.8/site-packages/airflow/example_dags/tutorial.py for tasks to queue
[2022-11-02 16:18:41,924] {logging_mixin.py:115} INFO - [2022-11-02 16:18:41,924] {dagbag.py:508} INFO - Filling up the DagBag from /opt/conda/lib/python3.8/site-packages/airflow/example_dags/tutorial.py
[2022-11-02 16:18:41,933] {processor.py:651} INFO - DAG(s) dict_keys(['tutorial']) retrieved from /opt/conda/lib/python3.8/site-packages/airflow/example_dags/tutorial.py
[2022-11-02 16:18:41,953] {logging_mixin.py:115} INFO - [2022-11-02 16:18:41,953] {dag.py:2420} INFO - Sync 1 DAGs
[2022-11-02 16:18:41,969] {logging_mixin.py:115} INFO - [2022-11-02 16:18:41,968] {dag.py:2968} INFO - Setting next_dagrun for tutorial to 2022-11-01T16:18:41.968674+00:00, run_after=2022-11-02T16:18:41.968674+00:00
[2022-11-02 16:18:41,979] {processor.py:161} INFO - Processing /opt/conda/lib/python3.8/site-packages/airflow/example_dags/tutorial.py took 0.065 seconds
[2022-11-02 16:19:48,933] {processor.py:153} INFO - Started process (PID=4321) to work on /opt/conda/lib/python3.8/site-packages/airflow/example_dags/tutorial.py
[2022-11-02 16:19:48,934] {processor.py:641} INFO - Processing file /opt/conda/lib/python3.8/site-packages/airflow/example_dags/tutorial.py for tasks to queue
[2022-11-02 16:19:48,935] {logging_mixin.py:115} INFO - [2022-11-02 16:19:48,935] {dagbag.py:508} INFO - Filling up the DagBag from /opt/conda/lib/python3.8/site-packages/airflow/example_dags/tutorial.py
[2022-11-02 16:19:48,939] {processor.py:651} INFO - DAG(s) dict_keys(['tutorial']) retrieved from /opt/conda/lib/python3.8/site-packages/airflow/example_dags/tutorial.py
[2022-11-02 16:19:48,954] {logging_mixin.py:115} INFO - [2022-11-02 16:19:48,954] {dag.py:2420} INFO - Sync 1 DAGs
[2022-11-02 16:19:48,968] {logging_mixin.py:115} INFO - [2022-11-02 16:19:48,968] {dag.py:2968} INFO - Setting next_dagrun for tutorial to 2022-11-01T16:19:48.968542+00:00, run_after=2022-11-02T16:19:48.968542+00:00
[2022-11-02 16:19:48,977] {processor.py:161} INFO - Processing /opt/conda/lib/python3.8/site-packages/airflow/example_dags/tutorial.py took 0.050 seconds
[2022-11-02 16:20:50,310] {processor.py:153} INFO - Started process (PID=4556) to work on /opt/conda/lib/python3.8/site-packages/airflow/example_dags/tutorial.py
[2022-11-02 16:20:50,310] {processor.py:641} INFO - Processing file /opt/conda/lib/python3.8/site-packages/airflow/example_dags/tutorial.py for tasks to queue
[2022-11-02 16:20:50,311] {logging_mixin.py:115} INFO - [2022-11-02 16:20:50,311] {dagbag.py:508} INFO - Filling up the DagBag from /opt/conda/lib/python3.8/site-packages/airflow/example_dags/tutorial.py
[2022-11-02 16:20:50,315] {processor.py:651} INFO - DAG(s) dict_keys(['tutorial']) retrieved from /opt/conda/lib/python3.8/site-packages/airflow/example_dags/tutorial.py
[2022-11-02 16:20:50,330] {logging_mixin.py:115} INFO - [2022-11-02 16:20:50,330] {dag.py:2420} INFO - Sync 1 DAGs
[2022-11-02 16:20:50,344] {logging_mixin.py:115} INFO - [2022-11-02 16:20:50,344] {dag.py:2968} INFO - Setting next_dagrun for tutorial to 2022-11-01T16:20:50.344251+00:00, run_after=2022-11-02T16:20:50.344251+00:00
[2022-11-02 16:20:50,352] {processor.py:161} INFO - Processing /opt/conda/lib/python3.8/site-packages/airflow/example_dags/tutorial.py took 0.049 seconds
[2022-11-02 16:21:52,081] {processor.py:153} INFO - Started process (PID=4829) to work on /opt/conda/lib/python3.8/site-packages/airflow/example_dags/tutorial.py
[2022-11-02 16:21:52,082] {processor.py:641} INFO - Processing file /opt/conda/lib/python3.8/site-packages/airflow/example_dags/tutorial.py for tasks to queue
[2022-11-02 16:21:52,082] {logging_mixin.py:115} INFO - [2022-11-02 16:21:52,082] {dagbag.py:508} INFO - Filling up the DagBag from /opt/conda/lib/python3.8/site-packages/airflow/example_dags/tutorial.py
[2022-11-02 16:21:52,088] {processor.py:651} INFO - DAG(s) dict_keys(['tutorial']) retrieved from /opt/conda/lib/python3.8/site-packages/airflow/example_dags/tutorial.py
[2022-11-02 16:21:52,103] {logging_mixin.py:115} INFO - [2022-11-02 16:21:52,103] {dag.py:2420} INFO - Sync 1 DAGs
[2022-11-02 16:21:52,117] {logging_mixin.py:115} INFO - [2022-11-02 16:21:52,117] {dag.py:2968} INFO - Setting next_dagrun for tutorial to 2022-11-01T16:21:52.117218+00:00, run_after=2022-11-02T16:21:52.117218+00:00
[2022-11-02 16:21:52,127] {processor.py:161} INFO - Processing /opt/conda/lib/python3.8/site-packages/airflow/example_dags/tutorial.py took 0.050 seconds
[2022-11-02 16:22:53,255] {processor.py:153} INFO - Started process (PID=5072) to work on /opt/conda/lib/python3.8/site-packages/airflow/example_dags/tutorial.py
[2022-11-02 16:22:53,256] {processor.py:641} INFO - Processing file /opt/conda/lib/python3.8/site-packages/airflow/example_dags/tutorial.py for tasks to queue
[2022-11-02 16:22:53,256] {logging_mixin.py:115} INFO - [2022-11-02 16:22:53,256] {dagbag.py:508} INFO - Filling up the DagBag from /opt/conda/lib/python3.8/site-packages/airflow/example_dags/tutorial.py
[2022-11-02 16:22:53,261] {processor.py:651} INFO - DAG(s) dict_keys(['tutorial']) retrieved from /opt/conda/lib/python3.8/site-packages/airflow/example_dags/tutorial.py
[2022-11-02 16:22:53,274] {logging_mixin.py:115} INFO - [2022-11-02 16:22:53,274] {dag.py:2420} INFO - Sync 1 DAGs
[2022-11-02 16:22:53,288] {logging_mixin.py:115} INFO - [2022-11-02 16:22:53,288] {dag.py:2968} INFO - Setting next_dagrun for tutorial to 2022-11-01T16:22:53.288048+00:00, run_after=2022-11-02T16:22:53.288048+00:00
[2022-11-02 16:22:53,296] {processor.py:161} INFO - Processing /opt/conda/lib/python3.8/site-packages/airflow/example_dags/tutorial.py took 0.047 seconds
[2022-11-02 16:23:55,283] {processor.py:153} INFO - Started process (PID=5309) to work on /opt/conda/lib/python3.8/site-packages/airflow/example_dags/tutorial.py
[2022-11-02 16:23:55,284] {processor.py:641} INFO - Processing file /opt/conda/lib/python3.8/site-packages/airflow/example_dags/tutorial.py for tasks to queue
[2022-11-02 16:23:55,285] {logging_mixin.py:115} INFO - [2022-11-02 16:23:55,285] {dagbag.py:508} INFO - Filling up the DagBag from /opt/conda/lib/python3.8/site-packages/airflow/example_dags/tutorial.py
[2022-11-02 16:23:55,291] {processor.py:651} INFO - DAG(s) dict_keys(['tutorial']) retrieved from /opt/conda/lib/python3.8/site-packages/airflow/example_dags/tutorial.py
[2022-11-02 16:23:55,306] {logging_mixin.py:115} INFO - [2022-11-02 16:23:55,306] {dag.py:2420} INFO - Sync 1 DAGs
[2022-11-02 16:23:55,321] {logging_mixin.py:115} INFO - [2022-11-02 16:23:55,321] {dag.py:2968} INFO - Setting next_dagrun for tutorial to 2022-11-01T16:23:55.321088+00:00, run_after=2022-11-02T16:23:55.321088+00:00
[2022-11-02 16:23:55,334] {processor.py:161} INFO - Processing /opt/conda/lib/python3.8/site-packages/airflow/example_dags/tutorial.py took 0.057 seconds
[2022-11-02 16:24:54,802] {processor.py:153} INFO - Started process (PID=5556) to work on /opt/conda/lib/python3.8/site-packages/airflow/example_dags/tutorial.py
[2022-11-02 16:24:54,802] {processor.py:641} INFO - Processing file /opt/conda/lib/python3.8/site-packages/airflow/example_dags/tutorial.py for tasks to queue
[2022-11-02 16:24:54,803] {logging_mixin.py:115} INFO - [2022-11-02 16:24:54,803] {dagbag.py:508} INFO - Filling up the DagBag from /opt/conda/lib/python3.8/site-packages/airflow/example_dags/tutorial.py
[2022-11-02 16:24:54,808] {processor.py:651} INFO - DAG(s) dict_keys(['tutorial']) retrieved from /opt/conda/lib/python3.8/site-packages/airflow/example_dags/tutorial.py
[2022-11-02 16:24:54,824] {logging_mixin.py:115} INFO - [2022-11-02 16:24:54,824] {dag.py:2420} INFO - Sync 1 DAGs
[2022-11-02 16:24:54,838] {logging_mixin.py:115} INFO - [2022-11-02 16:24:54,838] {dag.py:2968} INFO - Setting next_dagrun for tutorial to 2022-11-01T16:24:54.838688+00:00, run_after=2022-11-02T16:24:54.838688+00:00
[2022-11-02 16:24:54,849] {processor.py:161} INFO - Processing /opt/conda/lib/python3.8/site-packages/airflow/example_dags/tutorial.py took 0.051 seconds
[2022-11-02 16:26:01,042] {processor.py:153} INFO - Started process (PID=5789) to work on /opt/conda/lib/python3.8/site-packages/airflow/example_dags/tutorial.py
[2022-11-02 16:26:01,056] {processor.py:641} INFO - Processing file /opt/conda/lib/python3.8/site-packages/airflow/example_dags/tutorial.py for tasks to queue
[2022-11-02 16:26:01,056] {logging_mixin.py:115} INFO - [2022-11-02 16:26:01,056] {dagbag.py:508} INFO - Filling up the DagBag from /opt/conda/lib/python3.8/site-packages/airflow/example_dags/tutorial.py
[2022-11-02 16:26:01,061] {processor.py:651} INFO - DAG(s) dict_keys(['tutorial']) retrieved from /opt/conda/lib/python3.8/site-packages/airflow/example_dags/tutorial.py
[2022-11-02 16:26:01,077] {logging_mixin.py:115} INFO - [2022-11-02 16:26:01,077] {dag.py:2420} INFO - Sync 1 DAGs
[2022-11-02 16:26:01,092] {logging_mixin.py:115} INFO - [2022-11-02 16:26:01,092] {dag.py:2968} INFO - Setting next_dagrun for tutorial to 2022-11-01T16:26:01.092279+00:00, run_after=2022-11-02T16:26:01.092279+00:00
[2022-11-02 16:26:01,101] {processor.py:161} INFO - Processing /opt/conda/lib/python3.8/site-packages/airflow/example_dags/tutorial.py took 0.061 seconds
[2022-11-02 16:27:05,550] {processor.py:153} INFO - Started process (PID=6033) to work on /opt/conda/lib/python3.8/site-packages/airflow/example_dags/tutorial.py
[2022-11-02 16:27:05,551] {processor.py:641} INFO - Processing file /opt/conda/lib/python3.8/site-packages/airflow/example_dags/tutorial.py for tasks to queue
[2022-11-02 16:27:05,551] {logging_mixin.py:115} INFO - [2022-11-02 16:27:05,551] {dagbag.py:508} INFO - Filling up the DagBag from /opt/conda/lib/python3.8/site-packages/airflow/example_dags/tutorial.py
[2022-11-02 16:27:05,556] {processor.py:651} INFO - DAG(s) dict_keys(['tutorial']) retrieved from /opt/conda/lib/python3.8/site-packages/airflow/example_dags/tutorial.py
[2022-11-02 16:27:05,571] {logging_mixin.py:115} INFO - [2022-11-02 16:27:05,571] {dag.py:2420} INFO - Sync 1 DAGs
[2022-11-02 16:27:05,585] {logging_mixin.py:115} INFO - [2022-11-02 16:27:05,585] {dag.py:2968} INFO - Setting next_dagrun for tutorial to 2022-11-01T16:27:05.585545+00:00, run_after=2022-11-02T16:27:05.585545+00:00
[2022-11-02 16:27:05,594] {processor.py:161} INFO - Processing /opt/conda/lib/python3.8/site-packages/airflow/example_dags/tutorial.py took 0.051 seconds
[2022-11-02 16:28:15,066] {processor.py:153} INFO - Started process (PID=6288) to work on /opt/conda/lib/python3.8/site-packages/airflow/example_dags/tutorial.py
[2022-11-02 16:28:15,067] {processor.py:641} INFO - Processing file /opt/conda/lib/python3.8/site-packages/airflow/example_dags/tutorial.py for tasks to queue
[2022-11-02 16:28:15,068] {logging_mixin.py:115} INFO - [2022-11-02 16:28:15,068] {dagbag.py:508} INFO - Filling up the DagBag from /opt/conda/lib/python3.8/site-packages/airflow/example_dags/tutorial.py
[2022-11-02 16:28:15,074] {processor.py:651} INFO - DAG(s) dict_keys(['tutorial']) retrieved from /opt/conda/lib/python3.8/site-packages/airflow/example_dags/tutorial.py
[2022-11-02 16:28:15,092] {logging_mixin.py:115} INFO - [2022-11-02 16:28:15,092] {dag.py:2420} INFO - Sync 1 DAGs
[2022-11-02 16:28:15,111] {logging_mixin.py:115} INFO - [2022-11-02 16:28:15,111] {dag.py:2968} INFO - Setting next_dagrun for tutorial to 2022-11-01T16:28:15.111418+00:00, run_after=2022-11-02T16:28:15.111418+00:00
[2022-11-02 16:28:15,129] {processor.py:161} INFO - Processing /opt/conda/lib/python3.8/site-packages/airflow/example_dags/tutorial.py took 0.069 seconds
[2022-11-02 16:29:18,620] {processor.py:153} INFO - Started process (PID=6511) to work on /opt/conda/lib/python3.8/site-packages/airflow/example_dags/tutorial.py
[2022-11-02 16:29:18,621] {processor.py:641} INFO - Processing file /opt/conda/lib/python3.8/site-packages/airflow/example_dags/tutorial.py for tasks to queue
[2022-11-02 16:29:18,621] {logging_mixin.py:115} INFO - [2022-11-02 16:29:18,621] {dagbag.py:508} INFO - Filling up the DagBag from /opt/conda/lib/python3.8/site-packages/airflow/example_dags/tutorial.py
[2022-11-02 16:29:18,627] {processor.py:651} INFO - DAG(s) dict_keys(['tutorial']) retrieved from /opt/conda/lib/python3.8/site-packages/airflow/example_dags/tutorial.py
[2022-11-02 16:29:18,645] {logging_mixin.py:115} INFO - [2022-11-02 16:29:18,645] {dag.py:2420} INFO - Sync 1 DAGs
[2022-11-02 16:29:18,664] {logging_mixin.py:115} INFO - [2022-11-02 16:29:18,664] {dag.py:2968} INFO - Setting next_dagrun for tutorial to 2022-11-01T16:29:18.664486+00:00, run_after=2022-11-02T16:29:18.664486+00:00
[2022-11-02 16:29:18,675] {processor.py:161} INFO - Processing /opt/conda/lib/python3.8/site-packages/airflow/example_dags/tutorial.py took 0.061 seconds
[2022-11-02 16:30:24,981] {processor.py:153} INFO - Started process (PID=6682) to work on /opt/conda/lib/python3.8/site-packages/airflow/example_dags/tutorial.py
[2022-11-02 16:30:24,982] {processor.py:641} INFO - Processing file /opt/conda/lib/python3.8/site-packages/airflow/example_dags/tutorial.py for tasks to queue
[2022-11-02 16:30:24,983] {logging_mixin.py:115} INFO - [2022-11-02 16:30:24,982] {dagbag.py:508} INFO - Filling up the DagBag from /opt/conda/lib/python3.8/site-packages/airflow/example_dags/tutorial.py
[2022-11-02 16:30:24,989] {processor.py:651} INFO - DAG(s) dict_keys(['tutorial']) retrieved from /opt/conda/lib/python3.8/site-packages/airflow/example_dags/tutorial.py
[2022-11-02 16:30:25,007] {logging_mixin.py:115} INFO - [2022-11-02 16:30:25,007] {dag.py:2420} INFO - Sync 1 DAGs
[2022-11-02 16:30:25,026] {logging_mixin.py:115} INFO - [2022-11-02 16:30:25,026] {dag.py:2968} INFO - Setting next_dagrun for tutorial to 2022-11-01T16:30:25.026307+00:00, run_after=2022-11-02T16:30:25.026307+00:00
[2022-11-02 16:30:25,044] {processor.py:161} INFO - Processing /opt/conda/lib/python3.8/site-packages/airflow/example_dags/tutorial.py took 0.069 seconds
[2022-11-02 16:32:42,212] {processor.py:153} INFO - Started process (PID=7076) to work on /opt/conda/lib/python3.8/site-packages/airflow/example_dags/tutorial.py
[2022-11-02 16:32:42,212] {processor.py:641} INFO - Processing file /opt/conda/lib/python3.8/site-packages/airflow/example_dags/tutorial.py for tasks to queue
[2022-11-02 16:32:42,213] {logging_mixin.py:115} INFO - [2022-11-02 16:32:42,213] {dagbag.py:508} INFO - Filling up the DagBag from /opt/conda/lib/python3.8/site-packages/airflow/example_dags/tutorial.py
[2022-11-02 16:32:42,219] {processor.py:651} INFO - DAG(s) dict_keys(['tutorial']) retrieved from /opt/conda/lib/python3.8/site-packages/airflow/example_dags/tutorial.py
[2022-11-02 16:32:42,238] {logging_mixin.py:115} INFO - [2022-11-02 16:32:42,238] {dag.py:2420} INFO - Sync 1 DAGs
[2022-11-02 16:32:42,257] {logging_mixin.py:115} INFO - [2022-11-02 16:32:42,257] {dag.py:2968} INFO - Setting next_dagrun for tutorial to 2022-11-01T16:32:42.257553+00:00, run_after=2022-11-02T16:32:42.257553+00:00
[2022-11-02 16:32:42,269] {processor.py:161} INFO - Processing /opt/conda/lib/python3.8/site-packages/airflow/example_dags/tutorial.py took 0.064 seconds
[2022-11-02 16:33:50,215] {processor.py:153} INFO - Started process (PID=7263) to work on /opt/conda/lib/python3.8/site-packages/airflow/example_dags/tutorial.py
[2022-11-02 16:33:50,216] {processor.py:641} INFO - Processing file /opt/conda/lib/python3.8/site-packages/airflow/example_dags/tutorial.py for tasks to queue
[2022-11-02 16:33:50,217] {logging_mixin.py:115} INFO - [2022-11-02 16:33:50,217] {dagbag.py:508} INFO - Filling up the DagBag from /opt/conda/lib/python3.8/site-packages/airflow/example_dags/tutorial.py
[2022-11-02 16:33:50,222] {processor.py:651} INFO - DAG(s) dict_keys(['tutorial']) retrieved from /opt/conda/lib/python3.8/site-packages/airflow/example_dags/tutorial.py
[2022-11-02 16:33:50,241] {logging_mixin.py:115} INFO - [2022-11-02 16:33:50,241] {dag.py:2420} INFO - Sync 1 DAGs
[2022-11-02 16:33:50,260] {logging_mixin.py:115} INFO - [2022-11-02 16:33:50,260] {dag.py:2968} INFO - Setting next_dagrun for tutorial to 2022-11-01T16:33:50.259785+00:00, run_after=2022-11-02T16:33:50.259785+00:00
[2022-11-02 16:33:50,271] {processor.py:161} INFO - Processing /opt/conda/lib/python3.8/site-packages/airflow/example_dags/tutorial.py took 0.062 seconds
[2022-11-02 16:34:55,867] {processor.py:153} INFO - Started process (PID=7408) to work on /opt/conda/lib/python3.8/site-packages/airflow/example_dags/tutorial.py
[2022-11-02 16:34:55,868] {processor.py:641} INFO - Processing file /opt/conda/lib/python3.8/site-packages/airflow/example_dags/tutorial.py for tasks to queue
[2022-11-02 16:34:55,868] {logging_mixin.py:115} INFO - [2022-11-02 16:34:55,868] {dagbag.py:508} INFO - Filling up the DagBag from /opt/conda/lib/python3.8/site-packages/airflow/example_dags/tutorial.py
[2022-11-02 16:34:55,874] {processor.py:651} INFO - DAG(s) dict_keys(['tutorial']) retrieved from /opt/conda/lib/python3.8/site-packages/airflow/example_dags/tutorial.py
[2022-11-02 16:34:55,893] {logging_mixin.py:115} INFO - [2022-11-02 16:34:55,893] {dag.py:2420} INFO - Sync 1 DAGs
[2022-11-02 16:34:55,912] {logging_mixin.py:115} INFO - [2022-11-02 16:34:55,912] {dag.py:2968} INFO - Setting next_dagrun for tutorial to 2022-11-01T16:34:55.912220+00:00, run_after=2022-11-02T16:34:55.912220+00:00
[2022-11-02 16:34:55,932] {processor.py:161} INFO - Processing /opt/conda/lib/python3.8/site-packages/airflow/example_dags/tutorial.py took 0.072 seconds
[2022-11-02 16:36:00,348] {processor.py:153} INFO - Started process (PID=7593) to work on /opt/conda/lib/python3.8/site-packages/airflow/example_dags/tutorial.py
[2022-11-02 16:36:00,349] {processor.py:641} INFO - Processing file /opt/conda/lib/python3.8/site-packages/airflow/example_dags/tutorial.py for tasks to queue
[2022-11-02 16:36:00,349] {logging_mixin.py:115} INFO - [2022-11-02 16:36:00,349] {dagbag.py:508} INFO - Filling up the DagBag from /opt/conda/lib/python3.8/site-packages/airflow/example_dags/tutorial.py
[2022-11-02 16:36:00,355] {processor.py:651} INFO - DAG(s) dict_keys(['tutorial']) retrieved from /opt/conda/lib/python3.8/site-packages/airflow/example_dags/tutorial.py
[2022-11-02 16:36:00,374] {logging_mixin.py:115} INFO - [2022-11-02 16:36:00,374] {dag.py:2420} INFO - Sync 1 DAGs
[2022-11-02 16:36:00,393] {logging_mixin.py:115} INFO - [2022-11-02 16:36:00,393] {dag.py:2968} INFO - Setting next_dagrun for tutorial to 2022-11-01T16:36:00.393467+00:00, run_after=2022-11-02T16:36:00.393467+00:00
[2022-11-02 16:36:00,408] {processor.py:161} INFO - Processing /opt/conda/lib/python3.8/site-packages/airflow/example_dags/tutorial.py took 0.066 seconds
[2022-11-02 16:37:02,007] {processor.py:153} INFO - Started process (PID=8067) to work on /opt/conda/lib/python3.8/site-packages/airflow/example_dags/tutorial.py
[2022-11-02 16:37:02,008] {processor.py:641} INFO - Processing file /opt/conda/lib/python3.8/site-packages/airflow/example_dags/tutorial.py for tasks to queue
[2022-11-02 16:37:02,009] {logging_mixin.py:115} INFO - [2022-11-02 16:37:02,009] {dagbag.py:508} INFO - Filling up the DagBag from /opt/conda/lib/python3.8/site-packages/airflow/example_dags/tutorial.py
[2022-11-02 16:37:02,014] {processor.py:651} INFO - DAG(s) dict_keys(['tutorial']) retrieved from /opt/conda/lib/python3.8/site-packages/airflow/example_dags/tutorial.py
[2022-11-02 16:37:02,033] {logging_mixin.py:115} INFO - [2022-11-02 16:37:02,033] {dag.py:2420} INFO - Sync 1 DAGs
[2022-11-02 16:37:02,053] {logging_mixin.py:115} INFO - [2022-11-02 16:37:02,053] {dag.py:2968} INFO - Setting next_dagrun for tutorial to 2022-11-01T16:37:02.052735+00:00, run_after=2022-11-02T16:37:02.052735+00:00
[2022-11-02 16:37:02,065] {processor.py:161} INFO - Processing /opt/conda/lib/python3.8/site-packages/airflow/example_dags/tutorial.py took 0.064 seconds
[2022-11-02 16:38:02,324] {processor.py:153} INFO - Started process (PID=8235) to work on /opt/conda/lib/python3.8/site-packages/airflow/example_dags/tutorial.py
[2022-11-02 16:38:02,325] {processor.py:641} INFO - Processing file /opt/conda/lib/python3.8/site-packages/airflow/example_dags/tutorial.py for tasks to queue
[2022-11-02 16:38:02,326] {logging_mixin.py:115} INFO - [2022-11-02 16:38:02,326] {dagbag.py:508} INFO - Filling up the DagBag from /opt/conda/lib/python3.8/site-packages/airflow/example_dags/tutorial.py
[2022-11-02 16:38:02,331] {processor.py:651} INFO - DAG(s) dict_keys(['tutorial']) retrieved from /opt/conda/lib/python3.8/site-packages/airflow/example_dags/tutorial.py
[2022-11-02 16:38:02,350] {logging_mixin.py:115} INFO - [2022-11-02 16:38:02,350] {dag.py:2420} INFO - Sync 1 DAGs
[2022-11-02 16:38:02,370] {logging_mixin.py:115} INFO - [2022-11-02 16:38:02,370] {dag.py:2968} INFO - Setting next_dagrun for tutorial to 2022-11-01T16:38:02.369824+00:00, run_after=2022-11-02T16:38:02.369824+00:00
[2022-11-02 16:38:02,388] {processor.py:161} INFO - Processing /opt/conda/lib/python3.8/site-packages/airflow/example_dags/tutorial.py took 0.069 seconds
[2022-11-02 16:39:01,814] {processor.py:153} INFO - Started process (PID=8470) to work on /opt/conda/lib/python3.8/site-packages/airflow/example_dags/tutorial.py
[2022-11-02 16:39:01,816] {processor.py:641} INFO - Processing file /opt/conda/lib/python3.8/site-packages/airflow/example_dags/tutorial.py for tasks to queue
[2022-11-02 16:39:01,816] {logging_mixin.py:115} INFO - [2022-11-02 16:39:01,816] {dagbag.py:508} INFO - Filling up the DagBag from /opt/conda/lib/python3.8/site-packages/airflow/example_dags/tutorial.py
[2022-11-02 16:39:01,822] {processor.py:651} INFO - DAG(s) dict_keys(['tutorial']) retrieved from /opt/conda/lib/python3.8/site-packages/airflow/example_dags/tutorial.py
[2022-11-02 16:39:01,841] {logging_mixin.py:115} INFO - [2022-11-02 16:39:01,841] {dag.py:2420} INFO - Sync 1 DAGs
[2022-11-02 16:39:01,860] {logging_mixin.py:115} INFO - [2022-11-02 16:39:01,860] {dag.py:2968} INFO - Setting next_dagrun for tutorial to 2022-11-01T16:39:01.859922+00:00, run_after=2022-11-02T16:39:01.859922+00:00
[2022-11-02 16:39:01,878] {processor.py:161} INFO - Processing /opt/conda/lib/python3.8/site-packages/airflow/example_dags/tutorial.py took 0.069 seconds
[2022-11-02 16:40:23,419] {processor.py:153} INFO - Started process (PID=8764) to work on /opt/conda/lib/python3.8/site-packages/airflow/example_dags/tutorial.py
[2022-11-02 16:40:23,420] {processor.py:641} INFO - Processing file /opt/conda/lib/python3.8/site-packages/airflow/example_dags/tutorial.py for tasks to queue
[2022-11-02 16:40:23,420] {logging_mixin.py:115} INFO - [2022-11-02 16:40:23,420] {dagbag.py:508} INFO - Filling up the DagBag from /opt/conda/lib/python3.8/site-packages/airflow/example_dags/tutorial.py
[2022-11-02 16:40:23,426] {processor.py:651} INFO - DAG(s) dict_keys(['tutorial']) retrieved from /opt/conda/lib/python3.8/site-packages/airflow/example_dags/tutorial.py
[2022-11-02 16:40:23,445] {logging_mixin.py:115} INFO - [2022-11-02 16:40:23,445] {dag.py:2420} INFO - Sync 1 DAGs
[2022-11-02 16:40:23,465] {logging_mixin.py:115} INFO - [2022-11-02 16:40:23,465] {dag.py:2968} INFO - Setting next_dagrun for tutorial to 2022-11-01T16:40:23.464800+00:00, run_after=2022-11-02T16:40:23.464800+00:00
[2022-11-02 16:40:23,476] {processor.py:161} INFO - Processing /opt/conda/lib/python3.8/site-packages/airflow/example_dags/tutorial.py took 0.064 seconds
[2022-11-02 16:41:30,307] {processor.py:153} INFO - Started process (PID=8934) to work on /opt/conda/lib/python3.8/site-packages/airflow/example_dags/tutorial.py
[2022-11-02 16:41:30,308] {processor.py:641} INFO - Processing file /opt/conda/lib/python3.8/site-packages/airflow/example_dags/tutorial.py for tasks to queue
[2022-11-02 16:41:30,308] {logging_mixin.py:115} INFO - [2022-11-02 16:41:30,308] {dagbag.py:508} INFO - Filling up the DagBag from /opt/conda/lib/python3.8/site-packages/airflow/example_dags/tutorial.py
[2022-11-02 16:41:30,314] {processor.py:651} INFO - DAG(s) dict_keys(['tutorial']) retrieved from /opt/conda/lib/python3.8/site-packages/airflow/example_dags/tutorial.py
[2022-11-02 16:41:30,333] {logging_mixin.py:115} INFO - [2022-11-02 16:41:30,333] {dag.py:2420} INFO - Sync 1 DAGs
[2022-11-02 16:41:30,353] {logging_mixin.py:115} INFO - [2022-11-02 16:41:30,353] {dag.py:2968} INFO - Setting next_dagrun for tutorial to 2022-11-01T16:41:30.352787+00:00, run_after=2022-11-02T16:41:30.352787+00:00
[2022-11-02 16:41:30,367] {processor.py:161} INFO - Processing /opt/conda/lib/python3.8/site-packages/airflow/example_dags/tutorial.py took 0.067 seconds
[2022-11-02 16:43:04,364] {processor.py:153} INFO - Started process (PID=9189) to work on /opt/conda/lib/python3.8/site-packages/airflow/example_dags/tutorial.py
[2022-11-02 16:43:04,364] {processor.py:641} INFO - Processing file /opt/conda/lib/python3.8/site-packages/airflow/example_dags/tutorial.py for tasks to queue
[2022-11-02 16:43:04,365] {logging_mixin.py:115} INFO - [2022-11-02 16:43:04,365] {dagbag.py:508} INFO - Filling up the DagBag from /opt/conda/lib/python3.8/site-packages/airflow/example_dags/tutorial.py
[2022-11-02 16:43:04,371] {processor.py:651} INFO - DAG(s) dict_keys(['tutorial']) retrieved from /opt/conda/lib/python3.8/site-packages/airflow/example_dags/tutorial.py
[2022-11-02 16:43:04,390] {logging_mixin.py:115} INFO - [2022-11-02 16:43:04,389] {dag.py:2420} INFO - Sync 1 DAGs
[2022-11-02 16:43:04,409] {logging_mixin.py:115} INFO - [2022-11-02 16:43:04,409] {dag.py:2968} INFO - Setting next_dagrun for tutorial to 2022-11-01T16:43:04.409610+00:00, run_after=2022-11-02T16:43:04.409610+00:00
[2022-11-02 16:43:04,428] {processor.py:161} INFO - Processing /opt/conda/lib/python3.8/site-packages/airflow/example_dags/tutorial.py took 0.071 seconds
[2022-11-02 16:44:07,529] {processor.py:153} INFO - Started process (PID=9373) to work on /opt/conda/lib/python3.8/site-packages/airflow/example_dags/tutorial.py
[2022-11-02 16:44:07,530] {processor.py:641} INFO - Processing file /opt/conda/lib/python3.8/site-packages/airflow/example_dags/tutorial.py for tasks to queue
[2022-11-02 16:44:07,530] {logging_mixin.py:115} INFO - [2022-11-02 16:44:07,530] {dagbag.py:508} INFO - Filling up the DagBag from /opt/conda/lib/python3.8/site-packages/airflow/example_dags/tutorial.py
[2022-11-02 16:44:07,536] {processor.py:651} INFO - DAG(s) dict_keys(['tutorial']) retrieved from /opt/conda/lib/python3.8/site-packages/airflow/example_dags/tutorial.py
[2022-11-02 16:44:07,555] {logging_mixin.py:115} INFO - [2022-11-02 16:44:07,555] {dag.py:2420} INFO - Sync 1 DAGs
[2022-11-02 16:44:07,575] {logging_mixin.py:115} INFO - [2022-11-02 16:44:07,574] {dag.py:2968} INFO - Setting next_dagrun for tutorial to 2022-11-01T16:44:07.574701+00:00, run_after=2022-11-02T16:44:07.574701+00:00
[2022-11-02 16:44:07,586] {processor.py:161} INFO - Processing /opt/conda/lib/python3.8/site-packages/airflow/example_dags/tutorial.py took 0.063 seconds
[2022-11-02 16:45:21,918] {processor.py:153} INFO - Started process (PID=9563) to work on /opt/conda/lib/python3.8/site-packages/airflow/example_dags/tutorial.py
[2022-11-02 16:45:21,919] {processor.py:641} INFO - Processing file /opt/conda/lib/python3.8/site-packages/airflow/example_dags/tutorial.py for tasks to queue
[2022-11-02 16:45:21,919] {logging_mixin.py:115} INFO - [2022-11-02 16:45:21,919] {dagbag.py:508} INFO - Filling up the DagBag from /opt/conda/lib/python3.8/site-packages/airflow/example_dags/tutorial.py
[2022-11-02 16:45:21,925] {processor.py:651} INFO - DAG(s) dict_keys(['tutorial']) retrieved from /opt/conda/lib/python3.8/site-packages/airflow/example_dags/tutorial.py
[2022-11-02 16:45:21,944] {logging_mixin.py:115} INFO - [2022-11-02 16:45:21,944] {dag.py:2420} INFO - Sync 1 DAGs
[2022-11-02 16:45:21,964] {logging_mixin.py:115} INFO - [2022-11-02 16:45:21,964] {dag.py:2968} INFO - Setting next_dagrun for tutorial to 2022-11-01T16:45:21.964399+00:00, run_after=2022-11-02T16:45:21.964399+00:00
[2022-11-02 16:45:21,983] {processor.py:161} INFO - Processing /opt/conda/lib/python3.8/site-packages/airflow/example_dags/tutorial.py took 0.072 seconds
[2022-11-02 16:46:25,348] {processor.py:153} INFO - Started process (PID=9722) to work on /opt/conda/lib/python3.8/site-packages/airflow/example_dags/tutorial.py
[2022-11-02 16:46:25,349] {processor.py:641} INFO - Processing file /opt/conda/lib/python3.8/site-packages/airflow/example_dags/tutorial.py for tasks to queue
[2022-11-02 16:46:25,349] {logging_mixin.py:115} INFO - [2022-11-02 16:46:25,349] {dagbag.py:508} INFO - Filling up the DagBag from /opt/conda/lib/python3.8/site-packages/airflow/example_dags/tutorial.py
[2022-11-02 16:46:25,355] {processor.py:651} INFO - DAG(s) dict_keys(['tutorial']) retrieved from /opt/conda/lib/python3.8/site-packages/airflow/example_dags/tutorial.py
[2022-11-02 16:46:25,374] {logging_mixin.py:115} INFO - [2022-11-02 16:46:25,374] {dag.py:2420} INFO - Sync 1 DAGs
[2022-11-02 16:46:25,393] {logging_mixin.py:115} INFO - [2022-11-02 16:46:25,393] {dag.py:2968} INFO - Setting next_dagrun for tutorial to 2022-11-01T16:46:25.393617+00:00, run_after=2022-11-02T16:46:25.393617+00:00
[2022-11-02 16:46:25,405] {processor.py:161} INFO - Processing /opt/conda/lib/python3.8/site-packages/airflow/example_dags/tutorial.py took 0.062 seconds
[2022-11-02 16:47:54,716] {processor.py:153} INFO - Started process (PID=9981) to work on /opt/conda/lib/python3.8/site-packages/airflow/example_dags/tutorial.py
[2022-11-02 16:47:54,716] {processor.py:641} INFO - Processing file /opt/conda/lib/python3.8/site-packages/airflow/example_dags/tutorial.py for tasks to queue
[2022-11-02 16:47:54,717] {logging_mixin.py:115} INFO - [2022-11-02 16:47:54,717] {dagbag.py:508} INFO - Filling up the DagBag from /opt/conda/lib/python3.8/site-packages/airflow/example_dags/tutorial.py
[2022-11-02 16:47:54,723] {processor.py:651} INFO - DAG(s) dict_keys(['tutorial']) retrieved from /opt/conda/lib/python3.8/site-packages/airflow/example_dags/tutorial.py
[2022-11-02 16:47:54,742] {logging_mixin.py:115} INFO - [2022-11-02 16:47:54,742] {dag.py:2420} INFO - Sync 1 DAGs
[2022-11-02 16:47:54,763] {logging_mixin.py:115} INFO - [2022-11-02 16:47:54,763] {dag.py:2968} INFO - Setting next_dagrun for tutorial to 2022-11-01T16:47:54.762949+00:00, run_after=2022-11-02T16:47:54.762949+00:00
[2022-11-02 16:47:54,781] {processor.py:161} INFO - Processing /opt/conda/lib/python3.8/site-packages/airflow/example_dags/tutorial.py took 0.072 seconds
[2022-11-02 16:49:03,356] {processor.py:153} INFO - Started process (PID=10153) to work on /opt/conda/lib/python3.8/site-packages/airflow/example_dags/tutorial.py
[2022-11-02 16:49:03,356] {processor.py:641} INFO - Processing file /opt/conda/lib/python3.8/site-packages/airflow/example_dags/tutorial.py for tasks to queue
[2022-11-02 16:49:03,357] {logging_mixin.py:115} INFO - [2022-11-02 16:49:03,357] {dagbag.py:508} INFO - Filling up the DagBag from /opt/conda/lib/python3.8/site-packages/airflow/example_dags/tutorial.py
[2022-11-02 16:49:03,363] {processor.py:651} INFO - DAG(s) dict_keys(['tutorial']) retrieved from /opt/conda/lib/python3.8/site-packages/airflow/example_dags/tutorial.py
[2022-11-02 16:49:03,382] {logging_mixin.py:115} INFO - [2022-11-02 16:49:03,382] {dag.py:2420} INFO - Sync 1 DAGs
[2022-11-02 16:49:03,403] {logging_mixin.py:115} INFO - [2022-11-02 16:49:03,403] {dag.py:2968} INFO - Setting next_dagrun for tutorial to 2022-11-01T16:49:03.403226+00:00, run_after=2022-11-02T16:49:03.403226+00:00
[2022-11-02 16:49:03,415] {processor.py:161} INFO - Processing /opt/conda/lib/python3.8/site-packages/airflow/example_dags/tutorial.py took 0.066 seconds
[2022-11-02 16:50:18,502] {processor.py:153} INFO - Started process (PID=10382) to work on /opt/conda/lib/python3.8/site-packages/airflow/example_dags/tutorial.py
[2022-11-02 16:50:18,503] {processor.py:641} INFO - Processing file /opt/conda/lib/python3.8/site-packages/airflow/example_dags/tutorial.py for tasks to queue
[2022-11-02 16:50:18,504] {logging_mixin.py:115} INFO - [2022-11-02 16:50:18,504] {dagbag.py:508} INFO - Filling up the DagBag from /opt/conda/lib/python3.8/site-packages/airflow/example_dags/tutorial.py
[2022-11-02 16:50:18,510] {processor.py:651} INFO - DAG(s) dict_keys(['tutorial']) retrieved from /opt/conda/lib/python3.8/site-packages/airflow/example_dags/tutorial.py
[2022-11-02 16:50:18,528] {logging_mixin.py:115} INFO - [2022-11-02 16:50:18,528] {dag.py:2420} INFO - Sync 1 DAGs
[2022-11-02 16:50:18,548] {logging_mixin.py:115} INFO - [2022-11-02 16:50:18,547] {dag.py:2968} INFO - Setting next_dagrun for tutorial to 2022-11-01T16:50:18.547688+00:00, run_after=2022-11-02T16:50:18.547688+00:00
[2022-11-02 16:50:18,566] {processor.py:161} INFO - Processing /opt/conda/lib/python3.8/site-packages/airflow/example_dags/tutorial.py took 0.070 seconds
[2022-11-02 16:51:17,502] {processor.py:153} INFO - Started process (PID=10568) to work on /opt/conda/lib/python3.8/site-packages/airflow/example_dags/tutorial.py
[2022-11-02 16:51:17,503] {processor.py:641} INFO - Processing file /opt/conda/lib/python3.8/site-packages/airflow/example_dags/tutorial.py for tasks to queue
[2022-11-02 16:51:17,503] {logging_mixin.py:115} INFO - [2022-11-02 16:51:17,503] {dagbag.py:508} INFO - Filling up the DagBag from /opt/conda/lib/python3.8/site-packages/airflow/example_dags/tutorial.py
[2022-11-02 16:51:17,509] {processor.py:651} INFO - DAG(s) dict_keys(['tutorial']) retrieved from /opt/conda/lib/python3.8/site-packages/airflow/example_dags/tutorial.py
[2022-11-02 16:51:17,528] {logging_mixin.py:115} INFO - [2022-11-02 16:51:17,528] {dag.py:2420} INFO - Sync 1 DAGs
[2022-11-02 16:51:17,547] {logging_mixin.py:115} INFO - [2022-11-02 16:51:17,547] {dag.py:2968} INFO - Setting next_dagrun for tutorial to 2022-11-01T16:51:17.547419+00:00, run_after=2022-11-02T16:51:17.547419+00:00
[2022-11-02 16:51:17,562] {processor.py:161} INFO - Processing /opt/conda/lib/python3.8/site-packages/airflow/example_dags/tutorial.py took 0.067 seconds
[2022-11-02 16:52:15,548] {processor.py:153} INFO - Started process (PID=10721) to work on /opt/conda/lib/python3.8/site-packages/airflow/example_dags/tutorial.py
[2022-11-02 16:52:15,548] {processor.py:641} INFO - Processing file /opt/conda/lib/python3.8/site-packages/airflow/example_dags/tutorial.py for tasks to queue
[2022-11-02 16:52:15,549] {logging_mixin.py:115} INFO - [2022-11-02 16:52:15,549] {dagbag.py:508} INFO - Filling up the DagBag from /opt/conda/lib/python3.8/site-packages/airflow/example_dags/tutorial.py
[2022-11-02 16:52:15,554] {processor.py:651} INFO - DAG(s) dict_keys(['tutorial']) retrieved from /opt/conda/lib/python3.8/site-packages/airflow/example_dags/tutorial.py
[2022-11-02 16:52:15,572] {logging_mixin.py:115} INFO - [2022-11-02 16:52:15,572] {dag.py:2420} INFO - Sync 1 DAGs
[2022-11-02 16:52:15,591] {logging_mixin.py:115} INFO - [2022-11-02 16:52:15,591] {dag.py:2968} INFO - Setting next_dagrun for tutorial to 2022-11-01T16:52:15.591597+00:00, run_after=2022-11-02T16:52:15.591597+00:00
[2022-11-02 16:52:15,609] {processor.py:161} INFO - Processing /opt/conda/lib/python3.8/site-packages/airflow/example_dags/tutorial.py took 0.067 seconds
[2022-11-02 16:53:16,580] {processor.py:153} INFO - Started process (PID=10899) to work on /opt/conda/lib/python3.8/site-packages/airflow/example_dags/tutorial.py
[2022-11-02 16:53:16,582] {processor.py:641} INFO - Processing file /opt/conda/lib/python3.8/site-packages/airflow/example_dags/tutorial.py for tasks to queue
[2022-11-02 16:53:16,582] {logging_mixin.py:115} INFO - [2022-11-02 16:53:16,582] {dagbag.py:508} INFO - Filling up the DagBag from /opt/conda/lib/python3.8/site-packages/airflow/example_dags/tutorial.py
[2022-11-02 16:53:16,588] {processor.py:651} INFO - DAG(s) dict_keys(['tutorial']) retrieved from /opt/conda/lib/python3.8/site-packages/airflow/example_dags/tutorial.py
[2022-11-02 16:53:16,607] {logging_mixin.py:115} INFO - [2022-11-02 16:53:16,607] {dag.py:2420} INFO - Sync 1 DAGs
[2022-11-02 16:53:16,627] {logging_mixin.py:115} INFO - [2022-11-02 16:53:16,627] {dag.py:2968} INFO - Setting next_dagrun for tutorial to 2022-11-01T16:53:16.626853+00:00, run_after=2022-11-02T16:53:16.626853+00:00
[2022-11-02 16:53:16,645] {processor.py:161} INFO - Processing /opt/conda/lib/python3.8/site-packages/airflow/example_dags/tutorial.py took 0.070 seconds
[2022-11-02 16:54:16,544] {processor.py:153} INFO - Started process (PID=11053) to work on /opt/conda/lib/python3.8/site-packages/airflow/example_dags/tutorial.py
[2022-11-02 16:54:16,545] {processor.py:641} INFO - Processing file /opt/conda/lib/python3.8/site-packages/airflow/example_dags/tutorial.py for tasks to queue
[2022-11-02 16:54:16,545] {logging_mixin.py:115} INFO - [2022-11-02 16:54:16,545] {dagbag.py:508} INFO - Filling up the DagBag from /opt/conda/lib/python3.8/site-packages/airflow/example_dags/tutorial.py
[2022-11-02 16:54:16,551] {processor.py:651} INFO - DAG(s) dict_keys(['tutorial']) retrieved from /opt/conda/lib/python3.8/site-packages/airflow/example_dags/tutorial.py
[2022-11-02 16:54:16,568] {logging_mixin.py:115} INFO - [2022-11-02 16:54:16,568] {dag.py:2420} INFO - Sync 1 DAGs
[2022-11-02 16:54:16,586] {logging_mixin.py:115} INFO - [2022-11-02 16:54:16,586] {dag.py:2968} INFO - Setting next_dagrun for tutorial to 2022-11-01T16:54:16.586628+00:00, run_after=2022-11-02T16:54:16.586628+00:00
[2022-11-02 16:54:16,598] {processor.py:161} INFO - Processing /opt/conda/lib/python3.8/site-packages/airflow/example_dags/tutorial.py took 0.059 seconds
[2022-11-02 16:55:20,925] {processor.py:153} INFO - Started process (PID=11219) to work on /opt/conda/lib/python3.8/site-packages/airflow/example_dags/tutorial.py
[2022-11-02 16:55:20,926] {processor.py:641} INFO - Processing file /opt/conda/lib/python3.8/site-packages/airflow/example_dags/tutorial.py for tasks to queue
[2022-11-02 16:55:20,927] {logging_mixin.py:115} INFO - [2022-11-02 16:55:20,927] {dagbag.py:508} INFO - Filling up the DagBag from /opt/conda/lib/python3.8/site-packages/airflow/example_dags/tutorial.py
[2022-11-02 16:55:20,933] {processor.py:651} INFO - DAG(s) dict_keys(['tutorial']) retrieved from /opt/conda/lib/python3.8/site-packages/airflow/example_dags/tutorial.py
[2022-11-02 16:55:20,951] {logging_mixin.py:115} INFO - [2022-11-02 16:55:20,951] {dag.py:2420} INFO - Sync 1 DAGs
[2022-11-02 16:55:20,970] {logging_mixin.py:115} INFO - [2022-11-02 16:55:20,970] {dag.py:2968} INFO - Setting next_dagrun for tutorial to 2022-11-01T16:55:20.970394+00:00, run_after=2022-11-02T16:55:20.970394+00:00
[2022-11-02 16:55:20,981] {processor.py:161} INFO - Processing /opt/conda/lib/python3.8/site-packages/airflow/example_dags/tutorial.py took 0.062 seconds
[2022-11-02 16:56:26,961] {processor.py:153} INFO - Started process (PID=11383) to work on /opt/conda/lib/python3.8/site-packages/airflow/example_dags/tutorial.py
[2022-11-02 16:56:26,962] {processor.py:641} INFO - Processing file /opt/conda/lib/python3.8/site-packages/airflow/example_dags/tutorial.py for tasks to queue
[2022-11-02 16:56:26,963] {logging_mixin.py:115} INFO - [2022-11-02 16:56:26,963] {dagbag.py:508} INFO - Filling up the DagBag from /opt/conda/lib/python3.8/site-packages/airflow/example_dags/tutorial.py
[2022-11-02 16:56:26,968] {processor.py:651} INFO - DAG(s) dict_keys(['tutorial']) retrieved from /opt/conda/lib/python3.8/site-packages/airflow/example_dags/tutorial.py
[2022-11-02 16:56:26,987] {logging_mixin.py:115} INFO - [2022-11-02 16:56:26,987] {dag.py:2420} INFO - Sync 1 DAGs
[2022-11-02 16:56:27,006] {logging_mixin.py:115} INFO - [2022-11-02 16:56:27,006] {dag.py:2968} INFO - Setting next_dagrun for tutorial to 2022-11-01T16:56:27.006328+00:00, run_after=2022-11-02T16:56:27.006328+00:00
[2022-11-02 16:56:27,017] {processor.py:161} INFO - Processing /opt/conda/lib/python3.8/site-packages/airflow/example_dags/tutorial.py took 0.062 seconds
[2022-11-02 16:57:33,226] {processor.py:153} INFO - Started process (PID=11550) to work on /opt/conda/lib/python3.8/site-packages/airflow/example_dags/tutorial.py
[2022-11-02 16:57:33,226] {processor.py:641} INFO - Processing file /opt/conda/lib/python3.8/site-packages/airflow/example_dags/tutorial.py for tasks to queue
[2022-11-02 16:57:33,227] {logging_mixin.py:115} INFO - [2022-11-02 16:57:33,227] {dagbag.py:508} INFO - Filling up the DagBag from /opt/conda/lib/python3.8/site-packages/airflow/example_dags/tutorial.py
[2022-11-02 16:57:33,233] {processor.py:651} INFO - DAG(s) dict_keys(['tutorial']) retrieved from /opt/conda/lib/python3.8/site-packages/airflow/example_dags/tutorial.py
[2022-11-02 16:57:33,252] {logging_mixin.py:115} INFO - [2022-11-02 16:57:33,251] {dag.py:2420} INFO - Sync 1 DAGs
[2022-11-02 16:57:33,271] {logging_mixin.py:115} INFO - [2022-11-02 16:57:33,271] {dag.py:2968} INFO - Setting next_dagrun for tutorial to 2022-11-01T16:57:33.271000+00:00, run_after=2022-11-02T16:57:33.271000+00:00
[2022-11-02 16:57:33,282] {processor.py:161} INFO - Processing /opt/conda/lib/python3.8/site-packages/airflow/example_dags/tutorial.py took 0.063 seconds
[2022-11-02 16:58:35,712] {processor.py:153} INFO - Started process (PID=11713) to work on /opt/conda/lib/python3.8/site-packages/airflow/example_dags/tutorial.py
[2022-11-02 16:58:35,713] {processor.py:641} INFO - Processing file /opt/conda/lib/python3.8/site-packages/airflow/example_dags/tutorial.py for tasks to queue
[2022-11-02 16:58:35,713] {logging_mixin.py:115} INFO - [2022-11-02 16:58:35,713] {dagbag.py:508} INFO - Filling up the DagBag from /opt/conda/lib/python3.8/site-packages/airflow/example_dags/tutorial.py
[2022-11-02 16:58:35,719] {processor.py:651} INFO - DAG(s) dict_keys(['tutorial']) retrieved from /opt/conda/lib/python3.8/site-packages/airflow/example_dags/tutorial.py
[2022-11-02 16:58:35,737] {logging_mixin.py:115} INFO - [2022-11-02 16:58:35,737] {dag.py:2420} INFO - Sync 1 DAGs
[2022-11-02 16:58:35,757] {logging_mixin.py:115} INFO - [2022-11-02 16:58:35,756] {dag.py:2968} INFO - Setting next_dagrun for tutorial to 2022-11-01T16:58:35.756652+00:00, run_after=2022-11-02T16:58:35.756652+00:00
[2022-11-02 16:58:35,768] {processor.py:161} INFO - Processing /opt/conda/lib/python3.8/site-packages/airflow/example_dags/tutorial.py took 0.061 seconds
[2022-11-02 16:59:40,788] {processor.py:153} INFO - Started process (PID=11878) to work on /opt/conda/lib/python3.8/site-packages/airflow/example_dags/tutorial.py
[2022-11-02 16:59:40,789] {processor.py:641} INFO - Processing file /opt/conda/lib/python3.8/site-packages/airflow/example_dags/tutorial.py for tasks to queue
[2022-11-02 16:59:40,789] {logging_mixin.py:115} INFO - [2022-11-02 16:59:40,789] {dagbag.py:508} INFO - Filling up the DagBag from /opt/conda/lib/python3.8/site-packages/airflow/example_dags/tutorial.py
[2022-11-02 16:59:40,795] {processor.py:651} INFO - DAG(s) dict_keys(['tutorial']) retrieved from /opt/conda/lib/python3.8/site-packages/airflow/example_dags/tutorial.py
[2022-11-02 16:59:40,813] {logging_mixin.py:115} INFO - [2022-11-02 16:59:40,813] {dag.py:2420} INFO - Sync 1 DAGs
[2022-11-02 16:59:40,831] {logging_mixin.py:115} INFO - [2022-11-02 16:59:40,831] {dag.py:2968} INFO - Setting next_dagrun for tutorial to 2022-11-01T16:59:40.831440+00:00, run_after=2022-11-02T16:59:40.831440+00:00
[2022-11-02 16:59:40,848] {processor.py:161} INFO - Processing /opt/conda/lib/python3.8/site-packages/airflow/example_dags/tutorial.py took 0.066 seconds
[2022-11-02 17:00:55,707] {processor.py:153} INFO - Started process (PID=12082) to work on /opt/conda/lib/python3.8/site-packages/airflow/example_dags/tutorial.py
[2022-11-02 17:00:55,708] {processor.py:641} INFO - Processing file /opt/conda/lib/python3.8/site-packages/airflow/example_dags/tutorial.py for tasks to queue
[2022-11-02 17:00:55,708] {logging_mixin.py:115} INFO - [2022-11-02 17:00:55,708] {dagbag.py:508} INFO - Filling up the DagBag from /opt/conda/lib/python3.8/site-packages/airflow/example_dags/tutorial.py
[2022-11-02 17:00:55,715] {processor.py:651} INFO - DAG(s) dict_keys(['tutorial']) retrieved from /opt/conda/lib/python3.8/site-packages/airflow/example_dags/tutorial.py
[2022-11-02 17:00:55,735] {logging_mixin.py:115} INFO - [2022-11-02 17:00:55,735] {dag.py:2420} INFO - Sync 1 DAGs
[2022-11-02 17:00:55,755] {logging_mixin.py:115} INFO - [2022-11-02 17:00:55,755] {dag.py:2968} INFO - Setting next_dagrun for tutorial to 2022-11-01T17:00:55.754777+00:00, run_after=2022-11-02T17:00:55.754777+00:00
[2022-11-02 17:00:55,772] {processor.py:161} INFO - Processing /opt/conda/lib/python3.8/site-packages/airflow/example_dags/tutorial.py took 0.072 seconds
[2022-11-02 17:01:58,159] {processor.py:153} INFO - Started process (PID=12246) to work on /opt/conda/lib/python3.8/site-packages/airflow/example_dags/tutorial.py
[2022-11-02 17:01:58,160] {processor.py:641} INFO - Processing file /opt/conda/lib/python3.8/site-packages/airflow/example_dags/tutorial.py for tasks to queue
[2022-11-02 17:01:58,161] {logging_mixin.py:115} INFO - [2022-11-02 17:01:58,161] {dagbag.py:508} INFO - Filling up the DagBag from /opt/conda/lib/python3.8/site-packages/airflow/example_dags/tutorial.py
[2022-11-02 17:01:58,168] {processor.py:651} INFO - DAG(s) dict_keys(['tutorial']) retrieved from /opt/conda/lib/python3.8/site-packages/airflow/example_dags/tutorial.py
[2022-11-02 17:01:58,186] {logging_mixin.py:115} INFO - [2022-11-02 17:01:58,186] {dag.py:2420} INFO - Sync 1 DAGs
[2022-11-02 17:01:58,205] {logging_mixin.py:115} INFO - [2022-11-02 17:01:58,205] {dag.py:2968} INFO - Setting next_dagrun for tutorial to 2022-11-01T17:01:58.204750+00:00, run_after=2022-11-02T17:01:58.204750+00:00
[2022-11-02 17:01:58,223] {processor.py:161} INFO - Processing /opt/conda/lib/python3.8/site-packages/airflow/example_dags/tutorial.py took 0.068 seconds
[2022-11-02 17:03:02,321] {processor.py:153} INFO - Started process (PID=12410) to work on /opt/conda/lib/python3.8/site-packages/airflow/example_dags/tutorial.py
[2022-11-02 17:03:02,323] {processor.py:641} INFO - Processing file /opt/conda/lib/python3.8/site-packages/airflow/example_dags/tutorial.py for tasks to queue
[2022-11-02 17:03:02,323] {logging_mixin.py:115} INFO - [2022-11-02 17:03:02,323] {dagbag.py:508} INFO - Filling up the DagBag from /opt/conda/lib/python3.8/site-packages/airflow/example_dags/tutorial.py
[2022-11-02 17:03:02,329] {processor.py:651} INFO - DAG(s) dict_keys(['tutorial']) retrieved from /opt/conda/lib/python3.8/site-packages/airflow/example_dags/tutorial.py
[2022-11-02 17:03:02,347] {logging_mixin.py:115} INFO - [2022-11-02 17:03:02,347] {dag.py:2420} INFO - Sync 1 DAGs
[2022-11-02 17:03:02,366] {logging_mixin.py:115} INFO - [2022-11-02 17:03:02,366] {dag.py:2968} INFO - Setting next_dagrun for tutorial to 2022-11-01T17:03:02.366148+00:00, run_after=2022-11-02T17:03:02.366148+00:00
[2022-11-02 17:03:02,377] {processor.py:161} INFO - Processing /opt/conda/lib/python3.8/site-packages/airflow/example_dags/tutorial.py took 0.062 seconds
[2022-11-02 17:04:01,208] {processor.py:153} INFO - Started process (PID=12572) to work on /opt/conda/lib/python3.8/site-packages/airflow/example_dags/tutorial.py
[2022-11-02 17:04:01,209] {processor.py:641} INFO - Processing file /opt/conda/lib/python3.8/site-packages/airflow/example_dags/tutorial.py for tasks to queue
[2022-11-02 17:04:01,210] {logging_mixin.py:115} INFO - [2022-11-02 17:04:01,210] {dagbag.py:508} INFO - Filling up the DagBag from /opt/conda/lib/python3.8/site-packages/airflow/example_dags/tutorial.py
[2022-11-02 17:04:01,216] {processor.py:651} INFO - DAG(s) dict_keys(['tutorial']) retrieved from /opt/conda/lib/python3.8/site-packages/airflow/example_dags/tutorial.py
[2022-11-02 17:04:01,230] {logging_mixin.py:115} INFO - [2022-11-02 17:04:01,230] {dag.py:2420} INFO - Sync 1 DAGs
[2022-11-02 17:04:01,243] {logging_mixin.py:115} INFO - [2022-11-02 17:04:01,243] {dag.py:2968} INFO - Setting next_dagrun for tutorial to 2022-11-01T17:04:01.243403+00:00, run_after=2022-11-02T17:04:01.243403+00:00
[2022-11-02 17:04:01,260] {processor.py:161} INFO - Processing /opt/conda/lib/python3.8/site-packages/airflow/example_dags/tutorial.py took 0.057 seconds
[2022-11-02 17:05:07,268] {processor.py:153} INFO - Started process (PID=12737) to work on /opt/conda/lib/python3.8/site-packages/airflow/example_dags/tutorial.py
[2022-11-02 17:05:07,269] {processor.py:641} INFO - Processing file /opt/conda/lib/python3.8/site-packages/airflow/example_dags/tutorial.py for tasks to queue
[2022-11-02 17:05:07,270] {logging_mixin.py:115} INFO - [2022-11-02 17:05:07,270] {dagbag.py:508} INFO - Filling up the DagBag from /opt/conda/lib/python3.8/site-packages/airflow/example_dags/tutorial.py
[2022-11-02 17:05:07,276] {processor.py:651} INFO - DAG(s) dict_keys(['tutorial']) retrieved from /opt/conda/lib/python3.8/site-packages/airflow/example_dags/tutorial.py
[2022-11-02 17:05:07,295] {logging_mixin.py:115} INFO - [2022-11-02 17:05:07,295] {dag.py:2420} INFO - Sync 1 DAGs
[2022-11-02 17:05:07,314] {logging_mixin.py:115} INFO - [2022-11-02 17:05:07,314] {dag.py:2968} INFO - Setting next_dagrun for tutorial to 2022-11-01T17:05:07.313755+00:00, run_after=2022-11-02T17:05:07.313755+00:00
[2022-11-02 17:05:07,325] {processor.py:161} INFO - Processing /opt/conda/lib/python3.8/site-packages/airflow/example_dags/tutorial.py took 0.062 seconds
[2022-11-02 17:06:14,373] {processor.py:153} INFO - Started process (PID=12905) to work on /opt/conda/lib/python3.8/site-packages/airflow/example_dags/tutorial.py
[2022-11-02 17:06:14,373] {processor.py:641} INFO - Processing file /opt/conda/lib/python3.8/site-packages/airflow/example_dags/tutorial.py for tasks to queue
[2022-11-02 17:06:14,374] {logging_mixin.py:115} INFO - [2022-11-02 17:06:14,374] {dagbag.py:508} INFO - Filling up the DagBag from /opt/conda/lib/python3.8/site-packages/airflow/example_dags/tutorial.py
[2022-11-02 17:06:14,382] {processor.py:651} INFO - DAG(s) dict_keys(['tutorial']) retrieved from /opt/conda/lib/python3.8/site-packages/airflow/example_dags/tutorial.py
[2022-11-02 17:06:14,401] {logging_mixin.py:115} INFO - [2022-11-02 17:06:14,401] {dag.py:2420} INFO - Sync 1 DAGs
[2022-11-02 17:06:14,420] {logging_mixin.py:115} INFO - [2022-11-02 17:06:14,420] {dag.py:2968} INFO - Setting next_dagrun for tutorial to 2022-11-01T17:06:14.420477+00:00, run_after=2022-11-02T17:06:14.420477+00:00
[2022-11-02 17:06:14,432] {processor.py:161} INFO - Processing /opt/conda/lib/python3.8/site-packages/airflow/example_dags/tutorial.py took 0.064 seconds
[2022-11-02 17:07:17,226] {processor.py:153} INFO - Started process (PID=13068) to work on /opt/conda/lib/python3.8/site-packages/airflow/example_dags/tutorial.py
[2022-11-02 17:07:17,227] {processor.py:641} INFO - Processing file /opt/conda/lib/python3.8/site-packages/airflow/example_dags/tutorial.py for tasks to queue
[2022-11-02 17:07:17,227] {logging_mixin.py:115} INFO - [2022-11-02 17:07:17,227] {dagbag.py:508} INFO - Filling up the DagBag from /opt/conda/lib/python3.8/site-packages/airflow/example_dags/tutorial.py
[2022-11-02 17:07:17,233] {processor.py:651} INFO - DAG(s) dict_keys(['tutorial']) retrieved from /opt/conda/lib/python3.8/site-packages/airflow/example_dags/tutorial.py
[2022-11-02 17:07:17,252] {logging_mixin.py:115} INFO - [2022-11-02 17:07:17,252] {dag.py:2420} INFO - Sync 1 DAGs
[2022-11-02 17:07:17,272] {logging_mixin.py:115} INFO - [2022-11-02 17:07:17,271] {dag.py:2968} INFO - Setting next_dagrun for tutorial to 2022-11-01T17:07:17.271627+00:00, run_after=2022-11-02T17:07:17.271627+00:00
[2022-11-02 17:07:17,283] {processor.py:161} INFO - Processing /opt/conda/lib/python3.8/site-packages/airflow/example_dags/tutorial.py took 0.064 seconds
[2022-11-02 17:08:22,246] {processor.py:153} INFO - Started process (PID=13234) to work on /opt/conda/lib/python3.8/site-packages/airflow/example_dags/tutorial.py
[2022-11-02 17:08:22,247] {processor.py:641} INFO - Processing file /opt/conda/lib/python3.8/site-packages/airflow/example_dags/tutorial.py for tasks to queue
[2022-11-02 17:08:22,248] {logging_mixin.py:115} INFO - [2022-11-02 17:08:22,248] {dagbag.py:508} INFO - Filling up the DagBag from /opt/conda/lib/python3.8/site-packages/airflow/example_dags/tutorial.py
[2022-11-02 17:08:22,253] {processor.py:651} INFO - DAG(s) dict_keys(['tutorial']) retrieved from /opt/conda/lib/python3.8/site-packages/airflow/example_dags/tutorial.py
[2022-11-02 17:08:22,271] {logging_mixin.py:115} INFO - [2022-11-02 17:08:22,271] {dag.py:2420} INFO - Sync 1 DAGs
[2022-11-02 17:08:22,290] {logging_mixin.py:115} INFO - [2022-11-02 17:08:22,290] {dag.py:2968} INFO - Setting next_dagrun for tutorial to 2022-11-01T17:08:22.290476+00:00, run_after=2022-11-02T17:08:22.290476+00:00
[2022-11-02 17:08:22,305] {processor.py:161} INFO - Processing /opt/conda/lib/python3.8/site-packages/airflow/example_dags/tutorial.py took 0.065 seconds
[2022-11-02 17:09:23,930] {processor.py:153} INFO - Started process (PID=13398) to work on /opt/conda/lib/python3.8/site-packages/airflow/example_dags/tutorial.py
[2022-11-02 17:09:23,931] {processor.py:641} INFO - Processing file /opt/conda/lib/python3.8/site-packages/airflow/example_dags/tutorial.py for tasks to queue
[2022-11-02 17:09:23,932] {logging_mixin.py:115} INFO - [2022-11-02 17:09:23,932] {dagbag.py:508} INFO - Filling up the DagBag from /opt/conda/lib/python3.8/site-packages/airflow/example_dags/tutorial.py
[2022-11-02 17:09:23,937] {processor.py:651} INFO - DAG(s) dict_keys(['tutorial']) retrieved from /opt/conda/lib/python3.8/site-packages/airflow/example_dags/tutorial.py
[2022-11-02 17:09:23,955] {logging_mixin.py:115} INFO - [2022-11-02 17:09:23,955] {dag.py:2420} INFO - Sync 1 DAGs
[2022-11-02 17:09:23,974] {logging_mixin.py:115} INFO - [2022-11-02 17:09:23,974] {dag.py:2968} INFO - Setting next_dagrun for tutorial to 2022-11-01T17:09:23.974154+00:00, run_after=2022-11-02T17:09:23.974154+00:00
[2022-11-02 17:09:23,988] {processor.py:161} INFO - Processing /opt/conda/lib/python3.8/site-packages/airflow/example_dags/tutorial.py took 0.064 seconds
[2022-11-02 17:10:24,296] {processor.py:153} INFO - Started process (PID=13561) to work on /opt/conda/lib/python3.8/site-packages/airflow/example_dags/tutorial.py
[2022-11-02 17:10:24,297] {processor.py:641} INFO - Processing file /opt/conda/lib/python3.8/site-packages/airflow/example_dags/tutorial.py for tasks to queue
[2022-11-02 17:10:24,297] {logging_mixin.py:115} INFO - [2022-11-02 17:10:24,297] {dagbag.py:508} INFO - Filling up the DagBag from /opt/conda/lib/python3.8/site-packages/airflow/example_dags/tutorial.py
[2022-11-02 17:10:24,303] {processor.py:651} INFO - DAG(s) dict_keys(['tutorial']) retrieved from /opt/conda/lib/python3.8/site-packages/airflow/example_dags/tutorial.py
[2022-11-02 17:10:24,321] {logging_mixin.py:115} INFO - [2022-11-02 17:10:24,321] {dag.py:2420} INFO - Sync 1 DAGs
[2022-11-02 17:10:24,340] {logging_mixin.py:115} INFO - [2022-11-02 17:10:24,340] {dag.py:2968} INFO - Setting next_dagrun for tutorial to 2022-11-01T17:10:24.340385+00:00, run_after=2022-11-02T17:10:24.340385+00:00
[2022-11-02 17:10:24,351] {processor.py:161} INFO - Processing /opt/conda/lib/python3.8/site-packages/airflow/example_dags/tutorial.py took 0.061 seconds
[2022-11-02 17:11:30,765] {processor.py:153} INFO - Started process (PID=13725) to work on /opt/conda/lib/python3.8/site-packages/airflow/example_dags/tutorial.py
[2022-11-02 17:11:30,767] {processor.py:641} INFO - Processing file /opt/conda/lib/python3.8/site-packages/airflow/example_dags/tutorial.py for tasks to queue
[2022-11-02 17:11:30,767] {logging_mixin.py:115} INFO - [2022-11-02 17:11:30,767] {dagbag.py:508} INFO - Filling up the DagBag from /opt/conda/lib/python3.8/site-packages/airflow/example_dags/tutorial.py
[2022-11-02 17:11:30,773] {processor.py:651} INFO - DAG(s) dict_keys(['tutorial']) retrieved from /opt/conda/lib/python3.8/site-packages/airflow/example_dags/tutorial.py
[2022-11-02 17:11:30,790] {logging_mixin.py:115} INFO - [2022-11-02 17:11:30,790] {dag.py:2420} INFO - Sync 1 DAGs
[2022-11-02 17:11:30,809] {logging_mixin.py:115} INFO - [2022-11-02 17:11:30,809] {dag.py:2968} INFO - Setting next_dagrun for tutorial to 2022-11-01T17:11:30.809337+00:00, run_after=2022-11-02T17:11:30.809337+00:00
[2022-11-02 17:11:30,820] {processor.py:161} INFO - Processing /opt/conda/lib/python3.8/site-packages/airflow/example_dags/tutorial.py took 0.060 seconds
[2022-11-02 17:12:31,584] {processor.py:153} INFO - Started process (PID=13889) to work on /opt/conda/lib/python3.8/site-packages/airflow/example_dags/tutorial.py
[2022-11-02 17:12:31,585] {processor.py:641} INFO - Processing file /opt/conda/lib/python3.8/site-packages/airflow/example_dags/tutorial.py for tasks to queue
[2022-11-02 17:12:31,586] {logging_mixin.py:115} INFO - [2022-11-02 17:12:31,585] {dagbag.py:508} INFO - Filling up the DagBag from /opt/conda/lib/python3.8/site-packages/airflow/example_dags/tutorial.py
[2022-11-02 17:12:31,591] {processor.py:651} INFO - DAG(s) dict_keys(['tutorial']) retrieved from /opt/conda/lib/python3.8/site-packages/airflow/example_dags/tutorial.py
[2022-11-02 17:12:31,610] {logging_mixin.py:115} INFO - [2022-11-02 17:12:31,610] {dag.py:2420} INFO - Sync 1 DAGs
[2022-11-02 17:12:31,629] {logging_mixin.py:115} INFO - [2022-11-02 17:12:31,629] {dag.py:2968} INFO - Setting next_dagrun for tutorial to 2022-11-01T17:12:31.629079+00:00, run_after=2022-11-02T17:12:31.629079+00:00
[2022-11-02 17:12:31,647] {processor.py:161} INFO - Processing /opt/conda/lib/python3.8/site-packages/airflow/example_dags/tutorial.py took 0.069 seconds
[2022-11-02 17:13:30,679] {processor.py:153} INFO - Started process (PID=14049) to work on /opt/conda/lib/python3.8/site-packages/airflow/example_dags/tutorial.py
[2022-11-02 17:13:30,680] {processor.py:641} INFO - Processing file /opt/conda/lib/python3.8/site-packages/airflow/example_dags/tutorial.py for tasks to queue
[2022-11-02 17:13:30,680] {logging_mixin.py:115} INFO - [2022-11-02 17:13:30,680] {dagbag.py:508} INFO - Filling up the DagBag from /opt/conda/lib/python3.8/site-packages/airflow/example_dags/tutorial.py
[2022-11-02 17:13:30,686] {processor.py:651} INFO - DAG(s) dict_keys(['tutorial']) retrieved from /opt/conda/lib/python3.8/site-packages/airflow/example_dags/tutorial.py
[2022-11-02 17:13:30,704] {logging_mixin.py:115} INFO - [2022-11-02 17:13:30,704] {dag.py:2420} INFO - Sync 1 DAGs
[2022-11-02 17:13:30,724] {logging_mixin.py:115} INFO - [2022-11-02 17:13:30,723] {dag.py:2968} INFO - Setting next_dagrun for tutorial to 2022-11-01T17:13:30.723596+00:00, run_after=2022-11-02T17:13:30.723596+00:00
[2022-11-02 17:13:30,738] {processor.py:161} INFO - Processing /opt/conda/lib/python3.8/site-packages/airflow/example_dags/tutorial.py took 0.065 seconds
[2022-11-02 17:14:31,684] {processor.py:153} INFO - Started process (PID=14213) to work on /opt/conda/lib/python3.8/site-packages/airflow/example_dags/tutorial.py
[2022-11-02 17:14:31,685] {processor.py:641} INFO - Processing file /opt/conda/lib/python3.8/site-packages/airflow/example_dags/tutorial.py for tasks to queue
[2022-11-02 17:14:31,686] {logging_mixin.py:115} INFO - [2022-11-02 17:14:31,686] {dagbag.py:508} INFO - Filling up the DagBag from /opt/conda/lib/python3.8/site-packages/airflow/example_dags/tutorial.py
[2022-11-02 17:14:31,692] {processor.py:651} INFO - DAG(s) dict_keys(['tutorial']) retrieved from /opt/conda/lib/python3.8/site-packages/airflow/example_dags/tutorial.py
[2022-11-02 17:14:31,710] {logging_mixin.py:115} INFO - [2022-11-02 17:14:31,710] {dag.py:2420} INFO - Sync 1 DAGs
[2022-11-02 17:14:31,729] {logging_mixin.py:115} INFO - [2022-11-02 17:14:31,729] {dag.py:2968} INFO - Setting next_dagrun for tutorial to 2022-11-01T17:14:31.729131+00:00, run_after=2022-11-02T17:14:31.729131+00:00
[2022-11-02 17:14:31,740] {processor.py:161} INFO - Processing /opt/conda/lib/python3.8/site-packages/airflow/example_dags/tutorial.py took 0.061 seconds
[2022-11-02 17:15:34,658] {processor.py:153} INFO - Started process (PID=14376) to work on /opt/conda/lib/python3.8/site-packages/airflow/example_dags/tutorial.py
[2022-11-02 17:15:34,659] {processor.py:641} INFO - Processing file /opt/conda/lib/python3.8/site-packages/airflow/example_dags/tutorial.py for tasks to queue
[2022-11-02 17:15:34,659] {logging_mixin.py:115} INFO - [2022-11-02 17:15:34,659] {dagbag.py:508} INFO - Filling up the DagBag from /opt/conda/lib/python3.8/site-packages/airflow/example_dags/tutorial.py
[2022-11-02 17:15:34,665] {processor.py:651} INFO - DAG(s) dict_keys(['tutorial']) retrieved from /opt/conda/lib/python3.8/site-packages/airflow/example_dags/tutorial.py
[2022-11-02 17:15:34,683] {logging_mixin.py:115} INFO - [2022-11-02 17:15:34,683] {dag.py:2420} INFO - Sync 1 DAGs
[2022-11-02 17:15:34,702] {logging_mixin.py:115} INFO - [2022-11-02 17:15:34,702] {dag.py:2968} INFO - Setting next_dagrun for tutorial to 2022-11-01T17:15:34.702194+00:00, run_after=2022-11-02T17:15:34.702194+00:00
[2022-11-02 17:15:34,720] {processor.py:161} INFO - Processing /opt/conda/lib/python3.8/site-packages/airflow/example_dags/tutorial.py took 0.068 seconds
[2022-11-02 17:16:33,542] {processor.py:153} INFO - Started process (PID=14539) to work on /opt/conda/lib/python3.8/site-packages/airflow/example_dags/tutorial.py
[2022-11-02 17:16:33,542] {processor.py:641} INFO - Processing file /opt/conda/lib/python3.8/site-packages/airflow/example_dags/tutorial.py for tasks to queue
[2022-11-02 17:16:33,543] {logging_mixin.py:115} INFO - [2022-11-02 17:16:33,543] {dagbag.py:508} INFO - Filling up the DagBag from /opt/conda/lib/python3.8/site-packages/airflow/example_dags/tutorial.py
[2022-11-02 17:16:33,548] {processor.py:651} INFO - DAG(s) dict_keys(['tutorial']) retrieved from /opt/conda/lib/python3.8/site-packages/airflow/example_dags/tutorial.py
[2022-11-02 17:16:33,566] {logging_mixin.py:115} INFO - [2022-11-02 17:16:33,566] {dag.py:2420} INFO - Sync 1 DAGs
[2022-11-02 17:16:33,585] {logging_mixin.py:115} INFO - [2022-11-02 17:16:33,585] {dag.py:2968} INFO - Setting next_dagrun for tutorial to 2022-11-01T17:16:33.584762+00:00, run_after=2022-11-02T17:16:33.584762+00:00
[2022-11-02 17:16:33,603] {processor.py:161} INFO - Processing /opt/conda/lib/python3.8/site-packages/airflow/example_dags/tutorial.py took 0.066 seconds
[2022-11-02 17:17:22,750] {processor.py:153} INFO - Started process (PID=14675) to work on /opt/conda/lib/python3.8/site-packages/airflow/example_dags/tutorial.py
[2022-11-02 17:17:22,751] {processor.py:641} INFO - Processing file /opt/conda/lib/python3.8/site-packages/airflow/example_dags/tutorial.py for tasks to queue
[2022-11-02 17:17:22,752] {logging_mixin.py:115} INFO - [2022-11-02 17:17:22,752] {dagbag.py:508} INFO - Filling up the DagBag from /opt/conda/lib/python3.8/site-packages/airflow/example_dags/tutorial.py
[2022-11-02 17:17:22,757] {processor.py:651} INFO - DAG(s) dict_keys(['tutorial']) retrieved from /opt/conda/lib/python3.8/site-packages/airflow/example_dags/tutorial.py
[2022-11-02 17:17:22,775] {logging_mixin.py:115} INFO - [2022-11-02 17:17:22,775] {dag.py:2420} INFO - Sync 1 DAGs
[2022-11-02 17:17:22,794] {logging_mixin.py:115} INFO - [2022-11-02 17:17:22,794] {dag.py:2968} INFO - Setting next_dagrun for tutorial to 2022-11-01T17:17:22.794288+00:00, run_after=2022-11-02T17:17:22.794288+00:00
[2022-11-02 17:17:22,810] {processor.py:161} INFO - Processing /opt/conda/lib/python3.8/site-packages/airflow/example_dags/tutorial.py took 0.066 seconds
[2022-11-02 17:18:14,571] {processor.py:153} INFO - Started process (PID=14808) to work on /opt/conda/lib/python3.8/site-packages/airflow/example_dags/tutorial.py
[2022-11-02 17:18:14,572] {processor.py:641} INFO - Processing file /opt/conda/lib/python3.8/site-packages/airflow/example_dags/tutorial.py for tasks to queue
[2022-11-02 17:18:14,573] {logging_mixin.py:115} INFO - [2022-11-02 17:18:14,573] {dagbag.py:508} INFO - Filling up the DagBag from /opt/conda/lib/python3.8/site-packages/airflow/example_dags/tutorial.py
[2022-11-02 17:18:14,578] {processor.py:651} INFO - DAG(s) dict_keys(['tutorial']) retrieved from /opt/conda/lib/python3.8/site-packages/airflow/example_dags/tutorial.py
[2022-11-02 17:18:14,597] {logging_mixin.py:115} INFO - [2022-11-02 17:18:14,597] {dag.py:2420} INFO - Sync 1 DAGs
[2022-11-02 17:18:14,616] {logging_mixin.py:115} INFO - [2022-11-02 17:18:14,616] {dag.py:2968} INFO - Setting next_dagrun for tutorial to 2022-11-01T17:18:14.616328+00:00, run_after=2022-11-02T17:18:14.616328+00:00
[2022-11-02 17:18:14,627] {processor.py:161} INFO - Processing /opt/conda/lib/python3.8/site-packages/airflow/example_dags/tutorial.py took 0.063 seconds
[2022-11-02 17:19:16,111] {processor.py:153} INFO - Started process (PID=14970) to work on /opt/conda/lib/python3.8/site-packages/airflow/example_dags/tutorial.py
[2022-11-02 17:19:16,112] {processor.py:641} INFO - Processing file /opt/conda/lib/python3.8/site-packages/airflow/example_dags/tutorial.py for tasks to queue
[2022-11-02 17:19:16,113] {logging_mixin.py:115} INFO - [2022-11-02 17:19:16,113] {dagbag.py:508} INFO - Filling up the DagBag from /opt/conda/lib/python3.8/site-packages/airflow/example_dags/tutorial.py
[2022-11-02 17:19:16,118] {processor.py:651} INFO - DAG(s) dict_keys(['tutorial']) retrieved from /opt/conda/lib/python3.8/site-packages/airflow/example_dags/tutorial.py
[2022-11-02 17:19:16,137] {logging_mixin.py:115} INFO - [2022-11-02 17:19:16,136] {dag.py:2420} INFO - Sync 1 DAGs
[2022-11-02 17:19:16,155] {logging_mixin.py:115} INFO - [2022-11-02 17:19:16,155] {dag.py:2968} INFO - Setting next_dagrun for tutorial to 2022-11-01T17:19:16.155482+00:00, run_after=2022-11-02T17:19:16.155482+00:00
[2022-11-02 17:19:16,167] {processor.py:161} INFO - Processing /opt/conda/lib/python3.8/site-packages/airflow/example_dags/tutorial.py took 0.061 seconds
[2022-11-02 17:20:15,667] {processor.py:153} INFO - Started process (PID=15132) to work on /opt/conda/lib/python3.8/site-packages/airflow/example_dags/tutorial.py
[2022-11-02 17:20:15,668] {processor.py:641} INFO - Processing file /opt/conda/lib/python3.8/site-packages/airflow/example_dags/tutorial.py for tasks to queue
[2022-11-02 17:20:15,668] {logging_mixin.py:115} INFO - [2022-11-02 17:20:15,668] {dagbag.py:508} INFO - Filling up the DagBag from /opt/conda/lib/python3.8/site-packages/airflow/example_dags/tutorial.py
[2022-11-02 17:20:15,674] {processor.py:651} INFO - DAG(s) dict_keys(['tutorial']) retrieved from /opt/conda/lib/python3.8/site-packages/airflow/example_dags/tutorial.py
[2022-11-02 17:20:15,692] {logging_mixin.py:115} INFO - [2022-11-02 17:20:15,692] {dag.py:2420} INFO - Sync 1 DAGs
[2022-11-02 17:20:15,711] {logging_mixin.py:115} INFO - [2022-11-02 17:20:15,711] {dag.py:2968} INFO - Setting next_dagrun for tutorial to 2022-11-01T17:20:15.710763+00:00, run_after=2022-11-02T17:20:15.710763+00:00
[2022-11-02 17:20:15,722] {processor.py:161} INFO - Processing /opt/conda/lib/python3.8/site-packages/airflow/example_dags/tutorial.py took 0.061 seconds
[2022-11-02 17:21:20,695] {processor.py:153} INFO - Started process (PID=15297) to work on /opt/conda/lib/python3.8/site-packages/airflow/example_dags/tutorial.py
[2022-11-02 17:21:20,697] {processor.py:641} INFO - Processing file /opt/conda/lib/python3.8/site-packages/airflow/example_dags/tutorial.py for tasks to queue
[2022-11-02 17:21:20,698] {logging_mixin.py:115} INFO - [2022-11-02 17:21:20,698] {dagbag.py:508} INFO - Filling up the DagBag from /opt/conda/lib/python3.8/site-packages/airflow/example_dags/tutorial.py
[2022-11-02 17:21:20,704] {processor.py:651} INFO - DAG(s) dict_keys(['tutorial']) retrieved from /opt/conda/lib/python3.8/site-packages/airflow/example_dags/tutorial.py
[2022-11-02 17:21:20,723] {logging_mixin.py:115} INFO - [2022-11-02 17:21:20,723] {dag.py:2420} INFO - Sync 1 DAGs
[2022-11-02 17:21:20,742] {logging_mixin.py:115} INFO - [2022-11-02 17:21:20,741] {dag.py:2968} INFO - Setting next_dagrun for tutorial to 2022-11-01T17:21:20.741642+00:00, run_after=2022-11-02T17:21:20.741642+00:00
[2022-11-02 17:21:20,753] {processor.py:161} INFO - Processing /opt/conda/lib/python3.8/site-packages/airflow/example_dags/tutorial.py took 0.062 seconds
[2022-11-02 17:22:18,582] {processor.py:153} INFO - Started process (PID=15459) to work on /opt/conda/lib/python3.8/site-packages/airflow/example_dags/tutorial.py
[2022-11-02 17:22:18,583] {processor.py:641} INFO - Processing file /opt/conda/lib/python3.8/site-packages/airflow/example_dags/tutorial.py for tasks to queue
[2022-11-02 17:22:18,584] {logging_mixin.py:115} INFO - [2022-11-02 17:22:18,584] {dagbag.py:508} INFO - Filling up the DagBag from /opt/conda/lib/python3.8/site-packages/airflow/example_dags/tutorial.py
[2022-11-02 17:22:18,590] {processor.py:651} INFO - DAG(s) dict_keys(['tutorial']) retrieved from /opt/conda/lib/python3.8/site-packages/airflow/example_dags/tutorial.py
[2022-11-02 17:22:18,608] {logging_mixin.py:115} INFO - [2022-11-02 17:22:18,608] {dag.py:2420} INFO - Sync 1 DAGs
[2022-11-02 17:22:18,627] {logging_mixin.py:115} INFO - [2022-11-02 17:22:18,627] {dag.py:2968} INFO - Setting next_dagrun for tutorial to 2022-11-01T17:22:18.627461+00:00, run_after=2022-11-02T17:22:18.627461+00:00
[2022-11-02 17:22:18,639] {processor.py:161} INFO - Processing /opt/conda/lib/python3.8/site-packages/airflow/example_dags/tutorial.py took 0.063 seconds
[2022-11-02 17:23:19,295] {processor.py:153} INFO - Started process (PID=15621) to work on /opt/conda/lib/python3.8/site-packages/airflow/example_dags/tutorial.py
[2022-11-02 17:23:19,296] {processor.py:641} INFO - Processing file /opt/conda/lib/python3.8/site-packages/airflow/example_dags/tutorial.py for tasks to queue
[2022-11-02 17:23:19,297] {logging_mixin.py:115} INFO - [2022-11-02 17:23:19,297] {dagbag.py:508} INFO - Filling up the DagBag from /opt/conda/lib/python3.8/site-packages/airflow/example_dags/tutorial.py
[2022-11-02 17:23:19,303] {processor.py:651} INFO - DAG(s) dict_keys(['tutorial']) retrieved from /opt/conda/lib/python3.8/site-packages/airflow/example_dags/tutorial.py
[2022-11-02 17:23:19,321] {logging_mixin.py:115} INFO - [2022-11-02 17:23:19,321] {dag.py:2420} INFO - Sync 1 DAGs
[2022-11-02 17:23:19,340] {logging_mixin.py:115} INFO - [2022-11-02 17:23:19,340] {dag.py:2968} INFO - Setting next_dagrun for tutorial to 2022-11-01T17:23:19.340137+00:00, run_after=2022-11-02T17:23:19.340137+00:00
[2022-11-02 17:23:19,354] {processor.py:161} INFO - Processing /opt/conda/lib/python3.8/site-packages/airflow/example_dags/tutorial.py took 0.065 seconds
[2022-11-02 17:24:20,075] {processor.py:153} INFO - Started process (PID=15784) to work on /opt/conda/lib/python3.8/site-packages/airflow/example_dags/tutorial.py
[2022-11-02 17:24:20,076] {processor.py:641} INFO - Processing file /opt/conda/lib/python3.8/site-packages/airflow/example_dags/tutorial.py for tasks to queue
[2022-11-02 17:24:20,077] {logging_mixin.py:115} INFO - [2022-11-02 17:24:20,077] {dagbag.py:508} INFO - Filling up the DagBag from /opt/conda/lib/python3.8/site-packages/airflow/example_dags/tutorial.py
[2022-11-02 17:24:20,084] {processor.py:651} INFO - DAG(s) dict_keys(['tutorial']) retrieved from /opt/conda/lib/python3.8/site-packages/airflow/example_dags/tutorial.py
[2022-11-02 17:24:20,102] {logging_mixin.py:115} INFO - [2022-11-02 17:24:20,102] {dag.py:2420} INFO - Sync 1 DAGs
[2022-11-02 17:24:20,121] {logging_mixin.py:115} INFO - [2022-11-02 17:24:20,121] {dag.py:2968} INFO - Setting next_dagrun for tutorial to 2022-11-01T17:24:20.120779+00:00, run_after=2022-11-02T17:24:20.120779+00:00
[2022-11-02 17:24:20,132] {processor.py:161} INFO - Processing /opt/conda/lib/python3.8/site-packages/airflow/example_dags/tutorial.py took 0.061 seconds
[2022-11-02 17:25:23,690] {processor.py:153} INFO - Started process (PID=15947) to work on /opt/conda/lib/python3.8/site-packages/airflow/example_dags/tutorial.py
[2022-11-02 17:25:23,691] {processor.py:641} INFO - Processing file /opt/conda/lib/python3.8/site-packages/airflow/example_dags/tutorial.py for tasks to queue
[2022-11-02 17:25:23,692] {logging_mixin.py:115} INFO - [2022-11-02 17:25:23,692] {dagbag.py:508} INFO - Filling up the DagBag from /opt/conda/lib/python3.8/site-packages/airflow/example_dags/tutorial.py
[2022-11-02 17:25:23,697] {processor.py:651} INFO - DAG(s) dict_keys(['tutorial']) retrieved from /opt/conda/lib/python3.8/site-packages/airflow/example_dags/tutorial.py
[2022-11-02 17:25:23,716] {logging_mixin.py:115} INFO - [2022-11-02 17:25:23,715] {dag.py:2420} INFO - Sync 1 DAGs
[2022-11-02 17:25:23,734] {logging_mixin.py:115} INFO - [2022-11-02 17:25:23,734] {dag.py:2968} INFO - Setting next_dagrun for tutorial to 2022-11-01T17:25:23.734358+00:00, run_after=2022-11-02T17:25:23.734358+00:00
[2022-11-02 17:25:23,752] {processor.py:161} INFO - Processing /opt/conda/lib/python3.8/site-packages/airflow/example_dags/tutorial.py took 0.068 seconds
[2022-11-02 17:26:30,010] {processor.py:153} INFO - Started process (PID=16113) to work on /opt/conda/lib/python3.8/site-packages/airflow/example_dags/tutorial.py
[2022-11-02 17:26:30,011] {processor.py:641} INFO - Processing file /opt/conda/lib/python3.8/site-packages/airflow/example_dags/tutorial.py for tasks to queue
[2022-11-02 17:26:30,012] {logging_mixin.py:115} INFO - [2022-11-02 17:26:30,011] {dagbag.py:508} INFO - Filling up the DagBag from /opt/conda/lib/python3.8/site-packages/airflow/example_dags/tutorial.py
[2022-11-02 17:26:30,017] {processor.py:651} INFO - DAG(s) dict_keys(['tutorial']) retrieved from /opt/conda/lib/python3.8/site-packages/airflow/example_dags/tutorial.py
[2022-11-02 17:26:30,035] {logging_mixin.py:115} INFO - [2022-11-02 17:26:30,035] {dag.py:2420} INFO - Sync 1 DAGs
[2022-11-02 17:26:30,054] {logging_mixin.py:115} INFO - [2022-11-02 17:26:30,054] {dag.py:2968} INFO - Setting next_dagrun for tutorial to 2022-11-01T17:26:30.053996+00:00, run_after=2022-11-02T17:26:30.053996+00:00
[2022-11-02 17:26:30,065] {processor.py:161} INFO - Processing /opt/conda/lib/python3.8/site-packages/airflow/example_dags/tutorial.py took 0.061 seconds
[2022-11-02 17:27:36,296] {processor.py:153} INFO - Started process (PID=16279) to work on /opt/conda/lib/python3.8/site-packages/airflow/example_dags/tutorial.py
[2022-11-02 17:27:36,297] {processor.py:641} INFO - Processing file /opt/conda/lib/python3.8/site-packages/airflow/example_dags/tutorial.py for tasks to queue
[2022-11-02 17:27:36,298] {logging_mixin.py:115} INFO - [2022-11-02 17:27:36,298] {dagbag.py:508} INFO - Filling up the DagBag from /opt/conda/lib/python3.8/site-packages/airflow/example_dags/tutorial.py
[2022-11-02 17:27:36,303] {processor.py:651} INFO - DAG(s) dict_keys(['tutorial']) retrieved from /opt/conda/lib/python3.8/site-packages/airflow/example_dags/tutorial.py
[2022-11-02 17:27:36,322] {logging_mixin.py:115} INFO - [2022-11-02 17:27:36,322] {dag.py:2420} INFO - Sync 1 DAGs
[2022-11-02 17:27:36,340] {logging_mixin.py:115} INFO - [2022-11-02 17:27:36,340] {dag.py:2968} INFO - Setting next_dagrun for tutorial to 2022-11-01T17:27:36.340581+00:00, run_after=2022-11-02T17:27:36.340581+00:00
[2022-11-02 17:27:36,352] {processor.py:161} INFO - Processing /opt/conda/lib/python3.8/site-packages/airflow/example_dags/tutorial.py took 0.061 seconds
[2022-11-02 17:28:42,652] {processor.py:153} INFO - Started process (PID=16446) to work on /opt/conda/lib/python3.8/site-packages/airflow/example_dags/tutorial.py
[2022-11-02 17:28:42,653] {processor.py:641} INFO - Processing file /opt/conda/lib/python3.8/site-packages/airflow/example_dags/tutorial.py for tasks to queue
[2022-11-02 17:28:42,653] {logging_mixin.py:115} INFO - [2022-11-02 17:28:42,653] {dagbag.py:508} INFO - Filling up the DagBag from /opt/conda/lib/python3.8/site-packages/airflow/example_dags/tutorial.py
[2022-11-02 17:28:42,659] {processor.py:651} INFO - DAG(s) dict_keys(['tutorial']) retrieved from /opt/conda/lib/python3.8/site-packages/airflow/example_dags/tutorial.py
[2022-11-02 17:28:42,678] {logging_mixin.py:115} INFO - [2022-11-02 17:28:42,678] {dag.py:2420} INFO - Sync 1 DAGs
[2022-11-02 17:28:42,698] {logging_mixin.py:115} INFO - [2022-11-02 17:28:42,698] {dag.py:2968} INFO - Setting next_dagrun for tutorial to 2022-11-01T17:28:42.698405+00:00, run_after=2022-11-02T17:28:42.698405+00:00
[2022-11-02 17:28:42,711] {processor.py:161} INFO - Processing /opt/conda/lib/python3.8/site-packages/airflow/example_dags/tutorial.py took 0.062 seconds
