[2022-11-02 16:05:01,719] {processor.py:153} INFO - Started process (PID=1391) to work on /opt/conda/lib/python3.8/site-packages/airflow/example_dags/tutorial_etl_dag.py
[2022-11-02 16:05:01,720] {processor.py:641} INFO - Processing file /opt/conda/lib/python3.8/site-packages/airflow/example_dags/tutorial_etl_dag.py for tasks to queue
[2022-11-02 16:05:01,720] {logging_mixin.py:115} INFO - [2022-11-02 16:05:01,720] {dagbag.py:508} INFO - Filling up the DagBag from /opt/conda/lib/python3.8/site-packages/airflow/example_dags/tutorial_etl_dag.py
[2022-11-02 16:05:01,826] {processor.py:651} INFO - DAG(s) dict_keys(['tutorial_etl_dag']) retrieved from /opt/conda/lib/python3.8/site-packages/airflow/example_dags/tutorial_etl_dag.py
[2022-11-02 16:05:01,868] {logging_mixin.py:115} INFO - [2022-11-02 16:05:01,868] {manager.py:508} INFO - Created Permission View: can delete on DAG:tutorial_etl_dag
[2022-11-02 16:05:01,886] {logging_mixin.py:115} INFO - [2022-11-02 16:05:01,885] {manager.py:508} INFO - Created Permission View: can edit on DAG:tutorial_etl_dag
[2022-11-02 16:05:01,892] {logging_mixin.py:115} INFO - [2022-11-02 16:05:01,891] {manager.py:508} INFO - Created Permission View: can read on DAG:tutorial_etl_dag
[2022-11-02 16:05:01,892] {logging_mixin.py:115} INFO - [2022-11-02 16:05:01,892] {dag.py:2420} INFO - Sync 1 DAGs
[2022-11-02 16:05:01,899] {logging_mixin.py:115} INFO - [2022-11-02 16:05:01,899] {dag.py:2439} INFO - Creating ORM DAG for tutorial_etl_dag
[2022-11-02 16:05:01,909] {logging_mixin.py:115} INFO - [2022-11-02 16:05:01,909] {dag.py:2968} INFO - Setting next_dagrun for tutorial_etl_dag to None, run_after=None
[2022-11-02 16:05:01,922] {processor.py:161} INFO - Processing /opt/conda/lib/python3.8/site-packages/airflow/example_dags/tutorial_etl_dag.py took 0.208 seconds
[2022-11-02 16:05:58,376] {processor.py:153} INFO - Started process (PID=1512) to work on /opt/conda/lib/python3.8/site-packages/airflow/example_dags/tutorial_etl_dag.py
[2022-11-02 16:05:58,377] {processor.py:641} INFO - Processing file /opt/conda/lib/python3.8/site-packages/airflow/example_dags/tutorial_etl_dag.py for tasks to queue
[2022-11-02 16:05:58,377] {logging_mixin.py:115} INFO - [2022-11-02 16:05:58,377] {dagbag.py:508} INFO - Filling up the DagBag from /opt/conda/lib/python3.8/site-packages/airflow/example_dags/tutorial_etl_dag.py
[2022-11-02 16:05:58,490] {processor.py:651} INFO - DAG(s) dict_keys(['tutorial_etl_dag']) retrieved from /opt/conda/lib/python3.8/site-packages/airflow/example_dags/tutorial_etl_dag.py
[2022-11-02 16:05:58,500] {logging_mixin.py:115} INFO - [2022-11-02 16:05:58,500] {dag.py:2420} INFO - Sync 1 DAGs
[2022-11-02 16:05:58,512] {logging_mixin.py:115} INFO - [2022-11-02 16:05:58,511] {dag.py:2968} INFO - Setting next_dagrun for tutorial_etl_dag to None, run_after=None
[2022-11-02 16:05:58,527] {processor.py:161} INFO - Processing /opt/conda/lib/python3.8/site-packages/airflow/example_dags/tutorial_etl_dag.py took 0.157 seconds
[2022-11-02 16:06:55,486] {processor.py:153} INFO - Started process (PID=1634) to work on /opt/conda/lib/python3.8/site-packages/airflow/example_dags/tutorial_etl_dag.py
[2022-11-02 16:06:55,487] {processor.py:641} INFO - Processing file /opt/conda/lib/python3.8/site-packages/airflow/example_dags/tutorial_etl_dag.py for tasks to queue
[2022-11-02 16:06:55,488] {logging_mixin.py:115} INFO - [2022-11-02 16:06:55,487] {dagbag.py:508} INFO - Filling up the DagBag from /opt/conda/lib/python3.8/site-packages/airflow/example_dags/tutorial_etl_dag.py
[2022-11-02 16:06:55,617] {processor.py:651} INFO - DAG(s) dict_keys(['tutorial_etl_dag']) retrieved from /opt/conda/lib/python3.8/site-packages/airflow/example_dags/tutorial_etl_dag.py
[2022-11-02 16:06:55,627] {logging_mixin.py:115} INFO - [2022-11-02 16:06:55,627] {dag.py:2420} INFO - Sync 1 DAGs
[2022-11-02 16:06:55,638] {logging_mixin.py:115} INFO - [2022-11-02 16:06:55,638] {dag.py:2968} INFO - Setting next_dagrun for tutorial_etl_dag to None, run_after=None
[2022-11-02 16:06:55,646] {processor.py:161} INFO - Processing /opt/conda/lib/python3.8/site-packages/airflow/example_dags/tutorial_etl_dag.py took 0.166 seconds
[2022-11-02 16:08:12,270] {processor.py:153} INFO - Started process (PID=1981) to work on /opt/conda/lib/python3.8/site-packages/airflow/example_dags/tutorial_etl_dag.py
[2022-11-02 16:08:12,270] {processor.py:641} INFO - Processing file /opt/conda/lib/python3.8/site-packages/airflow/example_dags/tutorial_etl_dag.py for tasks to queue
[2022-11-02 16:08:12,271] {logging_mixin.py:115} INFO - [2022-11-02 16:08:12,271] {dagbag.py:508} INFO - Filling up the DagBag from /opt/conda/lib/python3.8/site-packages/airflow/example_dags/tutorial_etl_dag.py
[2022-11-02 16:08:12,377] {processor.py:651} INFO - DAG(s) dict_keys(['tutorial_etl_dag']) retrieved from /opt/conda/lib/python3.8/site-packages/airflow/example_dags/tutorial_etl_dag.py
[2022-11-02 16:08:12,387] {logging_mixin.py:115} INFO - [2022-11-02 16:08:12,387] {dag.py:2420} INFO - Sync 1 DAGs
[2022-11-02 16:08:12,398] {logging_mixin.py:115} INFO - [2022-11-02 16:08:12,398] {dag.py:2968} INFO - Setting next_dagrun for tutorial_etl_dag to None, run_after=None
[2022-11-02 16:08:12,414] {processor.py:161} INFO - Processing /opt/conda/lib/python3.8/site-packages/airflow/example_dags/tutorial_etl_dag.py took 0.150 seconds
[2022-11-02 16:09:28,346] {processor.py:153} INFO - Started process (PID=2200) to work on /opt/conda/lib/python3.8/site-packages/airflow/example_dags/tutorial_etl_dag.py
[2022-11-02 16:09:28,347] {processor.py:641} INFO - Processing file /opt/conda/lib/python3.8/site-packages/airflow/example_dags/tutorial_etl_dag.py for tasks to queue
[2022-11-02 16:09:28,347] {logging_mixin.py:115} INFO - [2022-11-02 16:09:28,347] {dagbag.py:508} INFO - Filling up the DagBag from /opt/conda/lib/python3.8/site-packages/airflow/example_dags/tutorial_etl_dag.py
[2022-11-02 16:09:28,355] {processor.py:651} INFO - DAG(s) dict_keys(['tutorial_etl_dag']) retrieved from /opt/conda/lib/python3.8/site-packages/airflow/example_dags/tutorial_etl_dag.py
[2022-11-02 16:09:28,372] {logging_mixin.py:115} INFO - [2022-11-02 16:09:28,372] {dag.py:2420} INFO - Sync 1 DAGs
[2022-11-02 16:09:28,391] {logging_mixin.py:115} INFO - [2022-11-02 16:09:28,391] {dag.py:2968} INFO - Setting next_dagrun for tutorial_etl_dag to None, run_after=None
[2022-11-02 16:09:28,401] {processor.py:161} INFO - Processing /opt/conda/lib/python3.8/site-packages/airflow/example_dags/tutorial_etl_dag.py took 0.062 seconds
[2022-11-02 16:10:31,080] {processor.py:153} INFO - Started process (PID=2361) to work on /opt/conda/lib/python3.8/site-packages/airflow/example_dags/tutorial_etl_dag.py
[2022-11-02 16:10:31,080] {processor.py:641} INFO - Processing file /opt/conda/lib/python3.8/site-packages/airflow/example_dags/tutorial_etl_dag.py for tasks to queue
[2022-11-02 16:10:31,081] {logging_mixin.py:115} INFO - [2022-11-02 16:10:31,081] {dagbag.py:508} INFO - Filling up the DagBag from /opt/conda/lib/python3.8/site-packages/airflow/example_dags/tutorial_etl_dag.py
[2022-11-02 16:10:31,089] {processor.py:651} INFO - DAG(s) dict_keys(['tutorial_etl_dag']) retrieved from /opt/conda/lib/python3.8/site-packages/airflow/example_dags/tutorial_etl_dag.py
[2022-11-02 16:10:31,107] {logging_mixin.py:115} INFO - [2022-11-02 16:10:31,107] {dag.py:2420} INFO - Sync 1 DAGs
[2022-11-02 16:10:31,126] {logging_mixin.py:115} INFO - [2022-11-02 16:10:31,126] {dag.py:2968} INFO - Setting next_dagrun for tutorial_etl_dag to None, run_after=None
[2022-11-02 16:10:31,137] {processor.py:161} INFO - Processing /opt/conda/lib/python3.8/site-packages/airflow/example_dags/tutorial_etl_dag.py took 0.063 seconds
[2022-11-02 16:11:30,645] {processor.py:153} INFO - Started process (PID=2546) to work on /opt/conda/lib/python3.8/site-packages/airflow/example_dags/tutorial_etl_dag.py
[2022-11-02 16:11:30,660] {processor.py:641} INFO - Processing file /opt/conda/lib/python3.8/site-packages/airflow/example_dags/tutorial_etl_dag.py for tasks to queue
[2022-11-02 16:11:30,660] {logging_mixin.py:115} INFO - [2022-11-02 16:11:30,660] {dagbag.py:508} INFO - Filling up the DagBag from /opt/conda/lib/python3.8/site-packages/airflow/example_dags/tutorial_etl_dag.py
[2022-11-02 16:11:30,667] {processor.py:651} INFO - DAG(s) dict_keys(['tutorial_etl_dag']) retrieved from /opt/conda/lib/python3.8/site-packages/airflow/example_dags/tutorial_etl_dag.py
[2022-11-02 16:11:30,698] {logging_mixin.py:115} INFO - [2022-11-02 16:11:30,698] {dag.py:2420} INFO - Sync 1 DAGs
[2022-11-02 16:11:30,715] {logging_mixin.py:115} INFO - [2022-11-02 16:11:30,715] {dag.py:2968} INFO - Setting next_dagrun for tutorial_etl_dag to None, run_after=None
[2022-11-02 16:11:30,725] {processor.py:161} INFO - Processing /opt/conda/lib/python3.8/site-packages/airflow/example_dags/tutorial_etl_dag.py took 0.083 seconds
[2022-11-02 16:12:37,783] {processor.py:153} INFO - Started process (PID=2871) to work on /opt/conda/lib/python3.8/site-packages/airflow/example_dags/tutorial_etl_dag.py
[2022-11-02 16:12:37,784] {processor.py:641} INFO - Processing file /opt/conda/lib/python3.8/site-packages/airflow/example_dags/tutorial_etl_dag.py for tasks to queue
[2022-11-02 16:12:37,784] {logging_mixin.py:115} INFO - [2022-11-02 16:12:37,784] {dagbag.py:508} INFO - Filling up the DagBag from /opt/conda/lib/python3.8/site-packages/airflow/example_dags/tutorial_etl_dag.py
[2022-11-02 16:12:37,792] {processor.py:651} INFO - DAG(s) dict_keys(['tutorial_etl_dag']) retrieved from /opt/conda/lib/python3.8/site-packages/airflow/example_dags/tutorial_etl_dag.py
[2022-11-02 16:12:37,810] {logging_mixin.py:115} INFO - [2022-11-02 16:12:37,810] {dag.py:2420} INFO - Sync 1 DAGs
[2022-11-02 16:12:37,828] {logging_mixin.py:115} INFO - [2022-11-02 16:12:37,828] {dag.py:2968} INFO - Setting next_dagrun for tutorial_etl_dag to None, run_after=None
[2022-11-02 16:12:37,845] {processor.py:161} INFO - Processing /opt/conda/lib/python3.8/site-packages/airflow/example_dags/tutorial_etl_dag.py took 0.068 seconds
[2022-11-02 16:13:42,639] {processor.py:153} INFO - Started process (PID=3046) to work on /opt/conda/lib/python3.8/site-packages/airflow/example_dags/tutorial_etl_dag.py
[2022-11-02 16:13:42,640] {processor.py:641} INFO - Processing file /opt/conda/lib/python3.8/site-packages/airflow/example_dags/tutorial_etl_dag.py for tasks to queue
[2022-11-02 16:13:42,641] {logging_mixin.py:115} INFO - [2022-11-02 16:13:42,640] {dagbag.py:508} INFO - Filling up the DagBag from /opt/conda/lib/python3.8/site-packages/airflow/example_dags/tutorial_etl_dag.py
[2022-11-02 16:13:42,648] {processor.py:651} INFO - DAG(s) dict_keys(['tutorial_etl_dag']) retrieved from /opt/conda/lib/python3.8/site-packages/airflow/example_dags/tutorial_etl_dag.py
[2022-11-02 16:13:42,666] {logging_mixin.py:115} INFO - [2022-11-02 16:13:42,666] {dag.py:2420} INFO - Sync 1 DAGs
[2022-11-02 16:13:42,684] {logging_mixin.py:115} INFO - [2022-11-02 16:13:42,684] {dag.py:2968} INFO - Setting next_dagrun for tutorial_etl_dag to None, run_after=None
[2022-11-02 16:13:42,702] {processor.py:161} INFO - Processing /opt/conda/lib/python3.8/site-packages/airflow/example_dags/tutorial_etl_dag.py took 0.069 seconds
[2022-11-02 16:14:45,139] {processor.py:153} INFO - Started process (PID=3204) to work on /opt/conda/lib/python3.8/site-packages/airflow/example_dags/tutorial_etl_dag.py
[2022-11-02 16:14:45,140] {processor.py:641} INFO - Processing file /opt/conda/lib/python3.8/site-packages/airflow/example_dags/tutorial_etl_dag.py for tasks to queue
[2022-11-02 16:14:45,141] {logging_mixin.py:115} INFO - [2022-11-02 16:14:45,141] {dagbag.py:508} INFO - Filling up the DagBag from /opt/conda/lib/python3.8/site-packages/airflow/example_dags/tutorial_etl_dag.py
[2022-11-02 16:14:45,148] {processor.py:651} INFO - DAG(s) dict_keys(['tutorial_etl_dag']) retrieved from /opt/conda/lib/python3.8/site-packages/airflow/example_dags/tutorial_etl_dag.py
[2022-11-02 16:14:45,162] {logging_mixin.py:115} INFO - [2022-11-02 16:14:45,162] {dag.py:2420} INFO - Sync 1 DAGs
[2022-11-02 16:14:45,175] {logging_mixin.py:115} INFO - [2022-11-02 16:14:45,175] {dag.py:2968} INFO - Setting next_dagrun for tutorial_etl_dag to None, run_after=None
[2022-11-02 16:14:45,183] {processor.py:161} INFO - Processing /opt/conda/lib/python3.8/site-packages/airflow/example_dags/tutorial_etl_dag.py took 0.047 seconds
[2022-11-02 16:15:57,515] {processor.py:153} INFO - Started process (PID=3515) to work on /opt/conda/lib/python3.8/site-packages/airflow/example_dags/tutorial_etl_dag.py
[2022-11-02 16:15:57,516] {processor.py:641} INFO - Processing file /opt/conda/lib/python3.8/site-packages/airflow/example_dags/tutorial_etl_dag.py for tasks to queue
[2022-11-02 16:15:57,517] {logging_mixin.py:115} INFO - [2022-11-02 16:15:57,517] {dagbag.py:508} INFO - Filling up the DagBag from /opt/conda/lib/python3.8/site-packages/airflow/example_dags/tutorial_etl_dag.py
[2022-11-02 16:15:57,523] {processor.py:651} INFO - DAG(s) dict_keys(['tutorial_etl_dag']) retrieved from /opt/conda/lib/python3.8/site-packages/airflow/example_dags/tutorial_etl_dag.py
[2022-11-02 16:15:57,537] {logging_mixin.py:115} INFO - [2022-11-02 16:15:57,537] {dag.py:2420} INFO - Sync 1 DAGs
[2022-11-02 16:15:57,551] {logging_mixin.py:115} INFO - [2022-11-02 16:15:57,551] {dag.py:2968} INFO - Setting next_dagrun for tutorial_etl_dag to None, run_after=None
[2022-11-02 16:15:57,559] {processor.py:161} INFO - Processing /opt/conda/lib/python3.8/site-packages/airflow/example_dags/tutorial_etl_dag.py took 0.049 seconds
[2022-11-02 16:16:57,255] {processor.py:153} INFO - Started process (PID=3735) to work on /opt/conda/lib/python3.8/site-packages/airflow/example_dags/tutorial_etl_dag.py
[2022-11-02 16:16:57,256] {processor.py:641} INFO - Processing file /opt/conda/lib/python3.8/site-packages/airflow/example_dags/tutorial_etl_dag.py for tasks to queue
[2022-11-02 16:16:57,256] {logging_mixin.py:115} INFO - [2022-11-02 16:16:57,256] {dagbag.py:508} INFO - Filling up the DagBag from /opt/conda/lib/python3.8/site-packages/airflow/example_dags/tutorial_etl_dag.py
[2022-11-02 16:16:57,261] {processor.py:651} INFO - DAG(s) dict_keys(['tutorial_etl_dag']) retrieved from /opt/conda/lib/python3.8/site-packages/airflow/example_dags/tutorial_etl_dag.py
[2022-11-02 16:16:57,275] {logging_mixin.py:115} INFO - [2022-11-02 16:16:57,275] {dag.py:2420} INFO - Sync 1 DAGs
[2022-11-02 16:16:57,288] {logging_mixin.py:115} INFO - [2022-11-02 16:16:57,288] {dag.py:2968} INFO - Setting next_dagrun for tutorial_etl_dag to None, run_after=None
[2022-11-02 16:16:57,296] {processor.py:161} INFO - Processing /opt/conda/lib/python3.8/site-packages/airflow/example_dags/tutorial_etl_dag.py took 0.047 seconds
[2022-11-02 16:17:57,048] {processor.py:153} INFO - Started process (PID=3899) to work on /opt/conda/lib/python3.8/site-packages/airflow/example_dags/tutorial_etl_dag.py
[2022-11-02 16:17:57,049] {processor.py:641} INFO - Processing file /opt/conda/lib/python3.8/site-packages/airflow/example_dags/tutorial_etl_dag.py for tasks to queue
[2022-11-02 16:17:57,049] {logging_mixin.py:115} INFO - [2022-11-02 16:17:57,049] {dagbag.py:508} INFO - Filling up the DagBag from /opt/conda/lib/python3.8/site-packages/airflow/example_dags/tutorial_etl_dag.py
[2022-11-02 16:17:57,056] {processor.py:651} INFO - DAG(s) dict_keys(['tutorial_etl_dag']) retrieved from /opt/conda/lib/python3.8/site-packages/airflow/example_dags/tutorial_etl_dag.py
[2022-11-02 16:17:57,074] {logging_mixin.py:115} INFO - [2022-11-02 16:17:57,074] {dag.py:2420} INFO - Sync 1 DAGs
[2022-11-02 16:17:57,093] {logging_mixin.py:115} INFO - [2022-11-02 16:17:57,093] {dag.py:2968} INFO - Setting next_dagrun for tutorial_etl_dag to None, run_after=None
[2022-11-02 16:17:57,104] {processor.py:161} INFO - Processing /opt/conda/lib/python3.8/site-packages/airflow/example_dags/tutorial_etl_dag.py took 0.061 seconds
[2022-11-02 16:19:03,779] {processor.py:153} INFO - Started process (PID=4153) to work on /opt/conda/lib/python3.8/site-packages/airflow/example_dags/tutorial_etl_dag.py
[2022-11-02 16:19:03,780] {processor.py:641} INFO - Processing file /opt/conda/lib/python3.8/site-packages/airflow/example_dags/tutorial_etl_dag.py for tasks to queue
[2022-11-02 16:19:03,780] {logging_mixin.py:115} INFO - [2022-11-02 16:19:03,780] {dagbag.py:508} INFO - Filling up the DagBag from /opt/conda/lib/python3.8/site-packages/airflow/example_dags/tutorial_etl_dag.py
[2022-11-02 16:19:03,786] {processor.py:651} INFO - DAG(s) dict_keys(['tutorial_etl_dag']) retrieved from /opt/conda/lib/python3.8/site-packages/airflow/example_dags/tutorial_etl_dag.py
[2022-11-02 16:19:03,801] {logging_mixin.py:115} INFO - [2022-11-02 16:19:03,801] {dag.py:2420} INFO - Sync 1 DAGs
[2022-11-02 16:19:03,816] {logging_mixin.py:115} INFO - [2022-11-02 16:19:03,815] {dag.py:2968} INFO - Setting next_dagrun for tutorial_etl_dag to None, run_after=None
[2022-11-02 16:19:03,830] {processor.py:161} INFO - Processing /opt/conda/lib/python3.8/site-packages/airflow/example_dags/tutorial_etl_dag.py took 0.057 seconds
[2022-11-02 16:20:09,079] {processor.py:153} INFO - Started process (PID=4398) to work on /opt/conda/lib/python3.8/site-packages/airflow/example_dags/tutorial_etl_dag.py
[2022-11-02 16:20:09,080] {processor.py:641} INFO - Processing file /opt/conda/lib/python3.8/site-packages/airflow/example_dags/tutorial_etl_dag.py for tasks to queue
[2022-11-02 16:20:09,081] {logging_mixin.py:115} INFO - [2022-11-02 16:20:09,080] {dagbag.py:508} INFO - Filling up the DagBag from /opt/conda/lib/python3.8/site-packages/airflow/example_dags/tutorial_etl_dag.py
[2022-11-02 16:20:09,087] {processor.py:651} INFO - DAG(s) dict_keys(['tutorial_etl_dag']) retrieved from /opt/conda/lib/python3.8/site-packages/airflow/example_dags/tutorial_etl_dag.py
[2022-11-02 16:20:09,101] {logging_mixin.py:115} INFO - [2022-11-02 16:20:09,101] {dag.py:2420} INFO - Sync 1 DAGs
[2022-11-02 16:20:09,115] {logging_mixin.py:115} INFO - [2022-11-02 16:20:09,115] {dag.py:2968} INFO - Setting next_dagrun for tutorial_etl_dag to None, run_after=None
[2022-11-02 16:20:09,125] {processor.py:161} INFO - Processing /opt/conda/lib/python3.8/site-packages/airflow/example_dags/tutorial_etl_dag.py took 0.051 seconds
[2022-11-02 16:21:08,988] {processor.py:153} INFO - Started process (PID=4641) to work on /opt/conda/lib/python3.8/site-packages/airflow/example_dags/tutorial_etl_dag.py
[2022-11-02 16:21:08,989] {processor.py:641} INFO - Processing file /opt/conda/lib/python3.8/site-packages/airflow/example_dags/tutorial_etl_dag.py for tasks to queue
[2022-11-02 16:21:08,990] {logging_mixin.py:115} INFO - [2022-11-02 16:21:08,990] {dagbag.py:508} INFO - Filling up the DagBag from /opt/conda/lib/python3.8/site-packages/airflow/example_dags/tutorial_etl_dag.py
[2022-11-02 16:21:08,997] {processor.py:651} INFO - DAG(s) dict_keys(['tutorial_etl_dag']) retrieved from /opt/conda/lib/python3.8/site-packages/airflow/example_dags/tutorial_etl_dag.py
[2022-11-02 16:21:09,012] {logging_mixin.py:115} INFO - [2022-11-02 16:21:09,012] {dag.py:2420} INFO - Sync 1 DAGs
[2022-11-02 16:21:09,026] {logging_mixin.py:115} INFO - [2022-11-02 16:21:09,026] {dag.py:2968} INFO - Setting next_dagrun for tutorial_etl_dag to None, run_after=None
[2022-11-02 16:21:09,034] {processor.py:161} INFO - Processing /opt/conda/lib/python3.8/site-packages/airflow/example_dags/tutorial_etl_dag.py took 0.049 seconds
[2022-11-02 16:22:10,836] {processor.py:153} INFO - Started process (PID=4906) to work on /opt/conda/lib/python3.8/site-packages/airflow/example_dags/tutorial_etl_dag.py
[2022-11-02 16:22:10,836] {processor.py:641} INFO - Processing file /opt/conda/lib/python3.8/site-packages/airflow/example_dags/tutorial_etl_dag.py for tasks to queue
[2022-11-02 16:22:10,837] {logging_mixin.py:115} INFO - [2022-11-02 16:22:10,837] {dagbag.py:508} INFO - Filling up the DagBag from /opt/conda/lib/python3.8/site-packages/airflow/example_dags/tutorial_etl_dag.py
[2022-11-02 16:22:10,844] {processor.py:651} INFO - DAG(s) dict_keys(['tutorial_etl_dag']) retrieved from /opt/conda/lib/python3.8/site-packages/airflow/example_dags/tutorial_etl_dag.py
[2022-11-02 16:22:10,862] {logging_mixin.py:115} INFO - [2022-11-02 16:22:10,862] {dag.py:2420} INFO - Sync 1 DAGs
[2022-11-02 16:22:10,881] {logging_mixin.py:115} INFO - [2022-11-02 16:22:10,880] {dag.py:2968} INFO - Setting next_dagrun for tutorial_etl_dag to None, run_after=None
[2022-11-02 16:22:10,898] {processor.py:161} INFO - Processing /opt/conda/lib/python3.8/site-packages/airflow/example_dags/tutorial_etl_dag.py took 0.068 seconds
[2022-11-02 16:23:12,044] {processor.py:153} INFO - Started process (PID=5150) to work on /opt/conda/lib/python3.8/site-packages/airflow/example_dags/tutorial_etl_dag.py
[2022-11-02 16:23:12,049] {processor.py:641} INFO - Processing file /opt/conda/lib/python3.8/site-packages/airflow/example_dags/tutorial_etl_dag.py for tasks to queue
[2022-11-02 16:23:12,050] {logging_mixin.py:115} INFO - [2022-11-02 16:23:12,050] {dagbag.py:508} INFO - Filling up the DagBag from /opt/conda/lib/python3.8/site-packages/airflow/example_dags/tutorial_etl_dag.py
[2022-11-02 16:23:12,055] {processor.py:651} INFO - DAG(s) dict_keys(['tutorial_etl_dag']) retrieved from /opt/conda/lib/python3.8/site-packages/airflow/example_dags/tutorial_etl_dag.py
[2022-11-02 16:23:12,090] {logging_mixin.py:115} INFO - [2022-11-02 16:23:12,090] {dag.py:2420} INFO - Sync 1 DAGs
[2022-11-02 16:23:12,114] {logging_mixin.py:115} INFO - [2022-11-02 16:23:12,114] {dag.py:2968} INFO - Setting next_dagrun for tutorial_etl_dag to None, run_after=None
[2022-11-02 16:23:12,132] {processor.py:161} INFO - Processing /opt/conda/lib/python3.8/site-packages/airflow/example_dags/tutorial_etl_dag.py took 0.091 seconds
[2022-11-02 16:24:14,257] {processor.py:153} INFO - Started process (PID=5378) to work on /opt/conda/lib/python3.8/site-packages/airflow/example_dags/tutorial_etl_dag.py
[2022-11-02 16:24:14,263] {processor.py:641} INFO - Processing file /opt/conda/lib/python3.8/site-packages/airflow/example_dags/tutorial_etl_dag.py for tasks to queue
[2022-11-02 16:24:14,264] {logging_mixin.py:115} INFO - [2022-11-02 16:24:14,264] {dagbag.py:508} INFO - Filling up the DagBag from /opt/conda/lib/python3.8/site-packages/airflow/example_dags/tutorial_etl_dag.py
[2022-11-02 16:24:14,270] {processor.py:651} INFO - DAG(s) dict_keys(['tutorial_etl_dag']) retrieved from /opt/conda/lib/python3.8/site-packages/airflow/example_dags/tutorial_etl_dag.py
[2022-11-02 16:24:14,303] {logging_mixin.py:115} INFO - [2022-11-02 16:24:14,303] {dag.py:2420} INFO - Sync 1 DAGs
[2022-11-02 16:24:14,330] {logging_mixin.py:115} INFO - [2022-11-02 16:24:14,330] {dag.py:2968} INFO - Setting next_dagrun for tutorial_etl_dag to None, run_after=None
[2022-11-02 16:24:14,350] {processor.py:161} INFO - Processing /opt/conda/lib/python3.8/site-packages/airflow/example_dags/tutorial_etl_dag.py took 0.096 seconds
[2022-11-02 16:25:16,500] {processor.py:153} INFO - Started process (PID=5636) to work on /opt/conda/lib/python3.8/site-packages/airflow/example_dags/tutorial_etl_dag.py
[2022-11-02 16:25:16,501] {processor.py:641} INFO - Processing file /opt/conda/lib/python3.8/site-packages/airflow/example_dags/tutorial_etl_dag.py for tasks to queue
[2022-11-02 16:25:16,502] {logging_mixin.py:115} INFO - [2022-11-02 16:25:16,502] {dagbag.py:508} INFO - Filling up the DagBag from /opt/conda/lib/python3.8/site-packages/airflow/example_dags/tutorial_etl_dag.py
[2022-11-02 16:25:16,509] {processor.py:651} INFO - DAG(s) dict_keys(['tutorial_etl_dag']) retrieved from /opt/conda/lib/python3.8/site-packages/airflow/example_dags/tutorial_etl_dag.py
[2022-11-02 16:25:16,524] {logging_mixin.py:115} INFO - [2022-11-02 16:25:16,523] {dag.py:2420} INFO - Sync 1 DAGs
[2022-11-02 16:25:16,538] {logging_mixin.py:115} INFO - [2022-11-02 16:25:16,538] {dag.py:2968} INFO - Setting next_dagrun for tutorial_etl_dag to None, run_after=None
[2022-11-02 16:25:16,551] {processor.py:161} INFO - Processing /opt/conda/lib/python3.8/site-packages/airflow/example_dags/tutorial_etl_dag.py took 0.056 seconds
[2022-11-02 16:26:22,503] {processor.py:153} INFO - Started process (PID=5867) to work on /opt/conda/lib/python3.8/site-packages/airflow/example_dags/tutorial_etl_dag.py
[2022-11-02 16:26:22,509] {processor.py:641} INFO - Processing file /opt/conda/lib/python3.8/site-packages/airflow/example_dags/tutorial_etl_dag.py for tasks to queue
[2022-11-02 16:26:22,509] {logging_mixin.py:115} INFO - [2022-11-02 16:26:22,509] {dagbag.py:508} INFO - Filling up the DagBag from /opt/conda/lib/python3.8/site-packages/airflow/example_dags/tutorial_etl_dag.py
[2022-11-02 16:26:22,515] {processor.py:651} INFO - DAG(s) dict_keys(['tutorial_etl_dag']) retrieved from /opt/conda/lib/python3.8/site-packages/airflow/example_dags/tutorial_etl_dag.py
[2022-11-02 16:26:22,550] {logging_mixin.py:115} INFO - [2022-11-02 16:26:22,550] {dag.py:2420} INFO - Sync 1 DAGs
[2022-11-02 16:26:22,575] {logging_mixin.py:115} INFO - [2022-11-02 16:26:22,575] {dag.py:2968} INFO - Setting next_dagrun for tutorial_etl_dag to None, run_after=None
[2022-11-02 16:26:22,593] {processor.py:161} INFO - Processing /opt/conda/lib/python3.8/site-packages/airflow/example_dags/tutorial_etl_dag.py took 0.093 seconds
[2022-11-02 16:27:26,928] {processor.py:153} INFO - Started process (PID=6118) to work on /opt/conda/lib/python3.8/site-packages/airflow/example_dags/tutorial_etl_dag.py
[2022-11-02 16:27:26,930] {processor.py:641} INFO - Processing file /opt/conda/lib/python3.8/site-packages/airflow/example_dags/tutorial_etl_dag.py for tasks to queue
[2022-11-02 16:27:26,930] {logging_mixin.py:115} INFO - [2022-11-02 16:27:26,930] {dagbag.py:508} INFO - Filling up the DagBag from /opt/conda/lib/python3.8/site-packages/airflow/example_dags/tutorial_etl_dag.py
[2022-11-02 16:27:26,937] {processor.py:651} INFO - DAG(s) dict_keys(['tutorial_etl_dag']) retrieved from /opt/conda/lib/python3.8/site-packages/airflow/example_dags/tutorial_etl_dag.py
[2022-11-02 16:27:26,951] {logging_mixin.py:115} INFO - [2022-11-02 16:27:26,951] {dag.py:2420} INFO - Sync 1 DAGs
[2022-11-02 16:27:26,966] {logging_mixin.py:115} INFO - [2022-11-02 16:27:26,966] {dag.py:2968} INFO - Setting next_dagrun for tutorial_etl_dag to None, run_after=None
[2022-11-02 16:27:26,974] {processor.py:161} INFO - Processing /opt/conda/lib/python3.8/site-packages/airflow/example_dags/tutorial_etl_dag.py took 0.051 seconds
[2022-11-02 16:28:35,502] {processor.py:153} INFO - Started process (PID=6366) to work on /opt/conda/lib/python3.8/site-packages/airflow/example_dags/tutorial_etl_dag.py
[2022-11-02 16:28:35,503] {processor.py:641} INFO - Processing file /opt/conda/lib/python3.8/site-packages/airflow/example_dags/tutorial_etl_dag.py for tasks to queue
[2022-11-02 16:28:35,504] {logging_mixin.py:115} INFO - [2022-11-02 16:28:35,503] {dagbag.py:508} INFO - Filling up the DagBag from /opt/conda/lib/python3.8/site-packages/airflow/example_dags/tutorial_etl_dag.py
[2022-11-02 16:28:35,510] {processor.py:651} INFO - DAG(s) dict_keys(['tutorial_etl_dag']) retrieved from /opt/conda/lib/python3.8/site-packages/airflow/example_dags/tutorial_etl_dag.py
[2022-11-02 16:28:35,525] {logging_mixin.py:115} INFO - [2022-11-02 16:28:35,525] {dag.py:2420} INFO - Sync 1 DAGs
[2022-11-02 16:28:35,539] {logging_mixin.py:115} INFO - [2022-11-02 16:28:35,539] {dag.py:2968} INFO - Setting next_dagrun for tutorial_etl_dag to None, run_after=None
[2022-11-02 16:28:35,556] {processor.py:161} INFO - Processing /opt/conda/lib/python3.8/site-packages/airflow/example_dags/tutorial_etl_dag.py took 0.056 seconds
[2022-11-02 16:29:40,514] {processor.py:153} INFO - Started process (PID=6570) to work on /opt/conda/lib/python3.8/site-packages/airflow/example_dags/tutorial_etl_dag.py
[2022-11-02 16:29:40,515] {processor.py:641} INFO - Processing file /opt/conda/lib/python3.8/site-packages/airflow/example_dags/tutorial_etl_dag.py for tasks to queue
[2022-11-02 16:29:40,516] {logging_mixin.py:115} INFO - [2022-11-02 16:29:40,516] {dagbag.py:508} INFO - Filling up the DagBag from /opt/conda/lib/python3.8/site-packages/airflow/example_dags/tutorial_etl_dag.py
[2022-11-02 16:29:40,524] {processor.py:651} INFO - DAG(s) dict_keys(['tutorial_etl_dag']) retrieved from /opt/conda/lib/python3.8/site-packages/airflow/example_dags/tutorial_etl_dag.py
[2022-11-02 16:29:40,542] {logging_mixin.py:115} INFO - [2022-11-02 16:29:40,542] {dag.py:2420} INFO - Sync 1 DAGs
[2022-11-02 16:29:40,561] {logging_mixin.py:115} INFO - [2022-11-02 16:29:40,561] {dag.py:2968} INFO - Setting next_dagrun for tutorial_etl_dag to None, run_after=None
[2022-11-02 16:29:40,575] {processor.py:161} INFO - Processing /opt/conda/lib/python3.8/site-packages/airflow/example_dags/tutorial_etl_dag.py took 0.065 seconds
[2022-11-02 16:32:01,936] {processor.py:153} INFO - Started process (PID=6969) to work on /opt/conda/lib/python3.8/site-packages/airflow/example_dags/tutorial_etl_dag.py
[2022-11-02 16:32:01,937] {processor.py:641} INFO - Processing file /opt/conda/lib/python3.8/site-packages/airflow/example_dags/tutorial_etl_dag.py for tasks to queue
[2022-11-02 16:32:01,938] {logging_mixin.py:115} INFO - [2022-11-02 16:32:01,937] {dagbag.py:508} INFO - Filling up the DagBag from /opt/conda/lib/python3.8/site-packages/airflow/example_dags/tutorial_etl_dag.py
[2022-11-02 16:32:01,945] {processor.py:651} INFO - DAG(s) dict_keys(['tutorial_etl_dag']) retrieved from /opt/conda/lib/python3.8/site-packages/airflow/example_dags/tutorial_etl_dag.py
[2022-11-02 16:32:01,964] {logging_mixin.py:115} INFO - [2022-11-02 16:32:01,963] {dag.py:2420} INFO - Sync 1 DAGs
[2022-11-02 16:32:01,982] {logging_mixin.py:115} INFO - [2022-11-02 16:32:01,982] {dag.py:2968} INFO - Setting next_dagrun for tutorial_etl_dag to None, run_after=None
[2022-11-02 16:32:02,000] {processor.py:161} INFO - Processing /opt/conda/lib/python3.8/site-packages/airflow/example_dags/tutorial_etl_dag.py took 0.069 seconds
[2022-11-02 16:33:06,904] {processor.py:153} INFO - Started process (PID=7153) to work on /opt/conda/lib/python3.8/site-packages/airflow/example_dags/tutorial_etl_dag.py
[2022-11-02 16:33:06,905] {processor.py:641} INFO - Processing file /opt/conda/lib/python3.8/site-packages/airflow/example_dags/tutorial_etl_dag.py for tasks to queue
[2022-11-02 16:33:06,905] {logging_mixin.py:115} INFO - [2022-11-02 16:33:06,905] {dagbag.py:508} INFO - Filling up the DagBag from /opt/conda/lib/python3.8/site-packages/airflow/example_dags/tutorial_etl_dag.py
[2022-11-02 16:33:06,913] {processor.py:651} INFO - DAG(s) dict_keys(['tutorial_etl_dag']) retrieved from /opt/conda/lib/python3.8/site-packages/airflow/example_dags/tutorial_etl_dag.py
[2022-11-02 16:33:06,931] {logging_mixin.py:115} INFO - [2022-11-02 16:33:06,931] {dag.py:2420} INFO - Sync 1 DAGs
[2022-11-02 16:33:06,950] {logging_mixin.py:115} INFO - [2022-11-02 16:33:06,950] {dag.py:2968} INFO - Setting next_dagrun for tutorial_etl_dag to None, run_after=None
[2022-11-02 16:33:06,968] {processor.py:161} INFO - Processing /opt/conda/lib/python3.8/site-packages/airflow/example_dags/tutorial_etl_dag.py took 0.070 seconds
[2022-11-02 16:34:13,334] {processor.py:153} INFO - Started process (PID=7300) to work on /opt/conda/lib/python3.8/site-packages/airflow/example_dags/tutorial_etl_dag.py
[2022-11-02 16:34:13,335] {processor.py:641} INFO - Processing file /opt/conda/lib/python3.8/site-packages/airflow/example_dags/tutorial_etl_dag.py for tasks to queue
[2022-11-02 16:34:13,335] {logging_mixin.py:115} INFO - [2022-11-02 16:34:13,335] {dagbag.py:508} INFO - Filling up the DagBag from /opt/conda/lib/python3.8/site-packages/airflow/example_dags/tutorial_etl_dag.py
[2022-11-02 16:34:13,342] {processor.py:651} INFO - DAG(s) dict_keys(['tutorial_etl_dag']) retrieved from /opt/conda/lib/python3.8/site-packages/airflow/example_dags/tutorial_etl_dag.py
[2022-11-02 16:34:13,361] {logging_mixin.py:115} INFO - [2022-11-02 16:34:13,361] {dag.py:2420} INFO - Sync 1 DAGs
[2022-11-02 16:34:13,379] {logging_mixin.py:115} INFO - [2022-11-02 16:34:13,379] {dag.py:2968} INFO - Setting next_dagrun for tutorial_etl_dag to None, run_after=None
[2022-11-02 16:34:13,391] {processor.py:161} INFO - Processing /opt/conda/lib/python3.8/site-packages/airflow/example_dags/tutorial_etl_dag.py took 0.063 seconds
[2022-11-02 16:35:20,535] {processor.py:153} INFO - Started process (PID=7485) to work on /opt/conda/lib/python3.8/site-packages/airflow/example_dags/tutorial_etl_dag.py
[2022-11-02 16:35:20,536] {processor.py:641} INFO - Processing file /opt/conda/lib/python3.8/site-packages/airflow/example_dags/tutorial_etl_dag.py for tasks to queue
[2022-11-02 16:35:20,536] {logging_mixin.py:115} INFO - [2022-11-02 16:35:20,536] {dagbag.py:508} INFO - Filling up the DagBag from /opt/conda/lib/python3.8/site-packages/airflow/example_dags/tutorial_etl_dag.py
[2022-11-02 16:35:20,543] {processor.py:651} INFO - DAG(s) dict_keys(['tutorial_etl_dag']) retrieved from /opt/conda/lib/python3.8/site-packages/airflow/example_dags/tutorial_etl_dag.py
[2022-11-02 16:35:20,562] {logging_mixin.py:115} INFO - [2022-11-02 16:35:20,562] {dag.py:2420} INFO - Sync 1 DAGs
[2022-11-02 16:35:20,581] {logging_mixin.py:115} INFO - [2022-11-02 16:35:20,580] {dag.py:2968} INFO - Setting next_dagrun for tutorial_etl_dag to None, run_after=None
[2022-11-02 16:35:20,592] {processor.py:161} INFO - Processing /opt/conda/lib/python3.8/site-packages/airflow/example_dags/tutorial_etl_dag.py took 0.064 seconds
[2022-11-02 16:36:23,166] {processor.py:153} INFO - Started process (PID=7630) to work on /opt/conda/lib/python3.8/site-packages/airflow/example_dags/tutorial_etl_dag.py
[2022-11-02 16:36:23,166] {processor.py:641} INFO - Processing file /opt/conda/lib/python3.8/site-packages/airflow/example_dags/tutorial_etl_dag.py for tasks to queue
[2022-11-02 16:36:23,167] {logging_mixin.py:115} INFO - [2022-11-02 16:36:23,167] {dagbag.py:508} INFO - Filling up the DagBag from /opt/conda/lib/python3.8/site-packages/airflow/example_dags/tutorial_etl_dag.py
[2022-11-02 16:36:23,174] {processor.py:651} INFO - DAG(s) dict_keys(['tutorial_etl_dag']) retrieved from /opt/conda/lib/python3.8/site-packages/airflow/example_dags/tutorial_etl_dag.py
[2022-11-02 16:36:23,193] {logging_mixin.py:115} INFO - [2022-11-02 16:36:23,192] {dag.py:2420} INFO - Sync 1 DAGs
[2022-11-02 16:36:23,211] {logging_mixin.py:115} INFO - [2022-11-02 16:36:23,211] {dag.py:2968} INFO - Setting next_dagrun for tutorial_etl_dag to None, run_after=None
[2022-11-02 16:36:23,223] {processor.py:161} INFO - Processing /opt/conda/lib/python3.8/site-packages/airflow/example_dags/tutorial_etl_dag.py took 0.062 seconds
[2022-11-02 16:37:24,131] {processor.py:153} INFO - Started process (PID=8128) to work on /opt/conda/lib/python3.8/site-packages/airflow/example_dags/tutorial_etl_dag.py
[2022-11-02 16:37:24,133] {processor.py:641} INFO - Processing file /opt/conda/lib/python3.8/site-packages/airflow/example_dags/tutorial_etl_dag.py for tasks to queue
[2022-11-02 16:37:24,133] {logging_mixin.py:115} INFO - [2022-11-02 16:37:24,133] {dagbag.py:508} INFO - Filling up the DagBag from /opt/conda/lib/python3.8/site-packages/airflow/example_dags/tutorial_etl_dag.py
[2022-11-02 16:37:24,140] {processor.py:651} INFO - DAG(s) dict_keys(['tutorial_etl_dag']) retrieved from /opt/conda/lib/python3.8/site-packages/airflow/example_dags/tutorial_etl_dag.py
[2022-11-02 16:37:24,159] {logging_mixin.py:115} INFO - [2022-11-02 16:37:24,159] {dag.py:2420} INFO - Sync 1 DAGs
[2022-11-02 16:37:24,178] {logging_mixin.py:115} INFO - [2022-11-02 16:37:24,178] {dag.py:2968} INFO - Setting next_dagrun for tutorial_etl_dag to None, run_after=None
[2022-11-02 16:37:24,190] {processor.py:161} INFO - Processing /opt/conda/lib/python3.8/site-packages/airflow/example_dags/tutorial_etl_dag.py took 0.065 seconds
[2022-11-02 16:38:23,284] {processor.py:153} INFO - Started process (PID=8286) to work on /opt/conda/lib/python3.8/site-packages/airflow/example_dags/tutorial_etl_dag.py
[2022-11-02 16:38:23,285] {processor.py:641} INFO - Processing file /opt/conda/lib/python3.8/site-packages/airflow/example_dags/tutorial_etl_dag.py for tasks to queue
[2022-11-02 16:38:23,285] {logging_mixin.py:115} INFO - [2022-11-02 16:38:23,285] {dagbag.py:508} INFO - Filling up the DagBag from /opt/conda/lib/python3.8/site-packages/airflow/example_dags/tutorial_etl_dag.py
[2022-11-02 16:38:23,292] {processor.py:651} INFO - DAG(s) dict_keys(['tutorial_etl_dag']) retrieved from /opt/conda/lib/python3.8/site-packages/airflow/example_dags/tutorial_etl_dag.py
[2022-11-02 16:38:23,311] {logging_mixin.py:115} INFO - [2022-11-02 16:38:23,311] {dag.py:2420} INFO - Sync 1 DAGs
[2022-11-02 16:38:23,330] {logging_mixin.py:115} INFO - [2022-11-02 16:38:23,330] {dag.py:2968} INFO - Setting next_dagrun for tutorial_etl_dag to None, run_after=None
[2022-11-02 16:38:23,342] {processor.py:161} INFO - Processing /opt/conda/lib/python3.8/site-packages/airflow/example_dags/tutorial_etl_dag.py took 0.064 seconds
[2022-11-02 16:39:25,514] {processor.py:153} INFO - Started process (PID=8531) to work on /opt/conda/lib/python3.8/site-packages/airflow/example_dags/tutorial_etl_dag.py
[2022-11-02 16:39:25,515] {processor.py:641} INFO - Processing file /opt/conda/lib/python3.8/site-packages/airflow/example_dags/tutorial_etl_dag.py for tasks to queue
[2022-11-02 16:39:25,515] {logging_mixin.py:115} INFO - [2022-11-02 16:39:25,515] {dagbag.py:508} INFO - Filling up the DagBag from /opt/conda/lib/python3.8/site-packages/airflow/example_dags/tutorial_etl_dag.py
[2022-11-02 16:39:25,523] {processor.py:651} INFO - DAG(s) dict_keys(['tutorial_etl_dag']) retrieved from /opt/conda/lib/python3.8/site-packages/airflow/example_dags/tutorial_etl_dag.py
[2022-11-02 16:39:25,541] {logging_mixin.py:115} INFO - [2022-11-02 16:39:25,541] {dag.py:2420} INFO - Sync 1 DAGs
[2022-11-02 16:39:25,560] {logging_mixin.py:115} INFO - [2022-11-02 16:39:25,560] {dag.py:2968} INFO - Setting next_dagrun for tutorial_etl_dag to None, run_after=None
[2022-11-02 16:39:25,571] {processor.py:161} INFO - Processing /opt/conda/lib/python3.8/site-packages/airflow/example_dags/tutorial_etl_dag.py took 0.064 seconds
[2022-11-02 16:40:23,837] {processor.py:153} INFO - Started process (PID=8765) to work on /opt/conda/lib/python3.8/site-packages/airflow/example_dags/tutorial_etl_dag.py
[2022-11-02 16:40:23,838] {processor.py:641} INFO - Processing file /opt/conda/lib/python3.8/site-packages/airflow/example_dags/tutorial_etl_dag.py for tasks to queue
[2022-11-02 16:40:23,839] {logging_mixin.py:115} INFO - [2022-11-02 16:40:23,839] {dagbag.py:508} INFO - Filling up the DagBag from /opt/conda/lib/python3.8/site-packages/airflow/example_dags/tutorial_etl_dag.py
[2022-11-02 16:40:23,846] {processor.py:651} INFO - DAG(s) dict_keys(['tutorial_etl_dag']) retrieved from /opt/conda/lib/python3.8/site-packages/airflow/example_dags/tutorial_etl_dag.py
[2022-11-02 16:40:23,864] {logging_mixin.py:115} INFO - [2022-11-02 16:40:23,864] {dag.py:2420} INFO - Sync 1 DAGs
[2022-11-02 16:40:23,883] {logging_mixin.py:115} INFO - [2022-11-02 16:40:23,883] {dag.py:2968} INFO - Setting next_dagrun for tutorial_etl_dag to None, run_after=None
[2022-11-02 16:40:23,901] {processor.py:161} INFO - Processing /opt/conda/lib/python3.8/site-packages/airflow/example_dags/tutorial_etl_dag.py took 0.070 seconds
[2022-11-02 16:41:31,326] {processor.py:153} INFO - Started process (PID=8935) to work on /opt/conda/lib/python3.8/site-packages/airflow/example_dags/tutorial_etl_dag.py
[2022-11-02 16:41:31,327] {processor.py:641} INFO - Processing file /opt/conda/lib/python3.8/site-packages/airflow/example_dags/tutorial_etl_dag.py for tasks to queue
[2022-11-02 16:41:31,327] {logging_mixin.py:115} INFO - [2022-11-02 16:41:31,327] {dagbag.py:508} INFO - Filling up the DagBag from /opt/conda/lib/python3.8/site-packages/airflow/example_dags/tutorial_etl_dag.py
[2022-11-02 16:41:31,335] {processor.py:651} INFO - DAG(s) dict_keys(['tutorial_etl_dag']) retrieved from /opt/conda/lib/python3.8/site-packages/airflow/example_dags/tutorial_etl_dag.py
[2022-11-02 16:41:31,353] {logging_mixin.py:115} INFO - [2022-11-02 16:41:31,353] {dag.py:2420} INFO - Sync 1 DAGs
[2022-11-02 16:41:31,372] {logging_mixin.py:115} INFO - [2022-11-02 16:41:31,372] {dag.py:2968} INFO - Setting next_dagrun for tutorial_etl_dag to None, run_after=None
[2022-11-02 16:41:31,390] {processor.py:161} INFO - Processing /opt/conda/lib/python3.8/site-packages/airflow/example_dags/tutorial_etl_dag.py took 0.067 seconds
[2022-11-02 16:43:05,424] {processor.py:153} INFO - Started process (PID=9190) to work on /opt/conda/lib/python3.8/site-packages/airflow/example_dags/tutorial_etl_dag.py
[2022-11-02 16:43:05,425] {processor.py:641} INFO - Processing file /opt/conda/lib/python3.8/site-packages/airflow/example_dags/tutorial_etl_dag.py for tasks to queue
[2022-11-02 16:43:05,425] {logging_mixin.py:115} INFO - [2022-11-02 16:43:05,425] {dagbag.py:508} INFO - Filling up the DagBag from /opt/conda/lib/python3.8/site-packages/airflow/example_dags/tutorial_etl_dag.py
[2022-11-02 16:43:05,432] {processor.py:651} INFO - DAG(s) dict_keys(['tutorial_etl_dag']) retrieved from /opt/conda/lib/python3.8/site-packages/airflow/example_dags/tutorial_etl_dag.py
[2022-11-02 16:43:05,451] {logging_mixin.py:115} INFO - [2022-11-02 16:43:05,451] {dag.py:2420} INFO - Sync 1 DAGs
[2022-11-02 16:43:05,470] {logging_mixin.py:115} INFO - [2022-11-02 16:43:05,470] {dag.py:2968} INFO - Setting next_dagrun for tutorial_etl_dag to None, run_after=None
[2022-11-02 16:43:05,482] {processor.py:161} INFO - Processing /opt/conda/lib/python3.8/site-packages/airflow/example_dags/tutorial_etl_dag.py took 0.063 seconds
[2022-11-02 16:44:08,168] {processor.py:153} INFO - Started process (PID=9374) to work on /opt/conda/lib/python3.8/site-packages/airflow/example_dags/tutorial_etl_dag.py
[2022-11-02 16:44:08,169] {processor.py:641} INFO - Processing file /opt/conda/lib/python3.8/site-packages/airflow/example_dags/tutorial_etl_dag.py for tasks to queue
[2022-11-02 16:44:08,170] {logging_mixin.py:115} INFO - [2022-11-02 16:44:08,170] {dagbag.py:508} INFO - Filling up the DagBag from /opt/conda/lib/python3.8/site-packages/airflow/example_dags/tutorial_etl_dag.py
[2022-11-02 16:44:08,177] {processor.py:651} INFO - DAG(s) dict_keys(['tutorial_etl_dag']) retrieved from /opt/conda/lib/python3.8/site-packages/airflow/example_dags/tutorial_etl_dag.py
[2022-11-02 16:44:08,195] {logging_mixin.py:115} INFO - [2022-11-02 16:44:08,195] {dag.py:2420} INFO - Sync 1 DAGs
[2022-11-02 16:44:08,215] {logging_mixin.py:115} INFO - [2022-11-02 16:44:08,215] {dag.py:2968} INFO - Setting next_dagrun for tutorial_etl_dag to None, run_after=None
[2022-11-02 16:44:08,226] {processor.py:161} INFO - Processing /opt/conda/lib/python3.8/site-packages/airflow/example_dags/tutorial_etl_dag.py took 0.064 seconds
[2022-11-02 16:45:23,080] {processor.py:153} INFO - Started process (PID=9564) to work on /opt/conda/lib/python3.8/site-packages/airflow/example_dags/tutorial_etl_dag.py
[2022-11-02 16:45:23,081] {processor.py:641} INFO - Processing file /opt/conda/lib/python3.8/site-packages/airflow/example_dags/tutorial_etl_dag.py for tasks to queue
[2022-11-02 16:45:23,082] {logging_mixin.py:115} INFO - [2022-11-02 16:45:23,082] {dagbag.py:508} INFO - Filling up the DagBag from /opt/conda/lib/python3.8/site-packages/airflow/example_dags/tutorial_etl_dag.py
[2022-11-02 16:45:23,089] {processor.py:651} INFO - DAG(s) dict_keys(['tutorial_etl_dag']) retrieved from /opt/conda/lib/python3.8/site-packages/airflow/example_dags/tutorial_etl_dag.py
[2022-11-02 16:45:23,108] {logging_mixin.py:115} INFO - [2022-11-02 16:45:23,108] {dag.py:2420} INFO - Sync 1 DAGs
[2022-11-02 16:45:23,127] {logging_mixin.py:115} INFO - [2022-11-02 16:45:23,127] {dag.py:2968} INFO - Setting next_dagrun for tutorial_etl_dag to None, run_after=None
[2022-11-02 16:45:23,145] {processor.py:161} INFO - Processing /opt/conda/lib/python3.8/site-packages/airflow/example_dags/tutorial_etl_dag.py took 0.072 seconds
[2022-11-02 16:46:26,226] {processor.py:153} INFO - Started process (PID=9723) to work on /opt/conda/lib/python3.8/site-packages/airflow/example_dags/tutorial_etl_dag.py
[2022-11-02 16:46:26,227] {processor.py:641} INFO - Processing file /opt/conda/lib/python3.8/site-packages/airflow/example_dags/tutorial_etl_dag.py for tasks to queue
[2022-11-02 16:46:26,228] {logging_mixin.py:115} INFO - [2022-11-02 16:46:26,228] {dagbag.py:508} INFO - Filling up the DagBag from /opt/conda/lib/python3.8/site-packages/airflow/example_dags/tutorial_etl_dag.py
[2022-11-02 16:46:26,235] {processor.py:651} INFO - DAG(s) dict_keys(['tutorial_etl_dag']) retrieved from /opt/conda/lib/python3.8/site-packages/airflow/example_dags/tutorial_etl_dag.py
[2022-11-02 16:46:26,253] {logging_mixin.py:115} INFO - [2022-11-02 16:46:26,253] {dag.py:2420} INFO - Sync 1 DAGs
[2022-11-02 16:46:26,272] {logging_mixin.py:115} INFO - [2022-11-02 16:46:26,272] {dag.py:2968} INFO - Setting next_dagrun for tutorial_etl_dag to None, run_after=None
[2022-11-02 16:46:26,283] {processor.py:161} INFO - Processing /opt/conda/lib/python3.8/site-packages/airflow/example_dags/tutorial_etl_dag.py took 0.063 seconds
[2022-11-02 16:47:55,867] {processor.py:153} INFO - Started process (PID=9983) to work on /opt/conda/lib/python3.8/site-packages/airflow/example_dags/tutorial_etl_dag.py
[2022-11-02 16:47:55,868] {processor.py:641} INFO - Processing file /opt/conda/lib/python3.8/site-packages/airflow/example_dags/tutorial_etl_dag.py for tasks to queue
[2022-11-02 16:47:55,868] {logging_mixin.py:115} INFO - [2022-11-02 16:47:55,868] {dagbag.py:508} INFO - Filling up the DagBag from /opt/conda/lib/python3.8/site-packages/airflow/example_dags/tutorial_etl_dag.py
[2022-11-02 16:47:55,876] {processor.py:651} INFO - DAG(s) dict_keys(['tutorial_etl_dag']) retrieved from /opt/conda/lib/python3.8/site-packages/airflow/example_dags/tutorial_etl_dag.py
[2022-11-02 16:47:55,895] {logging_mixin.py:115} INFO - [2022-11-02 16:47:55,895] {dag.py:2420} INFO - Sync 1 DAGs
[2022-11-02 16:47:55,915] {logging_mixin.py:115} INFO - [2022-11-02 16:47:55,915] {dag.py:2968} INFO - Setting next_dagrun for tutorial_etl_dag to None, run_after=None
[2022-11-02 16:47:55,933] {processor.py:161} INFO - Processing /opt/conda/lib/python3.8/site-packages/airflow/example_dags/tutorial_etl_dag.py took 0.073 seconds
[2022-11-02 16:49:03,519] {processor.py:153} INFO - Started process (PID=10154) to work on /opt/conda/lib/python3.8/site-packages/airflow/example_dags/tutorial_etl_dag.py
[2022-11-02 16:49:03,520] {processor.py:641} INFO - Processing file /opt/conda/lib/python3.8/site-packages/airflow/example_dags/tutorial_etl_dag.py for tasks to queue
[2022-11-02 16:49:03,521] {logging_mixin.py:115} INFO - [2022-11-02 16:49:03,520] {dagbag.py:508} INFO - Filling up the DagBag from /opt/conda/lib/python3.8/site-packages/airflow/example_dags/tutorial_etl_dag.py
[2022-11-02 16:49:03,528] {processor.py:651} INFO - DAG(s) dict_keys(['tutorial_etl_dag']) retrieved from /opt/conda/lib/python3.8/site-packages/airflow/example_dags/tutorial_etl_dag.py
[2022-11-02 16:49:03,547] {logging_mixin.py:115} INFO - [2022-11-02 16:49:03,547] {dag.py:2420} INFO - Sync 1 DAGs
[2022-11-02 16:49:03,567] {logging_mixin.py:115} INFO - [2022-11-02 16:49:03,567] {dag.py:2968} INFO - Setting next_dagrun for tutorial_etl_dag to None, run_after=None
[2022-11-02 16:49:03,585] {processor.py:161} INFO - Processing /opt/conda/lib/python3.8/site-packages/airflow/example_dags/tutorial_etl_dag.py took 0.073 seconds
[2022-11-02 16:50:19,651] {processor.py:153} INFO - Started process (PID=10383) to work on /opt/conda/lib/python3.8/site-packages/airflow/example_dags/tutorial_etl_dag.py
[2022-11-02 16:50:19,652] {processor.py:641} INFO - Processing file /opt/conda/lib/python3.8/site-packages/airflow/example_dags/tutorial_etl_dag.py for tasks to queue
[2022-11-02 16:50:19,652] {logging_mixin.py:115} INFO - [2022-11-02 16:50:19,652] {dagbag.py:508} INFO - Filling up the DagBag from /opt/conda/lib/python3.8/site-packages/airflow/example_dags/tutorial_etl_dag.py
[2022-11-02 16:50:19,659] {processor.py:651} INFO - DAG(s) dict_keys(['tutorial_etl_dag']) retrieved from /opt/conda/lib/python3.8/site-packages/airflow/example_dags/tutorial_etl_dag.py
[2022-11-02 16:50:19,677] {logging_mixin.py:115} INFO - [2022-11-02 16:50:19,677] {dag.py:2420} INFO - Sync 1 DAGs
[2022-11-02 16:50:19,696] {logging_mixin.py:115} INFO - [2022-11-02 16:50:19,696] {dag.py:2968} INFO - Setting next_dagrun for tutorial_etl_dag to None, run_after=None
[2022-11-02 16:50:19,707] {processor.py:161} INFO - Processing /opt/conda/lib/python3.8/site-packages/airflow/example_dags/tutorial_etl_dag.py took 0.063 seconds
[2022-11-02 16:51:18,654] {processor.py:153} INFO - Started process (PID=10569) to work on /opt/conda/lib/python3.8/site-packages/airflow/example_dags/tutorial_etl_dag.py
[2022-11-02 16:51:18,655] {processor.py:641} INFO - Processing file /opt/conda/lib/python3.8/site-packages/airflow/example_dags/tutorial_etl_dag.py for tasks to queue
[2022-11-02 16:51:18,656] {logging_mixin.py:115} INFO - [2022-11-02 16:51:18,656] {dagbag.py:508} INFO - Filling up the DagBag from /opt/conda/lib/python3.8/site-packages/airflow/example_dags/tutorial_etl_dag.py
[2022-11-02 16:51:18,663] {processor.py:651} INFO - DAG(s) dict_keys(['tutorial_etl_dag']) retrieved from /opt/conda/lib/python3.8/site-packages/airflow/example_dags/tutorial_etl_dag.py
[2022-11-02 16:51:18,681] {logging_mixin.py:115} INFO - [2022-11-02 16:51:18,681] {dag.py:2420} INFO - Sync 1 DAGs
[2022-11-02 16:51:18,700] {logging_mixin.py:115} INFO - [2022-11-02 16:51:18,700] {dag.py:2968} INFO - Setting next_dagrun for tutorial_etl_dag to None, run_after=None
[2022-11-02 16:51:18,711] {processor.py:161} INFO - Processing /opt/conda/lib/python3.8/site-packages/airflow/example_dags/tutorial_etl_dag.py took 0.063 seconds
[2022-11-02 16:52:16,693] {processor.py:153} INFO - Started process (PID=10722) to work on /opt/conda/lib/python3.8/site-packages/airflow/example_dags/tutorial_etl_dag.py
[2022-11-02 16:52:16,693] {processor.py:641} INFO - Processing file /opt/conda/lib/python3.8/site-packages/airflow/example_dags/tutorial_etl_dag.py for tasks to queue
[2022-11-02 16:52:16,694] {logging_mixin.py:115} INFO - [2022-11-02 16:52:16,694] {dagbag.py:508} INFO - Filling up the DagBag from /opt/conda/lib/python3.8/site-packages/airflow/example_dags/tutorial_etl_dag.py
[2022-11-02 16:52:16,702] {processor.py:651} INFO - DAG(s) dict_keys(['tutorial_etl_dag']) retrieved from /opt/conda/lib/python3.8/site-packages/airflow/example_dags/tutorial_etl_dag.py
[2022-11-02 16:52:16,720] {logging_mixin.py:115} INFO - [2022-11-02 16:52:16,720] {dag.py:2420} INFO - Sync 1 DAGs
[2022-11-02 16:52:16,739] {logging_mixin.py:115} INFO - [2022-11-02 16:52:16,739] {dag.py:2968} INFO - Setting next_dagrun for tutorial_etl_dag to None, run_after=None
[2022-11-02 16:52:16,756] {processor.py:161} INFO - Processing /opt/conda/lib/python3.8/site-packages/airflow/example_dags/tutorial_etl_dag.py took 0.069 seconds
[2022-11-02 16:53:16,955] {processor.py:153} INFO - Started process (PID=10900) to work on /opt/conda/lib/python3.8/site-packages/airflow/example_dags/tutorial_etl_dag.py
[2022-11-02 16:53:16,956] {processor.py:641} INFO - Processing file /opt/conda/lib/python3.8/site-packages/airflow/example_dags/tutorial_etl_dag.py for tasks to queue
[2022-11-02 16:53:16,957] {logging_mixin.py:115} INFO - [2022-11-02 16:53:16,957] {dagbag.py:508} INFO - Filling up the DagBag from /opt/conda/lib/python3.8/site-packages/airflow/example_dags/tutorial_etl_dag.py
[2022-11-02 16:53:16,964] {processor.py:651} INFO - DAG(s) dict_keys(['tutorial_etl_dag']) retrieved from /opt/conda/lib/python3.8/site-packages/airflow/example_dags/tutorial_etl_dag.py
[2022-11-02 16:53:16,982] {logging_mixin.py:115} INFO - [2022-11-02 16:53:16,982] {dag.py:2420} INFO - Sync 1 DAGs
[2022-11-02 16:53:17,001] {logging_mixin.py:115} INFO - [2022-11-02 16:53:17,000] {dag.py:2968} INFO - Setting next_dagrun for tutorial_etl_dag to None, run_after=None
[2022-11-02 16:53:17,012] {processor.py:161} INFO - Processing /opt/conda/lib/python3.8/site-packages/airflow/example_dags/tutorial_etl_dag.py took 0.063 seconds
[2022-11-02 16:54:17,692] {processor.py:153} INFO - Started process (PID=11054) to work on /opt/conda/lib/python3.8/site-packages/airflow/example_dags/tutorial_etl_dag.py
[2022-11-02 16:54:17,693] {processor.py:641} INFO - Processing file /opt/conda/lib/python3.8/site-packages/airflow/example_dags/tutorial_etl_dag.py for tasks to queue
[2022-11-02 16:54:17,694] {logging_mixin.py:115} INFO - [2022-11-02 16:54:17,694] {dagbag.py:508} INFO - Filling up the DagBag from /opt/conda/lib/python3.8/site-packages/airflow/example_dags/tutorial_etl_dag.py
[2022-11-02 16:54:17,701] {processor.py:651} INFO - DAG(s) dict_keys(['tutorial_etl_dag']) retrieved from /opt/conda/lib/python3.8/site-packages/airflow/example_dags/tutorial_etl_dag.py
[2022-11-02 16:54:17,719] {logging_mixin.py:115} INFO - [2022-11-02 16:54:17,719] {dag.py:2420} INFO - Sync 1 DAGs
[2022-11-02 16:54:17,738] {logging_mixin.py:115} INFO - [2022-11-02 16:54:17,737] {dag.py:2968} INFO - Setting next_dagrun for tutorial_etl_dag to None, run_after=None
[2022-11-02 16:54:17,755] {processor.py:161} INFO - Processing /opt/conda/lib/python3.8/site-packages/airflow/example_dags/tutorial_etl_dag.py took 0.069 seconds
[2022-11-02 16:55:22,076] {processor.py:153} INFO - Started process (PID=11220) to work on /opt/conda/lib/python3.8/site-packages/airflow/example_dags/tutorial_etl_dag.py
[2022-11-02 16:55:22,076] {processor.py:641} INFO - Processing file /opt/conda/lib/python3.8/site-packages/airflow/example_dags/tutorial_etl_dag.py for tasks to queue
[2022-11-02 16:55:22,077] {logging_mixin.py:115} INFO - [2022-11-02 16:55:22,077] {dagbag.py:508} INFO - Filling up the DagBag from /opt/conda/lib/python3.8/site-packages/airflow/example_dags/tutorial_etl_dag.py
[2022-11-02 16:55:22,084] {processor.py:651} INFO - DAG(s) dict_keys(['tutorial_etl_dag']) retrieved from /opt/conda/lib/python3.8/site-packages/airflow/example_dags/tutorial_etl_dag.py
[2022-11-02 16:55:22,102] {logging_mixin.py:115} INFO - [2022-11-02 16:55:22,102] {dag.py:2420} INFO - Sync 1 DAGs
[2022-11-02 16:55:22,120] {logging_mixin.py:115} INFO - [2022-11-02 16:55:22,120] {dag.py:2968} INFO - Setting next_dagrun for tutorial_etl_dag to None, run_after=None
[2022-11-02 16:55:22,138] {processor.py:161} INFO - Processing /opt/conda/lib/python3.8/site-packages/airflow/example_dags/tutorial_etl_dag.py took 0.068 seconds
[2022-11-02 16:56:28,108] {processor.py:153} INFO - Started process (PID=11384) to work on /opt/conda/lib/python3.8/site-packages/airflow/example_dags/tutorial_etl_dag.py
[2022-11-02 16:56:28,109] {processor.py:641} INFO - Processing file /opt/conda/lib/python3.8/site-packages/airflow/example_dags/tutorial_etl_dag.py for tasks to queue
[2022-11-02 16:56:28,110] {logging_mixin.py:115} INFO - [2022-11-02 16:56:28,110] {dagbag.py:508} INFO - Filling up the DagBag from /opt/conda/lib/python3.8/site-packages/airflow/example_dags/tutorial_etl_dag.py
[2022-11-02 16:56:28,118] {processor.py:651} INFO - DAG(s) dict_keys(['tutorial_etl_dag']) retrieved from /opt/conda/lib/python3.8/site-packages/airflow/example_dags/tutorial_etl_dag.py
[2022-11-02 16:56:28,136] {logging_mixin.py:115} INFO - [2022-11-02 16:56:28,136] {dag.py:2420} INFO - Sync 1 DAGs
[2022-11-02 16:56:28,155] {logging_mixin.py:115} INFO - [2022-11-02 16:56:28,155] {dag.py:2968} INFO - Setting next_dagrun for tutorial_etl_dag to None, run_after=None
[2022-11-02 16:56:28,172] {processor.py:161} INFO - Processing /opt/conda/lib/python3.8/site-packages/airflow/example_dags/tutorial_etl_dag.py took 0.069 seconds
[2022-11-02 16:57:34,187] {processor.py:153} INFO - Started process (PID=11551) to work on /opt/conda/lib/python3.8/site-packages/airflow/example_dags/tutorial_etl_dag.py
[2022-11-02 16:57:34,188] {processor.py:641} INFO - Processing file /opt/conda/lib/python3.8/site-packages/airflow/example_dags/tutorial_etl_dag.py for tasks to queue
[2022-11-02 16:57:34,189] {logging_mixin.py:115} INFO - [2022-11-02 16:57:34,189] {dagbag.py:508} INFO - Filling up the DagBag from /opt/conda/lib/python3.8/site-packages/airflow/example_dags/tutorial_etl_dag.py
[2022-11-02 16:57:34,196] {processor.py:651} INFO - DAG(s) dict_keys(['tutorial_etl_dag']) retrieved from /opt/conda/lib/python3.8/site-packages/airflow/example_dags/tutorial_etl_dag.py
[2022-11-02 16:57:34,215] {logging_mixin.py:115} INFO - [2022-11-02 16:57:34,215] {dag.py:2420} INFO - Sync 1 DAGs
[2022-11-02 16:57:34,233] {logging_mixin.py:115} INFO - [2022-11-02 16:57:34,233] {dag.py:2968} INFO - Setting next_dagrun for tutorial_etl_dag to None, run_after=None
[2022-11-02 16:57:34,251] {processor.py:161} INFO - Processing /opt/conda/lib/python3.8/site-packages/airflow/example_dags/tutorial_etl_dag.py took 0.070 seconds
[2022-11-02 16:58:35,878] {processor.py:153} INFO - Started process (PID=11714) to work on /opt/conda/lib/python3.8/site-packages/airflow/example_dags/tutorial_etl_dag.py
[2022-11-02 16:58:35,880] {processor.py:641} INFO - Processing file /opt/conda/lib/python3.8/site-packages/airflow/example_dags/tutorial_etl_dag.py for tasks to queue
[2022-11-02 16:58:35,880] {logging_mixin.py:115} INFO - [2022-11-02 16:58:35,880] {dagbag.py:508} INFO - Filling up the DagBag from /opt/conda/lib/python3.8/site-packages/airflow/example_dags/tutorial_etl_dag.py
[2022-11-02 16:58:35,887] {processor.py:651} INFO - DAG(s) dict_keys(['tutorial_etl_dag']) retrieved from /opt/conda/lib/python3.8/site-packages/airflow/example_dags/tutorial_etl_dag.py
[2022-11-02 16:58:35,905] {logging_mixin.py:115} INFO - [2022-11-02 16:58:35,905] {dag.py:2420} INFO - Sync 1 DAGs
[2022-11-02 16:58:35,924] {logging_mixin.py:115} INFO - [2022-11-02 16:58:35,924] {dag.py:2968} INFO - Setting next_dagrun for tutorial_etl_dag to None, run_after=None
[2022-11-02 16:58:35,941] {processor.py:161} INFO - Processing /opt/conda/lib/python3.8/site-packages/airflow/example_dags/tutorial_etl_dag.py took 0.070 seconds
[2022-11-02 16:59:41,931] {processor.py:153} INFO - Started process (PID=11879) to work on /opt/conda/lib/python3.8/site-packages/airflow/example_dags/tutorial_etl_dag.py
[2022-11-02 16:59:41,932] {processor.py:641} INFO - Processing file /opt/conda/lib/python3.8/site-packages/airflow/example_dags/tutorial_etl_dag.py for tasks to queue
[2022-11-02 16:59:41,932] {logging_mixin.py:115} INFO - [2022-11-02 16:59:41,932] {dagbag.py:508} INFO - Filling up the DagBag from /opt/conda/lib/python3.8/site-packages/airflow/example_dags/tutorial_etl_dag.py
[2022-11-02 16:59:41,939] {processor.py:651} INFO - DAG(s) dict_keys(['tutorial_etl_dag']) retrieved from /opt/conda/lib/python3.8/site-packages/airflow/example_dags/tutorial_etl_dag.py
[2022-11-02 16:59:41,957] {logging_mixin.py:115} INFO - [2022-11-02 16:59:41,957] {dag.py:2420} INFO - Sync 1 DAGs
[2022-11-02 16:59:41,975] {logging_mixin.py:115} INFO - [2022-11-02 16:59:41,975] {dag.py:2968} INFO - Setting next_dagrun for tutorial_etl_dag to None, run_after=None
[2022-11-02 16:59:41,986] {processor.py:161} INFO - Processing /opt/conda/lib/python3.8/site-packages/airflow/example_dags/tutorial_etl_dag.py took 0.060 seconds
[2022-11-02 17:00:55,884] {processor.py:153} INFO - Started process (PID=12083) to work on /opt/conda/lib/python3.8/site-packages/airflow/example_dags/tutorial_etl_dag.py
[2022-11-02 17:00:55,884] {processor.py:641} INFO - Processing file /opt/conda/lib/python3.8/site-packages/airflow/example_dags/tutorial_etl_dag.py for tasks to queue
[2022-11-02 17:00:55,885] {logging_mixin.py:115} INFO - [2022-11-02 17:00:55,885] {dagbag.py:508} INFO - Filling up the DagBag from /opt/conda/lib/python3.8/site-packages/airflow/example_dags/tutorial_etl_dag.py
[2022-11-02 17:00:55,893] {processor.py:651} INFO - DAG(s) dict_keys(['tutorial_etl_dag']) retrieved from /opt/conda/lib/python3.8/site-packages/airflow/example_dags/tutorial_etl_dag.py
[2022-11-02 17:00:55,912] {logging_mixin.py:115} INFO - [2022-11-02 17:00:55,912] {dag.py:2420} INFO - Sync 1 DAGs
[2022-11-02 17:00:55,932] {logging_mixin.py:115} INFO - [2022-11-02 17:00:55,932] {dag.py:2968} INFO - Setting next_dagrun for tutorial_etl_dag to None, run_after=None
[2022-11-02 17:00:55,950] {processor.py:161} INFO - Processing /opt/conda/lib/python3.8/site-packages/airflow/example_dags/tutorial_etl_dag.py took 0.074 seconds
[2022-11-02 17:01:59,307] {processor.py:153} INFO - Started process (PID=12247) to work on /opt/conda/lib/python3.8/site-packages/airflow/example_dags/tutorial_etl_dag.py
[2022-11-02 17:01:59,308] {processor.py:641} INFO - Processing file /opt/conda/lib/python3.8/site-packages/airflow/example_dags/tutorial_etl_dag.py for tasks to queue
[2022-11-02 17:01:59,309] {logging_mixin.py:115} INFO - [2022-11-02 17:01:59,308] {dagbag.py:508} INFO - Filling up the DagBag from /opt/conda/lib/python3.8/site-packages/airflow/example_dags/tutorial_etl_dag.py
[2022-11-02 17:01:59,317] {processor.py:651} INFO - DAG(s) dict_keys(['tutorial_etl_dag']) retrieved from /opt/conda/lib/python3.8/site-packages/airflow/example_dags/tutorial_etl_dag.py
[2022-11-02 17:01:59,335] {logging_mixin.py:115} INFO - [2022-11-02 17:01:59,335] {dag.py:2420} INFO - Sync 1 DAGs
[2022-11-02 17:01:59,353] {logging_mixin.py:115} INFO - [2022-11-02 17:01:59,353] {dag.py:2968} INFO - Setting next_dagrun for tutorial_etl_dag to None, run_after=None
[2022-11-02 17:01:59,364] {processor.py:161} INFO - Processing /opt/conda/lib/python3.8/site-packages/airflow/example_dags/tutorial_etl_dag.py took 0.062 seconds
[2022-11-02 17:03:03,470] {processor.py:153} INFO - Started process (PID=12411) to work on /opt/conda/lib/python3.8/site-packages/airflow/example_dags/tutorial_etl_dag.py
[2022-11-02 17:03:03,471] {processor.py:641} INFO - Processing file /opt/conda/lib/python3.8/site-packages/airflow/example_dags/tutorial_etl_dag.py for tasks to queue
[2022-11-02 17:03:03,472] {logging_mixin.py:115} INFO - [2022-11-02 17:03:03,472] {dagbag.py:508} INFO - Filling up the DagBag from /opt/conda/lib/python3.8/site-packages/airflow/example_dags/tutorial_etl_dag.py
[2022-11-02 17:03:03,479] {processor.py:651} INFO - DAG(s) dict_keys(['tutorial_etl_dag']) retrieved from /opt/conda/lib/python3.8/site-packages/airflow/example_dags/tutorial_etl_dag.py
[2022-11-02 17:03:03,497] {logging_mixin.py:115} INFO - [2022-11-02 17:03:03,497] {dag.py:2420} INFO - Sync 1 DAGs
[2022-11-02 17:03:03,516] {logging_mixin.py:115} INFO - [2022-11-02 17:03:03,516] {dag.py:2968} INFO - Setting next_dagrun for tutorial_etl_dag to None, run_after=None
[2022-11-02 17:03:03,527] {processor.py:161} INFO - Processing /opt/conda/lib/python3.8/site-packages/airflow/example_dags/tutorial_etl_dag.py took 0.063 seconds
[2022-11-02 17:04:02,357] {processor.py:153} INFO - Started process (PID=12573) to work on /opt/conda/lib/python3.8/site-packages/airflow/example_dags/tutorial_etl_dag.py
[2022-11-02 17:04:02,358] {processor.py:641} INFO - Processing file /opt/conda/lib/python3.8/site-packages/airflow/example_dags/tutorial_etl_dag.py for tasks to queue
[2022-11-02 17:04:02,359] {logging_mixin.py:115} INFO - [2022-11-02 17:04:02,359] {dagbag.py:508} INFO - Filling up the DagBag from /opt/conda/lib/python3.8/site-packages/airflow/example_dags/tutorial_etl_dag.py
[2022-11-02 17:04:02,364] {processor.py:651} INFO - DAG(s) dict_keys(['tutorial_etl_dag']) retrieved from /opt/conda/lib/python3.8/site-packages/airflow/example_dags/tutorial_etl_dag.py
[2022-11-02 17:04:02,379] {logging_mixin.py:115} INFO - [2022-11-02 17:04:02,379] {dag.py:2420} INFO - Sync 1 DAGs
[2022-11-02 17:04:02,392] {logging_mixin.py:115} INFO - [2022-11-02 17:04:02,392] {dag.py:2968} INFO - Setting next_dagrun for tutorial_etl_dag to None, run_after=None
[2022-11-02 17:04:02,401] {processor.py:161} INFO - Processing /opt/conda/lib/python3.8/site-packages/airflow/example_dags/tutorial_etl_dag.py took 0.050 seconds
[2022-11-02 17:05:08,416] {processor.py:153} INFO - Started process (PID=12738) to work on /opt/conda/lib/python3.8/site-packages/airflow/example_dags/tutorial_etl_dag.py
[2022-11-02 17:05:08,417] {processor.py:641} INFO - Processing file /opt/conda/lib/python3.8/site-packages/airflow/example_dags/tutorial_etl_dag.py for tasks to queue
[2022-11-02 17:05:08,417] {logging_mixin.py:115} INFO - [2022-11-02 17:05:08,417] {dagbag.py:508} INFO - Filling up the DagBag from /opt/conda/lib/python3.8/site-packages/airflow/example_dags/tutorial_etl_dag.py
[2022-11-02 17:05:08,424] {processor.py:651} INFO - DAG(s) dict_keys(['tutorial_etl_dag']) retrieved from /opt/conda/lib/python3.8/site-packages/airflow/example_dags/tutorial_etl_dag.py
[2022-11-02 17:05:08,442] {logging_mixin.py:115} INFO - [2022-11-02 17:05:08,442] {dag.py:2420} INFO - Sync 1 DAGs
[2022-11-02 17:05:08,461] {logging_mixin.py:115} INFO - [2022-11-02 17:05:08,461] {dag.py:2968} INFO - Setting next_dagrun for tutorial_etl_dag to None, run_after=None
[2022-11-02 17:05:08,471] {processor.py:161} INFO - Processing /opt/conda/lib/python3.8/site-packages/airflow/example_dags/tutorial_etl_dag.py took 0.062 seconds
[2022-11-02 17:06:15,514] {processor.py:153} INFO - Started process (PID=12906) to work on /opt/conda/lib/python3.8/site-packages/airflow/example_dags/tutorial_etl_dag.py
[2022-11-02 17:06:15,515] {processor.py:641} INFO - Processing file /opt/conda/lib/python3.8/site-packages/airflow/example_dags/tutorial_etl_dag.py for tasks to queue
[2022-11-02 17:06:15,515] {logging_mixin.py:115} INFO - [2022-11-02 17:06:15,515] {dagbag.py:508} INFO - Filling up the DagBag from /opt/conda/lib/python3.8/site-packages/airflow/example_dags/tutorial_etl_dag.py
[2022-11-02 17:06:15,522] {processor.py:651} INFO - DAG(s) dict_keys(['tutorial_etl_dag']) retrieved from /opt/conda/lib/python3.8/site-packages/airflow/example_dags/tutorial_etl_dag.py
[2022-11-02 17:06:15,541] {logging_mixin.py:115} INFO - [2022-11-02 17:06:15,541] {dag.py:2420} INFO - Sync 1 DAGs
[2022-11-02 17:06:15,559] {logging_mixin.py:115} INFO - [2022-11-02 17:06:15,559] {dag.py:2968} INFO - Setting next_dagrun for tutorial_etl_dag to None, run_after=None
[2022-11-02 17:06:15,576] {processor.py:161} INFO - Processing /opt/conda/lib/python3.8/site-packages/airflow/example_dags/tutorial_etl_dag.py took 0.069 seconds
[2022-11-02 17:07:18,394] {processor.py:153} INFO - Started process (PID=13069) to work on /opt/conda/lib/python3.8/site-packages/airflow/example_dags/tutorial_etl_dag.py
[2022-11-02 17:07:18,395] {processor.py:641} INFO - Processing file /opt/conda/lib/python3.8/site-packages/airflow/example_dags/tutorial_etl_dag.py for tasks to queue
[2022-11-02 17:07:18,395] {logging_mixin.py:115} INFO - [2022-11-02 17:07:18,395] {dagbag.py:508} INFO - Filling up the DagBag from /opt/conda/lib/python3.8/site-packages/airflow/example_dags/tutorial_etl_dag.py
[2022-11-02 17:07:18,402] {processor.py:651} INFO - DAG(s) dict_keys(['tutorial_etl_dag']) retrieved from /opt/conda/lib/python3.8/site-packages/airflow/example_dags/tutorial_etl_dag.py
[2022-11-02 17:07:18,421] {logging_mixin.py:115} INFO - [2022-11-02 17:07:18,421] {dag.py:2420} INFO - Sync 1 DAGs
[2022-11-02 17:07:18,440] {logging_mixin.py:115} INFO - [2022-11-02 17:07:18,439] {dag.py:2968} INFO - Setting next_dagrun for tutorial_etl_dag to None, run_after=None
[2022-11-02 17:07:18,450] {processor.py:161} INFO - Processing /opt/conda/lib/python3.8/site-packages/airflow/example_dags/tutorial_etl_dag.py took 0.063 seconds
[2022-11-02 17:08:23,395] {processor.py:153} INFO - Started process (PID=13235) to work on /opt/conda/lib/python3.8/site-packages/airflow/example_dags/tutorial_etl_dag.py
[2022-11-02 17:08:23,396] {processor.py:641} INFO - Processing file /opt/conda/lib/python3.8/site-packages/airflow/example_dags/tutorial_etl_dag.py for tasks to queue
[2022-11-02 17:08:23,397] {logging_mixin.py:115} INFO - [2022-11-02 17:08:23,397] {dagbag.py:508} INFO - Filling up the DagBag from /opt/conda/lib/python3.8/site-packages/airflow/example_dags/tutorial_etl_dag.py
[2022-11-02 17:08:23,404] {processor.py:651} INFO - DAG(s) dict_keys(['tutorial_etl_dag']) retrieved from /opt/conda/lib/python3.8/site-packages/airflow/example_dags/tutorial_etl_dag.py
[2022-11-02 17:08:23,422] {logging_mixin.py:115} INFO - [2022-11-02 17:08:23,422] {dag.py:2420} INFO - Sync 1 DAGs
[2022-11-02 17:08:23,440] {logging_mixin.py:115} INFO - [2022-11-02 17:08:23,440] {dag.py:2968} INFO - Setting next_dagrun for tutorial_etl_dag to None, run_after=None
[2022-11-02 17:08:23,458] {processor.py:161} INFO - Processing /opt/conda/lib/python3.8/site-packages/airflow/example_dags/tutorial_etl_dag.py took 0.070 seconds
[2022-11-02 17:09:25,079] {processor.py:153} INFO - Started process (PID=13399) to work on /opt/conda/lib/python3.8/site-packages/airflow/example_dags/tutorial_etl_dag.py
[2022-11-02 17:09:25,080] {processor.py:641} INFO - Processing file /opt/conda/lib/python3.8/site-packages/airflow/example_dags/tutorial_etl_dag.py for tasks to queue
[2022-11-02 17:09:25,080] {logging_mixin.py:115} INFO - [2022-11-02 17:09:25,080] {dagbag.py:508} INFO - Filling up the DagBag from /opt/conda/lib/python3.8/site-packages/airflow/example_dags/tutorial_etl_dag.py
[2022-11-02 17:09:25,087] {processor.py:651} INFO - DAG(s) dict_keys(['tutorial_etl_dag']) retrieved from /opt/conda/lib/python3.8/site-packages/airflow/example_dags/tutorial_etl_dag.py
[2022-11-02 17:09:25,105] {logging_mixin.py:115} INFO - [2022-11-02 17:09:25,105] {dag.py:2420} INFO - Sync 1 DAGs
[2022-11-02 17:09:25,123] {logging_mixin.py:115} INFO - [2022-11-02 17:09:25,123] {dag.py:2968} INFO - Setting next_dagrun for tutorial_etl_dag to None, run_after=None
[2022-11-02 17:09:25,134] {processor.py:161} INFO - Processing /opt/conda/lib/python3.8/site-packages/airflow/example_dags/tutorial_etl_dag.py took 0.061 seconds
[2022-11-02 17:10:25,443] {processor.py:153} INFO - Started process (PID=13562) to work on /opt/conda/lib/python3.8/site-packages/airflow/example_dags/tutorial_etl_dag.py
[2022-11-02 17:10:25,443] {processor.py:641} INFO - Processing file /opt/conda/lib/python3.8/site-packages/airflow/example_dags/tutorial_etl_dag.py for tasks to queue
[2022-11-02 17:10:25,444] {logging_mixin.py:115} INFO - [2022-11-02 17:10:25,444] {dagbag.py:508} INFO - Filling up the DagBag from /opt/conda/lib/python3.8/site-packages/airflow/example_dags/tutorial_etl_dag.py
[2022-11-02 17:10:25,452] {processor.py:651} INFO - DAG(s) dict_keys(['tutorial_etl_dag']) retrieved from /opt/conda/lib/python3.8/site-packages/airflow/example_dags/tutorial_etl_dag.py
[2022-11-02 17:10:25,470] {logging_mixin.py:115} INFO - [2022-11-02 17:10:25,470] {dag.py:2420} INFO - Sync 1 DAGs
[2022-11-02 17:10:25,488] {logging_mixin.py:115} INFO - [2022-11-02 17:10:25,488] {dag.py:2968} INFO - Setting next_dagrun for tutorial_etl_dag to None, run_after=None
[2022-11-02 17:10:25,506] {processor.py:161} INFO - Processing /opt/conda/lib/python3.8/site-packages/airflow/example_dags/tutorial_etl_dag.py took 0.068 seconds
[2022-11-02 17:11:31,306] {processor.py:153} INFO - Started process (PID=13726) to work on /opt/conda/lib/python3.8/site-packages/airflow/example_dags/tutorial_etl_dag.py
[2022-11-02 17:11:31,308] {processor.py:641} INFO - Processing file /opt/conda/lib/python3.8/site-packages/airflow/example_dags/tutorial_etl_dag.py for tasks to queue
[2022-11-02 17:11:31,308] {logging_mixin.py:115} INFO - [2022-11-02 17:11:31,308] {dagbag.py:508} INFO - Filling up the DagBag from /opt/conda/lib/python3.8/site-packages/airflow/example_dags/tutorial_etl_dag.py
[2022-11-02 17:11:31,315] {processor.py:651} INFO - DAG(s) dict_keys(['tutorial_etl_dag']) retrieved from /opt/conda/lib/python3.8/site-packages/airflow/example_dags/tutorial_etl_dag.py
[2022-11-02 17:11:31,333] {logging_mixin.py:115} INFO - [2022-11-02 17:11:31,333] {dag.py:2420} INFO - Sync 1 DAGs
[2022-11-02 17:11:31,352] {logging_mixin.py:115} INFO - [2022-11-02 17:11:31,352] {dag.py:2968} INFO - Setting next_dagrun for tutorial_etl_dag to None, run_after=None
[2022-11-02 17:11:31,363] {processor.py:161} INFO - Processing /opt/conda/lib/python3.8/site-packages/airflow/example_dags/tutorial_etl_dag.py took 0.063 seconds
[2022-11-02 17:12:32,747] {processor.py:153} INFO - Started process (PID=13890) to work on /opt/conda/lib/python3.8/site-packages/airflow/example_dags/tutorial_etl_dag.py
[2022-11-02 17:12:32,748] {processor.py:641} INFO - Processing file /opt/conda/lib/python3.8/site-packages/airflow/example_dags/tutorial_etl_dag.py for tasks to queue
[2022-11-02 17:12:32,749] {logging_mixin.py:115} INFO - [2022-11-02 17:12:32,748] {dagbag.py:508} INFO - Filling up the DagBag from /opt/conda/lib/python3.8/site-packages/airflow/example_dags/tutorial_etl_dag.py
[2022-11-02 17:12:32,756] {processor.py:651} INFO - DAG(s) dict_keys(['tutorial_etl_dag']) retrieved from /opt/conda/lib/python3.8/site-packages/airflow/example_dags/tutorial_etl_dag.py
[2022-11-02 17:12:32,774] {logging_mixin.py:115} INFO - [2022-11-02 17:12:32,774] {dag.py:2420} INFO - Sync 1 DAGs
[2022-11-02 17:12:32,792] {logging_mixin.py:115} INFO - [2022-11-02 17:12:32,792] {dag.py:2968} INFO - Setting next_dagrun for tutorial_etl_dag to None, run_after=None
[2022-11-02 17:12:32,810] {processor.py:161} INFO - Processing /opt/conda/lib/python3.8/site-packages/airflow/example_dags/tutorial_etl_dag.py took 0.069 seconds
[2022-11-02 17:13:31,837] {processor.py:153} INFO - Started process (PID=14050) to work on /opt/conda/lib/python3.8/site-packages/airflow/example_dags/tutorial_etl_dag.py
[2022-11-02 17:13:31,837] {processor.py:641} INFO - Processing file /opt/conda/lib/python3.8/site-packages/airflow/example_dags/tutorial_etl_dag.py for tasks to queue
[2022-11-02 17:13:31,838] {logging_mixin.py:115} INFO - [2022-11-02 17:13:31,838] {dagbag.py:508} INFO - Filling up the DagBag from /opt/conda/lib/python3.8/site-packages/airflow/example_dags/tutorial_etl_dag.py
[2022-11-02 17:13:31,845] {processor.py:651} INFO - DAG(s) dict_keys(['tutorial_etl_dag']) retrieved from /opt/conda/lib/python3.8/site-packages/airflow/example_dags/tutorial_etl_dag.py
[2022-11-02 17:13:31,862] {logging_mixin.py:115} INFO - [2022-11-02 17:13:31,862] {dag.py:2420} INFO - Sync 1 DAGs
[2022-11-02 17:13:31,880] {logging_mixin.py:115} INFO - [2022-11-02 17:13:31,880] {dag.py:2968} INFO - Setting next_dagrun for tutorial_etl_dag to None, run_after=None
[2022-11-02 17:13:31,891] {processor.py:161} INFO - Processing /opt/conda/lib/python3.8/site-packages/airflow/example_dags/tutorial_etl_dag.py took 0.059 seconds
[2022-11-02 17:14:32,717] {processor.py:153} INFO - Started process (PID=14214) to work on /opt/conda/lib/python3.8/site-packages/airflow/example_dags/tutorial_etl_dag.py
[2022-11-02 17:14:32,718] {processor.py:641} INFO - Processing file /opt/conda/lib/python3.8/site-packages/airflow/example_dags/tutorial_etl_dag.py for tasks to queue
[2022-11-02 17:14:32,718] {logging_mixin.py:115} INFO - [2022-11-02 17:14:32,718] {dagbag.py:508} INFO - Filling up the DagBag from /opt/conda/lib/python3.8/site-packages/airflow/example_dags/tutorial_etl_dag.py
[2022-11-02 17:14:32,725] {processor.py:651} INFO - DAG(s) dict_keys(['tutorial_etl_dag']) retrieved from /opt/conda/lib/python3.8/site-packages/airflow/example_dags/tutorial_etl_dag.py
[2022-11-02 17:14:32,742] {logging_mixin.py:115} INFO - [2022-11-02 17:14:32,741] {dag.py:2420} INFO - Sync 1 DAGs
[2022-11-02 17:14:32,760] {logging_mixin.py:115} INFO - [2022-11-02 17:14:32,759] {dag.py:2968} INFO - Setting next_dagrun for tutorial_etl_dag to None, run_after=None
[2022-11-02 17:14:32,770] {processor.py:161} INFO - Processing /opt/conda/lib/python3.8/site-packages/airflow/example_dags/tutorial_etl_dag.py took 0.058 seconds
[2022-11-02 17:15:35,808] {processor.py:153} INFO - Started process (PID=14377) to work on /opt/conda/lib/python3.8/site-packages/airflow/example_dags/tutorial_etl_dag.py
[2022-11-02 17:15:35,809] {processor.py:641} INFO - Processing file /opt/conda/lib/python3.8/site-packages/airflow/example_dags/tutorial_etl_dag.py for tasks to queue
[2022-11-02 17:15:35,809] {logging_mixin.py:115} INFO - [2022-11-02 17:15:35,809] {dagbag.py:508} INFO - Filling up the DagBag from /opt/conda/lib/python3.8/site-packages/airflow/example_dags/tutorial_etl_dag.py
[2022-11-02 17:15:35,816] {processor.py:651} INFO - DAG(s) dict_keys(['tutorial_etl_dag']) retrieved from /opt/conda/lib/python3.8/site-packages/airflow/example_dags/tutorial_etl_dag.py
[2022-11-02 17:15:35,834] {logging_mixin.py:115} INFO - [2022-11-02 17:15:35,834] {dag.py:2420} INFO - Sync 1 DAGs
[2022-11-02 17:15:35,852] {logging_mixin.py:115} INFO - [2022-11-02 17:15:35,852] {dag.py:2968} INFO - Setting next_dagrun for tutorial_etl_dag to None, run_after=None
[2022-11-02 17:15:35,870] {processor.py:161} INFO - Processing /opt/conda/lib/python3.8/site-packages/airflow/example_dags/tutorial_etl_dag.py took 0.068 seconds
[2022-11-02 17:16:34,690] {processor.py:153} INFO - Started process (PID=14540) to work on /opt/conda/lib/python3.8/site-packages/airflow/example_dags/tutorial_etl_dag.py
[2022-11-02 17:16:34,691] {processor.py:641} INFO - Processing file /opt/conda/lib/python3.8/site-packages/airflow/example_dags/tutorial_etl_dag.py for tasks to queue
[2022-11-02 17:16:34,691] {logging_mixin.py:115} INFO - [2022-11-02 17:16:34,691] {dagbag.py:508} INFO - Filling up the DagBag from /opt/conda/lib/python3.8/site-packages/airflow/example_dags/tutorial_etl_dag.py
[2022-11-02 17:16:34,698] {processor.py:651} INFO - DAG(s) dict_keys(['tutorial_etl_dag']) retrieved from /opt/conda/lib/python3.8/site-packages/airflow/example_dags/tutorial_etl_dag.py
[2022-11-02 17:16:34,717] {logging_mixin.py:115} INFO - [2022-11-02 17:16:34,716] {dag.py:2420} INFO - Sync 1 DAGs
[2022-11-02 17:16:34,735] {logging_mixin.py:115} INFO - [2022-11-02 17:16:34,735] {dag.py:2968} INFO - Setting next_dagrun for tutorial_etl_dag to None, run_after=None
[2022-11-02 17:16:34,752] {processor.py:161} INFO - Processing /opt/conda/lib/python3.8/site-packages/airflow/example_dags/tutorial_etl_dag.py took 0.068 seconds
[2022-11-02 17:17:23,898] {processor.py:153} INFO - Started process (PID=14676) to work on /opt/conda/lib/python3.8/site-packages/airflow/example_dags/tutorial_etl_dag.py
[2022-11-02 17:17:23,899] {processor.py:641} INFO - Processing file /opt/conda/lib/python3.8/site-packages/airflow/example_dags/tutorial_etl_dag.py for tasks to queue
[2022-11-02 17:17:23,900] {logging_mixin.py:115} INFO - [2022-11-02 17:17:23,899] {dagbag.py:508} INFO - Filling up the DagBag from /opt/conda/lib/python3.8/site-packages/airflow/example_dags/tutorial_etl_dag.py
[2022-11-02 17:17:23,907] {processor.py:651} INFO - DAG(s) dict_keys(['tutorial_etl_dag']) retrieved from /opt/conda/lib/python3.8/site-packages/airflow/example_dags/tutorial_etl_dag.py
[2022-11-02 17:17:23,925] {logging_mixin.py:115} INFO - [2022-11-02 17:17:23,924] {dag.py:2420} INFO - Sync 1 DAGs
[2022-11-02 17:17:23,943] {logging_mixin.py:115} INFO - [2022-11-02 17:17:23,943] {dag.py:2968} INFO - Setting next_dagrun for tutorial_etl_dag to None, run_after=None
[2022-11-02 17:17:23,953] {processor.py:161} INFO - Processing /opt/conda/lib/python3.8/site-packages/airflow/example_dags/tutorial_etl_dag.py took 0.061 seconds
[2022-11-02 17:18:15,139] {processor.py:153} INFO - Started process (PID=14809) to work on /opt/conda/lib/python3.8/site-packages/airflow/example_dags/tutorial_etl_dag.py
[2022-11-02 17:18:15,140] {processor.py:641} INFO - Processing file /opt/conda/lib/python3.8/site-packages/airflow/example_dags/tutorial_etl_dag.py for tasks to queue
[2022-11-02 17:18:15,141] {logging_mixin.py:115} INFO - [2022-11-02 17:18:15,140] {dagbag.py:508} INFO - Filling up the DagBag from /opt/conda/lib/python3.8/site-packages/airflow/example_dags/tutorial_etl_dag.py
[2022-11-02 17:18:15,148] {processor.py:651} INFO - DAG(s) dict_keys(['tutorial_etl_dag']) retrieved from /opt/conda/lib/python3.8/site-packages/airflow/example_dags/tutorial_etl_dag.py
[2022-11-02 17:18:15,166] {logging_mixin.py:115} INFO - [2022-11-02 17:18:15,166] {dag.py:2420} INFO - Sync 1 DAGs
[2022-11-02 17:18:15,185] {logging_mixin.py:115} INFO - [2022-11-02 17:18:15,185] {dag.py:2968} INFO - Setting next_dagrun for tutorial_etl_dag to None, run_after=None
[2022-11-02 17:18:15,197] {processor.py:161} INFO - Processing /opt/conda/lib/python3.8/site-packages/airflow/example_dags/tutorial_etl_dag.py took 0.064 seconds
[2022-11-02 17:19:16,691] {processor.py:153} INFO - Started process (PID=14971) to work on /opt/conda/lib/python3.8/site-packages/airflow/example_dags/tutorial_etl_dag.py
[2022-11-02 17:19:16,692] {processor.py:641} INFO - Processing file /opt/conda/lib/python3.8/site-packages/airflow/example_dags/tutorial_etl_dag.py for tasks to queue
[2022-11-02 17:19:16,692] {logging_mixin.py:115} INFO - [2022-11-02 17:19:16,692] {dagbag.py:508} INFO - Filling up the DagBag from /opt/conda/lib/python3.8/site-packages/airflow/example_dags/tutorial_etl_dag.py
[2022-11-02 17:19:16,699] {processor.py:651} INFO - DAG(s) dict_keys(['tutorial_etl_dag']) retrieved from /opt/conda/lib/python3.8/site-packages/airflow/example_dags/tutorial_etl_dag.py
[2022-11-02 17:19:16,717] {logging_mixin.py:115} INFO - [2022-11-02 17:19:16,717] {dag.py:2420} INFO - Sync 1 DAGs
[2022-11-02 17:19:16,735] {logging_mixin.py:115} INFO - [2022-11-02 17:19:16,735] {dag.py:2968} INFO - Setting next_dagrun for tutorial_etl_dag to None, run_after=None
[2022-11-02 17:19:16,746] {processor.py:161} INFO - Processing /opt/conda/lib/python3.8/site-packages/airflow/example_dags/tutorial_etl_dag.py took 0.062 seconds
[2022-11-02 17:20:16,816] {processor.py:153} INFO - Started process (PID=15133) to work on /opt/conda/lib/python3.8/site-packages/airflow/example_dags/tutorial_etl_dag.py
[2022-11-02 17:20:16,817] {processor.py:641} INFO - Processing file /opt/conda/lib/python3.8/site-packages/airflow/example_dags/tutorial_etl_dag.py for tasks to queue
[2022-11-02 17:20:16,817] {logging_mixin.py:115} INFO - [2022-11-02 17:20:16,817] {dagbag.py:508} INFO - Filling up the DagBag from /opt/conda/lib/python3.8/site-packages/airflow/example_dags/tutorial_etl_dag.py
[2022-11-02 17:20:16,824] {processor.py:651} INFO - DAG(s) dict_keys(['tutorial_etl_dag']) retrieved from /opt/conda/lib/python3.8/site-packages/airflow/example_dags/tutorial_etl_dag.py
[2022-11-02 17:20:16,842] {logging_mixin.py:115} INFO - [2022-11-02 17:20:16,842] {dag.py:2420} INFO - Sync 1 DAGs
[2022-11-02 17:20:16,860] {logging_mixin.py:115} INFO - [2022-11-02 17:20:16,860] {dag.py:2968} INFO - Setting next_dagrun for tutorial_etl_dag to None, run_after=None
[2022-11-02 17:20:16,878] {processor.py:161} INFO - Processing /opt/conda/lib/python3.8/site-packages/airflow/example_dags/tutorial_etl_dag.py took 0.067 seconds
[2022-11-02 17:21:21,843] {processor.py:153} INFO - Started process (PID=15298) to work on /opt/conda/lib/python3.8/site-packages/airflow/example_dags/tutorial_etl_dag.py
[2022-11-02 17:21:21,845] {processor.py:641} INFO - Processing file /opt/conda/lib/python3.8/site-packages/airflow/example_dags/tutorial_etl_dag.py for tasks to queue
[2022-11-02 17:21:21,845] {logging_mixin.py:115} INFO - [2022-11-02 17:21:21,845] {dagbag.py:508} INFO - Filling up the DagBag from /opt/conda/lib/python3.8/site-packages/airflow/example_dags/tutorial_etl_dag.py
[2022-11-02 17:21:21,852] {processor.py:651} INFO - DAG(s) dict_keys(['tutorial_etl_dag']) retrieved from /opt/conda/lib/python3.8/site-packages/airflow/example_dags/tutorial_etl_dag.py
[2022-11-02 17:21:21,870] {logging_mixin.py:115} INFO - [2022-11-02 17:21:21,870] {dag.py:2420} INFO - Sync 1 DAGs
[2022-11-02 17:21:21,889] {logging_mixin.py:115} INFO - [2022-11-02 17:21:21,888] {dag.py:2968} INFO - Setting next_dagrun for tutorial_etl_dag to None, run_after=None
[2022-11-02 17:21:21,899] {processor.py:161} INFO - Processing /opt/conda/lib/python3.8/site-packages/airflow/example_dags/tutorial_etl_dag.py took 0.062 seconds
[2022-11-02 17:22:19,231] {processor.py:153} INFO - Started process (PID=15460) to work on /opt/conda/lib/python3.8/site-packages/airflow/example_dags/tutorial_etl_dag.py
[2022-11-02 17:22:19,232] {processor.py:641} INFO - Processing file /opt/conda/lib/python3.8/site-packages/airflow/example_dags/tutorial_etl_dag.py for tasks to queue
[2022-11-02 17:22:19,233] {logging_mixin.py:115} INFO - [2022-11-02 17:22:19,232] {dagbag.py:508} INFO - Filling up the DagBag from /opt/conda/lib/python3.8/site-packages/airflow/example_dags/tutorial_etl_dag.py
[2022-11-02 17:22:19,240] {processor.py:651} INFO - DAG(s) dict_keys(['tutorial_etl_dag']) retrieved from /opt/conda/lib/python3.8/site-packages/airflow/example_dags/tutorial_etl_dag.py
[2022-11-02 17:22:19,258] {logging_mixin.py:115} INFO - [2022-11-02 17:22:19,258] {dag.py:2420} INFO - Sync 1 DAGs
[2022-11-02 17:22:19,276] {logging_mixin.py:115} INFO - [2022-11-02 17:22:19,276] {dag.py:2968} INFO - Setting next_dagrun for tutorial_etl_dag to None, run_after=None
[2022-11-02 17:22:19,287] {processor.py:161} INFO - Processing /opt/conda/lib/python3.8/site-packages/airflow/example_dags/tutorial_etl_dag.py took 0.062 seconds
[2022-11-02 17:23:20,115] {processor.py:153} INFO - Started process (PID=15622) to work on /opt/conda/lib/python3.8/site-packages/airflow/example_dags/tutorial_etl_dag.py
[2022-11-02 17:23:20,116] {processor.py:641} INFO - Processing file /opt/conda/lib/python3.8/site-packages/airflow/example_dags/tutorial_etl_dag.py for tasks to queue
[2022-11-02 17:23:20,117] {logging_mixin.py:115} INFO - [2022-11-02 17:23:20,117] {dagbag.py:508} INFO - Filling up the DagBag from /opt/conda/lib/python3.8/site-packages/airflow/example_dags/tutorial_etl_dag.py
[2022-11-02 17:23:20,124] {processor.py:651} INFO - DAG(s) dict_keys(['tutorial_etl_dag']) retrieved from /opt/conda/lib/python3.8/site-packages/airflow/example_dags/tutorial_etl_dag.py
[2022-11-02 17:23:20,143] {logging_mixin.py:115} INFO - [2022-11-02 17:23:20,142] {dag.py:2420} INFO - Sync 1 DAGs
[2022-11-02 17:23:20,161] {logging_mixin.py:115} INFO - [2022-11-02 17:23:20,161] {dag.py:2968} INFO - Setting next_dagrun for tutorial_etl_dag to None, run_after=None
[2022-11-02 17:23:20,172] {processor.py:161} INFO - Processing /opt/conda/lib/python3.8/site-packages/airflow/example_dags/tutorial_etl_dag.py took 0.063 seconds
[2022-11-02 17:24:21,264] {processor.py:153} INFO - Started process (PID=15785) to work on /opt/conda/lib/python3.8/site-packages/airflow/example_dags/tutorial_etl_dag.py
[2022-11-02 17:24:21,265] {processor.py:641} INFO - Processing file /opt/conda/lib/python3.8/site-packages/airflow/example_dags/tutorial_etl_dag.py for tasks to queue
[2022-11-02 17:24:21,265] {logging_mixin.py:115} INFO - [2022-11-02 17:24:21,265] {dagbag.py:508} INFO - Filling up the DagBag from /opt/conda/lib/python3.8/site-packages/airflow/example_dags/tutorial_etl_dag.py
[2022-11-02 17:24:21,272] {processor.py:651} INFO - DAG(s) dict_keys(['tutorial_etl_dag']) retrieved from /opt/conda/lib/python3.8/site-packages/airflow/example_dags/tutorial_etl_dag.py
[2022-11-02 17:24:21,288] {logging_mixin.py:115} INFO - [2022-11-02 17:24:21,288] {dag.py:2420} INFO - Sync 1 DAGs
[2022-11-02 17:24:21,306] {logging_mixin.py:115} INFO - [2022-11-02 17:24:21,306] {dag.py:2968} INFO - Setting next_dagrun for tutorial_etl_dag to None, run_after=None
[2022-11-02 17:24:21,317] {processor.py:161} INFO - Processing /opt/conda/lib/python3.8/site-packages/airflow/example_dags/tutorial_etl_dag.py took 0.059 seconds
[2022-11-02 17:25:24,838] {processor.py:153} INFO - Started process (PID=15948) to work on /opt/conda/lib/python3.8/site-packages/airflow/example_dags/tutorial_etl_dag.py
[2022-11-02 17:25:24,840] {processor.py:641} INFO - Processing file /opt/conda/lib/python3.8/site-packages/airflow/example_dags/tutorial_etl_dag.py for tasks to queue
[2022-11-02 17:25:24,840] {logging_mixin.py:115} INFO - [2022-11-02 17:25:24,840] {dagbag.py:508} INFO - Filling up the DagBag from /opt/conda/lib/python3.8/site-packages/airflow/example_dags/tutorial_etl_dag.py
[2022-11-02 17:25:24,847] {processor.py:651} INFO - DAG(s) dict_keys(['tutorial_etl_dag']) retrieved from /opt/conda/lib/python3.8/site-packages/airflow/example_dags/tutorial_etl_dag.py
[2022-11-02 17:25:24,865] {logging_mixin.py:115} INFO - [2022-11-02 17:25:24,865] {dag.py:2420} INFO - Sync 1 DAGs
[2022-11-02 17:25:24,883] {logging_mixin.py:115} INFO - [2022-11-02 17:25:24,883] {dag.py:2968} INFO - Setting next_dagrun for tutorial_etl_dag to None, run_after=None
[2022-11-02 17:25:24,894] {processor.py:161} INFO - Processing /opt/conda/lib/python3.8/site-packages/airflow/example_dags/tutorial_etl_dag.py took 0.062 seconds
[2022-11-02 17:26:31,160] {processor.py:153} INFO - Started process (PID=16114) to work on /opt/conda/lib/python3.8/site-packages/airflow/example_dags/tutorial_etl_dag.py
[2022-11-02 17:26:31,161] {processor.py:641} INFO - Processing file /opt/conda/lib/python3.8/site-packages/airflow/example_dags/tutorial_etl_dag.py for tasks to queue
[2022-11-02 17:26:31,161] {logging_mixin.py:115} INFO - [2022-11-02 17:26:31,161] {dagbag.py:508} INFO - Filling up the DagBag from /opt/conda/lib/python3.8/site-packages/airflow/example_dags/tutorial_etl_dag.py
[2022-11-02 17:26:31,168] {processor.py:651} INFO - DAG(s) dict_keys(['tutorial_etl_dag']) retrieved from /opt/conda/lib/python3.8/site-packages/airflow/example_dags/tutorial_etl_dag.py
[2022-11-02 17:26:31,187] {logging_mixin.py:115} INFO - [2022-11-02 17:26:31,186] {dag.py:2420} INFO - Sync 1 DAGs
[2022-11-02 17:26:31,205] {logging_mixin.py:115} INFO - [2022-11-02 17:26:31,205] {dag.py:2968} INFO - Setting next_dagrun for tutorial_etl_dag to None, run_after=None
[2022-11-02 17:26:31,216] {processor.py:161} INFO - Processing /opt/conda/lib/python3.8/site-packages/airflow/example_dags/tutorial_etl_dag.py took 0.061 seconds
[2022-11-02 17:27:37,447] {processor.py:153} INFO - Started process (PID=16280) to work on /opt/conda/lib/python3.8/site-packages/airflow/example_dags/tutorial_etl_dag.py
[2022-11-02 17:27:37,448] {processor.py:641} INFO - Processing file /opt/conda/lib/python3.8/site-packages/airflow/example_dags/tutorial_etl_dag.py for tasks to queue
[2022-11-02 17:27:37,448] {logging_mixin.py:115} INFO - [2022-11-02 17:27:37,448] {dagbag.py:508} INFO - Filling up the DagBag from /opt/conda/lib/python3.8/site-packages/airflow/example_dags/tutorial_etl_dag.py
[2022-11-02 17:27:37,455] {processor.py:651} INFO - DAG(s) dict_keys(['tutorial_etl_dag']) retrieved from /opt/conda/lib/python3.8/site-packages/airflow/example_dags/tutorial_etl_dag.py
[2022-11-02 17:27:37,473] {logging_mixin.py:115} INFO - [2022-11-02 17:27:37,473] {dag.py:2420} INFO - Sync 1 DAGs
[2022-11-02 17:27:37,492] {logging_mixin.py:115} INFO - [2022-11-02 17:27:37,492] {dag.py:2968} INFO - Setting next_dagrun for tutorial_etl_dag to None, run_after=None
[2022-11-02 17:27:37,503] {processor.py:161} INFO - Processing /opt/conda/lib/python3.8/site-packages/airflow/example_dags/tutorial_etl_dag.py took 0.062 seconds
[2022-11-02 17:28:42,908] {processor.py:153} INFO - Started process (PID=16447) to work on /opt/conda/lib/python3.8/site-packages/airflow/example_dags/tutorial_etl_dag.py
[2022-11-02 17:28:42,909] {processor.py:641} INFO - Processing file /opt/conda/lib/python3.8/site-packages/airflow/example_dags/tutorial_etl_dag.py for tasks to queue
[2022-11-02 17:28:42,910] {logging_mixin.py:115} INFO - [2022-11-02 17:28:42,909] {dagbag.py:508} INFO - Filling up the DagBag from /opt/conda/lib/python3.8/site-packages/airflow/example_dags/tutorial_etl_dag.py
[2022-11-02 17:28:42,917] {processor.py:651} INFO - DAG(s) dict_keys(['tutorial_etl_dag']) retrieved from /opt/conda/lib/python3.8/site-packages/airflow/example_dags/tutorial_etl_dag.py
[2022-11-02 17:28:42,935] {logging_mixin.py:115} INFO - [2022-11-02 17:28:42,935] {dag.py:2420} INFO - Sync 1 DAGs
[2022-11-02 17:28:42,954] {logging_mixin.py:115} INFO - [2022-11-02 17:28:42,954] {dag.py:2968} INFO - Setting next_dagrun for tutorial_etl_dag to None, run_after=None
[2022-11-02 17:28:42,972] {processor.py:161} INFO - Processing /opt/conda/lib/python3.8/site-packages/airflow/example_dags/tutorial_etl_dag.py took 0.067 seconds
