[2022-11-02 16:05:03,062] {processor.py:153} INFO - Started process (PID=1398) to work on /opt/conda/lib/python3.8/site-packages/airflow/example_dags/tutorial_taskflow_api_etl.py
[2022-11-02 16:05:03,062] {processor.py:641} INFO - Processing file /opt/conda/lib/python3.8/site-packages/airflow/example_dags/tutorial_taskflow_api_etl.py for tasks to queue
[2022-11-02 16:05:03,063] {logging_mixin.py:115} INFO - [2022-11-02 16:05:03,063] {dagbag.py:508} INFO - Filling up the DagBag from /opt/conda/lib/python3.8/site-packages/airflow/example_dags/tutorial_taskflow_api_etl.py
[2022-11-02 16:05:03,216] {processor.py:651} INFO - DAG(s) dict_keys(['tutorial_taskflow_api_etl']) retrieved from /opt/conda/lib/python3.8/site-packages/airflow/example_dags/tutorial_taskflow_api_etl.py
[2022-11-02 16:05:03,275] {logging_mixin.py:115} INFO - [2022-11-02 16:05:03,274] {manager.py:508} INFO - Created Permission View: can delete on DAG:tutorial_taskflow_api_etl
[2022-11-02 16:05:03,287] {logging_mixin.py:115} INFO - [2022-11-02 16:05:03,287] {manager.py:508} INFO - Created Permission View: can edit on DAG:tutorial_taskflow_api_etl
[2022-11-02 16:05:03,292] {logging_mixin.py:115} INFO - [2022-11-02 16:05:03,292] {manager.py:508} INFO - Created Permission View: can read on DAG:tutorial_taskflow_api_etl
[2022-11-02 16:05:03,292] {logging_mixin.py:115} INFO - [2022-11-02 16:05:03,292] {dag.py:2420} INFO - Sync 1 DAGs
[2022-11-02 16:05:03,299] {logging_mixin.py:115} INFO - [2022-11-02 16:05:03,299] {dag.py:2439} INFO - Creating ORM DAG for tutorial_taskflow_api_etl
[2022-11-02 16:05:03,306] {logging_mixin.py:115} INFO - [2022-11-02 16:05:03,306] {dag.py:2968} INFO - Setting next_dagrun for tutorial_taskflow_api_etl to None, run_after=None
[2022-11-02 16:05:03,315] {processor.py:161} INFO - Processing /opt/conda/lib/python3.8/site-packages/airflow/example_dags/tutorial_taskflow_api_etl.py took 0.257 seconds
[2022-11-02 16:05:59,624] {processor.py:153} INFO - Started process (PID=1513) to work on /opt/conda/lib/python3.8/site-packages/airflow/example_dags/tutorial_taskflow_api_etl.py
[2022-11-02 16:05:59,625] {processor.py:641} INFO - Processing file /opt/conda/lib/python3.8/site-packages/airflow/example_dags/tutorial_taskflow_api_etl.py for tasks to queue
[2022-11-02 16:05:59,626] {logging_mixin.py:115} INFO - [2022-11-02 16:05:59,625] {dagbag.py:508} INFO - Filling up the DagBag from /opt/conda/lib/python3.8/site-packages/airflow/example_dags/tutorial_taskflow_api_etl.py
[2022-11-02 16:05:59,767] {processor.py:651} INFO - DAG(s) dict_keys(['tutorial_taskflow_api_etl']) retrieved from /opt/conda/lib/python3.8/site-packages/airflow/example_dags/tutorial_taskflow_api_etl.py
[2022-11-02 16:05:59,777] {logging_mixin.py:115} INFO - [2022-11-02 16:05:59,777] {dag.py:2420} INFO - Sync 1 DAGs
[2022-11-02 16:05:59,789] {logging_mixin.py:115} INFO - [2022-11-02 16:05:59,789] {dag.py:2968} INFO - Setting next_dagrun for tutorial_taskflow_api_etl to None, run_after=None
[2022-11-02 16:05:59,804] {processor.py:161} INFO - Processing /opt/conda/lib/python3.8/site-packages/airflow/example_dags/tutorial_taskflow_api_etl.py took 0.185 seconds
[2022-11-02 16:06:55,744] {processor.py:153} INFO - Started process (PID=1635) to work on /opt/conda/lib/python3.8/site-packages/airflow/example_dags/tutorial_taskflow_api_etl.py
[2022-11-02 16:06:55,745] {processor.py:641} INFO - Processing file /opt/conda/lib/python3.8/site-packages/airflow/example_dags/tutorial_taskflow_api_etl.py for tasks to queue
[2022-11-02 16:06:55,746] {logging_mixin.py:115} INFO - [2022-11-02 16:06:55,745] {dagbag.py:508} INFO - Filling up the DagBag from /opt/conda/lib/python3.8/site-packages/airflow/example_dags/tutorial_taskflow_api_etl.py
[2022-11-02 16:06:55,889] {processor.py:651} INFO - DAG(s) dict_keys(['tutorial_taskflow_api_etl']) retrieved from /opt/conda/lib/python3.8/site-packages/airflow/example_dags/tutorial_taskflow_api_etl.py
[2022-11-02 16:06:55,900] {logging_mixin.py:115} INFO - [2022-11-02 16:06:55,900] {dag.py:2420} INFO - Sync 1 DAGs
[2022-11-02 16:06:55,912] {logging_mixin.py:115} INFO - [2022-11-02 16:06:55,912] {dag.py:2968} INFO - Setting next_dagrun for tutorial_taskflow_api_etl to None, run_after=None
[2022-11-02 16:06:55,924] {processor.py:161} INFO - Processing /opt/conda/lib/python3.8/site-packages/airflow/example_dags/tutorial_taskflow_api_etl.py took 0.186 seconds
[2022-11-02 16:08:13,539] {processor.py:153} INFO - Started process (PID=1982) to work on /opt/conda/lib/python3.8/site-packages/airflow/example_dags/tutorial_taskflow_api_etl.py
[2022-11-02 16:08:13,540] {processor.py:641} INFO - Processing file /opt/conda/lib/python3.8/site-packages/airflow/example_dags/tutorial_taskflow_api_etl.py for tasks to queue
[2022-11-02 16:08:13,541] {logging_mixin.py:115} INFO - [2022-11-02 16:08:13,540] {dagbag.py:508} INFO - Filling up the DagBag from /opt/conda/lib/python3.8/site-packages/airflow/example_dags/tutorial_taskflow_api_etl.py
[2022-11-02 16:08:13,685] {processor.py:651} INFO - DAG(s) dict_keys(['tutorial_taskflow_api_etl']) retrieved from /opt/conda/lib/python3.8/site-packages/airflow/example_dags/tutorial_taskflow_api_etl.py
[2022-11-02 16:08:13,695] {logging_mixin.py:115} INFO - [2022-11-02 16:08:13,695] {dag.py:2420} INFO - Sync 1 DAGs
[2022-11-02 16:08:13,706] {logging_mixin.py:115} INFO - [2022-11-02 16:08:13,706] {dag.py:2968} INFO - Setting next_dagrun for tutorial_taskflow_api_etl to None, run_after=None
[2022-11-02 16:08:13,714] {processor.py:161} INFO - Processing /opt/conda/lib/python3.8/site-packages/airflow/example_dags/tutorial_taskflow_api_etl.py took 0.181 seconds
[2022-11-02 16:09:29,495] {processor.py:153} INFO - Started process (PID=2201) to work on /opt/conda/lib/python3.8/site-packages/airflow/example_dags/tutorial_taskflow_api_etl.py
[2022-11-02 16:09:29,495] {processor.py:641} INFO - Processing file /opt/conda/lib/python3.8/site-packages/airflow/example_dags/tutorial_taskflow_api_etl.py for tasks to queue
[2022-11-02 16:09:29,496] {logging_mixin.py:115} INFO - [2022-11-02 16:09:29,496] {dagbag.py:508} INFO - Filling up the DagBag from /opt/conda/lib/python3.8/site-packages/airflow/example_dags/tutorial_taskflow_api_etl.py
[2022-11-02 16:09:29,515] {processor.py:651} INFO - DAG(s) dict_keys(['tutorial_taskflow_api_etl']) retrieved from /opt/conda/lib/python3.8/site-packages/airflow/example_dags/tutorial_taskflow_api_etl.py
[2022-11-02 16:09:29,563] {logging_mixin.py:115} INFO - [2022-11-02 16:09:29,563] {dag.py:2420} INFO - Sync 1 DAGs
[2022-11-02 16:09:29,581] {logging_mixin.py:115} INFO - [2022-11-02 16:09:29,581] {dag.py:2968} INFO - Setting next_dagrun for tutorial_taskflow_api_etl to None, run_after=None
[2022-11-02 16:09:29,600] {processor.py:161} INFO - Processing /opt/conda/lib/python3.8/site-packages/airflow/example_dags/tutorial_taskflow_api_etl.py took 0.112 seconds
[2022-11-02 16:10:31,538] {processor.py:153} INFO - Started process (PID=2362) to work on /opt/conda/lib/python3.8/site-packages/airflow/example_dags/tutorial_taskflow_api_etl.py
[2022-11-02 16:10:31,539] {processor.py:641} INFO - Processing file /opt/conda/lib/python3.8/site-packages/airflow/example_dags/tutorial_taskflow_api_etl.py for tasks to queue
[2022-11-02 16:10:31,539] {logging_mixin.py:115} INFO - [2022-11-02 16:10:31,539] {dagbag.py:508} INFO - Filling up the DagBag from /opt/conda/lib/python3.8/site-packages/airflow/example_dags/tutorial_taskflow_api_etl.py
[2022-11-02 16:10:31,558] {processor.py:651} INFO - DAG(s) dict_keys(['tutorial_taskflow_api_etl']) retrieved from /opt/conda/lib/python3.8/site-packages/airflow/example_dags/tutorial_taskflow_api_etl.py
[2022-11-02 16:10:31,607] {logging_mixin.py:115} INFO - [2022-11-02 16:10:31,607] {dag.py:2420} INFO - Sync 1 DAGs
[2022-11-02 16:10:31,625] {logging_mixin.py:115} INFO - [2022-11-02 16:10:31,624] {dag.py:2968} INFO - Setting next_dagrun for tutorial_taskflow_api_etl to None, run_after=None
[2022-11-02 16:10:31,643] {processor.py:161} INFO - Processing /opt/conda/lib/python3.8/site-packages/airflow/example_dags/tutorial_taskflow_api_etl.py took 0.111 seconds
[2022-11-02 16:11:31,233] {processor.py:153} INFO - Started process (PID=2547) to work on /opt/conda/lib/python3.8/site-packages/airflow/example_dags/tutorial_taskflow_api_etl.py
[2022-11-02 16:11:31,248] {processor.py:641} INFO - Processing file /opt/conda/lib/python3.8/site-packages/airflow/example_dags/tutorial_taskflow_api_etl.py for tasks to queue
[2022-11-02 16:11:31,248] {logging_mixin.py:115} INFO - [2022-11-02 16:11:31,248] {dagbag.py:508} INFO - Filling up the DagBag from /opt/conda/lib/python3.8/site-packages/airflow/example_dags/tutorial_taskflow_api_etl.py
[2022-11-02 16:11:31,264] {processor.py:651} INFO - DAG(s) dict_keys(['tutorial_taskflow_api_etl']) retrieved from /opt/conda/lib/python3.8/site-packages/airflow/example_dags/tutorial_taskflow_api_etl.py
[2022-11-02 16:11:31,279] {logging_mixin.py:115} INFO - [2022-11-02 16:11:31,279] {dag.py:2420} INFO - Sync 1 DAGs
[2022-11-02 16:11:31,295] {logging_mixin.py:115} INFO - [2022-11-02 16:11:31,295] {dag.py:2968} INFO - Setting next_dagrun for tutorial_taskflow_api_etl to None, run_after=None
[2022-11-02 16:11:31,318] {processor.py:161} INFO - Processing /opt/conda/lib/python3.8/site-packages/airflow/example_dags/tutorial_taskflow_api_etl.py took 0.088 seconds
[2022-11-02 16:12:38,346] {processor.py:153} INFO - Started process (PID=2872) to work on /opt/conda/lib/python3.8/site-packages/airflow/example_dags/tutorial_taskflow_api_etl.py
[2022-11-02 16:12:38,350] {processor.py:641} INFO - Processing file /opt/conda/lib/python3.8/site-packages/airflow/example_dags/tutorial_taskflow_api_etl.py for tasks to queue
[2022-11-02 16:12:38,351] {logging_mixin.py:115} INFO - [2022-11-02 16:12:38,351] {dagbag.py:508} INFO - Filling up the DagBag from /opt/conda/lib/python3.8/site-packages/airflow/example_dags/tutorial_taskflow_api_etl.py
[2022-11-02 16:12:38,369] {processor.py:651} INFO - DAG(s) dict_keys(['tutorial_taskflow_api_etl']) retrieved from /opt/conda/lib/python3.8/site-packages/airflow/example_dags/tutorial_taskflow_api_etl.py
[2022-11-02 16:12:38,387] {logging_mixin.py:115} INFO - [2022-11-02 16:12:38,387] {dag.py:2420} INFO - Sync 1 DAGs
[2022-11-02 16:12:38,405] {logging_mixin.py:115} INFO - [2022-11-02 16:12:38,405] {dag.py:2968} INFO - Setting next_dagrun for tutorial_taskflow_api_etl to None, run_after=None
[2022-11-02 16:12:38,420] {processor.py:161} INFO - Processing /opt/conda/lib/python3.8/site-packages/airflow/example_dags/tutorial_taskflow_api_etl.py took 0.081 seconds
[2022-11-02 16:13:43,802] {processor.py:153} INFO - Started process (PID=3047) to work on /opt/conda/lib/python3.8/site-packages/airflow/example_dags/tutorial_taskflow_api_etl.py
[2022-11-02 16:13:43,803] {processor.py:641} INFO - Processing file /opt/conda/lib/python3.8/site-packages/airflow/example_dags/tutorial_taskflow_api_etl.py for tasks to queue
[2022-11-02 16:13:43,804] {logging_mixin.py:115} INFO - [2022-11-02 16:13:43,804] {dagbag.py:508} INFO - Filling up the DagBag from /opt/conda/lib/python3.8/site-packages/airflow/example_dags/tutorial_taskflow_api_etl.py
[2022-11-02 16:13:43,822] {processor.py:651} INFO - DAG(s) dict_keys(['tutorial_taskflow_api_etl']) retrieved from /opt/conda/lib/python3.8/site-packages/airflow/example_dags/tutorial_taskflow_api_etl.py
[2022-11-02 16:13:43,840] {logging_mixin.py:115} INFO - [2022-11-02 16:13:43,839] {dag.py:2420} INFO - Sync 1 DAGs
[2022-11-02 16:13:43,858] {logging_mixin.py:115} INFO - [2022-11-02 16:13:43,858] {dag.py:2968} INFO - Setting next_dagrun for tutorial_taskflow_api_etl to None, run_after=None
[2022-11-02 16:13:43,876] {processor.py:161} INFO - Processing /opt/conda/lib/python3.8/site-packages/airflow/example_dags/tutorial_taskflow_api_etl.py took 0.080 seconds
[2022-11-02 16:14:46,292] {processor.py:153} INFO - Started process (PID=3205) to work on /opt/conda/lib/python3.8/site-packages/airflow/example_dags/tutorial_taskflow_api_etl.py
[2022-11-02 16:14:46,292] {processor.py:641} INFO - Processing file /opt/conda/lib/python3.8/site-packages/airflow/example_dags/tutorial_taskflow_api_etl.py for tasks to queue
[2022-11-02 16:14:46,293] {logging_mixin.py:115} INFO - [2022-11-02 16:14:46,293] {dagbag.py:508} INFO - Filling up the DagBag from /opt/conda/lib/python3.8/site-packages/airflow/example_dags/tutorial_taskflow_api_etl.py
[2022-11-02 16:14:46,306] {processor.py:651} INFO - DAG(s) dict_keys(['tutorial_taskflow_api_etl']) retrieved from /opt/conda/lib/python3.8/site-packages/airflow/example_dags/tutorial_taskflow_api_etl.py
[2022-11-02 16:14:46,341] {logging_mixin.py:115} INFO - [2022-11-02 16:14:46,341] {dag.py:2420} INFO - Sync 1 DAGs
[2022-11-02 16:14:46,354] {logging_mixin.py:115} INFO - [2022-11-02 16:14:46,354] {dag.py:2968} INFO - Setting next_dagrun for tutorial_taskflow_api_etl to None, run_after=None
[2022-11-02 16:14:46,371] {processor.py:161} INFO - Processing /opt/conda/lib/python3.8/site-packages/airflow/example_dags/tutorial_taskflow_api_etl.py took 0.086 seconds
[2022-11-02 16:15:57,992] {processor.py:153} INFO - Started process (PID=3516) to work on /opt/conda/lib/python3.8/site-packages/airflow/example_dags/tutorial_taskflow_api_etl.py
[2022-11-02 16:15:57,992] {processor.py:641} INFO - Processing file /opt/conda/lib/python3.8/site-packages/airflow/example_dags/tutorial_taskflow_api_etl.py for tasks to queue
[2022-11-02 16:15:57,993] {logging_mixin.py:115} INFO - [2022-11-02 16:15:57,993] {dagbag.py:508} INFO - Filling up the DagBag from /opt/conda/lib/python3.8/site-packages/airflow/example_dags/tutorial_taskflow_api_etl.py
[2022-11-02 16:15:58,011] {processor.py:651} INFO - DAG(s) dict_keys(['tutorial_taskflow_api_etl']) retrieved from /opt/conda/lib/python3.8/site-packages/airflow/example_dags/tutorial_taskflow_api_etl.py
[2022-11-02 16:15:58,060] {logging_mixin.py:115} INFO - [2022-11-02 16:15:58,060] {dag.py:2420} INFO - Sync 1 DAGs
[2022-11-02 16:15:58,078] {logging_mixin.py:115} INFO - [2022-11-02 16:15:58,078] {dag.py:2968} INFO - Setting next_dagrun for tutorial_taskflow_api_etl to None, run_after=None
[2022-11-02 16:15:58,096] {processor.py:161} INFO - Processing /opt/conda/lib/python3.8/site-packages/airflow/example_dags/tutorial_taskflow_api_etl.py took 0.111 seconds
[2022-11-02 16:16:58,412] {processor.py:153} INFO - Started process (PID=3736) to work on /opt/conda/lib/python3.8/site-packages/airflow/example_dags/tutorial_taskflow_api_etl.py
[2022-11-02 16:16:58,413] {processor.py:641} INFO - Processing file /opt/conda/lib/python3.8/site-packages/airflow/example_dags/tutorial_taskflow_api_etl.py for tasks to queue
[2022-11-02 16:16:58,413] {logging_mixin.py:115} INFO - [2022-11-02 16:16:58,413] {dagbag.py:508} INFO - Filling up the DagBag from /opt/conda/lib/python3.8/site-packages/airflow/example_dags/tutorial_taskflow_api_etl.py
[2022-11-02 16:16:58,431] {processor.py:651} INFO - DAG(s) dict_keys(['tutorial_taskflow_api_etl']) retrieved from /opt/conda/lib/python3.8/site-packages/airflow/example_dags/tutorial_taskflow_api_etl.py
[2022-11-02 16:16:58,449] {logging_mixin.py:115} INFO - [2022-11-02 16:16:58,449] {dag.py:2420} INFO - Sync 1 DAGs
[2022-11-02 16:16:58,467] {logging_mixin.py:115} INFO - [2022-11-02 16:16:58,467] {dag.py:2968} INFO - Setting next_dagrun for tutorial_taskflow_api_etl to None, run_after=None
[2022-11-02 16:16:58,482] {processor.py:161} INFO - Processing /opt/conda/lib/python3.8/site-packages/airflow/example_dags/tutorial_taskflow_api_etl.py took 0.076 seconds
[2022-11-02 16:17:57,551] {processor.py:153} INFO - Started process (PID=3900) to work on /opt/conda/lib/python3.8/site-packages/airflow/example_dags/tutorial_taskflow_api_etl.py
[2022-11-02 16:17:57,552] {processor.py:641} INFO - Processing file /opt/conda/lib/python3.8/site-packages/airflow/example_dags/tutorial_taskflow_api_etl.py for tasks to queue
[2022-11-02 16:17:57,552] {logging_mixin.py:115} INFO - [2022-11-02 16:17:57,552] {dagbag.py:508} INFO - Filling up the DagBag from /opt/conda/lib/python3.8/site-packages/airflow/example_dags/tutorial_taskflow_api_etl.py
[2022-11-02 16:17:57,571] {processor.py:651} INFO - DAG(s) dict_keys(['tutorial_taskflow_api_etl']) retrieved from /opt/conda/lib/python3.8/site-packages/airflow/example_dags/tutorial_taskflow_api_etl.py
[2022-11-02 16:17:57,588] {logging_mixin.py:115} INFO - [2022-11-02 16:17:57,588] {dag.py:2420} INFO - Sync 1 DAGs
[2022-11-02 16:17:57,606] {logging_mixin.py:115} INFO - [2022-11-02 16:17:57,606] {dag.py:2968} INFO - Setting next_dagrun for tutorial_taskflow_api_etl to None, run_after=None
[2022-11-02 16:17:57,623] {processor.py:161} INFO - Processing /opt/conda/lib/python3.8/site-packages/airflow/example_dags/tutorial_taskflow_api_etl.py took 0.079 seconds
[2022-11-02 16:19:04,922] {processor.py:153} INFO - Started process (PID=4154) to work on /opt/conda/lib/python3.8/site-packages/airflow/example_dags/tutorial_taskflow_api_etl.py
[2022-11-02 16:19:04,923] {processor.py:641} INFO - Processing file /opt/conda/lib/python3.8/site-packages/airflow/example_dags/tutorial_taskflow_api_etl.py for tasks to queue
[2022-11-02 16:19:04,924] {logging_mixin.py:115} INFO - [2022-11-02 16:19:04,923] {dagbag.py:508} INFO - Filling up the DagBag from /opt/conda/lib/python3.8/site-packages/airflow/example_dags/tutorial_taskflow_api_etl.py
[2022-11-02 16:19:04,939] {processor.py:651} INFO - DAG(s) dict_keys(['tutorial_taskflow_api_etl']) retrieved from /opt/conda/lib/python3.8/site-packages/airflow/example_dags/tutorial_taskflow_api_etl.py
[2022-11-02 16:19:04,953] {logging_mixin.py:115} INFO - [2022-11-02 16:19:04,953] {dag.py:2420} INFO - Sync 1 DAGs
[2022-11-02 16:19:04,967] {logging_mixin.py:115} INFO - [2022-11-02 16:19:04,967] {dag.py:2968} INFO - Setting next_dagrun for tutorial_taskflow_api_etl to None, run_after=None
[2022-11-02 16:19:04,976] {processor.py:161} INFO - Processing /opt/conda/lib/python3.8/site-packages/airflow/example_dags/tutorial_taskflow_api_etl.py took 0.056 seconds
[2022-11-02 16:20:09,395] {processor.py:153} INFO - Started process (PID=4399) to work on /opt/conda/lib/python3.8/site-packages/airflow/example_dags/tutorial_taskflow_api_etl.py
[2022-11-02 16:20:09,396] {processor.py:641} INFO - Processing file /opt/conda/lib/python3.8/site-packages/airflow/example_dags/tutorial_taskflow_api_etl.py for tasks to queue
[2022-11-02 16:20:09,396] {logging_mixin.py:115} INFO - [2022-11-02 16:20:09,396] {dagbag.py:508} INFO - Filling up the DagBag from /opt/conda/lib/python3.8/site-packages/airflow/example_dags/tutorial_taskflow_api_etl.py
[2022-11-02 16:20:09,410] {processor.py:651} INFO - DAG(s) dict_keys(['tutorial_taskflow_api_etl']) retrieved from /opt/conda/lib/python3.8/site-packages/airflow/example_dags/tutorial_taskflow_api_etl.py
[2022-11-02 16:20:09,448] {logging_mixin.py:115} INFO - [2022-11-02 16:20:09,448] {dag.py:2420} INFO - Sync 1 DAGs
[2022-11-02 16:20:09,460] {logging_mixin.py:115} INFO - [2022-11-02 16:20:09,460] {dag.py:2968} INFO - Setting next_dagrun for tutorial_taskflow_api_etl to None, run_after=None
[2022-11-02 16:20:09,472] {processor.py:161} INFO - Processing /opt/conda/lib/python3.8/site-packages/airflow/example_dags/tutorial_taskflow_api_etl.py took 0.083 seconds
[2022-11-02 16:21:09,892] {processor.py:153} INFO - Started process (PID=4649) to work on /opt/conda/lib/python3.8/site-packages/airflow/example_dags/tutorial_taskflow_api_etl.py
[2022-11-02 16:21:09,893] {processor.py:641} INFO - Processing file /opt/conda/lib/python3.8/site-packages/airflow/example_dags/tutorial_taskflow_api_etl.py for tasks to queue
[2022-11-02 16:21:09,893] {logging_mixin.py:115} INFO - [2022-11-02 16:21:09,893] {dagbag.py:508} INFO - Filling up the DagBag from /opt/conda/lib/python3.8/site-packages/airflow/example_dags/tutorial_taskflow_api_etl.py
[2022-11-02 16:21:09,910] {processor.py:651} INFO - DAG(s) dict_keys(['tutorial_taskflow_api_etl']) retrieved from /opt/conda/lib/python3.8/site-packages/airflow/example_dags/tutorial_taskflow_api_etl.py
[2022-11-02 16:21:09,946] {logging_mixin.py:115} INFO - [2022-11-02 16:21:09,946] {dag.py:2420} INFO - Sync 1 DAGs
[2022-11-02 16:21:09,958] {logging_mixin.py:115} INFO - [2022-11-02 16:21:09,958] {dag.py:2968} INFO - Setting next_dagrun for tutorial_taskflow_api_etl to None, run_after=None
[2022-11-02 16:21:09,970] {processor.py:161} INFO - Processing /opt/conda/lib/python3.8/site-packages/airflow/example_dags/tutorial_taskflow_api_etl.py took 0.082 seconds
[2022-11-02 16:22:11,977] {processor.py:153} INFO - Started process (PID=4907) to work on /opt/conda/lib/python3.8/site-packages/airflow/example_dags/tutorial_taskflow_api_etl.py
[2022-11-02 16:22:11,978] {processor.py:641} INFO - Processing file /opt/conda/lib/python3.8/site-packages/airflow/example_dags/tutorial_taskflow_api_etl.py for tasks to queue
[2022-11-02 16:22:11,979] {logging_mixin.py:115} INFO - [2022-11-02 16:22:11,978] {dagbag.py:508} INFO - Filling up the DagBag from /opt/conda/lib/python3.8/site-packages/airflow/example_dags/tutorial_taskflow_api_etl.py
[2022-11-02 16:22:11,995] {processor.py:651} INFO - DAG(s) dict_keys(['tutorial_taskflow_api_etl']) retrieved from /opt/conda/lib/python3.8/site-packages/airflow/example_dags/tutorial_taskflow_api_etl.py
[2022-11-02 16:22:12,009] {logging_mixin.py:115} INFO - [2022-11-02 16:22:12,009] {dag.py:2420} INFO - Sync 1 DAGs
[2022-11-02 16:22:12,023] {logging_mixin.py:115} INFO - [2022-11-02 16:22:12,023] {dag.py:2968} INFO - Setting next_dagrun for tutorial_taskflow_api_etl to None, run_after=None
[2022-11-02 16:22:12,031] {processor.py:161} INFO - Processing /opt/conda/lib/python3.8/site-packages/airflow/example_dags/tutorial_taskflow_api_etl.py took 0.059 seconds
[2022-11-02 16:23:13,176] {processor.py:153} INFO - Started process (PID=5152) to work on /opt/conda/lib/python3.8/site-packages/airflow/example_dags/tutorial_taskflow_api_etl.py
[2022-11-02 16:23:13,182] {processor.py:641} INFO - Processing file /opt/conda/lib/python3.8/site-packages/airflow/example_dags/tutorial_taskflow_api_etl.py for tasks to queue
[2022-11-02 16:23:13,182] {logging_mixin.py:115} INFO - [2022-11-02 16:23:13,182] {dagbag.py:508} INFO - Filling up the DagBag from /opt/conda/lib/python3.8/site-packages/airflow/example_dags/tutorial_taskflow_api_etl.py
[2022-11-02 16:23:13,206] {processor.py:651} INFO - DAG(s) dict_keys(['tutorial_taskflow_api_etl']) retrieved from /opt/conda/lib/python3.8/site-packages/airflow/example_dags/tutorial_taskflow_api_etl.py
[2022-11-02 16:23:13,221] {logging_mixin.py:115} INFO - [2022-11-02 16:23:13,221] {dag.py:2420} INFO - Sync 1 DAGs
[2022-11-02 16:23:13,235] {logging_mixin.py:115} INFO - [2022-11-02 16:23:13,235] {dag.py:2968} INFO - Setting next_dagrun for tutorial_taskflow_api_etl to None, run_after=None
[2022-11-02 16:23:13,243] {processor.py:161} INFO - Processing /opt/conda/lib/python3.8/site-packages/airflow/example_dags/tutorial_taskflow_api_etl.py took 0.069 seconds
[2022-11-02 16:24:15,495] {processor.py:153} INFO - Started process (PID=5386) to work on /opt/conda/lib/python3.8/site-packages/airflow/example_dags/tutorial_taskflow_api_etl.py
[2022-11-02 16:24:15,496] {processor.py:641} INFO - Processing file /opt/conda/lib/python3.8/site-packages/airflow/example_dags/tutorial_taskflow_api_etl.py for tasks to queue
[2022-11-02 16:24:15,496] {logging_mixin.py:115} INFO - [2022-11-02 16:24:15,496] {dagbag.py:508} INFO - Filling up the DagBag from /opt/conda/lib/python3.8/site-packages/airflow/example_dags/tutorial_taskflow_api_etl.py
[2022-11-02 16:24:15,512] {processor.py:651} INFO - DAG(s) dict_keys(['tutorial_taskflow_api_etl']) retrieved from /opt/conda/lib/python3.8/site-packages/airflow/example_dags/tutorial_taskflow_api_etl.py
[2022-11-02 16:24:15,551] {logging_mixin.py:115} INFO - [2022-11-02 16:24:15,551] {dag.py:2420} INFO - Sync 1 DAGs
[2022-11-02 16:24:15,563] {logging_mixin.py:115} INFO - [2022-11-02 16:24:15,563] {dag.py:2968} INFO - Setting next_dagrun for tutorial_taskflow_api_etl to None, run_after=None
[2022-11-02 16:24:15,580] {processor.py:161} INFO - Processing /opt/conda/lib/python3.8/site-packages/airflow/example_dags/tutorial_taskflow_api_etl.py took 0.088 seconds
[2022-11-02 16:25:17,414] {processor.py:153} INFO - Started process (PID=5637) to work on /opt/conda/lib/python3.8/site-packages/airflow/example_dags/tutorial_taskflow_api_etl.py
[2022-11-02 16:25:17,415] {processor.py:641} INFO - Processing file /opt/conda/lib/python3.8/site-packages/airflow/example_dags/tutorial_taskflow_api_etl.py for tasks to queue
[2022-11-02 16:25:17,416] {logging_mixin.py:115} INFO - [2022-11-02 16:25:17,415] {dagbag.py:508} INFO - Filling up the DagBag from /opt/conda/lib/python3.8/site-packages/airflow/example_dags/tutorial_taskflow_api_etl.py
[2022-11-02 16:25:17,434] {processor.py:651} INFO - DAG(s) dict_keys(['tutorial_taskflow_api_etl']) retrieved from /opt/conda/lib/python3.8/site-packages/airflow/example_dags/tutorial_taskflow_api_etl.py
[2022-11-02 16:25:17,484] {logging_mixin.py:115} INFO - [2022-11-02 16:25:17,484] {dag.py:2420} INFO - Sync 1 DAGs
[2022-11-02 16:25:17,501] {logging_mixin.py:115} INFO - [2022-11-02 16:25:17,501] {dag.py:2968} INFO - Setting next_dagrun for tutorial_taskflow_api_etl to None, run_after=None
[2022-11-02 16:25:17,518] {processor.py:161} INFO - Processing /opt/conda/lib/python3.8/site-packages/airflow/example_dags/tutorial_taskflow_api_etl.py took 0.110 seconds
[2022-11-02 16:26:23,642] {processor.py:153} INFO - Started process (PID=5875) to work on /opt/conda/lib/python3.8/site-packages/airflow/example_dags/tutorial_taskflow_api_etl.py
[2022-11-02 16:26:23,643] {processor.py:641} INFO - Processing file /opt/conda/lib/python3.8/site-packages/airflow/example_dags/tutorial_taskflow_api_etl.py for tasks to queue
[2022-11-02 16:26:23,644] {logging_mixin.py:115} INFO - [2022-11-02 16:26:23,644] {dagbag.py:508} INFO - Filling up the DagBag from /opt/conda/lib/python3.8/site-packages/airflow/example_dags/tutorial_taskflow_api_etl.py
[2022-11-02 16:26:23,659] {processor.py:651} INFO - DAG(s) dict_keys(['tutorial_taskflow_api_etl']) retrieved from /opt/conda/lib/python3.8/site-packages/airflow/example_dags/tutorial_taskflow_api_etl.py
[2022-11-02 16:26:23,698] {logging_mixin.py:115} INFO - [2022-11-02 16:26:23,697] {dag.py:2420} INFO - Sync 1 DAGs
[2022-11-02 16:26:23,710] {logging_mixin.py:115} INFO - [2022-11-02 16:26:23,710] {dag.py:2968} INFO - Setting next_dagrun for tutorial_taskflow_api_etl to None, run_after=None
[2022-11-02 16:26:23,724] {processor.py:161} INFO - Processing /opt/conda/lib/python3.8/site-packages/airflow/example_dags/tutorial_taskflow_api_etl.py took 0.085 seconds
[2022-11-02 16:27:27,985] {processor.py:153} INFO - Started process (PID=6119) to work on /opt/conda/lib/python3.8/site-packages/airflow/example_dags/tutorial_taskflow_api_etl.py
[2022-11-02 16:27:27,986] {processor.py:641} INFO - Processing file /opt/conda/lib/python3.8/site-packages/airflow/example_dags/tutorial_taskflow_api_etl.py for tasks to queue
[2022-11-02 16:27:27,987] {logging_mixin.py:115} INFO - [2022-11-02 16:27:27,986] {dagbag.py:508} INFO - Filling up the DagBag from /opt/conda/lib/python3.8/site-packages/airflow/example_dags/tutorial_taskflow_api_etl.py
[2022-11-02 16:27:28,001] {processor.py:651} INFO - DAG(s) dict_keys(['tutorial_taskflow_api_etl']) retrieved from /opt/conda/lib/python3.8/site-packages/airflow/example_dags/tutorial_taskflow_api_etl.py
[2022-11-02 16:27:28,014] {logging_mixin.py:115} INFO - [2022-11-02 16:27:28,014] {dag.py:2420} INFO - Sync 1 DAGs
[2022-11-02 16:27:28,028] {logging_mixin.py:115} INFO - [2022-11-02 16:27:28,028] {dag.py:2968} INFO - Setting next_dagrun for tutorial_taskflow_api_etl to None, run_after=None
[2022-11-02 16:27:28,037] {processor.py:161} INFO - Processing /opt/conda/lib/python3.8/site-packages/airflow/example_dags/tutorial_taskflow_api_etl.py took 0.056 seconds
[2022-11-02 16:28:36,641] {processor.py:153} INFO - Started process (PID=6374) to work on /opt/conda/lib/python3.8/site-packages/airflow/example_dags/tutorial_taskflow_api_etl.py
[2022-11-02 16:28:36,642] {processor.py:641} INFO - Processing file /opt/conda/lib/python3.8/site-packages/airflow/example_dags/tutorial_taskflow_api_etl.py for tasks to queue
[2022-11-02 16:28:36,643] {logging_mixin.py:115} INFO - [2022-11-02 16:28:36,643] {dagbag.py:508} INFO - Filling up the DagBag from /opt/conda/lib/python3.8/site-packages/airflow/example_dags/tutorial_taskflow_api_etl.py
[2022-11-02 16:28:36,660] {processor.py:651} INFO - DAG(s) dict_keys(['tutorial_taskflow_api_etl']) retrieved from /opt/conda/lib/python3.8/site-packages/airflow/example_dags/tutorial_taskflow_api_etl.py
[2022-11-02 16:28:36,674] {logging_mixin.py:115} INFO - [2022-11-02 16:28:36,674] {dag.py:2420} INFO - Sync 1 DAGs
[2022-11-02 16:28:36,688] {logging_mixin.py:115} INFO - [2022-11-02 16:28:36,688] {dag.py:2968} INFO - Setting next_dagrun for tutorial_taskflow_api_etl to None, run_after=None
[2022-11-02 16:28:36,696] {processor.py:161} INFO - Processing /opt/conda/lib/python3.8/site-packages/airflow/example_dags/tutorial_taskflow_api_etl.py took 0.058 seconds
[2022-11-02 16:29:41,669] {processor.py:153} INFO - Started process (PID=6571) to work on /opt/conda/lib/python3.8/site-packages/airflow/example_dags/tutorial_taskflow_api_etl.py
[2022-11-02 16:29:41,669] {processor.py:641} INFO - Processing file /opt/conda/lib/python3.8/site-packages/airflow/example_dags/tutorial_taskflow_api_etl.py for tasks to queue
[2022-11-02 16:29:41,670] {logging_mixin.py:115} INFO - [2022-11-02 16:29:41,670] {dagbag.py:508} INFO - Filling up the DagBag from /opt/conda/lib/python3.8/site-packages/airflow/example_dags/tutorial_taskflow_api_etl.py
[2022-11-02 16:29:41,688] {processor.py:651} INFO - DAG(s) dict_keys(['tutorial_taskflow_api_etl']) retrieved from /opt/conda/lib/python3.8/site-packages/airflow/example_dags/tutorial_taskflow_api_etl.py
[2022-11-02 16:29:41,738] {logging_mixin.py:115} INFO - [2022-11-02 16:29:41,738] {dag.py:2420} INFO - Sync 1 DAGs
[2022-11-02 16:29:41,754] {logging_mixin.py:115} INFO - [2022-11-02 16:29:41,754] {dag.py:2968} INFO - Setting next_dagrun for tutorial_taskflow_api_etl to None, run_after=None
[2022-11-02 16:29:41,766] {processor.py:161} INFO - Processing /opt/conda/lib/python3.8/site-packages/airflow/example_dags/tutorial_taskflow_api_etl.py took 0.103 seconds
[2022-11-02 16:32:03,084] {processor.py:153} INFO - Started process (PID=6970) to work on /opt/conda/lib/python3.8/site-packages/airflow/example_dags/tutorial_taskflow_api_etl.py
[2022-11-02 16:32:03,085] {processor.py:641} INFO - Processing file /opt/conda/lib/python3.8/site-packages/airflow/example_dags/tutorial_taskflow_api_etl.py for tasks to queue
[2022-11-02 16:32:03,086] {logging_mixin.py:115} INFO - [2022-11-02 16:32:03,085] {dagbag.py:508} INFO - Filling up the DagBag from /opt/conda/lib/python3.8/site-packages/airflow/example_dags/tutorial_taskflow_api_etl.py
[2022-11-02 16:32:03,104] {processor.py:651} INFO - DAG(s) dict_keys(['tutorial_taskflow_api_etl']) retrieved from /opt/conda/lib/python3.8/site-packages/airflow/example_dags/tutorial_taskflow_api_etl.py
[2022-11-02 16:32:03,154] {logging_mixin.py:115} INFO - [2022-11-02 16:32:03,154] {dag.py:2420} INFO - Sync 1 DAGs
[2022-11-02 16:32:03,170] {logging_mixin.py:115} INFO - [2022-11-02 16:32:03,170] {dag.py:2968} INFO - Setting next_dagrun for tutorial_taskflow_api_etl to None, run_after=None
[2022-11-02 16:32:03,182] {processor.py:161} INFO - Processing /opt/conda/lib/python3.8/site-packages/airflow/example_dags/tutorial_taskflow_api_etl.py took 0.103 seconds
[2022-11-02 16:33:07,936] {processor.py:153} INFO - Started process (PID=7154) to work on /opt/conda/lib/python3.8/site-packages/airflow/example_dags/tutorial_taskflow_api_etl.py
[2022-11-02 16:33:07,937] {processor.py:641} INFO - Processing file /opt/conda/lib/python3.8/site-packages/airflow/example_dags/tutorial_taskflow_api_etl.py for tasks to queue
[2022-11-02 16:33:07,937] {logging_mixin.py:115} INFO - [2022-11-02 16:33:07,937] {dagbag.py:508} INFO - Filling up the DagBag from /opt/conda/lib/python3.8/site-packages/airflow/example_dags/tutorial_taskflow_api_etl.py
[2022-11-02 16:33:07,956] {processor.py:651} INFO - DAG(s) dict_keys(['tutorial_taskflow_api_etl']) retrieved from /opt/conda/lib/python3.8/site-packages/airflow/example_dags/tutorial_taskflow_api_etl.py
[2022-11-02 16:33:07,975] {logging_mixin.py:115} INFO - [2022-11-02 16:33:07,975] {dag.py:2420} INFO - Sync 1 DAGs
[2022-11-02 16:33:07,995] {logging_mixin.py:115} INFO - [2022-11-02 16:33:07,994] {dag.py:2968} INFO - Setting next_dagrun for tutorial_taskflow_api_etl to None, run_after=None
[2022-11-02 16:33:08,006] {processor.py:161} INFO - Processing /opt/conda/lib/python3.8/site-packages/airflow/example_dags/tutorial_taskflow_api_etl.py took 0.077 seconds
[2022-11-02 16:34:14,478] {processor.py:153} INFO - Started process (PID=7301) to work on /opt/conda/lib/python3.8/site-packages/airflow/example_dags/tutorial_taskflow_api_etl.py
[2022-11-02 16:34:14,479] {processor.py:641} INFO - Processing file /opt/conda/lib/python3.8/site-packages/airflow/example_dags/tutorial_taskflow_api_etl.py for tasks to queue
[2022-11-02 16:34:14,480] {logging_mixin.py:115} INFO - [2022-11-02 16:34:14,480] {dagbag.py:508} INFO - Filling up the DagBag from /opt/conda/lib/python3.8/site-packages/airflow/example_dags/tutorial_taskflow_api_etl.py
[2022-11-02 16:34:14,499] {processor.py:651} INFO - DAG(s) dict_keys(['tutorial_taskflow_api_etl']) retrieved from /opt/conda/lib/python3.8/site-packages/airflow/example_dags/tutorial_taskflow_api_etl.py
[2022-11-02 16:34:14,550] {logging_mixin.py:115} INFO - [2022-11-02 16:34:14,549] {dag.py:2420} INFO - Sync 1 DAGs
[2022-11-02 16:34:14,566] {logging_mixin.py:115} INFO - [2022-11-02 16:34:14,566] {dag.py:2968} INFO - Setting next_dagrun for tutorial_taskflow_api_etl to None, run_after=None
[2022-11-02 16:34:14,584] {processor.py:161} INFO - Processing /opt/conda/lib/python3.8/site-packages/airflow/example_dags/tutorial_taskflow_api_etl.py took 0.112 seconds
[2022-11-02 16:35:21,200] {processor.py:153} INFO - Started process (PID=7486) to work on /opt/conda/lib/python3.8/site-packages/airflow/example_dags/tutorial_taskflow_api_etl.py
[2022-11-02 16:35:21,200] {processor.py:641} INFO - Processing file /opt/conda/lib/python3.8/site-packages/airflow/example_dags/tutorial_taskflow_api_etl.py for tasks to queue
[2022-11-02 16:35:21,201] {logging_mixin.py:115} INFO - [2022-11-02 16:35:21,201] {dagbag.py:508} INFO - Filling up the DagBag from /opt/conda/lib/python3.8/site-packages/airflow/example_dags/tutorial_taskflow_api_etl.py
[2022-11-02 16:35:21,220] {processor.py:651} INFO - DAG(s) dict_keys(['tutorial_taskflow_api_etl']) retrieved from /opt/conda/lib/python3.8/site-packages/airflow/example_dags/tutorial_taskflow_api_etl.py
[2022-11-02 16:35:21,270] {logging_mixin.py:115} INFO - [2022-11-02 16:35:21,270] {dag.py:2420} INFO - Sync 1 DAGs
[2022-11-02 16:35:21,287] {logging_mixin.py:115} INFO - [2022-11-02 16:35:21,287] {dag.py:2968} INFO - Setting next_dagrun for tutorial_taskflow_api_etl to None, run_after=None
[2022-11-02 16:35:21,306] {processor.py:161} INFO - Processing /opt/conda/lib/python3.8/site-packages/airflow/example_dags/tutorial_taskflow_api_etl.py took 0.110 seconds
[2022-11-02 16:36:23,440] {processor.py:153} INFO - Started process (PID=7631) to work on /opt/conda/lib/python3.8/site-packages/airflow/example_dags/tutorial_taskflow_api_etl.py
[2022-11-02 16:36:23,441] {processor.py:641} INFO - Processing file /opt/conda/lib/python3.8/site-packages/airflow/example_dags/tutorial_taskflow_api_etl.py for tasks to queue
[2022-11-02 16:36:23,441] {logging_mixin.py:115} INFO - [2022-11-02 16:36:23,441] {dagbag.py:508} INFO - Filling up the DagBag from /opt/conda/lib/python3.8/site-packages/airflow/example_dags/tutorial_taskflow_api_etl.py
[2022-11-02 16:36:23,460] {processor.py:651} INFO - DAG(s) dict_keys(['tutorial_taskflow_api_etl']) retrieved from /opt/conda/lib/python3.8/site-packages/airflow/example_dags/tutorial_taskflow_api_etl.py
[2022-11-02 16:36:23,477] {logging_mixin.py:115} INFO - [2022-11-02 16:36:23,477] {dag.py:2420} INFO - Sync 1 DAGs
[2022-11-02 16:36:23,496] {logging_mixin.py:115} INFO - [2022-11-02 16:36:23,496] {dag.py:2968} INFO - Setting next_dagrun for tutorial_taskflow_api_etl to None, run_after=None
[2022-11-02 16:36:23,514] {processor.py:161} INFO - Processing /opt/conda/lib/python3.8/site-packages/airflow/example_dags/tutorial_taskflow_api_etl.py took 0.080 seconds
[2022-11-02 16:37:25,282] {processor.py:153} INFO - Started process (PID=8129) to work on /opt/conda/lib/python3.8/site-packages/airflow/example_dags/tutorial_taskflow_api_etl.py
[2022-11-02 16:37:25,283] {processor.py:641} INFO - Processing file /opt/conda/lib/python3.8/site-packages/airflow/example_dags/tutorial_taskflow_api_etl.py for tasks to queue
[2022-11-02 16:37:25,283] {logging_mixin.py:115} INFO - [2022-11-02 16:37:25,283] {dagbag.py:508} INFO - Filling up the DagBag from /opt/conda/lib/python3.8/site-packages/airflow/example_dags/tutorial_taskflow_api_etl.py
[2022-11-02 16:37:25,302] {processor.py:651} INFO - DAG(s) dict_keys(['tutorial_taskflow_api_etl']) retrieved from /opt/conda/lib/python3.8/site-packages/airflow/example_dags/tutorial_taskflow_api_etl.py
[2022-11-02 16:37:25,320] {logging_mixin.py:115} INFO - [2022-11-02 16:37:25,320] {dag.py:2420} INFO - Sync 1 DAGs
[2022-11-02 16:37:25,339] {logging_mixin.py:115} INFO - [2022-11-02 16:37:25,339] {dag.py:2968} INFO - Setting next_dagrun for tutorial_taskflow_api_etl to None, run_after=None
[2022-11-02 16:37:25,356] {processor.py:161} INFO - Processing /opt/conda/lib/python3.8/site-packages/airflow/example_dags/tutorial_taskflow_api_etl.py took 0.081 seconds
[2022-11-02 16:38:24,452] {processor.py:153} INFO - Started process (PID=8287) to work on /opt/conda/lib/python3.8/site-packages/airflow/example_dags/tutorial_taskflow_api_etl.py
[2022-11-02 16:38:24,452] {processor.py:641} INFO - Processing file /opt/conda/lib/python3.8/site-packages/airflow/example_dags/tutorial_taskflow_api_etl.py for tasks to queue
[2022-11-02 16:38:24,453] {logging_mixin.py:115} INFO - [2022-11-02 16:38:24,453] {dagbag.py:508} INFO - Filling up the DagBag from /opt/conda/lib/python3.8/site-packages/airflow/example_dags/tutorial_taskflow_api_etl.py
[2022-11-02 16:38:24,472] {processor.py:651} INFO - DAG(s) dict_keys(['tutorial_taskflow_api_etl']) retrieved from /opt/conda/lib/python3.8/site-packages/airflow/example_dags/tutorial_taskflow_api_etl.py
[2022-11-02 16:38:24,490] {logging_mixin.py:115} INFO - [2022-11-02 16:38:24,490] {dag.py:2420} INFO - Sync 1 DAGs
[2022-11-02 16:38:24,509] {logging_mixin.py:115} INFO - [2022-11-02 16:38:24,509] {dag.py:2968} INFO - Setting next_dagrun for tutorial_taskflow_api_etl to None, run_after=None
[2022-11-02 16:38:24,520] {processor.py:161} INFO - Processing /opt/conda/lib/python3.8/site-packages/airflow/example_dags/tutorial_taskflow_api_etl.py took 0.075 seconds
[2022-11-02 16:39:26,663] {processor.py:153} INFO - Started process (PID=8532) to work on /opt/conda/lib/python3.8/site-packages/airflow/example_dags/tutorial_taskflow_api_etl.py
[2022-11-02 16:39:26,664] {processor.py:641} INFO - Processing file /opt/conda/lib/python3.8/site-packages/airflow/example_dags/tutorial_taskflow_api_etl.py for tasks to queue
[2022-11-02 16:39:26,664] {logging_mixin.py:115} INFO - [2022-11-02 16:39:26,664] {dagbag.py:508} INFO - Filling up the DagBag from /opt/conda/lib/python3.8/site-packages/airflow/example_dags/tutorial_taskflow_api_etl.py
[2022-11-02 16:39:26,683] {processor.py:651} INFO - DAG(s) dict_keys(['tutorial_taskflow_api_etl']) retrieved from /opt/conda/lib/python3.8/site-packages/airflow/example_dags/tutorial_taskflow_api_etl.py
[2022-11-02 16:39:26,732] {logging_mixin.py:115} INFO - [2022-11-02 16:39:26,732] {dag.py:2420} INFO - Sync 1 DAGs
[2022-11-02 16:39:26,748] {logging_mixin.py:115} INFO - [2022-11-02 16:39:26,748] {dag.py:2968} INFO - Setting next_dagrun for tutorial_taskflow_api_etl to None, run_after=None
[2022-11-02 16:39:26,765] {processor.py:161} INFO - Processing /opt/conda/lib/python3.8/site-packages/airflow/example_dags/tutorial_taskflow_api_etl.py took 0.109 seconds
[2022-11-02 16:40:50,926] {processor.py:153} INFO - Started process (PID=8828) to work on /opt/conda/lib/python3.8/site-packages/airflow/example_dags/tutorial_taskflow_api_etl.py
[2022-11-02 16:40:50,927] {processor.py:641} INFO - Processing file /opt/conda/lib/python3.8/site-packages/airflow/example_dags/tutorial_taskflow_api_etl.py for tasks to queue
[2022-11-02 16:40:50,928] {logging_mixin.py:115} INFO - [2022-11-02 16:40:50,928] {dagbag.py:508} INFO - Filling up the DagBag from /opt/conda/lib/python3.8/site-packages/airflow/example_dags/tutorial_taskflow_api_etl.py
[2022-11-02 16:40:50,946] {processor.py:651} INFO - DAG(s) dict_keys(['tutorial_taskflow_api_etl']) retrieved from /opt/conda/lib/python3.8/site-packages/airflow/example_dags/tutorial_taskflow_api_etl.py
[2022-11-02 16:40:50,996] {logging_mixin.py:115} INFO - [2022-11-02 16:40:50,996] {dag.py:2420} INFO - Sync 1 DAGs
[2022-11-02 16:40:51,013] {logging_mixin.py:115} INFO - [2022-11-02 16:40:51,013] {dag.py:2968} INFO - Setting next_dagrun for tutorial_taskflow_api_etl to None, run_after=None
[2022-11-02 16:40:51,025] {processor.py:161} INFO - Processing /opt/conda/lib/python3.8/site-packages/airflow/example_dags/tutorial_taskflow_api_etl.py took 0.105 seconds
[2022-11-02 16:43:06,573] {processor.py:153} INFO - Started process (PID=9191) to work on /opt/conda/lib/python3.8/site-packages/airflow/example_dags/tutorial_taskflow_api_etl.py
[2022-11-02 16:43:06,574] {processor.py:641} INFO - Processing file /opt/conda/lib/python3.8/site-packages/airflow/example_dags/tutorial_taskflow_api_etl.py for tasks to queue
[2022-11-02 16:43:06,575] {logging_mixin.py:115} INFO - [2022-11-02 16:43:06,574] {dagbag.py:508} INFO - Filling up the DagBag from /opt/conda/lib/python3.8/site-packages/airflow/example_dags/tutorial_taskflow_api_etl.py
[2022-11-02 16:43:06,593] {processor.py:651} INFO - DAG(s) dict_keys(['tutorial_taskflow_api_etl']) retrieved from /opt/conda/lib/python3.8/site-packages/airflow/example_dags/tutorial_taskflow_api_etl.py
[2022-11-02 16:43:06,611] {logging_mixin.py:115} INFO - [2022-11-02 16:43:06,611] {dag.py:2420} INFO - Sync 1 DAGs
[2022-11-02 16:43:06,630] {logging_mixin.py:115} INFO - [2022-11-02 16:43:06,630] {dag.py:2968} INFO - Setting next_dagrun for tutorial_taskflow_api_etl to None, run_after=None
[2022-11-02 16:43:06,648] {processor.py:161} INFO - Processing /opt/conda/lib/python3.8/site-packages/airflow/example_dags/tutorial_taskflow_api_etl.py took 0.080 seconds
[2022-11-02 16:44:09,232] {processor.py:153} INFO - Started process (PID=9375) to work on /opt/conda/lib/python3.8/site-packages/airflow/example_dags/tutorial_taskflow_api_etl.py
[2022-11-02 16:44:09,233] {processor.py:641} INFO - Processing file /opt/conda/lib/python3.8/site-packages/airflow/example_dags/tutorial_taskflow_api_etl.py for tasks to queue
[2022-11-02 16:44:09,234] {logging_mixin.py:115} INFO - [2022-11-02 16:44:09,234] {dagbag.py:508} INFO - Filling up the DagBag from /opt/conda/lib/python3.8/site-packages/airflow/example_dags/tutorial_taskflow_api_etl.py
[2022-11-02 16:44:09,252] {processor.py:651} INFO - DAG(s) dict_keys(['tutorial_taskflow_api_etl']) retrieved from /opt/conda/lib/python3.8/site-packages/airflow/example_dags/tutorial_taskflow_api_etl.py
[2022-11-02 16:44:09,270] {logging_mixin.py:115} INFO - [2022-11-02 16:44:09,270] {dag.py:2420} INFO - Sync 1 DAGs
[2022-11-02 16:44:09,289] {logging_mixin.py:115} INFO - [2022-11-02 16:44:09,288] {dag.py:2968} INFO - Setting next_dagrun for tutorial_taskflow_api_etl to None, run_after=None
[2022-11-02 16:44:09,306] {processor.py:161} INFO - Processing /opt/conda/lib/python3.8/site-packages/airflow/example_dags/tutorial_taskflow_api_etl.py took 0.079 seconds
[2022-11-02 16:45:24,248] {processor.py:153} INFO - Started process (PID=9565) to work on /opt/conda/lib/python3.8/site-packages/airflow/example_dags/tutorial_taskflow_api_etl.py
[2022-11-02 16:45:24,248] {processor.py:641} INFO - Processing file /opt/conda/lib/python3.8/site-packages/airflow/example_dags/tutorial_taskflow_api_etl.py for tasks to queue
[2022-11-02 16:45:24,249] {logging_mixin.py:115} INFO - [2022-11-02 16:45:24,249] {dagbag.py:508} INFO - Filling up the DagBag from /opt/conda/lib/python3.8/site-packages/airflow/example_dags/tutorial_taskflow_api_etl.py
[2022-11-02 16:45:24,268] {processor.py:651} INFO - DAG(s) dict_keys(['tutorial_taskflow_api_etl']) retrieved from /opt/conda/lib/python3.8/site-packages/airflow/example_dags/tutorial_taskflow_api_etl.py
[2022-11-02 16:45:24,318] {logging_mixin.py:115} INFO - [2022-11-02 16:45:24,318] {dag.py:2420} INFO - Sync 1 DAGs
[2022-11-02 16:45:24,335] {logging_mixin.py:115} INFO - [2022-11-02 16:45:24,334] {dag.py:2968} INFO - Setting next_dagrun for tutorial_taskflow_api_etl to None, run_after=None
[2022-11-02 16:45:24,347] {processor.py:161} INFO - Processing /opt/conda/lib/python3.8/site-packages/airflow/example_dags/tutorial_taskflow_api_etl.py took 0.105 seconds
[2022-11-02 16:46:27,388] {processor.py:153} INFO - Started process (PID=9724) to work on /opt/conda/lib/python3.8/site-packages/airflow/example_dags/tutorial_taskflow_api_etl.py
[2022-11-02 16:46:27,389] {processor.py:641} INFO - Processing file /opt/conda/lib/python3.8/site-packages/airflow/example_dags/tutorial_taskflow_api_etl.py for tasks to queue
[2022-11-02 16:46:27,390] {logging_mixin.py:115} INFO - [2022-11-02 16:46:27,390] {dagbag.py:508} INFO - Filling up the DagBag from /opt/conda/lib/python3.8/site-packages/airflow/example_dags/tutorial_taskflow_api_etl.py
[2022-11-02 16:46:27,408] {processor.py:651} INFO - DAG(s) dict_keys(['tutorial_taskflow_api_etl']) retrieved from /opt/conda/lib/python3.8/site-packages/airflow/example_dags/tutorial_taskflow_api_etl.py
[2022-11-02 16:46:27,458] {logging_mixin.py:115} INFO - [2022-11-02 16:46:27,458] {dag.py:2420} INFO - Sync 1 DAGs
[2022-11-02 16:46:27,474] {logging_mixin.py:115} INFO - [2022-11-02 16:46:27,474] {dag.py:2968} INFO - Setting next_dagrun for tutorial_taskflow_api_etl to None, run_after=None
[2022-11-02 16:46:27,486] {processor.py:161} INFO - Processing /opt/conda/lib/python3.8/site-packages/airflow/example_dags/tutorial_taskflow_api_etl.py took 0.103 seconds
[2022-11-02 16:47:57,012] {processor.py:153} INFO - Started process (PID=9984) to work on /opt/conda/lib/python3.8/site-packages/airflow/example_dags/tutorial_taskflow_api_etl.py
[2022-11-02 16:47:57,013] {processor.py:641} INFO - Processing file /opt/conda/lib/python3.8/site-packages/airflow/example_dags/tutorial_taskflow_api_etl.py for tasks to queue
[2022-11-02 16:47:57,013] {logging_mixin.py:115} INFO - [2022-11-02 16:47:57,013] {dagbag.py:508} INFO - Filling up the DagBag from /opt/conda/lib/python3.8/site-packages/airflow/example_dags/tutorial_taskflow_api_etl.py
[2022-11-02 16:47:57,032] {processor.py:651} INFO - DAG(s) dict_keys(['tutorial_taskflow_api_etl']) retrieved from /opt/conda/lib/python3.8/site-packages/airflow/example_dags/tutorial_taskflow_api_etl.py
[2022-11-02 16:47:57,051] {logging_mixin.py:115} INFO - [2022-11-02 16:47:57,051] {dag.py:2420} INFO - Sync 1 DAGs
[2022-11-02 16:47:57,070] {logging_mixin.py:115} INFO - [2022-11-02 16:47:57,070] {dag.py:2968} INFO - Setting next_dagrun for tutorial_taskflow_api_etl to None, run_after=None
[2022-11-02 16:47:57,082] {processor.py:161} INFO - Processing /opt/conda/lib/python3.8/site-packages/airflow/example_dags/tutorial_taskflow_api_etl.py took 0.076 seconds
[2022-11-02 16:49:04,686] {processor.py:153} INFO - Started process (PID=10155) to work on /opt/conda/lib/python3.8/site-packages/airflow/example_dags/tutorial_taskflow_api_etl.py
[2022-11-02 16:49:04,687] {processor.py:641} INFO - Processing file /opt/conda/lib/python3.8/site-packages/airflow/example_dags/tutorial_taskflow_api_etl.py for tasks to queue
[2022-11-02 16:49:04,687] {logging_mixin.py:115} INFO - [2022-11-02 16:49:04,687] {dagbag.py:508} INFO - Filling up the DagBag from /opt/conda/lib/python3.8/site-packages/airflow/example_dags/tutorial_taskflow_api_etl.py
[2022-11-02 16:49:04,706] {processor.py:651} INFO - DAG(s) dict_keys(['tutorial_taskflow_api_etl']) retrieved from /opt/conda/lib/python3.8/site-packages/airflow/example_dags/tutorial_taskflow_api_etl.py
[2022-11-02 16:49:04,725] {logging_mixin.py:115} INFO - [2022-11-02 16:49:04,725] {dag.py:2420} INFO - Sync 1 DAGs
[2022-11-02 16:49:04,744] {logging_mixin.py:115} INFO - [2022-11-02 16:49:04,744] {dag.py:2968} INFO - Setting next_dagrun for tutorial_taskflow_api_etl to None, run_after=None
[2022-11-02 16:49:04,756] {processor.py:161} INFO - Processing /opt/conda/lib/python3.8/site-packages/airflow/example_dags/tutorial_taskflow_api_etl.py took 0.076 seconds
[2022-11-02 16:50:20,795] {processor.py:153} INFO - Started process (PID=10384) to work on /opt/conda/lib/python3.8/site-packages/airflow/example_dags/tutorial_taskflow_api_etl.py
[2022-11-02 16:50:20,796] {processor.py:641} INFO - Processing file /opt/conda/lib/python3.8/site-packages/airflow/example_dags/tutorial_taskflow_api_etl.py for tasks to queue
[2022-11-02 16:50:20,797] {logging_mixin.py:115} INFO - [2022-11-02 16:50:20,797] {dagbag.py:508} INFO - Filling up the DagBag from /opt/conda/lib/python3.8/site-packages/airflow/example_dags/tutorial_taskflow_api_etl.py
[2022-11-02 16:50:20,815] {processor.py:651} INFO - DAG(s) dict_keys(['tutorial_taskflow_api_etl']) retrieved from /opt/conda/lib/python3.8/site-packages/airflow/example_dags/tutorial_taskflow_api_etl.py
[2022-11-02 16:50:20,864] {logging_mixin.py:115} INFO - [2022-11-02 16:50:20,864] {dag.py:2420} INFO - Sync 1 DAGs
[2022-11-02 16:50:20,881] {logging_mixin.py:115} INFO - [2022-11-02 16:50:20,881] {dag.py:2968} INFO - Setting next_dagrun for tutorial_taskflow_api_etl to None, run_after=None
[2022-11-02 16:50:20,897] {processor.py:161} INFO - Processing /opt/conda/lib/python3.8/site-packages/airflow/example_dags/tutorial_taskflow_api_etl.py took 0.108 seconds
[2022-11-02 16:51:36,275] {processor.py:153} INFO - Started process (PID=10613) to work on /opt/conda/lib/python3.8/site-packages/airflow/example_dags/tutorial_taskflow_api_etl.py
[2022-11-02 16:51:36,276] {processor.py:641} INFO - Processing file /opt/conda/lib/python3.8/site-packages/airflow/example_dags/tutorial_taskflow_api_etl.py for tasks to queue
[2022-11-02 16:51:36,276] {logging_mixin.py:115} INFO - [2022-11-02 16:51:36,276] {dagbag.py:508} INFO - Filling up the DagBag from /opt/conda/lib/python3.8/site-packages/airflow/example_dags/tutorial_taskflow_api_etl.py
[2022-11-02 16:51:36,295] {processor.py:651} INFO - DAG(s) dict_keys(['tutorial_taskflow_api_etl']) retrieved from /opt/conda/lib/python3.8/site-packages/airflow/example_dags/tutorial_taskflow_api_etl.py
[2022-11-02 16:51:36,314] {logging_mixin.py:115} INFO - [2022-11-02 16:51:36,314] {dag.py:2420} INFO - Sync 1 DAGs
[2022-11-02 16:51:36,332] {logging_mixin.py:115} INFO - [2022-11-02 16:51:36,332] {dag.py:2968} INFO - Setting next_dagrun for tutorial_taskflow_api_etl to None, run_after=None
[2022-11-02 16:51:36,343] {processor.py:161} INFO - Processing /opt/conda/lib/python3.8/site-packages/airflow/example_dags/tutorial_taskflow_api_etl.py took 0.074 seconds
[2022-11-02 16:52:35,652] {processor.py:153} INFO - Started process (PID=10782) to work on /opt/conda/lib/python3.8/site-packages/airflow/example_dags/tutorial_taskflow_api_etl.py
[2022-11-02 16:52:35,653] {processor.py:641} INFO - Processing file /opt/conda/lib/python3.8/site-packages/airflow/example_dags/tutorial_taskflow_api_etl.py for tasks to queue
[2022-11-02 16:52:35,654] {logging_mixin.py:115} INFO - [2022-11-02 16:52:35,653] {dagbag.py:508} INFO - Filling up the DagBag from /opt/conda/lib/python3.8/site-packages/airflow/example_dags/tutorial_taskflow_api_etl.py
[2022-11-02 16:52:35,672] {processor.py:651} INFO - DAG(s) dict_keys(['tutorial_taskflow_api_etl']) retrieved from /opt/conda/lib/python3.8/site-packages/airflow/example_dags/tutorial_taskflow_api_etl.py
[2022-11-02 16:52:35,689] {logging_mixin.py:115} INFO - [2022-11-02 16:52:35,689] {dag.py:2420} INFO - Sync 1 DAGs
[2022-11-02 16:52:35,707] {logging_mixin.py:115} INFO - [2022-11-02 16:52:35,706] {dag.py:2968} INFO - Setting next_dagrun for tutorial_taskflow_api_etl to None, run_after=None
[2022-11-02 16:52:35,724] {processor.py:161} INFO - Processing /opt/conda/lib/python3.8/site-packages/airflow/example_dags/tutorial_taskflow_api_etl.py took 0.078 seconds
[2022-11-02 16:53:34,263] {processor.py:153} INFO - Started process (PID=10944) to work on /opt/conda/lib/python3.8/site-packages/airflow/example_dags/tutorial_taskflow_api_etl.py
[2022-11-02 16:53:34,264] {processor.py:641} INFO - Processing file /opt/conda/lib/python3.8/site-packages/airflow/example_dags/tutorial_taskflow_api_etl.py for tasks to queue
[2022-11-02 16:53:34,265] {logging_mixin.py:115} INFO - [2022-11-02 16:53:34,265] {dagbag.py:508} INFO - Filling up the DagBag from /opt/conda/lib/python3.8/site-packages/airflow/example_dags/tutorial_taskflow_api_etl.py
[2022-11-02 16:53:34,283] {processor.py:651} INFO - DAG(s) dict_keys(['tutorial_taskflow_api_etl']) retrieved from /opt/conda/lib/python3.8/site-packages/airflow/example_dags/tutorial_taskflow_api_etl.py
[2022-11-02 16:53:34,301] {logging_mixin.py:115} INFO - [2022-11-02 16:53:34,300] {dag.py:2420} INFO - Sync 1 DAGs
[2022-11-02 16:53:34,318] {logging_mixin.py:115} INFO - [2022-11-02 16:53:34,318] {dag.py:2968} INFO - Setting next_dagrun for tutorial_taskflow_api_etl to None, run_after=None
[2022-11-02 16:53:34,336] {processor.py:161} INFO - Processing /opt/conda/lib/python3.8/site-packages/airflow/example_dags/tutorial_taskflow_api_etl.py took 0.079 seconds
[2022-11-02 16:54:37,988] {processor.py:153} INFO - Started process (PID=11108) to work on /opt/conda/lib/python3.8/site-packages/airflow/example_dags/tutorial_taskflow_api_etl.py
[2022-11-02 16:54:37,989] {processor.py:641} INFO - Processing file /opt/conda/lib/python3.8/site-packages/airflow/example_dags/tutorial_taskflow_api_etl.py for tasks to queue
[2022-11-02 16:54:37,989] {logging_mixin.py:115} INFO - [2022-11-02 16:54:37,989] {dagbag.py:508} INFO - Filling up the DagBag from /opt/conda/lib/python3.8/site-packages/airflow/example_dags/tutorial_taskflow_api_etl.py
[2022-11-02 16:54:38,008] {processor.py:651} INFO - DAG(s) dict_keys(['tutorial_taskflow_api_etl']) retrieved from /opt/conda/lib/python3.8/site-packages/airflow/example_dags/tutorial_taskflow_api_etl.py
[2022-11-02 16:54:38,057] {logging_mixin.py:115} INFO - [2022-11-02 16:54:38,057] {dag.py:2420} INFO - Sync 1 DAGs
[2022-11-02 16:54:38,073] {logging_mixin.py:115} INFO - [2022-11-02 16:54:38,073] {dag.py:2968} INFO - Setting next_dagrun for tutorial_taskflow_api_etl to None, run_after=None
[2022-11-02 16:54:38,086] {processor.py:161} INFO - Processing /opt/conda/lib/python3.8/site-packages/airflow/example_dags/tutorial_taskflow_api_etl.py took 0.103 seconds
[2022-11-02 16:55:40,540] {processor.py:153} INFO - Started process (PID=11271) to work on /opt/conda/lib/python3.8/site-packages/airflow/example_dags/tutorial_taskflow_api_etl.py
[2022-11-02 16:55:40,541] {processor.py:641} INFO - Processing file /opt/conda/lib/python3.8/site-packages/airflow/example_dags/tutorial_taskflow_api_etl.py for tasks to queue
[2022-11-02 16:55:40,541] {logging_mixin.py:115} INFO - [2022-11-02 16:55:40,541] {dagbag.py:508} INFO - Filling up the DagBag from /opt/conda/lib/python3.8/site-packages/airflow/example_dags/tutorial_taskflow_api_etl.py
[2022-11-02 16:55:40,560] {processor.py:651} INFO - DAG(s) dict_keys(['tutorial_taskflow_api_etl']) retrieved from /opt/conda/lib/python3.8/site-packages/airflow/example_dags/tutorial_taskflow_api_etl.py
[2022-11-02 16:55:40,608] {logging_mixin.py:115} INFO - [2022-11-02 16:55:40,608] {dag.py:2420} INFO - Sync 1 DAGs
[2022-11-02 16:55:40,624] {logging_mixin.py:115} INFO - [2022-11-02 16:55:40,624] {dag.py:2968} INFO - Setting next_dagrun for tutorial_taskflow_api_etl to None, run_after=None
[2022-11-02 16:55:40,636] {processor.py:161} INFO - Processing /opt/conda/lib/python3.8/site-packages/airflow/example_dags/tutorial_taskflow_api_etl.py took 0.102 seconds
[2022-11-02 16:56:50,471] {processor.py:153} INFO - Started process (PID=11439) to work on /opt/conda/lib/python3.8/site-packages/airflow/example_dags/tutorial_taskflow_api_etl.py
[2022-11-02 16:56:50,472] {processor.py:641} INFO - Processing file /opt/conda/lib/python3.8/site-packages/airflow/example_dags/tutorial_taskflow_api_etl.py for tasks to queue
[2022-11-02 16:56:50,472] {logging_mixin.py:115} INFO - [2022-11-02 16:56:50,472] {dagbag.py:508} INFO - Filling up the DagBag from /opt/conda/lib/python3.8/site-packages/airflow/example_dags/tutorial_taskflow_api_etl.py
[2022-11-02 16:56:50,492] {processor.py:651} INFO - DAG(s) dict_keys(['tutorial_taskflow_api_etl']) retrieved from /opt/conda/lib/python3.8/site-packages/airflow/example_dags/tutorial_taskflow_api_etl.py
[2022-11-02 16:56:50,511] {logging_mixin.py:115} INFO - [2022-11-02 16:56:50,511] {dag.py:2420} INFO - Sync 1 DAGs
[2022-11-02 16:56:50,530] {logging_mixin.py:115} INFO - [2022-11-02 16:56:50,530] {dag.py:2968} INFO - Setting next_dagrun for tutorial_taskflow_api_etl to None, run_after=None
[2022-11-02 16:56:50,548] {processor.py:161} INFO - Processing /opt/conda/lib/python3.8/site-packages/airflow/example_dags/tutorial_taskflow_api_etl.py took 0.083 seconds
[2022-11-02 16:57:53,870] {processor.py:153} INFO - Started process (PID=11603) to work on /opt/conda/lib/python3.8/site-packages/airflow/example_dags/tutorial_taskflow_api_etl.py
[2022-11-02 16:57:53,871] {processor.py:641} INFO - Processing file /opt/conda/lib/python3.8/site-packages/airflow/example_dags/tutorial_taskflow_api_etl.py for tasks to queue
[2022-11-02 16:57:53,871] {logging_mixin.py:115} INFO - [2022-11-02 16:57:53,871] {dagbag.py:508} INFO - Filling up the DagBag from /opt/conda/lib/python3.8/site-packages/airflow/example_dags/tutorial_taskflow_api_etl.py
[2022-11-02 16:57:53,890] {processor.py:651} INFO - DAG(s) dict_keys(['tutorial_taskflow_api_etl']) retrieved from /opt/conda/lib/python3.8/site-packages/airflow/example_dags/tutorial_taskflow_api_etl.py
[2022-11-02 16:57:53,907] {logging_mixin.py:115} INFO - [2022-11-02 16:57:53,907] {dag.py:2420} INFO - Sync 1 DAGs
[2022-11-02 16:57:53,925] {logging_mixin.py:115} INFO - [2022-11-02 16:57:53,925] {dag.py:2968} INFO - Setting next_dagrun for tutorial_taskflow_api_etl to None, run_after=None
[2022-11-02 16:57:53,935] {processor.py:161} INFO - Processing /opt/conda/lib/python3.8/site-packages/airflow/example_dags/tutorial_taskflow_api_etl.py took 0.071 seconds
[2022-11-02 16:58:55,941] {processor.py:153} INFO - Started process (PID=11767) to work on /opt/conda/lib/python3.8/site-packages/airflow/example_dags/tutorial_taskflow_api_etl.py
[2022-11-02 16:58:55,943] {processor.py:641} INFO - Processing file /opt/conda/lib/python3.8/site-packages/airflow/example_dags/tutorial_taskflow_api_etl.py for tasks to queue
[2022-11-02 16:58:55,943] {logging_mixin.py:115} INFO - [2022-11-02 16:58:55,943] {dagbag.py:508} INFO - Filling up the DagBag from /opt/conda/lib/python3.8/site-packages/airflow/example_dags/tutorial_taskflow_api_etl.py
[2022-11-02 16:58:55,962] {processor.py:651} INFO - DAG(s) dict_keys(['tutorial_taskflow_api_etl']) retrieved from /opt/conda/lib/python3.8/site-packages/airflow/example_dags/tutorial_taskflow_api_etl.py
[2022-11-02 16:58:55,979] {logging_mixin.py:115} INFO - [2022-11-02 16:58:55,979] {dag.py:2420} INFO - Sync 1 DAGs
[2022-11-02 16:58:55,997] {logging_mixin.py:115} INFO - [2022-11-02 16:58:55,997] {dag.py:2968} INFO - Setting next_dagrun for tutorial_taskflow_api_etl to None, run_after=None
[2022-11-02 16:58:56,012] {processor.py:161} INFO - Processing /opt/conda/lib/python3.8/site-packages/airflow/example_dags/tutorial_taskflow_api_etl.py took 0.077 seconds
[2022-11-02 17:00:04,727] {processor.py:153} INFO - Started process (PID=11949) to work on /opt/conda/lib/python3.8/site-packages/airflow/example_dags/tutorial_taskflow_api_etl.py
[2022-11-02 17:00:04,729] {processor.py:641} INFO - Processing file /opt/conda/lib/python3.8/site-packages/airflow/example_dags/tutorial_taskflow_api_etl.py for tasks to queue
[2022-11-02 17:00:04,729] {logging_mixin.py:115} INFO - [2022-11-02 17:00:04,729] {dagbag.py:508} INFO - Filling up the DagBag from /opt/conda/lib/python3.8/site-packages/airflow/example_dags/tutorial_taskflow_api_etl.py
[2022-11-02 17:00:04,744] {processor.py:651} INFO - DAG(s) dict_keys(['tutorial_taskflow_api_etl']) retrieved from /opt/conda/lib/python3.8/site-packages/airflow/example_dags/tutorial_taskflow_api_etl.py
[2022-11-02 17:00:04,781] {logging_mixin.py:115} INFO - [2022-11-02 17:00:04,781] {dag.py:2420} INFO - Sync 1 DAGs
[2022-11-02 17:00:04,793] {logging_mixin.py:115} INFO - [2022-11-02 17:00:04,793] {dag.py:2968} INFO - Setting next_dagrun for tutorial_taskflow_api_etl to None, run_after=None
[2022-11-02 17:00:04,811] {processor.py:161} INFO - Processing /opt/conda/lib/python3.8/site-packages/airflow/example_dags/tutorial_taskflow_api_etl.py took 0.086 seconds
[2022-11-02 17:01:14,796] {processor.py:153} INFO - Started process (PID=12136) to work on /opt/conda/lib/python3.8/site-packages/airflow/example_dags/tutorial_taskflow_api_etl.py
[2022-11-02 17:01:14,797] {processor.py:641} INFO - Processing file /opt/conda/lib/python3.8/site-packages/airflow/example_dags/tutorial_taskflow_api_etl.py for tasks to queue
[2022-11-02 17:01:14,797] {logging_mixin.py:115} INFO - [2022-11-02 17:01:14,797] {dagbag.py:508} INFO - Filling up the DagBag from /opt/conda/lib/python3.8/site-packages/airflow/example_dags/tutorial_taskflow_api_etl.py
[2022-11-02 17:01:14,816] {processor.py:651} INFO - DAG(s) dict_keys(['tutorial_taskflow_api_etl']) retrieved from /opt/conda/lib/python3.8/site-packages/airflow/example_dags/tutorial_taskflow_api_etl.py
[2022-11-02 17:01:14,864] {logging_mixin.py:115} INFO - [2022-11-02 17:01:14,864] {dag.py:2420} INFO - Sync 1 DAGs
[2022-11-02 17:01:14,880] {logging_mixin.py:115} INFO - [2022-11-02 17:01:14,880] {dag.py:2968} INFO - Setting next_dagrun for tutorial_taskflow_api_etl to None, run_after=None
[2022-11-02 17:01:14,899] {processor.py:161} INFO - Processing /opt/conda/lib/python3.8/site-packages/airflow/example_dags/tutorial_taskflow_api_etl.py took 0.108 seconds
[2022-11-02 17:02:19,928] {processor.py:153} INFO - Started process (PID=12300) to work on /opt/conda/lib/python3.8/site-packages/airflow/example_dags/tutorial_taskflow_api_etl.py
[2022-11-02 17:02:19,929] {processor.py:641} INFO - Processing file /opt/conda/lib/python3.8/site-packages/airflow/example_dags/tutorial_taskflow_api_etl.py for tasks to queue
[2022-11-02 17:02:19,930] {logging_mixin.py:115} INFO - [2022-11-02 17:02:19,930] {dagbag.py:508} INFO - Filling up the DagBag from /opt/conda/lib/python3.8/site-packages/airflow/example_dags/tutorial_taskflow_api_etl.py
[2022-11-02 17:02:19,948] {processor.py:651} INFO - DAG(s) dict_keys(['tutorial_taskflow_api_etl']) retrieved from /opt/conda/lib/python3.8/site-packages/airflow/example_dags/tutorial_taskflow_api_etl.py
[2022-11-02 17:02:19,965] {logging_mixin.py:115} INFO - [2022-11-02 17:02:19,965] {dag.py:2420} INFO - Sync 1 DAGs
[2022-11-02 17:02:19,983] {logging_mixin.py:115} INFO - [2022-11-02 17:02:19,983] {dag.py:2968} INFO - Setting next_dagrun for tutorial_taskflow_api_etl to None, run_after=None
[2022-11-02 17:02:20,001] {processor.py:161} INFO - Processing /opt/conda/lib/python3.8/site-packages/airflow/example_dags/tutorial_taskflow_api_etl.py took 0.078 seconds
[2022-11-02 17:03:22,098] {processor.py:153} INFO - Started process (PID=12464) to work on /opt/conda/lib/python3.8/site-packages/airflow/example_dags/tutorial_taskflow_api_etl.py
[2022-11-02 17:03:22,099] {processor.py:641} INFO - Processing file /opt/conda/lib/python3.8/site-packages/airflow/example_dags/tutorial_taskflow_api_etl.py for tasks to queue
[2022-11-02 17:03:22,099] {logging_mixin.py:115} INFO - [2022-11-02 17:03:22,099] {dagbag.py:508} INFO - Filling up the DagBag from /opt/conda/lib/python3.8/site-packages/airflow/example_dags/tutorial_taskflow_api_etl.py
[2022-11-02 17:03:22,118] {processor.py:651} INFO - DAG(s) dict_keys(['tutorial_taskflow_api_etl']) retrieved from /opt/conda/lib/python3.8/site-packages/airflow/example_dags/tutorial_taskflow_api_etl.py
[2022-11-02 17:03:22,135] {logging_mixin.py:115} INFO - [2022-11-02 17:03:22,135] {dag.py:2420} INFO - Sync 1 DAGs
[2022-11-02 17:03:22,153] {logging_mixin.py:115} INFO - [2022-11-02 17:03:22,153] {dag.py:2968} INFO - Setting next_dagrun for tutorial_taskflow_api_etl to None, run_after=None
[2022-11-02 17:03:22,171] {processor.py:161} INFO - Processing /opt/conda/lib/python3.8/site-packages/airflow/example_dags/tutorial_taskflow_api_etl.py took 0.080 seconds
[2022-11-02 17:04:21,357] {processor.py:153} INFO - Started process (PID=12625) to work on /opt/conda/lib/python3.8/site-packages/airflow/example_dags/tutorial_taskflow_api_etl.py
[2022-11-02 17:04:21,358] {processor.py:641} INFO - Processing file /opt/conda/lib/python3.8/site-packages/airflow/example_dags/tutorial_taskflow_api_etl.py for tasks to queue
[2022-11-02 17:04:21,358] {logging_mixin.py:115} INFO - [2022-11-02 17:04:21,358] {dagbag.py:508} INFO - Filling up the DagBag from /opt/conda/lib/python3.8/site-packages/airflow/example_dags/tutorial_taskflow_api_etl.py
[2022-11-02 17:04:21,376] {processor.py:651} INFO - DAG(s) dict_keys(['tutorial_taskflow_api_etl']) retrieved from /opt/conda/lib/python3.8/site-packages/airflow/example_dags/tutorial_taskflow_api_etl.py
[2022-11-02 17:04:21,424] {logging_mixin.py:115} INFO - [2022-11-02 17:04:21,424] {dag.py:2420} INFO - Sync 1 DAGs
[2022-11-02 17:04:21,440] {logging_mixin.py:115} INFO - [2022-11-02 17:04:21,440] {dag.py:2968} INFO - Setting next_dagrun for tutorial_taskflow_api_etl to None, run_after=None
[2022-11-02 17:04:21,460] {processor.py:161} INFO - Processing /opt/conda/lib/python3.8/site-packages/airflow/example_dags/tutorial_taskflow_api_etl.py took 0.108 seconds
[2022-11-02 17:05:28,768] {processor.py:153} INFO - Started process (PID=12792) to work on /opt/conda/lib/python3.8/site-packages/airflow/example_dags/tutorial_taskflow_api_etl.py
[2022-11-02 17:05:28,769] {processor.py:641} INFO - Processing file /opt/conda/lib/python3.8/site-packages/airflow/example_dags/tutorial_taskflow_api_etl.py for tasks to queue
[2022-11-02 17:05:28,770] {logging_mixin.py:115} INFO - [2022-11-02 17:05:28,769] {dagbag.py:508} INFO - Filling up the DagBag from /opt/conda/lib/python3.8/site-packages/airflow/example_dags/tutorial_taskflow_api_etl.py
[2022-11-02 17:05:28,788] {processor.py:651} INFO - DAG(s) dict_keys(['tutorial_taskflow_api_etl']) retrieved from /opt/conda/lib/python3.8/site-packages/airflow/example_dags/tutorial_taskflow_api_etl.py
[2022-11-02 17:05:28,837] {logging_mixin.py:115} INFO - [2022-11-02 17:05:28,837] {dag.py:2420} INFO - Sync 1 DAGs
[2022-11-02 17:05:28,853] {logging_mixin.py:115} INFO - [2022-11-02 17:05:28,853] {dag.py:2968} INFO - Setting next_dagrun for tutorial_taskflow_api_etl to None, run_after=None
[2022-11-02 17:05:28,867] {processor.py:161} INFO - Processing /opt/conda/lib/python3.8/site-packages/airflow/example_dags/tutorial_taskflow_api_etl.py took 0.104 seconds
[2022-11-02 17:06:34,110] {processor.py:153} INFO - Started process (PID=12958) to work on /opt/conda/lib/python3.8/site-packages/airflow/example_dags/tutorial_taskflow_api_etl.py
[2022-11-02 17:06:34,111] {processor.py:641} INFO - Processing file /opt/conda/lib/python3.8/site-packages/airflow/example_dags/tutorial_taskflow_api_etl.py for tasks to queue
[2022-11-02 17:06:34,111] {logging_mixin.py:115} INFO - [2022-11-02 17:06:34,111] {dagbag.py:508} INFO - Filling up the DagBag from /opt/conda/lib/python3.8/site-packages/airflow/example_dags/tutorial_taskflow_api_etl.py
[2022-11-02 17:06:34,129] {processor.py:651} INFO - DAG(s) dict_keys(['tutorial_taskflow_api_etl']) retrieved from /opt/conda/lib/python3.8/site-packages/airflow/example_dags/tutorial_taskflow_api_etl.py
[2022-11-02 17:06:34,147] {logging_mixin.py:115} INFO - [2022-11-02 17:06:34,147] {dag.py:2420} INFO - Sync 1 DAGs
[2022-11-02 17:06:34,165] {logging_mixin.py:115} INFO - [2022-11-02 17:06:34,165] {dag.py:2968} INFO - Setting next_dagrun for tutorial_taskflow_api_etl to None, run_after=None
[2022-11-02 17:06:34,175] {processor.py:161} INFO - Processing /opt/conda/lib/python3.8/site-packages/airflow/example_dags/tutorial_taskflow_api_etl.py took 0.072 seconds
[2022-11-02 17:07:38,184] {processor.py:153} INFO - Started process (PID=13123) to work on /opt/conda/lib/python3.8/site-packages/airflow/example_dags/tutorial_taskflow_api_etl.py
[2022-11-02 17:07:38,185] {processor.py:641} INFO - Processing file /opt/conda/lib/python3.8/site-packages/airflow/example_dags/tutorial_taskflow_api_etl.py for tasks to queue
[2022-11-02 17:07:38,185] {logging_mixin.py:115} INFO - [2022-11-02 17:07:38,185] {dagbag.py:508} INFO - Filling up the DagBag from /opt/conda/lib/python3.8/site-packages/airflow/example_dags/tutorial_taskflow_api_etl.py
[2022-11-02 17:07:38,203] {processor.py:651} INFO - DAG(s) dict_keys(['tutorial_taskflow_api_etl']) retrieved from /opt/conda/lib/python3.8/site-packages/airflow/example_dags/tutorial_taskflow_api_etl.py
[2022-11-02 17:07:38,221] {logging_mixin.py:115} INFO - [2022-11-02 17:07:38,221] {dag.py:2420} INFO - Sync 1 DAGs
[2022-11-02 17:07:38,239] {logging_mixin.py:115} INFO - [2022-11-02 17:07:38,239] {dag.py:2968} INFO - Setting next_dagrun for tutorial_taskflow_api_etl to None, run_after=None
[2022-11-02 17:07:38,256] {processor.py:161} INFO - Processing /opt/conda/lib/python3.8/site-packages/airflow/example_dags/tutorial_taskflow_api_etl.py took 0.078 seconds
[2022-11-02 17:08:42,450] {processor.py:153} INFO - Started process (PID=13287) to work on /opt/conda/lib/python3.8/site-packages/airflow/example_dags/tutorial_taskflow_api_etl.py
[2022-11-02 17:08:42,451] {processor.py:641} INFO - Processing file /opt/conda/lib/python3.8/site-packages/airflow/example_dags/tutorial_taskflow_api_etl.py for tasks to queue
[2022-11-02 17:08:42,452] {logging_mixin.py:115} INFO - [2022-11-02 17:08:42,451] {dagbag.py:508} INFO - Filling up the DagBag from /opt/conda/lib/python3.8/site-packages/airflow/example_dags/tutorial_taskflow_api_etl.py
[2022-11-02 17:08:42,470] {processor.py:651} INFO - DAG(s) dict_keys(['tutorial_taskflow_api_etl']) retrieved from /opt/conda/lib/python3.8/site-packages/airflow/example_dags/tutorial_taskflow_api_etl.py
[2022-11-02 17:08:42,487] {logging_mixin.py:115} INFO - [2022-11-02 17:08:42,487] {dag.py:2420} INFO - Sync 1 DAGs
[2022-11-02 17:08:42,505] {logging_mixin.py:115} INFO - [2022-11-02 17:08:42,505] {dag.py:2968} INFO - Setting next_dagrun for tutorial_taskflow_api_etl to None, run_after=None
[2022-11-02 17:08:42,522] {processor.py:161} INFO - Processing /opt/conda/lib/python3.8/site-packages/airflow/example_dags/tutorial_taskflow_api_etl.py took 0.078 seconds
[2022-11-02 17:09:43,056] {processor.py:153} INFO - Started process (PID=13451) to work on /opt/conda/lib/python3.8/site-packages/airflow/example_dags/tutorial_taskflow_api_etl.py
[2022-11-02 17:09:43,056] {processor.py:641} INFO - Processing file /opt/conda/lib/python3.8/site-packages/airflow/example_dags/tutorial_taskflow_api_etl.py for tasks to queue
[2022-11-02 17:09:43,057] {logging_mixin.py:115} INFO - [2022-11-02 17:09:43,057] {dagbag.py:508} INFO - Filling up the DagBag from /opt/conda/lib/python3.8/site-packages/airflow/example_dags/tutorial_taskflow_api_etl.py
[2022-11-02 17:09:43,075] {processor.py:651} INFO - DAG(s) dict_keys(['tutorial_taskflow_api_etl']) retrieved from /opt/conda/lib/python3.8/site-packages/airflow/example_dags/tutorial_taskflow_api_etl.py
[2022-11-02 17:09:43,124] {logging_mixin.py:115} INFO - [2022-11-02 17:09:43,124] {dag.py:2420} INFO - Sync 1 DAGs
[2022-11-02 17:09:43,142] {logging_mixin.py:115} INFO - [2022-11-02 17:09:43,142] {dag.py:2968} INFO - Setting next_dagrun for tutorial_taskflow_api_etl to None, run_after=None
[2022-11-02 17:09:43,154] {processor.py:161} INFO - Processing /opt/conda/lib/python3.8/site-packages/airflow/example_dags/tutorial_taskflow_api_etl.py took 0.105 seconds
[2022-11-02 17:10:43,617] {processor.py:153} INFO - Started process (PID=13613) to work on /opt/conda/lib/python3.8/site-packages/airflow/example_dags/tutorial_taskflow_api_etl.py
[2022-11-02 17:10:43,617] {processor.py:641} INFO - Processing file /opt/conda/lib/python3.8/site-packages/airflow/example_dags/tutorial_taskflow_api_etl.py for tasks to queue
[2022-11-02 17:10:43,618] {logging_mixin.py:115} INFO - [2022-11-02 17:10:43,618] {dagbag.py:508} INFO - Filling up the DagBag from /opt/conda/lib/python3.8/site-packages/airflow/example_dags/tutorial_taskflow_api_etl.py
[2022-11-02 17:10:43,637] {processor.py:651} INFO - DAG(s) dict_keys(['tutorial_taskflow_api_etl']) retrieved from /opt/conda/lib/python3.8/site-packages/airflow/example_dags/tutorial_taskflow_api_etl.py
[2022-11-02 17:10:43,689] {logging_mixin.py:115} INFO - [2022-11-02 17:10:43,688] {dag.py:2420} INFO - Sync 1 DAGs
[2022-11-02 17:10:43,707] {logging_mixin.py:115} INFO - [2022-11-02 17:10:43,707] {dag.py:2968} INFO - Setting next_dagrun for tutorial_taskflow_api_etl to None, run_after=None
[2022-11-02 17:10:43,727] {processor.py:161} INFO - Processing /opt/conda/lib/python3.8/site-packages/airflow/example_dags/tutorial_taskflow_api_etl.py took 0.116 seconds
[2022-11-02 17:11:50,487] {processor.py:153} INFO - Started process (PID=13780) to work on /opt/conda/lib/python3.8/site-packages/airflow/example_dags/tutorial_taskflow_api_etl.py
[2022-11-02 17:11:50,488] {processor.py:641} INFO - Processing file /opt/conda/lib/python3.8/site-packages/airflow/example_dags/tutorial_taskflow_api_etl.py for tasks to queue
[2022-11-02 17:11:50,489] {logging_mixin.py:115} INFO - [2022-11-02 17:11:50,489] {dagbag.py:508} INFO - Filling up the DagBag from /opt/conda/lib/python3.8/site-packages/airflow/example_dags/tutorial_taskflow_api_etl.py
[2022-11-02 17:11:50,508] {processor.py:651} INFO - DAG(s) dict_keys(['tutorial_taskflow_api_etl']) retrieved from /opt/conda/lib/python3.8/site-packages/airflow/example_dags/tutorial_taskflow_api_etl.py
[2022-11-02 17:11:50,526] {logging_mixin.py:115} INFO - [2022-11-02 17:11:50,526] {dag.py:2420} INFO - Sync 1 DAGs
[2022-11-02 17:11:50,544] {logging_mixin.py:115} INFO - [2022-11-02 17:11:50,544] {dag.py:2968} INFO - Setting next_dagrun for tutorial_taskflow_api_etl to None, run_after=None
[2022-11-02 17:11:50,562] {processor.py:161} INFO - Processing /opt/conda/lib/python3.8/site-packages/airflow/example_dags/tutorial_taskflow_api_etl.py took 0.079 seconds
[2022-11-02 17:12:52,140] {processor.py:153} INFO - Started process (PID=13942) to work on /opt/conda/lib/python3.8/site-packages/airflow/example_dags/tutorial_taskflow_api_etl.py
[2022-11-02 17:12:52,140] {processor.py:641} INFO - Processing file /opt/conda/lib/python3.8/site-packages/airflow/example_dags/tutorial_taskflow_api_etl.py for tasks to queue
[2022-11-02 17:12:52,141] {logging_mixin.py:115} INFO - [2022-11-02 17:12:52,141] {dagbag.py:508} INFO - Filling up the DagBag from /opt/conda/lib/python3.8/site-packages/airflow/example_dags/tutorial_taskflow_api_etl.py
[2022-11-02 17:12:52,159] {processor.py:651} INFO - DAG(s) dict_keys(['tutorial_taskflow_api_etl']) retrieved from /opt/conda/lib/python3.8/site-packages/airflow/example_dags/tutorial_taskflow_api_etl.py
[2022-11-02 17:12:52,177] {logging_mixin.py:115} INFO - [2022-11-02 17:12:52,177] {dag.py:2420} INFO - Sync 1 DAGs
[2022-11-02 17:12:52,194] {logging_mixin.py:115} INFO - [2022-11-02 17:12:52,194] {dag.py:2968} INFO - Setting next_dagrun for tutorial_taskflow_api_etl to None, run_after=None
[2022-11-02 17:12:52,205] {processor.py:161} INFO - Processing /opt/conda/lib/python3.8/site-packages/airflow/example_dags/tutorial_taskflow_api_etl.py took 0.071 seconds
[2022-11-02 17:13:50,362] {processor.py:153} INFO - Started process (PID=14103) to work on /opt/conda/lib/python3.8/site-packages/airflow/example_dags/tutorial_taskflow_api_etl.py
[2022-11-02 17:13:50,363] {processor.py:641} INFO - Processing file /opt/conda/lib/python3.8/site-packages/airflow/example_dags/tutorial_taskflow_api_etl.py for tasks to queue
[2022-11-02 17:13:50,364] {logging_mixin.py:115} INFO - [2022-11-02 17:13:50,364] {dagbag.py:508} INFO - Filling up the DagBag from /opt/conda/lib/python3.8/site-packages/airflow/example_dags/tutorial_taskflow_api_etl.py
[2022-11-02 17:13:50,382] {processor.py:651} INFO - DAG(s) dict_keys(['tutorial_taskflow_api_etl']) retrieved from /opt/conda/lib/python3.8/site-packages/airflow/example_dags/tutorial_taskflow_api_etl.py
[2022-11-02 17:13:50,399] {logging_mixin.py:115} INFO - [2022-11-02 17:13:50,399] {dag.py:2420} INFO - Sync 1 DAGs
[2022-11-02 17:13:50,417] {logging_mixin.py:115} INFO - [2022-11-02 17:13:50,417] {dag.py:2968} INFO - Setting next_dagrun for tutorial_taskflow_api_etl to None, run_after=None
[2022-11-02 17:13:50,428] {processor.py:161} INFO - Processing /opt/conda/lib/python3.8/site-packages/airflow/example_dags/tutorial_taskflow_api_etl.py took 0.072 seconds
[2022-11-02 17:14:50,312] {processor.py:153} INFO - Started process (PID=14265) to work on /opt/conda/lib/python3.8/site-packages/airflow/example_dags/tutorial_taskflow_api_etl.py
[2022-11-02 17:14:50,312] {processor.py:641} INFO - Processing file /opt/conda/lib/python3.8/site-packages/airflow/example_dags/tutorial_taskflow_api_etl.py for tasks to queue
[2022-11-02 17:14:50,313] {logging_mixin.py:115} INFO - [2022-11-02 17:14:50,313] {dagbag.py:508} INFO - Filling up the DagBag from /opt/conda/lib/python3.8/site-packages/airflow/example_dags/tutorial_taskflow_api_etl.py
[2022-11-02 17:14:50,331] {processor.py:651} INFO - DAG(s) dict_keys(['tutorial_taskflow_api_etl']) retrieved from /opt/conda/lib/python3.8/site-packages/airflow/example_dags/tutorial_taskflow_api_etl.py
[2022-11-02 17:14:50,380] {logging_mixin.py:115} INFO - [2022-11-02 17:14:50,380] {dag.py:2420} INFO - Sync 1 DAGs
[2022-11-02 17:14:50,398] {logging_mixin.py:115} INFO - [2022-11-02 17:14:50,398] {dag.py:2968} INFO - Setting next_dagrun for tutorial_taskflow_api_etl to None, run_after=None
[2022-11-02 17:14:50,410] {processor.py:161} INFO - Processing /opt/conda/lib/python3.8/site-packages/airflow/example_dags/tutorial_taskflow_api_etl.py took 0.105 seconds
[2022-11-02 17:15:54,452] {processor.py:153} INFO - Started process (PID=14430) to work on /opt/conda/lib/python3.8/site-packages/airflow/example_dags/tutorial_taskflow_api_etl.py
[2022-11-02 17:15:54,452] {processor.py:641} INFO - Processing file /opt/conda/lib/python3.8/site-packages/airflow/example_dags/tutorial_taskflow_api_etl.py for tasks to queue
[2022-11-02 17:15:54,453] {logging_mixin.py:115} INFO - [2022-11-02 17:15:54,453] {dagbag.py:508} INFO - Filling up the DagBag from /opt/conda/lib/python3.8/site-packages/airflow/example_dags/tutorial_taskflow_api_etl.py
[2022-11-02 17:15:54,471] {processor.py:651} INFO - DAG(s) dict_keys(['tutorial_taskflow_api_etl']) retrieved from /opt/conda/lib/python3.8/site-packages/airflow/example_dags/tutorial_taskflow_api_etl.py
[2022-11-02 17:15:54,520] {logging_mixin.py:115} INFO - [2022-11-02 17:15:54,520] {dag.py:2420} INFO - Sync 1 DAGs
[2022-11-02 17:15:54,538] {logging_mixin.py:115} INFO - [2022-11-02 17:15:54,538] {dag.py:2968} INFO - Setting next_dagrun for tutorial_taskflow_api_etl to None, run_after=None
[2022-11-02 17:15:54,550] {processor.py:161} INFO - Processing /opt/conda/lib/python3.8/site-packages/airflow/example_dags/tutorial_taskflow_api_etl.py took 0.105 seconds
[2022-11-02 17:16:49,921] {processor.py:153} INFO - Started process (PID=14590) to work on /opt/conda/lib/python3.8/site-packages/airflow/example_dags/tutorial_taskflow_api_etl.py
[2022-11-02 17:16:49,922] {processor.py:641} INFO - Processing file /opt/conda/lib/python3.8/site-packages/airflow/example_dags/tutorial_taskflow_api_etl.py for tasks to queue
[2022-11-02 17:16:49,923] {logging_mixin.py:115} INFO - [2022-11-02 17:16:49,923] {dagbag.py:508} INFO - Filling up the DagBag from /opt/conda/lib/python3.8/site-packages/airflow/example_dags/tutorial_taskflow_api_etl.py
[2022-11-02 17:16:49,941] {processor.py:651} INFO - DAG(s) dict_keys(['tutorial_taskflow_api_etl']) retrieved from /opt/conda/lib/python3.8/site-packages/airflow/example_dags/tutorial_taskflow_api_etl.py
[2022-11-02 17:16:49,959] {logging_mixin.py:115} INFO - [2022-11-02 17:16:49,959] {dag.py:2420} INFO - Sync 1 DAGs
[2022-11-02 17:16:49,977] {logging_mixin.py:115} INFO - [2022-11-02 17:16:49,977] {dag.py:2968} INFO - Setting next_dagrun for tutorial_taskflow_api_etl to None, run_after=None
[2022-11-02 17:16:49,987] {processor.py:161} INFO - Processing /opt/conda/lib/python3.8/site-packages/airflow/example_dags/tutorial_taskflow_api_etl.py took 0.072 seconds
[2022-11-02 17:17:39,382] {processor.py:153} INFO - Started process (PID=14723) to work on /opt/conda/lib/python3.8/site-packages/airflow/example_dags/tutorial_taskflow_api_etl.py
[2022-11-02 17:17:39,383] {processor.py:641} INFO - Processing file /opt/conda/lib/python3.8/site-packages/airflow/example_dags/tutorial_taskflow_api_etl.py for tasks to queue
[2022-11-02 17:17:39,384] {logging_mixin.py:115} INFO - [2022-11-02 17:17:39,384] {dagbag.py:508} INFO - Filling up the DagBag from /opt/conda/lib/python3.8/site-packages/airflow/example_dags/tutorial_taskflow_api_etl.py
[2022-11-02 17:17:39,403] {processor.py:651} INFO - DAG(s) dict_keys(['tutorial_taskflow_api_etl']) retrieved from /opt/conda/lib/python3.8/site-packages/airflow/example_dags/tutorial_taskflow_api_etl.py
[2022-11-02 17:17:39,421] {logging_mixin.py:115} INFO - [2022-11-02 17:17:39,421] {dag.py:2420} INFO - Sync 1 DAGs
[2022-11-02 17:17:39,439] {logging_mixin.py:115} INFO - [2022-11-02 17:17:39,439] {dag.py:2968} INFO - Setting next_dagrun for tutorial_taskflow_api_etl to None, run_after=None
[2022-11-02 17:17:39,449] {processor.py:161} INFO - Processing /opt/conda/lib/python3.8/site-packages/airflow/example_dags/tutorial_taskflow_api_etl.py took 0.073 seconds
[2022-11-02 17:18:32,527] {processor.py:153} INFO - Started process (PID=14859) to work on /opt/conda/lib/python3.8/site-packages/airflow/example_dags/tutorial_taskflow_api_etl.py
[2022-11-02 17:18:32,528] {processor.py:641} INFO - Processing file /opt/conda/lib/python3.8/site-packages/airflow/example_dags/tutorial_taskflow_api_etl.py for tasks to queue
[2022-11-02 17:18:32,528] {logging_mixin.py:115} INFO - [2022-11-02 17:18:32,528] {dagbag.py:508} INFO - Filling up the DagBag from /opt/conda/lib/python3.8/site-packages/airflow/example_dags/tutorial_taskflow_api_etl.py
[2022-11-02 17:18:32,546] {processor.py:651} INFO - DAG(s) dict_keys(['tutorial_taskflow_api_etl']) retrieved from /opt/conda/lib/python3.8/site-packages/airflow/example_dags/tutorial_taskflow_api_etl.py
[2022-11-02 17:18:32,564] {logging_mixin.py:115} INFO - [2022-11-02 17:18:32,564] {dag.py:2420} INFO - Sync 1 DAGs
[2022-11-02 17:18:32,582] {logging_mixin.py:115} INFO - [2022-11-02 17:18:32,582] {dag.py:2968} INFO - Setting next_dagrun for tutorial_taskflow_api_etl to None, run_after=None
[2022-11-02 17:18:32,592] {processor.py:161} INFO - Processing /opt/conda/lib/python3.8/site-packages/airflow/example_dags/tutorial_taskflow_api_etl.py took 0.072 seconds
[2022-11-02 17:19:33,090] {processor.py:153} INFO - Started process (PID=15022) to work on /opt/conda/lib/python3.8/site-packages/airflow/example_dags/tutorial_taskflow_api_etl.py
[2022-11-02 17:19:33,090] {processor.py:641} INFO - Processing file /opt/conda/lib/python3.8/site-packages/airflow/example_dags/tutorial_taskflow_api_etl.py for tasks to queue
[2022-11-02 17:19:33,091] {logging_mixin.py:115} INFO - [2022-11-02 17:19:33,091] {dagbag.py:508} INFO - Filling up the DagBag from /opt/conda/lib/python3.8/site-packages/airflow/example_dags/tutorial_taskflow_api_etl.py
[2022-11-02 17:19:33,109] {processor.py:651} INFO - DAG(s) dict_keys(['tutorial_taskflow_api_etl']) retrieved from /opt/conda/lib/python3.8/site-packages/airflow/example_dags/tutorial_taskflow_api_etl.py
[2022-11-02 17:19:33,157] {logging_mixin.py:115} INFO - [2022-11-02 17:19:33,157] {dag.py:2420} INFO - Sync 1 DAGs
[2022-11-02 17:19:33,174] {logging_mixin.py:115} INFO - [2022-11-02 17:19:33,174] {dag.py:2968} INFO - Setting next_dagrun for tutorial_taskflow_api_etl to None, run_after=None
[2022-11-02 17:19:33,186] {processor.py:161} INFO - Processing /opt/conda/lib/python3.8/site-packages/airflow/example_dags/tutorial_taskflow_api_etl.py took 0.103 seconds
[2022-11-02 17:20:36,044] {processor.py:153} INFO - Started process (PID=15185) to work on /opt/conda/lib/python3.8/site-packages/airflow/example_dags/tutorial_taskflow_api_etl.py
[2022-11-02 17:20:36,045] {processor.py:641} INFO - Processing file /opt/conda/lib/python3.8/site-packages/airflow/example_dags/tutorial_taskflow_api_etl.py for tasks to queue
[2022-11-02 17:20:36,045] {logging_mixin.py:115} INFO - [2022-11-02 17:20:36,045] {dagbag.py:508} INFO - Filling up the DagBag from /opt/conda/lib/python3.8/site-packages/airflow/example_dags/tutorial_taskflow_api_etl.py
[2022-11-02 17:20:36,064] {processor.py:651} INFO - DAG(s) dict_keys(['tutorial_taskflow_api_etl']) retrieved from /opt/conda/lib/python3.8/site-packages/airflow/example_dags/tutorial_taskflow_api_etl.py
[2022-11-02 17:20:36,111] {logging_mixin.py:115} INFO - [2022-11-02 17:20:36,111] {dag.py:2420} INFO - Sync 1 DAGs
[2022-11-02 17:20:36,129] {logging_mixin.py:115} INFO - [2022-11-02 17:20:36,128] {dag.py:2968} INFO - Setting next_dagrun for tutorial_taskflow_api_etl to None, run_after=None
[2022-11-02 17:20:36,140] {processor.py:161} INFO - Processing /opt/conda/lib/python3.8/site-packages/airflow/example_dags/tutorial_taskflow_api_etl.py took 0.101 seconds
[2022-11-02 17:21:39,962] {processor.py:153} INFO - Started process (PID=15351) to work on /opt/conda/lib/python3.8/site-packages/airflow/example_dags/tutorial_taskflow_api_etl.py
[2022-11-02 17:21:39,963] {processor.py:641} INFO - Processing file /opt/conda/lib/python3.8/site-packages/airflow/example_dags/tutorial_taskflow_api_etl.py for tasks to queue
[2022-11-02 17:21:39,963] {logging_mixin.py:115} INFO - [2022-11-02 17:21:39,963] {dagbag.py:508} INFO - Filling up the DagBag from /opt/conda/lib/python3.8/site-packages/airflow/example_dags/tutorial_taskflow_api_etl.py
[2022-11-02 17:21:39,981] {processor.py:651} INFO - DAG(s) dict_keys(['tutorial_taskflow_api_etl']) retrieved from /opt/conda/lib/python3.8/site-packages/airflow/example_dags/tutorial_taskflow_api_etl.py
[2022-11-02 17:21:39,999] {logging_mixin.py:115} INFO - [2022-11-02 17:21:39,999] {dag.py:2420} INFO - Sync 1 DAGs
[2022-11-02 17:21:40,017] {logging_mixin.py:115} INFO - [2022-11-02 17:21:40,017] {dag.py:2968} INFO - Setting next_dagrun for tutorial_taskflow_api_etl to None, run_after=None
[2022-11-02 17:21:40,028] {processor.py:161} INFO - Processing /opt/conda/lib/python3.8/site-packages/airflow/example_dags/tutorial_taskflow_api_etl.py took 0.072 seconds
[2022-11-02 17:22:37,740] {processor.py:153} INFO - Started process (PID=15511) to work on /opt/conda/lib/python3.8/site-packages/airflow/example_dags/tutorial_taskflow_api_etl.py
[2022-11-02 17:22:37,741] {processor.py:641} INFO - Processing file /opt/conda/lib/python3.8/site-packages/airflow/example_dags/tutorial_taskflow_api_etl.py for tasks to queue
[2022-11-02 17:22:37,741] {logging_mixin.py:115} INFO - [2022-11-02 17:22:37,741] {dagbag.py:508} INFO - Filling up the DagBag from /opt/conda/lib/python3.8/site-packages/airflow/example_dags/tutorial_taskflow_api_etl.py
[2022-11-02 17:22:37,760] {processor.py:651} INFO - DAG(s) dict_keys(['tutorial_taskflow_api_etl']) retrieved from /opt/conda/lib/python3.8/site-packages/airflow/example_dags/tutorial_taskflow_api_etl.py
[2022-11-02 17:22:37,777] {logging_mixin.py:115} INFO - [2022-11-02 17:22:37,777] {dag.py:2420} INFO - Sync 1 DAGs
[2022-11-02 17:22:37,795] {logging_mixin.py:115} INFO - [2022-11-02 17:22:37,795] {dag.py:2968} INFO - Setting next_dagrun for tutorial_taskflow_api_etl to None, run_after=None
[2022-11-02 17:22:37,806] {processor.py:161} INFO - Processing /opt/conda/lib/python3.8/site-packages/airflow/example_dags/tutorial_taskflow_api_etl.py took 0.072 seconds
[2022-11-02 17:23:37,168] {processor.py:153} INFO - Started process (PID=15674) to work on /opt/conda/lib/python3.8/site-packages/airflow/example_dags/tutorial_taskflow_api_etl.py
[2022-11-02 17:23:37,169] {processor.py:641} INFO - Processing file /opt/conda/lib/python3.8/site-packages/airflow/example_dags/tutorial_taskflow_api_etl.py for tasks to queue
[2022-11-02 17:23:37,169] {logging_mixin.py:115} INFO - [2022-11-02 17:23:37,169] {dagbag.py:508} INFO - Filling up the DagBag from /opt/conda/lib/python3.8/site-packages/airflow/example_dags/tutorial_taskflow_api_etl.py
[2022-11-02 17:23:37,187] {processor.py:651} INFO - DAG(s) dict_keys(['tutorial_taskflow_api_etl']) retrieved from /opt/conda/lib/python3.8/site-packages/airflow/example_dags/tutorial_taskflow_api_etl.py
[2022-11-02 17:23:37,204] {logging_mixin.py:115} INFO - [2022-11-02 17:23:37,204] {dag.py:2420} INFO - Sync 1 DAGs
[2022-11-02 17:23:37,221] {logging_mixin.py:115} INFO - [2022-11-02 17:23:37,221] {dag.py:2968} INFO - Setting next_dagrun for tutorial_taskflow_api_etl to None, run_after=None
[2022-11-02 17:23:37,239] {processor.py:161} INFO - Processing /opt/conda/lib/python3.8/site-packages/airflow/example_dags/tutorial_taskflow_api_etl.py took 0.076 seconds
[2022-11-02 17:24:41,046] {processor.py:153} INFO - Started process (PID=15837) to work on /opt/conda/lib/python3.8/site-packages/airflow/example_dags/tutorial_taskflow_api_etl.py
[2022-11-02 17:24:41,047] {processor.py:641} INFO - Processing file /opt/conda/lib/python3.8/site-packages/airflow/example_dags/tutorial_taskflow_api_etl.py for tasks to queue
[2022-11-02 17:24:41,048] {logging_mixin.py:115} INFO - [2022-11-02 17:24:41,048] {dagbag.py:508} INFO - Filling up the DagBag from /opt/conda/lib/python3.8/site-packages/airflow/example_dags/tutorial_taskflow_api_etl.py
[2022-11-02 17:24:41,067] {processor.py:651} INFO - DAG(s) dict_keys(['tutorial_taskflow_api_etl']) retrieved from /opt/conda/lib/python3.8/site-packages/airflow/example_dags/tutorial_taskflow_api_etl.py
[2022-11-02 17:24:41,116] {logging_mixin.py:115} INFO - [2022-11-02 17:24:41,116] {dag.py:2420} INFO - Sync 1 DAGs
[2022-11-02 17:24:41,132] {logging_mixin.py:115} INFO - [2022-11-02 17:24:41,132] {dag.py:2968} INFO - Setting next_dagrun for tutorial_taskflow_api_etl to None, run_after=None
[2022-11-02 17:24:41,144] {processor.py:161} INFO - Processing /opt/conda/lib/python3.8/site-packages/airflow/example_dags/tutorial_taskflow_api_etl.py took 0.102 seconds
[2022-11-02 17:25:44,660] {processor.py:153} INFO - Started process (PID=16002) to work on /opt/conda/lib/python3.8/site-packages/airflow/example_dags/tutorial_taskflow_api_etl.py
[2022-11-02 17:25:44,660] {processor.py:641} INFO - Processing file /opt/conda/lib/python3.8/site-packages/airflow/example_dags/tutorial_taskflow_api_etl.py for tasks to queue
[2022-11-02 17:25:44,661] {logging_mixin.py:115} INFO - [2022-11-02 17:25:44,661] {dagbag.py:508} INFO - Filling up the DagBag from /opt/conda/lib/python3.8/site-packages/airflow/example_dags/tutorial_taskflow_api_etl.py
[2022-11-02 17:25:44,679] {processor.py:651} INFO - DAG(s) dict_keys(['tutorial_taskflow_api_etl']) retrieved from /opt/conda/lib/python3.8/site-packages/airflow/example_dags/tutorial_taskflow_api_etl.py
[2022-11-02 17:25:44,729] {logging_mixin.py:115} INFO - [2022-11-02 17:25:44,729] {dag.py:2420} INFO - Sync 1 DAGs
[2022-11-02 17:25:44,745] {logging_mixin.py:115} INFO - [2022-11-02 17:25:44,745] {dag.py:2968} INFO - Setting next_dagrun for tutorial_taskflow_api_etl to None, run_after=None
[2022-11-02 17:25:44,764] {processor.py:161} INFO - Processing /opt/conda/lib/python3.8/site-packages/airflow/example_dags/tutorial_taskflow_api_etl.py took 0.110 seconds
[2022-11-02 17:26:50,807] {processor.py:153} INFO - Started process (PID=16167) to work on /opt/conda/lib/python3.8/site-packages/airflow/example_dags/tutorial_taskflow_api_etl.py
[2022-11-02 17:26:50,808] {processor.py:641} INFO - Processing file /opt/conda/lib/python3.8/site-packages/airflow/example_dags/tutorial_taskflow_api_etl.py for tasks to queue
[2022-11-02 17:26:50,808] {logging_mixin.py:115} INFO - [2022-11-02 17:26:50,808] {dagbag.py:508} INFO - Filling up the DagBag from /opt/conda/lib/python3.8/site-packages/airflow/example_dags/tutorial_taskflow_api_etl.py
[2022-11-02 17:26:50,827] {processor.py:651} INFO - DAG(s) dict_keys(['tutorial_taskflow_api_etl']) retrieved from /opt/conda/lib/python3.8/site-packages/airflow/example_dags/tutorial_taskflow_api_etl.py
[2022-11-02 17:26:50,844] {logging_mixin.py:115} INFO - [2022-11-02 17:26:50,844] {dag.py:2420} INFO - Sync 1 DAGs
[2022-11-02 17:26:50,862] {logging_mixin.py:115} INFO - [2022-11-02 17:26:50,862] {dag.py:2968} INFO - Setting next_dagrun for tutorial_taskflow_api_etl to None, run_after=None
[2022-11-02 17:26:50,873] {processor.py:161} INFO - Processing /opt/conda/lib/python3.8/site-packages/airflow/example_dags/tutorial_taskflow_api_etl.py took 0.072 seconds
[2022-11-02 17:27:58,358] {processor.py:153} INFO - Started process (PID=16334) to work on /opt/conda/lib/python3.8/site-packages/airflow/example_dags/tutorial_taskflow_api_etl.py
[2022-11-02 17:27:58,359] {processor.py:641} INFO - Processing file /opt/conda/lib/python3.8/site-packages/airflow/example_dags/tutorial_taskflow_api_etl.py for tasks to queue
[2022-11-02 17:27:58,359] {logging_mixin.py:115} INFO - [2022-11-02 17:27:58,359] {dagbag.py:508} INFO - Filling up the DagBag from /opt/conda/lib/python3.8/site-packages/airflow/example_dags/tutorial_taskflow_api_etl.py
[2022-11-02 17:27:58,378] {processor.py:651} INFO - DAG(s) dict_keys(['tutorial_taskflow_api_etl']) retrieved from /opt/conda/lib/python3.8/site-packages/airflow/example_dags/tutorial_taskflow_api_etl.py
[2022-11-02 17:27:58,395] {logging_mixin.py:115} INFO - [2022-11-02 17:27:58,395] {dag.py:2420} INFO - Sync 1 DAGs
[2022-11-02 17:27:58,413] {logging_mixin.py:115} INFO - [2022-11-02 17:27:58,413] {dag.py:2968} INFO - Setting next_dagrun for tutorial_taskflow_api_etl to None, run_after=None
[2022-11-02 17:27:58,424] {processor.py:161} INFO - Processing /opt/conda/lib/python3.8/site-packages/airflow/example_dags/tutorial_taskflow_api_etl.py took 0.072 seconds
