[2022-11-02 16:40:01,780] {taskinstance.py:1179} INFO - Dependencies all met for <TaskInstance: Lead_Scoring_Data_Engineering_Pipeline.checking_model_inputs_schema manual__2022-11-02T16:39:43.759167+00:00 [queued]>
[2022-11-02 16:40:01,786] {taskinstance.py:1179} INFO - Dependencies all met for <TaskInstance: Lead_Scoring_Data_Engineering_Pipeline.checking_model_inputs_schema manual__2022-11-02T16:39:43.759167+00:00 [queued]>
[2022-11-02 16:40:01,786] {taskinstance.py:1376} INFO - 
--------------------------------------------------------------------------------
[2022-11-02 16:40:01,786] {taskinstance.py:1377} INFO - Starting attempt 1 of 2
[2022-11-02 16:40:01,786] {taskinstance.py:1378} INFO - 
--------------------------------------------------------------------------------
[2022-11-02 16:40:01,822] {taskinstance.py:1397} INFO - Executing <Task(PythonOperator): checking_model_inputs_schema> on 2022-11-02 16:39:43.759167+00:00
[2022-11-02 16:40:01,828] {standard_task_runner.py:52} INFO - Started process 8719 to run task
[2022-11-02 16:40:01,836] {standard_task_runner.py:79} INFO - Running: ['airflow', 'tasks', 'run', 'Lead_Scoring_Data_Engineering_Pipeline', 'checking_model_inputs_schema', 'manual__2022-11-02T16:39:43.759167+00:00', '--job-id', '22', '--raw', '--subdir', 'DAGS_FOLDER/Lead_scoring_data_pipeline/.ipynb_checkpoints/lead_scoring_data_pipeline-checkpoint.py', '--cfg-path', '/tmp/tmpauc2fwh6', '--error-file', '/tmp/tmpq8uu7tg1']
[2022-11-02 16:40:01,836] {standard_task_runner.py:80} INFO - Job 22: Subtask checking_model_inputs_schema
[2022-11-02 16:40:01,895] {task_command.py:371} INFO - Running <TaskInstance: Lead_Scoring_Data_Engineering_Pipeline.checking_model_inputs_schema manual__2022-11-02T16:39:43.759167+00:00 [running]> on host a3d1d2a51488
[2022-11-02 16:40:01,993] {taskinstance.py:1589} INFO - Exporting the following env vars:
AIRFLOW_CTX_DAG_OWNER=airflow
AIRFLOW_CTX_DAG_ID=Lead_Scoring_Data_Engineering_Pipeline
AIRFLOW_CTX_TASK_ID=checking_model_inputs_schema
AIRFLOW_CTX_EXECUTION_DATE=2022-11-02T16:39:43.759167+00:00
AIRFLOW_CTX_TRY_NUMBER=1
AIRFLOW_CTX_DAG_RUN_ID=manual__2022-11-02T16:39:43.759167+00:00
[2022-11-02 16:40:02,616] {logging_mixin.py:115} INFO - Models input schema is in line with the schema present in schema.py
[2022-11-02 16:40:02,638] {python.py:173} INFO - Done. Returned value was: None
[2022-11-02 16:40:02,644] {taskinstance.py:1415} INFO - Marking task as SUCCESS. dag_id=Lead_Scoring_Data_Engineering_Pipeline, task_id=checking_model_inputs_schema, execution_date=20221102T163943, start_date=20221102T164001, end_date=20221102T164002
[2022-11-02 16:40:02,686] {local_task_job.py:156} INFO - Task exited with return code 0
[2022-11-02 16:40:02,713] {local_task_job.py:273} INFO - 0 downstream tasks scheduled from follow-on schedule check
