[2022-11-02 16:30:43,004] {taskinstance.py:1179} INFO - Dependencies all met for <TaskInstance: Lead_Scoring_Data_Engineering_Pipeline.loading_data scheduled__2022-11-01T00:00:00+00:00 [queued]>
[2022-11-02 16:30:43,011] {taskinstance.py:1179} INFO - Dependencies all met for <TaskInstance: Lead_Scoring_Data_Engineering_Pipeline.loading_data scheduled__2022-11-01T00:00:00+00:00 [queued]>
[2022-11-02 16:30:43,011] {taskinstance.py:1376} INFO - 
--------------------------------------------------------------------------------
[2022-11-02 16:30:43,011] {taskinstance.py:1377} INFO - Starting attempt 1 of 2
[2022-11-02 16:30:43,011] {taskinstance.py:1378} INFO - 
--------------------------------------------------------------------------------
[2022-11-02 16:30:43,023] {taskinstance.py:1397} INFO - Executing <Task(PythonOperator): loading_data> on 2022-11-01 00:00:00+00:00
[2022-11-02 16:30:43,030] {standard_task_runner.py:52} INFO - Started process 6805 to run task
[2022-11-02 16:30:43,036] {standard_task_runner.py:79} INFO - Running: ['airflow', 'tasks', 'run', 'Lead_Scoring_Data_Engineering_Pipeline', 'loading_data', 'scheduled__2022-11-01T00:00:00+00:00', '--job-id', '6', '--raw', '--subdir', 'DAGS_FOLDER/Lead_scoring_data_pipeline/.ipynb_checkpoints/lead_scoring_data_pipeline-checkpoint.py', '--cfg-path', '/tmp/tmp5xpqv11p', '--error-file', '/tmp/tmpd6a540an']
[2022-11-02 16:30:43,037] {standard_task_runner.py:80} INFO - Job 6: Subtask loading_data
[2022-11-02 16:30:43,082] {task_command.py:371} INFO - Running <TaskInstance: Lead_Scoring_Data_Engineering_Pipeline.loading_data scheduled__2022-11-01T00:00:00+00:00 [running]> on host a3d1d2a51488
[2022-11-02 16:30:43,140] {taskinstance.py:1589} INFO - Exporting the following env vars:
AIRFLOW_CTX_DAG_OWNER=airflow
AIRFLOW_CTX_DAG_ID=Lead_Scoring_Data_Engineering_Pipeline
AIRFLOW_CTX_TASK_ID=loading_data
AIRFLOW_CTX_EXECUTION_DATE=2022-11-01T00:00:00+00:00
AIRFLOW_CTX_TRY_NUMBER=1
AIRFLOW_CTX_DAG_RUN_ID=scheduled__2022-11-01T00:00:00+00:00
[2022-11-02 16:30:43,144] {logging_mixin.py:115} INFO - Loading data from /home/dags/Lead_scoring_data_pipeline/data/leadscoring.csv
[2022-11-02 16:30:43,738] {logging_mixin.py:115} INFO - Processing total_leads_droppped and referred_lead columns
[2022-11-02 16:30:43,793] {logging_mixin.py:115} INFO - Storing processed df to loaded_data table
[2022-11-02 16:30:48,232] {python.py:173} INFO - Done. Returned value was: None
[2022-11-02 16:30:48,240] {taskinstance.py:1415} INFO - Marking task as SUCCESS. dag_id=Lead_Scoring_Data_Engineering_Pipeline, task_id=loading_data, execution_date=20221101T000000, start_date=20221102T163043, end_date=20221102T163048
[2022-11-02 16:30:48,264] {local_task_job.py:156} INFO - Task exited with return code 0
[2022-11-02 16:30:48,296] {local_task_job.py:273} INFO - 1 downstream tasks scheduled from follow-on schedule check
