[2022-11-02 16:30:37,879] {taskinstance.py:1179} INFO - Dependencies all met for <TaskInstance: Lead_Scoring_Data_Engineering_Pipeline.checking_raw_data_schema scheduled__2022-11-01T00:00:00+00:00 [queued]>
[2022-11-02 16:30:37,886] {taskinstance.py:1179} INFO - Dependencies all met for <TaskInstance: Lead_Scoring_Data_Engineering_Pipeline.checking_raw_data_schema scheduled__2022-11-01T00:00:00+00:00 [queued]>
[2022-11-02 16:30:37,886] {taskinstance.py:1376} INFO - 
--------------------------------------------------------------------------------
[2022-11-02 16:30:37,886] {taskinstance.py:1377} INFO - Starting attempt 1 of 2
[2022-11-02 16:30:37,886] {taskinstance.py:1378} INFO - 
--------------------------------------------------------------------------------
[2022-11-02 16:30:37,899] {taskinstance.py:1397} INFO - Executing <Task(PythonOperator): checking_raw_data_schema> on 2022-11-01 00:00:00+00:00
[2022-11-02 16:30:37,905] {standard_task_runner.py:52} INFO - Started process 6770 to run task
[2022-11-02 16:30:37,908] {standard_task_runner.py:79} INFO - Running: ['airflow', 'tasks', 'run', 'Lead_Scoring_Data_Engineering_Pipeline', 'checking_raw_data_schema', 'scheduled__2022-11-01T00:00:00+00:00', '--job-id', '4', '--raw', '--subdir', 'DAGS_FOLDER/Lead_scoring_data_pipeline/.ipynb_checkpoints/lead_scoring_data_pipeline-checkpoint.py', '--cfg-path', '/tmp/tmpcwi5ca3z', '--error-file', '/tmp/tmpqerdopxn']
[2022-11-02 16:30:37,909] {standard_task_runner.py:80} INFO - Job 4: Subtask checking_raw_data_schema
[2022-11-02 16:30:37,952] {task_command.py:371} INFO - Running <TaskInstance: Lead_Scoring_Data_Engineering_Pipeline.checking_raw_data_schema scheduled__2022-11-01T00:00:00+00:00 [running]> on host a3d1d2a51488
[2022-11-02 16:30:38,004] {taskinstance.py:1589} INFO - Exporting the following env vars:
AIRFLOW_CTX_DAG_OWNER=airflow
AIRFLOW_CTX_DAG_ID=Lead_Scoring_Data_Engineering_Pipeline
AIRFLOW_CTX_TASK_ID=checking_raw_data_schema
AIRFLOW_CTX_EXECUTION_DATE=2022-11-01T00:00:00+00:00
AIRFLOW_CTX_TRY_NUMBER=1
AIRFLOW_CTX_DAG_RUN_ID=scheduled__2022-11-01T00:00:00+00:00
[2022-11-02 16:30:38,589] {logging_mixin.py:115} INFO - Raw datas schema is in line with the schema present in schema.py
[2022-11-02 16:30:38,598] {python.py:173} INFO - Done. Returned value was: None
[2022-11-02 16:30:38,604] {taskinstance.py:1415} INFO - Marking task as SUCCESS. dag_id=Lead_Scoring_Data_Engineering_Pipeline, task_id=checking_raw_data_schema, execution_date=20221101T000000, start_date=20221102T163037, end_date=20221102T163038
[2022-11-02 16:30:38,643] {local_task_job.py:156} INFO - Task exited with return code 0
[2022-11-02 16:30:38,675] {local_task_job.py:273} INFO - 1 downstream tasks scheduled from follow-on schedule check
