[2022-11-02 16:30:50,023] {taskinstance.py:1179} INFO - Dependencies all met for <TaskInstance: Lead_Scoring_Data_Engineering_Pipeline.loading_data manual__2022-11-02T16:30:30.770326+00:00 [queued]>
[2022-11-02 16:30:50,030] {taskinstance.py:1179} INFO - Dependencies all met for <TaskInstance: Lead_Scoring_Data_Engineering_Pipeline.loading_data manual__2022-11-02T16:30:30.770326+00:00 [queued]>
[2022-11-02 16:30:50,030] {taskinstance.py:1376} INFO - 
--------------------------------------------------------------------------------
[2022-11-02 16:30:50,030] {taskinstance.py:1377} INFO - Starting attempt 1 of 2
[2022-11-02 16:30:50,030] {taskinstance.py:1378} INFO - 
--------------------------------------------------------------------------------
[2022-11-02 16:30:50,042] {taskinstance.py:1397} INFO - Executing <Task(PythonOperator): loading_data> on 2022-11-02 16:30:30.770326+00:00
[2022-11-02 16:30:50,050] {standard_task_runner.py:52} INFO - Started process 6822 to run task
[2022-11-02 16:30:50,055] {standard_task_runner.py:79} INFO - Running: ['airflow', 'tasks', 'run', 'Lead_Scoring_Data_Engineering_Pipeline', 'loading_data', 'manual__2022-11-02T16:30:30.770326+00:00', '--job-id', '7', '--raw', '--subdir', 'DAGS_FOLDER/Lead_scoring_data_pipeline/.ipynb_checkpoints/lead_scoring_data_pipeline-checkpoint.py', '--cfg-path', '/tmp/tmpfg_qt8sv', '--error-file', '/tmp/tmpg_vzse8y']
[2022-11-02 16:30:50,056] {standard_task_runner.py:80} INFO - Job 7: Subtask loading_data
[2022-11-02 16:30:50,091] {task_command.py:371} INFO - Running <TaskInstance: Lead_Scoring_Data_Engineering_Pipeline.loading_data manual__2022-11-02T16:30:30.770326+00:00 [running]> on host a3d1d2a51488
[2022-11-02 16:30:50,124] {taskinstance.py:1589} INFO - Exporting the following env vars:
AIRFLOW_CTX_DAG_OWNER=airflow
AIRFLOW_CTX_DAG_ID=Lead_Scoring_Data_Engineering_Pipeline
AIRFLOW_CTX_TASK_ID=loading_data
AIRFLOW_CTX_EXECUTION_DATE=2022-11-02T16:30:30.770326+00:00
AIRFLOW_CTX_TRY_NUMBER=1
AIRFLOW_CTX_DAG_RUN_ID=manual__2022-11-02T16:30:30.770326+00:00
[2022-11-02 16:30:50,127] {logging_mixin.py:115} INFO - loaded_data already populated
[2022-11-02 16:30:50,127] {python.py:173} INFO - Done. Returned value was: None
[2022-11-02 16:30:50,132] {taskinstance.py:1415} INFO - Marking task as SUCCESS. dag_id=Lead_Scoring_Data_Engineering_Pipeline, task_id=loading_data, execution_date=20221102T163030, start_date=20221102T163050, end_date=20221102T163050
[2022-11-02 16:30:50,145] {local_task_job.py:156} INFO - Task exited with return code 0
[2022-11-02 16:30:50,183] {local_task_job.py:273} INFO - 1 downstream tasks scheduled from follow-on schedule check
