[2022-11-02 16:39:58,552] {taskinstance.py:1179} INFO - Dependencies all met for <TaskInstance: Lead_Scoring_Data_Engineering_Pipeline.mapping_interactions manual__2022-11-02T16:39:43.759167+00:00 [queued]>
[2022-11-02 16:39:58,558] {taskinstance.py:1179} INFO - Dependencies all met for <TaskInstance: Lead_Scoring_Data_Engineering_Pipeline.mapping_interactions manual__2022-11-02T16:39:43.759167+00:00 [queued]>
[2022-11-02 16:39:58,558] {taskinstance.py:1376} INFO - 
--------------------------------------------------------------------------------
[2022-11-02 16:39:58,558] {taskinstance.py:1377} INFO - Starting attempt 1 of 2
[2022-11-02 16:39:58,558] {taskinstance.py:1378} INFO - 
--------------------------------------------------------------------------------
[2022-11-02 16:39:58,568] {taskinstance.py:1397} INFO - Executing <Task(PythonOperator): mapping_interactions> on 2022-11-02 16:39:43.759167+00:00
[2022-11-02 16:39:58,575] {standard_task_runner.py:52} INFO - Started process 8693 to run task
[2022-11-02 16:39:58,581] {standard_task_runner.py:79} INFO - Running: ['airflow', 'tasks', 'run', 'Lead_Scoring_Data_Engineering_Pipeline', 'mapping_interactions', 'manual__2022-11-02T16:39:43.759167+00:00', '--job-id', '21', '--raw', '--subdir', 'DAGS_FOLDER/Lead_scoring_data_pipeline/.ipynb_checkpoints/lead_scoring_data_pipeline-checkpoint.py', '--cfg-path', '/tmp/tmpdohnfqey', '--error-file', '/tmp/tmpwonntl0o']
[2022-11-02 16:39:58,582] {standard_task_runner.py:80} INFO - Job 21: Subtask mapping_interactions
[2022-11-02 16:39:58,632] {task_command.py:371} INFO - Running <TaskInstance: Lead_Scoring_Data_Engineering_Pipeline.mapping_interactions manual__2022-11-02T16:39:43.759167+00:00 [running]> on host a3d1d2a51488
[2022-11-02 16:39:58,678] {taskinstance.py:1589} INFO - Exporting the following env vars:
AIRFLOW_CTX_DAG_OWNER=airflow
AIRFLOW_CTX_DAG_ID=Lead_Scoring_Data_Engineering_Pipeline
AIRFLOW_CTX_TASK_ID=mapping_interactions
AIRFLOW_CTX_EXECUTION_DATE=2022-11-02T16:39:43.759167+00:00
AIRFLOW_CTX_TRY_NUMBER=1
AIRFLOW_CTX_DAG_RUN_ID=manual__2022-11-02T16:39:43.759167+00:00
[2022-11-02 16:39:58,683] {logging_mixin.py:115} INFO - model_input and interactions_mapped already stored
[2022-11-02 16:39:58,683] {python.py:173} INFO - Done. Returned value was: None
[2022-11-02 16:39:58,690] {taskinstance.py:1415} INFO - Marking task as SUCCESS. dag_id=Lead_Scoring_Data_Engineering_Pipeline, task_id=mapping_interactions, execution_date=20221102T163943, start_date=20221102T163958, end_date=20221102T163958
[2022-11-02 16:39:58,710] {local_task_job.py:156} INFO - Task exited with return code 0
[2022-11-02 16:39:58,742] {local_task_job.py:273} INFO - 1 downstream tasks scheduled from follow-on schedule check
