[2022-11-02 16:30:52,192] {taskinstance.py:1179} INFO - Dependencies all met for <TaskInstance: Lead_Scoring_Data_Engineering_Pipeline.mapping_city_tier scheduled__2022-11-01T00:00:00+00:00 [queued]>
[2022-11-02 16:30:52,199] {taskinstance.py:1179} INFO - Dependencies all met for <TaskInstance: Lead_Scoring_Data_Engineering_Pipeline.mapping_city_tier scheduled__2022-11-01T00:00:00+00:00 [queued]>
[2022-11-02 16:30:52,199] {taskinstance.py:1376} INFO - 
--------------------------------------------------------------------------------
[2022-11-02 16:30:52,199] {taskinstance.py:1377} INFO - Starting attempt 1 of 2
[2022-11-02 16:30:52,199] {taskinstance.py:1378} INFO - 
--------------------------------------------------------------------------------
[2022-11-02 16:30:52,210] {taskinstance.py:1397} INFO - Executing <Task(PythonOperator): mapping_city_tier> on 2022-11-01 00:00:00+00:00
[2022-11-02 16:30:52,216] {standard_task_runner.py:52} INFO - Started process 6840 to run task
[2022-11-02 16:30:52,223] {standard_task_runner.py:79} INFO - Running: ['airflow', 'tasks', 'run', 'Lead_Scoring_Data_Engineering_Pipeline', 'mapping_city_tier', 'scheduled__2022-11-01T00:00:00+00:00', '--job-id', '8', '--raw', '--subdir', 'DAGS_FOLDER/Lead_scoring_data_pipeline/.ipynb_checkpoints/lead_scoring_data_pipeline-checkpoint.py', '--cfg-path', '/tmp/tmpjdm6tju6', '--error-file', '/tmp/tmpxo6gro6u']
[2022-11-02 16:30:52,224] {standard_task_runner.py:80} INFO - Job 8: Subtask mapping_city_tier
[2022-11-02 16:30:52,256] {task_command.py:371} INFO - Running <TaskInstance: Lead_Scoring_Data_Engineering_Pipeline.mapping_city_tier scheduled__2022-11-01T00:00:00+00:00 [running]> on host a3d1d2a51488
[2022-11-02 16:30:52,288] {taskinstance.py:1589} INFO - Exporting the following env vars:
AIRFLOW_CTX_DAG_OWNER=airflow
AIRFLOW_CTX_DAG_ID=Lead_Scoring_Data_Engineering_Pipeline
AIRFLOW_CTX_TASK_ID=mapping_city_tier
AIRFLOW_CTX_EXECUTION_DATE=2022-11-01T00:00:00+00:00
AIRFLOW_CTX_TRY_NUMBER=1
AIRFLOW_CTX_DAG_RUN_ID=scheduled__2022-11-01T00:00:00+00:00
[2022-11-02 16:30:52,291] {logging_mixin.py:115} INFO - Loading loaded_data table
[2022-11-02 16:30:56,008] {logging_mixin.py:115} INFO - Mapping city_mapped to tiers
[2022-11-02 16:30:56,143] {logging_mixin.py:115} INFO - Storing mapped df to table city_tier_mapped
[2022-11-02 16:31:00,740] {python.py:173} INFO - Done. Returned value was: None
[2022-11-02 16:31:00,748] {taskinstance.py:1415} INFO - Marking task as SUCCESS. dag_id=Lead_Scoring_Data_Engineering_Pipeline, task_id=mapping_city_tier, execution_date=20221101T000000, start_date=20221102T163052, end_date=20221102T163100
[2022-11-02 16:31:00,782] {local_task_job.py:156} INFO - Task exited with return code 0
[2022-11-02 16:31:00,807] {local_task_job.py:273} INFO - 1 downstream tasks scheduled from follow-on schedule check
