[2022-11-02 16:39:45,813] {taskinstance.py:1179} INFO - Dependencies all met for <TaskInstance: Lead_Scoring_Data_Engineering_Pipeline.building_db manual__2022-11-02T16:39:43.759167+00:00 [queued]>
[2022-11-02 16:39:45,819] {taskinstance.py:1179} INFO - Dependencies all met for <TaskInstance: Lead_Scoring_Data_Engineering_Pipeline.building_db manual__2022-11-02T16:39:43.759167+00:00 [queued]>
[2022-11-02 16:39:45,820] {taskinstance.py:1376} INFO - 
--------------------------------------------------------------------------------
[2022-11-02 16:39:45,820] {taskinstance.py:1377} INFO - Starting attempt 1 of 2
[2022-11-02 16:39:45,820] {taskinstance.py:1378} INFO - 
--------------------------------------------------------------------------------
[2022-11-02 16:39:45,832] {taskinstance.py:1397} INFO - Executing <Task(PythonOperator): building_db> on 2022-11-02 16:39:43.759167+00:00
[2022-11-02 16:39:45,840] {standard_task_runner.py:52} INFO - Started process 8595 to run task
[2022-11-02 16:39:45,845] {standard_task_runner.py:79} INFO - Running: ['airflow', 'tasks', 'run', 'Lead_Scoring_Data_Engineering_Pipeline', 'building_db', 'manual__2022-11-02T16:39:43.759167+00:00', '--job-id', '16', '--raw', '--subdir', 'DAGS_FOLDER/Lead_scoring_data_pipeline/.ipynb_checkpoints/lead_scoring_data_pipeline-checkpoint.py', '--cfg-path', '/tmp/tmpqrvzmfva', '--error-file', '/tmp/tmp8dusgcy4']
[2022-11-02 16:39:45,846] {standard_task_runner.py:80} INFO - Job 16: Subtask building_db
[2022-11-02 16:39:45,889] {task_command.py:371} INFO - Running <TaskInstance: Lead_Scoring_Data_Engineering_Pipeline.building_db manual__2022-11-02T16:39:43.759167+00:00 [running]> on host a3d1d2a51488
[2022-11-02 16:39:45,935] {taskinstance.py:1589} INFO - Exporting the following env vars:
AIRFLOW_CTX_DAG_OWNER=airflow
AIRFLOW_CTX_DAG_ID=Lead_Scoring_Data_Engineering_Pipeline
AIRFLOW_CTX_TASK_ID=building_db
AIRFLOW_CTX_EXECUTION_DATE=2022-11-02T16:39:43.759167+00:00
AIRFLOW_CTX_TRY_NUMBER=1
AIRFLOW_CTX_DAG_RUN_ID=manual__2022-11-02T16:39:43.759167+00:00
[2022-11-02 16:39:45,936] {logging_mixin.py:115} INFO - DB Already Exsist
[2022-11-02 16:39:45,936] {logging_mixin.py:115} INFO - /home
[2022-11-02 16:39:45,936] {python.py:173} INFO - Done. Returned value was: DB Exsist
[2022-11-02 16:39:45,950] {taskinstance.py:1415} INFO - Marking task as SUCCESS. dag_id=Lead_Scoring_Data_Engineering_Pipeline, task_id=building_db, execution_date=20221102T163943, start_date=20221102T163945, end_date=20221102T163945
[2022-11-02 16:39:45,976] {local_task_job.py:156} INFO - Task exited with return code 0
[2022-11-02 16:39:46,016] {local_task_job.py:273} INFO - 1 downstream tasks scheduled from follow-on schedule check
