[2022-11-02 16:39:55,372] {taskinstance.py:1179} INFO - Dependencies all met for <TaskInstance: Lead_Scoring_Data_Engineering_Pipeline.mapping_categorical_vars manual__2022-11-02T16:39:43.759167+00:00 [queued]>
[2022-11-02 16:39:55,379] {taskinstance.py:1179} INFO - Dependencies all met for <TaskInstance: Lead_Scoring_Data_Engineering_Pipeline.mapping_categorical_vars manual__2022-11-02T16:39:43.759167+00:00 [queued]>
[2022-11-02 16:39:55,379] {taskinstance.py:1376} INFO - 
--------------------------------------------------------------------------------
[2022-11-02 16:39:55,379] {taskinstance.py:1377} INFO - Starting attempt 1 of 2
[2022-11-02 16:39:55,379] {taskinstance.py:1378} INFO - 
--------------------------------------------------------------------------------
[2022-11-02 16:39:55,391] {taskinstance.py:1397} INFO - Executing <Task(PythonOperator): mapping_categorical_vars> on 2022-11-02 16:39:43.759167+00:00
[2022-11-02 16:39:55,397] {standard_task_runner.py:52} INFO - Started process 8667 to run task
[2022-11-02 16:39:55,400] {standard_task_runner.py:79} INFO - Running: ['airflow', 'tasks', 'run', 'Lead_Scoring_Data_Engineering_Pipeline', 'mapping_categorical_vars', 'manual__2022-11-02T16:39:43.759167+00:00', '--job-id', '20', '--raw', '--subdir', 'DAGS_FOLDER/Lead_scoring_data_pipeline/.ipynb_checkpoints/lead_scoring_data_pipeline-checkpoint.py', '--cfg-path', '/tmp/tmptw9eft3j', '--error-file', '/tmp/tmp1mn524r2']
[2022-11-02 16:39:55,401] {standard_task_runner.py:80} INFO - Job 20: Subtask mapping_categorical_vars
[2022-11-02 16:39:55,445] {task_command.py:371} INFO - Running <TaskInstance: Lead_Scoring_Data_Engineering_Pipeline.mapping_categorical_vars manual__2022-11-02T16:39:43.759167+00:00 [running]> on host a3d1d2a51488
[2022-11-02 16:39:55,498] {taskinstance.py:1589} INFO - Exporting the following env vars:
AIRFLOW_CTX_DAG_OWNER=airflow
AIRFLOW_CTX_DAG_ID=Lead_Scoring_Data_Engineering_Pipeline
AIRFLOW_CTX_TASK_ID=mapping_categorical_vars
AIRFLOW_CTX_EXECUTION_DATE=2022-11-02T16:39:43.759167+00:00
AIRFLOW_CTX_TRY_NUMBER=1
AIRFLOW_CTX_DAG_RUN_ID=manual__2022-11-02T16:39:43.759167+00:00
[2022-11-02 16:39:55,503] {logging_mixin.py:115} INFO - categorical_variables_mapped already Stored
[2022-11-02 16:39:55,503] {python.py:173} INFO - Done. Returned value was: None
[2022-11-02 16:39:55,510] {taskinstance.py:1415} INFO - Marking task as SUCCESS. dag_id=Lead_Scoring_Data_Engineering_Pipeline, task_id=mapping_categorical_vars, execution_date=20221102T163943, start_date=20221102T163955, end_date=20221102T163955
[2022-11-02 16:39:55,533] {local_task_job.py:156} INFO - Task exited with return code 0
[2022-11-02 16:39:55,568] {local_task_job.py:273} INFO - 1 downstream tasks scheduled from follow-on schedule check
