[2022-11-02 16:30:35,884] {taskinstance.py:1179} INFO - Dependencies all met for <TaskInstance: Lead_Scoring_Data_Engineering_Pipeline.building_db manual__2022-11-02T16:30:30.770326+00:00 [queued]>
[2022-11-02 16:30:35,889] {taskinstance.py:1179} INFO - Dependencies all met for <TaskInstance: Lead_Scoring_Data_Engineering_Pipeline.building_db manual__2022-11-02T16:30:30.770326+00:00 [queued]>
[2022-11-02 16:30:35,889] {taskinstance.py:1376} INFO - 
--------------------------------------------------------------------------------
[2022-11-02 16:30:35,889] {taskinstance.py:1377} INFO - Starting attempt 1 of 2
[2022-11-02 16:30:35,889] {taskinstance.py:1378} INFO - 
--------------------------------------------------------------------------------
[2022-11-02 16:30:35,898] {taskinstance.py:1397} INFO - Executing <Task(PythonOperator): building_db> on 2022-11-02 16:30:30.770326+00:00
[2022-11-02 16:30:35,906] {standard_task_runner.py:52} INFO - Started process 6752 to run task
[2022-11-02 16:30:35,910] {standard_task_runner.py:79} INFO - Running: ['airflow', 'tasks', 'run', 'Lead_Scoring_Data_Engineering_Pipeline', 'building_db', 'manual__2022-11-02T16:30:30.770326+00:00', '--job-id', '3', '--raw', '--subdir', 'DAGS_FOLDER/Lead_scoring_data_pipeline/.ipynb_checkpoints/lead_scoring_data_pipeline-checkpoint.py', '--cfg-path', '/tmp/tmp8n0d7omg', '--error-file', '/tmp/tmp85kwweb4']
[2022-11-02 16:30:35,911] {standard_task_runner.py:80} INFO - Job 3: Subtask building_db
[2022-11-02 16:30:35,957] {task_command.py:371} INFO - Running <TaskInstance: Lead_Scoring_Data_Engineering_Pipeline.building_db manual__2022-11-02T16:30:30.770326+00:00 [running]> on host a3d1d2a51488
[2022-11-02 16:30:36,012] {taskinstance.py:1589} INFO - Exporting the following env vars:
AIRFLOW_CTX_DAG_OWNER=airflow
AIRFLOW_CTX_DAG_ID=Lead_Scoring_Data_Engineering_Pipeline
AIRFLOW_CTX_TASK_ID=building_db
AIRFLOW_CTX_EXECUTION_DATE=2022-11-02T16:30:30.770326+00:00
AIRFLOW_CTX_TRY_NUMBER=1
AIRFLOW_CTX_DAG_RUN_ID=manual__2022-11-02T16:30:30.770326+00:00
[2022-11-02 16:30:36,013] {logging_mixin.py:115} INFO - DB Already Exsist
[2022-11-02 16:30:36,013] {logging_mixin.py:115} INFO - /home
[2022-11-02 16:30:36,013] {python.py:173} INFO - Done. Returned value was: DB Exsist
[2022-11-02 16:30:36,027] {taskinstance.py:1415} INFO - Marking task as SUCCESS. dag_id=Lead_Scoring_Data_Engineering_Pipeline, task_id=building_db, execution_date=20221102T163030, start_date=20221102T163035, end_date=20221102T163036
[2022-11-02 16:30:36,041] {local_task_job.py:156} INFO - Task exited with return code 0
[2022-11-02 16:30:36,070] {local_task_job.py:273} INFO - 1 downstream tasks scheduled from follow-on schedule check
